#
# A fatal error has been detected by the Java Runtime Environment:
#
#  EXCEPTION_ACCESS_VIOLATION (0xc0000005) at pc=0x0000000064b1bb28, pid=8068, tid=2964
#
# JRE version: Java(TM) SE Runtime Environment (18.0.2.1+1) (build 18.0.2.1+1-1)
# Java VM: Java HotSpot(TM) 64-Bit Server VM (18.0.2.1+1-1, mixed mode, sharing, tiered, compressed oops, compressed class ptrs, g1 gc, windows-amd64)
# Problematic frame:
# C  0x0000000064b1bb28
#
# No core dump will be written. Minidumps are not enabled by default on client versions of Windows
#
# If you would like to submit a bug report, please visit:
#   https://bugreport.java.com/bugreport/crash.jsp
# The crash happened outside the Java Virtual Machine in native code.
# See problematic frame for where to report the bug.
#

---------------  S U M M A R Y ------------

Command Line: -Dfile.encoding=UTF-8 -XX:+ShowCodeDetailsInExceptionMessages com.redteam.engine.game.ATRobots

Host: AMD Ryzen 7 6800H with Radeon Graphics         , 16 cores, 15G,  Windows 11 , 64 bit Build 22621 (10.0.22621.608)
Time: Sat Nov  5 21:25:21 2022 Eastern Daylight Time elapsed time: 9.504725 seconds (0d 0h 0m 9s)

---------------  T H R E A D  ---------------

Current thread (0x0000020054550d70):  JavaThread "main" [_thread_in_native, id=2964, stack(0x0000000101c00000,0x0000000101d00000)]

Stack: [0x0000000101c00000,0x0000000101d00000],  sp=0x0000000101cfeeb0,  free space=1019k
Native frames: (J=compiled Java code, j=interpreted, Vv=VM code, C=native code)
C  0x0000000064b1bb28

Java frames: (J=compiled Java code, j=interpreted, Vv=VM code)
j  imgui.ImGui.tableSetBgColor(II)V+0
j  com.redteam.engine.game.MainMenu.showMenu()V+14
j  com.redteam.engine.game.TestGame.update(DLcom/redteam/engine/core/MouseInput;)V+109
j  com.redteam.engine.core.Engine.update(F)V+10
j  com.redteam.engine.core.Engine.run()V+155
j  com.redteam.engine.core.Engine.start()V+13
j  com.redteam.engine.game.ATRobots.main([Ljava/lang/String;)V+28
v  ~StubRoutines::call_stub

siginfo: EXCEPTION_ACCESS_VIOLATION (0xc0000005), reading address 0x0000000000000084


Register to memory mapping:

RIP=0x0000000064b1bb28 points into unknown readable memory: 0x0000008487100ff3 | f3 0f 10 87 84 00 00 00
RAX=0x0 is NULL
RBX=0x0000000000000003 is an unknown value
RCX=0x0000000000000003 is an unknown value
RDX=0x0000000000000004 is an unknown value
RSP=0x0000000101cfeeb0 is pointing into the stack for thread: 0x0000020054550d70
RBP=0x00000000ffffffff is an unknown value
RSI=0x0000000000000004 is an unknown value
RDI=0x0 is NULL
R8 =0x00000000ffffffff is an unknown value
R9 =0x0000000000000004 is an unknown value
R10=0x000002005be8d5f2 is at code_begin+946 in an Interpreter codelet
method entry point (kind = native)  [0x000002005be8d240, 0x000002005be8dbc0]  2432 bytes
R11=0x000000070dc79758 is an oop: java.lang.Class 
{0x000000070dc79758} - klass: 'java/lang/Class'
 - ---- fields (total size 24 words):
 - private volatile transient 'classRedefinedCount' 'I' @12  0
 - abstract internal 'klass' 'J' @16  34373958320 (d8fab0 8)
 - abstract internal 'array_klass' 'J' @24  0 (0 0)
 - abstract internal 'oop_size' 'I' @32  24 (18)
 - abstract internal 'static_oop_field_count' 'I' @36  19 (13)
 - private volatile transient 'cachedConstructor' 'Ljava/lang/reflect/Constructor;' @40  NULL (0)
 - private transient 'name' 'Ljava/lang/String;' @44  "imgui.ImGui"{0x000000070dc79ac0} (e1b8f358)
 - private transient 'module' 'Ljava/lang/Module;' @48  a 'java/lang/Module'{0x000000070be4adc0} (e17c95b8)
 - private final 'classLoader' 'Ljava/lang/ClassLoader;' @52  a 'jdk/internal/loader/ClassLoaders$AppClassLoader'{0x000000070be01bb8} (e17c0377)
 - private transient 'classData' 'Ljava/lang/Object;' @56  NULL (0)
 - private transient 'packageName' 'Ljava/lang/String;' @60  "imgui"{0x000000070be97560} (e17d2eac)
 - private final 'componentType' 'Ljava/lang/Class;' @64  NULL (0)
 - private volatile transient 'reflectionData' 'Ljava/lang/ref/SoftReference;' @68  NULL (0)
 - private volatile transient 'genericInfo' 'Lsun/reflect/generics/repository/ClassRepository;' @72  NULL (0)
 - private volatile transient 'enumConstants' '[Ljava/lang/Object;' @76  NULL (0)
 - private volatile transient 'enumConstantDirectory' 'Ljava/util/Map;' @80  NULL (0)
 - private volatile transient 'annotationData' 'Ljava/lang/Class$AnnotationData;' @84  NULL (0)
 - private volatile transient 'annotationType' 'Lsun/reflect/annotation/AnnotationType;' @88  NULL (0)
 - transient 'classValueMap' 'Ljava/lang/ClassValue$ClassValueMap;' @92  NULL (0)
 - abstract internal 'protection_domain' 'Ljava/lang/Object;' @96  a 'java/security/ProtectionDomain'{0x000000070be82528} (e17d04a5)
 - abstract internal 'signers_name' 'Ljava/lang/Object;' @100  NULL (0)
 - abstract internal 'source_file' 'Ljava/lang/Object;' @104  NULL (0)
 - signature: Limgui/ImGui;
 - ---- static fields (19):
 - private static final 'LIB_PATH_PROP' 'Ljava/lang/String;' @112  "imgui.library.path"{0x000000070dc79a80} (e1b8f350)
 - private static final 'LIB_NAME_PROP' 'Ljava/lang/String;' @116  "imgui.library.name"{0x000000070dc79a40} (e1b8f348)
 - private static final 'LIB_NAME_DEFAULT' 'Ljava/lang/String;' @120  "imgui-java64"{0x000000070dc79a08} (e1b8f341)
 - private static final 'LIB_TMP_DIR_PREFIX' 'Ljava/lang/String;' @124  "imgui-java-natives_1667697920507"{0x000000070dc799c0} (e1b8f338)
 - private static final 'IMGUI_CONTEXT' 'Limgui/internal/ImGuiContext;' @128  a 'imgui/internal/ImGuiContext'{0x000000070dc799a8} (e1b8f335)
 - private static final 'IMGUI_IO' 'Limgui/ImGuiIO;' @132  a 'imgui/ImGuiIO'{0x000000070dc79970} (e1b8f32e)
 - private static final 'WINDOW_DRAW_LIST' 'Limgui/ImDrawList;' @136  a 'imgui/ImDrawList'{0x000000070dc79958} (e1b8f32b)
 - private static final 'BACKGROUND_DRAW_LIST' 'Limgui/ImDrawList;' @140  a 'imgui/ImDrawList'{0x000000070dc79940} (e1b8f328)
 - private static final 'FOREGROUND_DRAW_LIST' 'Limgui/ImDrawList;' @144  a 'imgui/ImDrawList'{0x000000070dc79928} (e1b8f325)
 - private static final 'IMGUI_STORAGE' 'Limgui/ImGuiStorage;' @148  a 'imgui/ImGuiStorage'{0x000000070dc79910} (e1b8f322)
 - private static final 'WINDOW_VIEWPORT' 'Limgui/ImGuiViewport;' @152  a 'imgui/ImGuiViewport'{0x000000070dc798f8} (e1b8f31f)
 - private static final 'FIND_VIEWPORT' 'Limgui/ImGuiViewport;' @156  a 'imgui/ImGuiViewport'{0x000000070dc798e0} (e1b8f31c)
 - private static final 'DRAW_DATA' 'Limgui/ImDrawData;' @160  a 'imgui/ImDrawData'{0x000000070dc798c8} (e1b8f319)
 - private static final 'FONT' 'Limgui/ImFont;' @164  a 'imgui/ImFont'{0x000000070dc79878} (e1b8f30f)
 - private static final 'STYLE' 'Limgui/ImGuiStyle;' @168  a 'imgui/ImGuiStyle'{0x000000070dc79860} (e1b8f30c)
 - private static final 'MAIN_VIEWPORT' 'Limgui/ImGuiViewport;' @172  a 'imgui/ImGuiViewport'{0x000000070dc79848} (e1b8f309)
 - private static final 'PLATFORM_IO' 'Limgui/ImGuiPlatformIO;' @176  a 'imgui/ImGuiPlatformIO'{0x000000070dc79830} (e1b8f306)
 - private static 'payloadRef' 'Ljava/lang/ref/WeakReference;' @180  NULL (0)
 - private static final 'PAYLOAD_PLACEHOLDER_DATA' '[B' @184  [B{0x000000070dc79818} (e1b8f303)
R12=0x0 is NULL
R13={method} {0x0000020078933970} 'tableSetBgColor' '(II)V' in 'imgui/ImGui'
R14=0x0000000101cfefa8 is pointing into the stack for thread: 0x0000020054550d70
R15=0x0000020054550d70 is a thread


Registers:
RAX=0x0000000000000000, RBX=0x0000000000000003, RCX=0x0000000000000003, RDX=0x0000000000000004
RSP=0x0000000101cfeeb0, RBP=0x00000000ffffffff, RSI=0x0000000000000004, RDI=0x0000000000000000
R8 =0x00000000ffffffff, R9 =0x0000000000000004, R10=0x000002005be8d5f2, R11=0x000000070dc79758
R12=0x0000000000000000, R13=0x0000020078933968, R14=0x0000000101cfefa8, R15=0x0000020054550d70
RIP=0x0000000064b1bb28, EFLAGS=0x0000000000010246

Top of Stack: (sp=0x0000000101cfeeb0)
0x0000000101cfeeb0:   0000020078933968 0000020054550d70
0x0000000101cfeec0:   000002005be894fe 000002005be8d48e
0x0000000101cfeed0:   0000020078933968 0000020078933968
0x0000000101cfeee0:   00000000e38cd812 000002005be894fe
0x0000000101cfeef0:   0000000101cfef80 000002005be8d621
0x0000000101cfef00:   000002005be894fe 000002005be8d352
0x0000000101cfef10:   0000020078933968 00000000e38cd812
0x0000000101cfef20:   0000020000000000 0000000101cfeff8
0x0000000101cfef30:   000002005be8d2f6 0000000101cfef38
0x0000000101cfef40:   0000020078933968 0000000101cfefa8
0x0000000101cfef50:   000002007893c200 0000000000000000
0x0000000101cfef60:   000000070dc79758 0000020078933968
0x0000000101cfef70:   0000000000000000 0000000101cfefa0
0x0000000101cfef80:   0000000101cfeff8 000002005be894fe
0x0000000101cfef90:   000000070dc79758 000002005be8af78
0x0000000101cfefa0:   0000000000000004 0000000000000003 

Instructions: (pc=0x0000000064b1bb28)
0x0000000064b1ba28:   41 b8 55 02 00 00 48 8d 15 33 2d 3b 00 48 8d 0d
0x0000000064b1ba38:   13 2f 3b 00 ff 15 ae 6c c6 00 f3 0f 10 47 0c f3
0x0000000064b1ba48:   0f 11 83 ec 00 00 00 e9 a1 fd ff ff 0f 1f 40 00
0x0000000064b1ba58:   4c 8d 05 79 2d 3b 00 ba 72 04 00 00 48 8d 0d 75
0x0000000064b1ba68:   2f 3b 00 e8 70 cf 07 00 e9 c5 fb ff ff 4c 8d 05
0x0000000064b1ba78:   ec 2c 3b 00 ba 55 02 00 00 48 8d 0d c7 2e 3b 00
0x0000000064b1ba88:   e8 53 cf 07 00 e9 bc fe ff ff 4c 8d 05 cf 2c 3b
0x0000000064b1ba98:   00 ba 55 02 00 00 48 8d 0d aa 2e 3b 00 e8 36 cf
0x0000000064b1baa8:   07 00 eb 96 0f 1f 40 00 48 8b 05 09 12 3c 00 48
0x0000000064b1bab8:   8b 00 48 8b 80 f0 21 00 00 48 85 c0 74 08 0f be
0x0000000064b1bac8:   80 e4 01 00 00 c3 b8 ff ff ff ff c3 66 66 2e 0f
0x0000000064b1bad8:   1f 84 00 00 00 00 00 90 55 57 56 53 48 83 ec 28
0x0000000064b1bae8:   48 8b 05 d1 11 3c 00 48 8b 00 48 8b b8 f0 21 00
0x0000000064b1baf8:   00 89 cb 89 d6 44 89 c5 85 c9 0f 84 f8 00 00 00
0x0000000064b1bb08:   81 fa 00 00 00 01 b8 00 00 00 00 0f 44 f0 83 f9
0x0000000064b1bb18:   02 0f 8e a1 00 00 00 83 f9 03 0f 85 f9 00 00 00
0x0000000064b1bb28:   f3 0f 10 87 84 00 00 00 0f 2f 87 30 01 00 00 77
0x0000000064b1bb38:   7c 41 83 f8 ff 0f 84 8d 01 00 00 48 8b 47 58 48
0x0000000064b1bb48:   0f a3 e8 73 68 0f b6 87 f5 01 00 00 48 8b 57 38
0x0000000064b1bb58:   84 c0 0f 89 80 01 00 00 83 c0 01 88 87 f5 01 00
0x0000000064b1bb68:   00 48 0f be c0 48 8d 1c c2 48 39 d3 72 06 48 3b
0x0000000064b1bb78:   5f 40 72 33 e8 3f cf 07 00 84 c0 0f 85 f7 01 00
0x0000000064b1bb88:   00 48 3b 5f 38 72 06 48 3b 5f 40 72 1a 41 b8 55
0x0000000064b1bb98:   02 00 00 48 8d 15 c6 2b 3b 00 48 8d 0d a6 2d 3b
0x0000000064b1bba8:   00 ff 15 41 6b c6 00 89 33 40 88 6b 04 48 83 c4
0x0000000064b1bbb8:   28 5b 5e 5f 5d c3 66 90 85 c9 7e 5d f3 0f 10 87
0x0000000064b1bbc8:   84 00 00 00 0f 2f 87 30 01 00 00 77 e0 41 83 f8
0x0000000064b1bbd8:   ff 0f 85 c1 00 00 00 31 c0 83 fb 02 0f 94 c0 48
0x0000000064b1bbe8:   83 c0 28 89 34 87 48 83 c4 28 5b 5e 5f 5d c3 66
0x0000000064b1bbf8:   0f 1f 84 00 00 00 00 00 e8 bb ce 07 00 84 c0 74
0x0000000064b1bc08:   6f 4c 8d 05 c8 2b 3b 00 ba 49 06 00 00 48 8d 0d
0x0000000064b1bc18:   f4 2d 3b 00 e8 bf cd 07 00 e8 9a ce 07 00 84 c0 


Stack slot to memory mapping:
stack at sp + 0 slots: {method} {0x0000020078933970} 'tableSetBgColor' '(II)V' in 'imgui/ImGui'
stack at sp + 1 slots: 0x0000020054550d70 is a thread
stack at sp + 2 slots: 0x000002005be894fe is at code_begin+1118 in an Interpreter codelet
return entry points  [0x000002005be890a0, 0x000002005be89ba0]  2816 bytes
stack at sp + 3 slots: 0x000002005be8d48e is at code_begin+590 in an Interpreter codelet
method entry point (kind = native)  [0x000002005be8d240, 0x000002005be8dbc0]  2432 bytes
stack at sp + 4 slots: {method} {0x0000020078933970} 'tableSetBgColor' '(II)V' in 'imgui/ImGui'
stack at sp + 5 slots: {method} {0x0000020078933970} 'tableSetBgColor' '(II)V' in 'imgui/ImGui'
stack at sp + 6 slots: 3817658386 is a compressed pointer to object: [B 
{0x000000071c66c090} - klass: {type array byte}
 - length: 16
stack at sp + 7 slots: 0x000002005be894fe is at code_begin+1118 in an Interpreter codelet
return entry points  [0x000002005be890a0, 0x000002005be89ba0]  2816 bytes


---------------  P R O C E S S  ---------------

Threads class SMR info:
_java_thread_list=0x000002007be5b6c0, length=18, elements={
0x0000020054550d70, 0x0000020077793bd0, 0x0000020077794570, 0x00000200777af010,
0x00000200777af8c0, 0x00000200777b0870, 0x00000200777b6720, 0x00000200777c2330,
0x00000200777c2c20, 0x00000200777d58f0, 0x000002007bcbd390, 0x000002007bcd2210,
0x000002007bcd7f20, 0x000002007bf4f470, 0x000002007bf92010, 0x000002007c0ad010,
0x0000020006e28430, 0x0000020006e275c0
}

Java Threads: ( => current thread )
=>0x0000020054550d70 JavaThread "main" [_thread_in_native, id=2964, stack(0x0000000101c00000,0x0000000101d00000)]
  0x0000020077793bd0 JavaThread "Reference Handler" daemon [_thread_blocked, id=2084, stack(0x0000000102300000,0x0000000102400000)]
  0x0000020077794570 JavaThread "Finalizer" daemon [_thread_blocked, id=19848, stack(0x0000000102400000,0x0000000102500000)]
  0x00000200777af010 JavaThread "Signal Dispatcher" daemon [_thread_blocked, id=26444, stack(0x0000000102500000,0x0000000102600000)]
  0x00000200777af8c0 JavaThread "Attach Listener" daemon [_thread_blocked, id=20284, stack(0x0000000102600000,0x0000000102700000)]
  0x00000200777b0870 JavaThread "Service Thread" daemon [_thread_blocked, id=20128, stack(0x0000000102700000,0x0000000102800000)]
  0x00000200777b6720 JavaThread "Monitor Deflation Thread" daemon [_thread_blocked, id=17184, stack(0x0000000102800000,0x0000000102900000)]
  0x00000200777c2330 JavaThread "C2 CompilerThread0" daemon [_thread_blocked, id=20196, stack(0x0000000102900000,0x0000000102a00000)]
  0x00000200777c2c20 JavaThread "C1 CompilerThread0" daemon [_thread_blocked, id=26036, stack(0x0000000102a00000,0x0000000102b00000)]
  0x00000200777d58f0 JavaThread "Sweeper thread" daemon [_thread_blocked, id=4312, stack(0x0000000102b00000,0x0000000102c00000)]
  0x000002007bcbd390 JavaThread "C1 CompilerThread1" daemon [_thread_blocked, id=13428, stack(0x0000000102c00000,0x0000000102d00000)]
  0x000002007bcd2210 JavaThread "Notification Thread" daemon [_thread_blocked, id=8344, stack(0x0000000102e00000,0x0000000102f00000)]
  0x000002007bcd7f20 JavaThread "Common-Cleaner" daemon [_thread_blocked, id=23708, stack(0x0000000103000000,0x0000000103100000)]
  0x000002007bf4f470 JavaThread "Java2D Disposer" daemon [_thread_blocked, id=24432, stack(0x0000000103100000,0x0000000103200000)]
  0x000002007bf92010 JavaThread "AWT-Windows" daemon [_thread_in_native, id=20268, stack(0x0000000103300000,0x0000000103400000)]
  0x000002007c0ad010 JavaThread "Swing-Shell" daemon [_thread_blocked, id=13528, stack(0x0000000103500000,0x0000000103600000)]
  0x0000020006e28430 JavaThread "D3D Screen Updater" daemon [_thread_blocked, id=22900, stack(0x0000000104c20000,0x0000000104d20000)]
  0x0000020006e275c0 JavaThread "TimerQueue" daemon [_thread_blocked, id=25904, stack(0x0000000104d20000,0x0000000104e20000)]

Other Threads:
  0x00000200545dfaa0 VMThread "VM Thread" [stack: 0x0000000102200000,0x0000000102300000] [id=4904]
  0x000002007bcd3af0 WatcherThread "VM Periodic Task Thread" [stack: 0x0000000102f00000,0x0000000103000000] [id=2576]
  0x00000200545c2e20 WorkerThread "GC Thread#0" [stack: 0x0000000101d00000,0x0000000101e00000] [id=13336]
  0x000002007c3188b0 WorkerThread "GC Thread#1" [stack: 0x0000000105220000,0x0000000105320000] [id=22928]
  0x000002007c317650 WorkerThread "GC Thread#2" [stack: 0x0000000105320000,0x0000000105420000] [id=5708]
  0x000002007c317110 WorkerThread "GC Thread#3" [stack: 0x0000000105420000,0x0000000105520000] [id=5796]
  0x000002007c316e70 WorkerThread "GC Thread#4" [stack: 0x0000000105520000,0x0000000105620000] [id=2572]
  0x000002007c318370 WorkerThread "GC Thread#5" [stack: 0x0000000105620000,0x0000000105720000] [id=14372]
  0x000002007c318610 WorkerThread "GC Thread#6" [stack: 0x0000000105720000,0x0000000105820000] [id=25164]
  0x000002007c3178f0 WorkerThread "GC Thread#7" [stack: 0x0000000105820000,0x0000000105920000] [id=16752]
  0x000002007c3173b0 WorkerThread "GC Thread#8" [stack: 0x0000000105920000,0x0000000105a20000] [id=23260]
  0x00000200132198d0 WorkerThread "GC Thread#9" [stack: 0x0000000105b20000,0x0000000105c20000] [id=21928]
  0x0000020013217950 WorkerThread "GC Thread#10" [stack: 0x0000000105c20000,0x0000000105d20000] [id=3112]
  0x0000020013219390 WorkerThread "GC Thread#11" [stack: 0x0000000105d20000,0x0000000105e20000] [id=8288]
  0x0000020013217e90 WorkerThread "GC Thread#12" [stack: 0x0000000105e20000,0x0000000105f20000] [id=11164]
  0x00000200545d3990 ConcurrentGCThread "G1 Main Marker" [stack: 0x0000000101e00000,0x0000000101f00000] [id=18076]
  0x00000200545d4280 WorkerThread "G1 Conc#0" [stack: 0x0000000101f00000,0x0000000102000000] [id=3300]
  0x0000020077647760 ConcurrentGCThread "G1 Refine#0" [stack: 0x0000000102000000,0x0000000102100000] [id=26184]
  0x0000020006ba1000 ConcurrentGCThread "G1 Refine#1" [stack: 0x0000000105f20000,0x0000000106020000] [id=26076]
  0x00000200131d4430 ConcurrentGCThread "G1 Refine#2" [stack: 0x0000000106020000,0x0000000106120000] [id=14416]
  0x00000200131d65f0 ConcurrentGCThread "G1 Refine#3" [stack: 0x0000000106120000,0x0000000106220000] [id=8568]
  0x00000200131d68c0 ConcurrentGCThread "G1 Refine#4" [stack: 0x0000000103200000,0x0000000103300000] [id=8588]
  0x00000200131d4f70 ConcurrentGCThread "G1 Refine#5" [stack: 0x0000000103600000,0x0000000103700000] [id=25016]
  0x00000200131d5d80 ConcurrentGCThread "G1 Refine#6" [stack: 0x0000000105a20000,0x0000000105b20000] [id=7180]
  0x0000020077648f20 ConcurrentGCThread "G1 Service" [stack: 0x0000000102100000,0x0000000102200000] [id=20580]

Threads with active compile tasks:

VM state: not at safepoint (normal execution)

VM Mutex/Monitor currently owned by a thread: None

Heap address: 0x000000070bc00000, size: 3908 MB, Compressed Oops mode: Zero based, Oop shift amount: 3

CDS archive(s) mapped at: [0x0000000800000000-0x0000000800ba0000-0x0000000800ba0000), size 12189696, SharedBaseAddress: 0x0000000800000000, ArchiveRelocationMode: 0.
Compressed class space mapped at: 0x0000000800c00000-0x0000000840c00000, reserved size: 1073741824
Narrow klass base: 0x0000000800000000, Narrow klass shift: 0, Narrow klass range: 0x100000000

GC Precious Log:
 CardTable entry size: 512
 Card Set container configuration: InlinePtr #cards 4 size 8 Array Of Cards #cards 16 size 48 Howl #buckets 8 coarsen threshold 3686 Howl Bitmap #cards 512 size 80 coarsen threshold 460 Card regions per heap region 1 cards per card region 4096
 CPUs: 16 total, 16 available
 Memory: 15629M
 Large Page Support: Disabled
 NUMA Support: Disabled
 Compressed Oops: Enabled (Zero based)
 Heap Region Size: 2M
 Heap Min Capacity: 8M
 Heap Initial Capacity: 246M
 Heap Max Capacity: 3908M
 Pre-touch: Disabled
 Parallel Workers: 13
 Concurrent Workers: 3
 Concurrent Refinement Workers: 13
 Periodic GC: Disabled

Heap:
 garbage-first heap   total 444416K, used 299238K [0x000000070bc00000, 0x0000000800000000)
  region size 2048K, 98 young (200704K), 14 survivors (28672K)
 Metaspace       used 16471K, committed 16704K, reserved 1114112K
  class space    used 1601K, committed 1664K, reserved 1048576K

Heap Regions: E=young(eden), S=young(survivor), O=old, HS=humongous(starts), HC=humongous(continues), CS=collection set, F=free, OA=open archive, CA=closed archive, TAMS=top-at-mark-start (previous, next)
|   0|0x000000070bc00000, 0x000000070be00000, 0x000000070be00000|100%|HS|  |TAMS 0x000000070bc00000, 0x000000070bc00000| Complete 
|   1|0x000000070be00000, 0x000000070c000000, 0x000000070c000000|100%| O|  |TAMS 0x000000070be00000, 0x000000070be00000| Untracked 
|   2|0x000000070c000000, 0x000000070c200000, 0x000000070c200000|100%| O|  |TAMS 0x000000070c000000, 0x000000070c000000| Untracked 
|   3|0x000000070c200000, 0x000000070c400000, 0x000000070c400000|100%| O|  |TAMS 0x000000070c200000, 0x000000070c200000| Untracked 
|   4|0x000000070c400000, 0x000000070c600000, 0x000000070c600000|100%| O|  |TAMS 0x000000070c400000, 0x000000070c400000| Untracked 
|   5|0x000000070c600000, 0x000000070c800000, 0x000000070c800000|100%| O|  |TAMS 0x000000070c600000, 0x000000070c600000| Untracked 
|   6|0x000000070c800000, 0x000000070ca00000, 0x000000070ca00000|100%| O|  |TAMS 0x000000070c800000, 0x000000070c800000| Untracked 
|   7|0x000000070ca00000, 0x000000070cc00000, 0x000000070cc00000|100%| O|  |TAMS 0x000000070ca00000, 0x000000070ca00000| Untracked 
|   8|0x000000070cc00000, 0x000000070ce00000, 0x000000070ce00000|100%| O|  |TAMS 0x000000070cc00000, 0x000000070cc00000| Untracked 
|   9|0x000000070ce00000, 0x000000070d000000, 0x000000070d000000|100%| O|  |TAMS 0x000000070ce00000, 0x000000070ce00000| Untracked 
|  10|0x000000070d000000, 0x000000070d200000, 0x000000070d200000|100%| O|  |TAMS 0x000000070d000000, 0x000000070d000000| Untracked 
|  11|0x000000070d200000, 0x000000070d400000, 0x000000070d400000|100%| O|  |TAMS 0x000000070d200000, 0x000000070d200000| Untracked 
|  12|0x000000070d400000, 0x000000070d600000, 0x000000070d600000|100%|HS|  |TAMS 0x000000070d400000, 0x000000070d400000| Complete 
|  13|0x000000070d600000, 0x000000070d800000, 0x000000070d800000|100%|HC|  |TAMS 0x000000070d600000, 0x000000070d600000| Complete 
|  14|0x000000070d800000, 0x000000070da00000, 0x000000070da00000|100%|HS|  |TAMS 0x000000070d800000, 0x000000070d800000| Complete 
|  15|0x000000070da00000, 0x000000070dc00000, 0x000000070dc00000|100%|HC|  |TAMS 0x000000070da00000, 0x000000070da00000| Complete 
|  16|0x000000070dc00000, 0x000000070de00000, 0x000000070de00000|100%| O|  |TAMS 0x000000070dc00000, 0x000000070dc00000| Untracked 
|  17|0x000000070de00000, 0x000000070e000000, 0x000000070e000000|100%| O|  |TAMS 0x000000070de00000, 0x000000070de00000| Untracked 
|  18|0x000000070e000000, 0x000000070e200000, 0x000000070e200000|100%| O|  |TAMS 0x000000070e000000, 0x000000070e000000| Untracked 
|  19|0x000000070e200000, 0x000000070e400000, 0x000000070e400000|100%| O|  |TAMS 0x000000070e200000, 0x000000070e200000| Untracked 
|  20|0x000000070e400000, 0x000000070e600000, 0x000000070e600000|100%| O|  |TAMS 0x000000070e400000, 0x000000070e400000| Untracked 
|  21|0x000000070e600000, 0x000000070e800000, 0x000000070e800000|100%| O|  |TAMS 0x000000070e600000, 0x000000070e600000| Untracked 
|  22|0x000000070e800000, 0x000000070ea00000, 0x000000070ea00000|100%| O|  |TAMS 0x000000070e800000, 0x000000070e800000| Untracked 
|  23|0x000000070ea00000, 0x000000070ec00000, 0x000000070ec00000|100%| O|  |TAMS 0x000000070ea00000, 0x000000070ea00000| Untracked 
|  24|0x000000070ec00000, 0x000000070ee00000, 0x000000070ee00000|100%| O|  |TAMS 0x000000070ec00000, 0x000000070ec00000| Untracked 
|  25|0x000000070ee00000, 0x000000070f000000, 0x000000070f000000|100%| O|  |TAMS 0x000000070ee00000, 0x000000070ee00000| Untracked 
|  26|0x000000070f000000, 0x000000070f200000, 0x000000070f200000|100%| O|  |TAMS 0x000000070f000000, 0x000000070f000000| Untracked 
|  27|0x000000070f200000, 0x000000070f400000, 0x000000070f400000|100%| O|  |TAMS 0x000000070f200000, 0x000000070f200000| Untracked 
|  28|0x000000070f400000, 0x000000070f600000, 0x000000070f600000|100%| O|  |TAMS 0x000000070f400000, 0x000000070f400000| Untracked 
|  29|0x000000070f600000, 0x000000070f800000, 0x000000070f800000|100%| O|  |TAMS 0x000000070f600000, 0x000000070f600000| Untracked 
|  30|0x000000070f800000, 0x000000070fa00000, 0x000000070fa00000|100%| O|  |TAMS 0x000000070f800000, 0x000000070f800000| Untracked 
|  31|0x000000070fa00000, 0x000000070fc00000, 0x000000070fc00000|100%| O|  |TAMS 0x000000070fa00000, 0x000000070fa00000| Untracked 
|  32|0x000000070fc00000, 0x000000070fe00000, 0x000000070fe00000|100%| O|  |TAMS 0x000000070fc00000, 0x000000070fc00000| Untracked 
|  33|0x000000070fe00000, 0x0000000710000000, 0x0000000710000000|100%| O|  |TAMS 0x000000070fe00000, 0x000000070fe00000| Untracked 
|  34|0x0000000710000000, 0x0000000710200000, 0x0000000710200000|100%| O|  |TAMS 0x0000000710000000, 0x0000000710000000| Untracked 
|  35|0x0000000710200000, 0x0000000710400000, 0x0000000710400000|100%| O|  |TAMS 0x0000000710200000, 0x0000000710200000| Untracked 
|  36|0x0000000710400000, 0x0000000710600000, 0x0000000710600000|100%| O|  |TAMS 0x0000000710400000, 0x0000000710400000| Untracked 
|  37|0x0000000710600000, 0x0000000710800000, 0x0000000710800000|100%|HS|  |TAMS 0x0000000710600000, 0x0000000710600000| Complete 
|  38|0x0000000710800000, 0x0000000710a00000, 0x0000000710a00000|100%|HS|  |TAMS 0x0000000710800000, 0x0000000710800000| Complete 
|  39|0x0000000710a00000, 0x0000000710c00000, 0x0000000710c00000|100%|HC|  |TAMS 0x0000000710a00000, 0x0000000710a00000| Complete 
|  40|0x0000000710c00000, 0x0000000710e00000, 0x0000000710e00000|100%|HS|  |TAMS 0x0000000710c00000, 0x0000000710c00000| Complete 
|  41|0x0000000710e00000, 0x0000000711000000, 0x0000000711000000|100%|HC|  |TAMS 0x0000000710e00000, 0x0000000710e00000| Complete 
|  42|0x0000000711000000, 0x0000000711200000, 0x0000000711200000|100%|HS|  |TAMS 0x0000000711000000, 0x0000000711000000| Complete 
|  43|0x0000000711200000, 0x0000000711400000, 0x0000000711400000|100%|HS|  |TAMS 0x0000000711200000, 0x0000000711200000| Complete 
|  44|0x0000000711400000, 0x0000000711600000, 0x0000000711600000|100%|HS|  |TAMS 0x0000000711400000, 0x0000000711400000| Complete 
|  45|0x0000000711600000, 0x0000000711800000, 0x0000000711800000|100%|HS|  |TAMS 0x0000000711600000, 0x0000000711600000| Complete 
|  46|0x0000000711800000, 0x0000000711a00000, 0x0000000711a00000|100%|HC|  |TAMS 0x0000000711800000, 0x0000000711800000| Complete 
|  47|0x0000000711a00000, 0x0000000711c00000, 0x0000000711c00000|100%|HS|  |TAMS 0x0000000711a00000, 0x0000000711a00000| Complete 
|  48|0x0000000711c00000, 0x0000000711e00000, 0x0000000711e00000|100%|HC|  |TAMS 0x0000000711c00000, 0x0000000711c00000| Complete 
|  49|0x0000000711e00000, 0x0000000712000000, 0x0000000712000000|100%|HS|  |TAMS 0x0000000711e00000, 0x0000000711e00000| Complete 
|  50|0x0000000712000000, 0x0000000712200000, 0x0000000712200000|100%|HC|  |TAMS 0x0000000712000000, 0x0000000712000000| Complete 
|  51|0x0000000712200000, 0x0000000712200000, 0x0000000712400000|  0%| F|  |TAMS 0x0000000712200000, 0x0000000712200000| Untracked 
|  52|0x0000000712400000, 0x0000000712400000, 0x0000000712600000|  0%| F|  |TAMS 0x0000000712400000, 0x0000000712400000| Untracked 
|  53|0x0000000712600000, 0x0000000712600000, 0x0000000712800000|  0%| F|  |TAMS 0x0000000712600000, 0x0000000712600000| Untracked 
|  54|0x0000000712800000, 0x0000000712800000, 0x0000000712a00000|  0%| F|  |TAMS 0x0000000712800000, 0x0000000712800000| Untracked 
|  55|0x0000000712a00000, 0x0000000712a00000, 0x0000000712c00000|  0%| F|  |TAMS 0x0000000712a00000, 0x0000000712a00000| Untracked 
|  56|0x0000000712c00000, 0x0000000712c00000, 0x0000000712e00000|  0%| F|  |TAMS 0x0000000712c00000, 0x0000000712c00000| Untracked 
|  57|0x0000000712e00000, 0x0000000712e00000, 0x0000000713000000|  0%| F|  |TAMS 0x0000000712e00000, 0x0000000712e00000| Untracked 
|  58|0x0000000713000000, 0x0000000713000000, 0x0000000713200000|  0%| F|  |TAMS 0x0000000713000000, 0x0000000713000000| Untracked 
|  59|0x0000000713200000, 0x0000000713200000, 0x0000000713400000|  0%| F|  |TAMS 0x0000000713200000, 0x0000000713200000| Untracked 
|  60|0x0000000713400000, 0x0000000713400000, 0x0000000713600000|  0%| F|  |TAMS 0x0000000713400000, 0x0000000713400000| Untracked 
|  61|0x0000000713600000, 0x0000000713600000, 0x0000000713800000|  0%| F|  |TAMS 0x0000000713600000, 0x0000000713600000| Untracked 
|  62|0x0000000713800000, 0x0000000713800000, 0x0000000713a00000|  0%| F|  |TAMS 0x0000000713800000, 0x0000000713800000| Untracked 
|  63|0x0000000713a00000, 0x0000000713a00000, 0x0000000713c00000|  0%| F|  |TAMS 0x0000000713a00000, 0x0000000713a00000| Untracked 
|  64|0x0000000713c00000, 0x0000000713c00000, 0x0000000713e00000|  0%| F|  |TAMS 0x0000000713c00000, 0x0000000713c00000| Untracked 
|  65|0x0000000713e00000, 0x0000000713e00000, 0x0000000714000000|  0%| F|  |TAMS 0x0000000713e00000, 0x0000000713e00000| Untracked 
|  66|0x0000000714000000, 0x0000000714000000, 0x0000000714200000|  0%| F|  |TAMS 0x0000000714000000, 0x0000000714000000| Untracked 
|  67|0x0000000714200000, 0x0000000714200000, 0x0000000714400000|  0%| F|  |TAMS 0x0000000714200000, 0x0000000714200000| Untracked 
|  68|0x0000000714400000, 0x0000000714400000, 0x0000000714600000|  0%| F|  |TAMS 0x0000000714400000, 0x0000000714400000| Untracked 
|  69|0x0000000714600000, 0x0000000714600000, 0x0000000714800000|  0%| F|  |TAMS 0x0000000714600000, 0x0000000714600000| Untracked 
|  70|0x0000000714800000, 0x0000000714800000, 0x0000000714a00000|  0%| F|  |TAMS 0x0000000714800000, 0x0000000714800000| Untracked 
|  71|0x0000000714a00000, 0x0000000714a00000, 0x0000000714c00000|  0%| F|  |TAMS 0x0000000714a00000, 0x0000000714a00000| Untracked 
|  72|0x0000000714c00000, 0x0000000714c00000, 0x0000000714e00000|  0%| F|  |TAMS 0x0000000714c00000, 0x0000000714c00000| Untracked 
|  73|0x0000000714e00000, 0x0000000714e399d0, 0x0000000715000000| 11%| S|CS|TAMS 0x0000000714e00000, 0x0000000714e00000| Complete 
|  74|0x0000000715000000, 0x0000000715200000, 0x0000000715200000|100%| S|CS|TAMS 0x0000000715000000, 0x0000000715000000| Complete 
|  75|0x0000000715200000, 0x0000000715400000, 0x0000000715400000|100%| S|CS|TAMS 0x0000000715200000, 0x0000000715200000| Complete 
|  76|0x0000000715400000, 0x0000000715600000, 0x0000000715600000|100%| S|CS|TAMS 0x0000000715400000, 0x0000000715400000| Complete 
|  77|0x0000000715600000, 0x0000000715800000, 0x0000000715800000|100%| S|CS|TAMS 0x0000000715600000, 0x0000000715600000| Complete 
|  78|0x0000000715800000, 0x0000000715a00000, 0x0000000715a00000|100%| S|CS|TAMS 0x0000000715800000, 0x0000000715800000| Complete 
|  79|0x0000000715a00000, 0x0000000715c00000, 0x0000000715c00000|100%| S|CS|TAMS 0x0000000715a00000, 0x0000000715a00000| Complete 
|  80|0x0000000715c00000, 0x0000000715e00000, 0x0000000715e00000|100%| S|CS|TAMS 0x0000000715c00000, 0x0000000715c00000| Complete 
|  81|0x0000000715e00000, 0x0000000715e00000, 0x0000000716000000|  0%| F|  |TAMS 0x0000000715e00000, 0x0000000715e00000| Untracked 
|  82|0x0000000716000000, 0x0000000716000000, 0x0000000716200000|  0%| F|  |TAMS 0x0000000716000000, 0x0000000716000000| Untracked 
|  83|0x0000000716200000, 0x0000000716200000, 0x0000000716400000|  0%| F|  |TAMS 0x0000000716200000, 0x0000000716200000| Untracked 
|  84|0x0000000716400000, 0x0000000716400000, 0x0000000716600000|  0%| F|  |TAMS 0x0000000716400000, 0x0000000716400000| Untracked 
|  85|0x0000000716600000, 0x0000000716600000, 0x0000000716800000|  0%| F|  |TAMS 0x0000000716600000, 0x0000000716600000| Untracked 
|  86|0x0000000716800000, 0x0000000716800000, 0x0000000716a00000|  0%| F|  |TAMS 0x0000000716800000, 0x0000000716800000| Untracked 
|  87|0x0000000716a00000, 0x0000000716a00000, 0x0000000716c00000|  0%| F|  |TAMS 0x0000000716a00000, 0x0000000716a00000| Untracked 
|  88|0x0000000716c00000, 0x0000000716c00000, 0x0000000716e00000|  0%| F|  |TAMS 0x0000000716c00000, 0x0000000716c00000| Untracked 
|  89|0x0000000716e00000, 0x0000000716e00000, 0x0000000717000000|  0%| F|  |TAMS 0x0000000716e00000, 0x0000000716e00000| Untracked 
|  90|0x0000000717000000, 0x0000000717200000, 0x0000000717200000|100%| S|CS|TAMS 0x0000000717000000, 0x0000000717000000| Complete 
|  91|0x0000000717200000, 0x0000000717400000, 0x0000000717400000|100%| S|CS|TAMS 0x0000000717200000, 0x0000000717200000| Complete 
|  92|0x0000000717400000, 0x0000000717600000, 0x0000000717600000|100%| S|CS|TAMS 0x0000000717400000, 0x0000000717400000| Complete 
|  93|0x0000000717600000, 0x0000000717800000, 0x0000000717800000|100%| S|CS|TAMS 0x0000000717600000, 0x0000000717600000| Complete 
|  94|0x0000000717800000, 0x0000000717a00000, 0x0000000717a00000|100%| S|CS|TAMS 0x0000000717800000, 0x0000000717800000| Complete 
|  95|0x0000000717a00000, 0x0000000717c00000, 0x0000000717c00000|100%| S|CS|TAMS 0x0000000717a00000, 0x0000000717a00000| Complete 
|  96|0x0000000717c00000, 0x0000000717c00000, 0x0000000717e00000|  0%| F|  |TAMS 0x0000000717c00000, 0x0000000717c00000| Untracked 
|  97|0x0000000717e00000, 0x0000000717e00000, 0x0000000718000000|  0%| F|  |TAMS 0x0000000717e00000, 0x0000000717e00000| Untracked 
|  98|0x0000000718000000, 0x0000000718000000, 0x0000000718200000|  0%| F|  |TAMS 0x0000000718000000, 0x0000000718000000| Untracked 
|  99|0x0000000718200000, 0x0000000718200000, 0x0000000718400000|  0%| F|  |TAMS 0x0000000718200000, 0x0000000718200000| Untracked 
| 100|0x0000000718400000, 0x0000000718400000, 0x0000000718600000|  0%| F|  |TAMS 0x0000000718400000, 0x0000000718400000| Untracked 
| 101|0x0000000718600000, 0x0000000718600000, 0x0000000718800000|  0%| F|  |TAMS 0x0000000718600000, 0x0000000718600000| Untracked 
| 102|0x0000000718800000, 0x0000000718800000, 0x0000000718a00000|  0%| F|  |TAMS 0x0000000718800000, 0x0000000718800000| Untracked 
| 103|0x0000000718a00000, 0x0000000718a00000, 0x0000000718c00000|  0%| F|  |TAMS 0x0000000718a00000, 0x0000000718a00000| Untracked 
| 104|0x0000000718c00000, 0x0000000718c00000, 0x0000000718e00000|  0%| F|  |TAMS 0x0000000718c00000, 0x0000000718c00000| Untracked 
| 105|0x0000000718e00000, 0x0000000718e00000, 0x0000000719000000|  0%| F|  |TAMS 0x0000000718e00000, 0x0000000718e00000| Untracked 
| 106|0x0000000719000000, 0x0000000719000000, 0x0000000719200000|  0%| F|  |TAMS 0x0000000719000000, 0x0000000719000000| Untracked 
| 107|0x0000000719200000, 0x0000000719200000, 0x0000000719400000|  0%| F|  |TAMS 0x0000000719200000, 0x0000000719200000| Untracked 
| 108|0x0000000719400000, 0x0000000719400000, 0x0000000719600000|  0%| F|  |TAMS 0x0000000719400000, 0x0000000719400000| Untracked 
| 109|0x0000000719600000, 0x0000000719600000, 0x0000000719800000|  0%| F|  |TAMS 0x0000000719600000, 0x0000000719600000| Untracked 
| 110|0x0000000719800000, 0x0000000719800000, 0x0000000719a00000|  0%| F|  |TAMS 0x0000000719800000, 0x0000000719800000| Untracked 
| 111|0x0000000719a00000, 0x0000000719a00000, 0x0000000719c00000|  0%| F|  |TAMS 0x0000000719a00000, 0x0000000719a00000| Untracked 
| 112|0x0000000719c00000, 0x0000000719c00000, 0x0000000719e00000|  0%| F|  |TAMS 0x0000000719c00000, 0x0000000719c00000| Untracked 
| 113|0x0000000719e00000, 0x0000000719e00000, 0x000000071a000000|  0%| F|  |TAMS 0x0000000719e00000, 0x0000000719e00000| Untracked 
| 114|0x000000071a000000, 0x000000071a000000, 0x000000071a200000|  0%| F|  |TAMS 0x000000071a000000, 0x000000071a000000| Untracked 
| 115|0x000000071a200000, 0x000000071a200000, 0x000000071a400000|  0%| F|  |TAMS 0x000000071a200000, 0x000000071a200000| Untracked 
| 116|0x000000071a400000, 0x000000071a400000, 0x000000071a600000|  0%| F|  |TAMS 0x000000071a400000, 0x000000071a400000| Untracked 
| 117|0x000000071a600000, 0x000000071a600000, 0x000000071a800000|  0%| F|  |TAMS 0x000000071a600000, 0x000000071a600000| Untracked 
| 118|0x000000071a800000, 0x000000071a800000, 0x000000071aa00000|  0%| F|  |TAMS 0x000000071a800000, 0x000000071a800000| Untracked 
| 119|0x000000071aa00000, 0x000000071aa00000, 0x000000071ac00000|  0%| F|  |TAMS 0x000000071aa00000, 0x000000071aa00000| Untracked 
| 120|0x000000071ac00000, 0x000000071ac00000, 0x000000071ae00000|  0%| F|  |TAMS 0x000000071ac00000, 0x000000071ac00000| Untracked 
| 121|0x000000071ae00000, 0x000000071ae00000, 0x000000071b000000|  0%| F|  |TAMS 0x000000071ae00000, 0x000000071ae00000| Untracked 
| 122|0x000000071b000000, 0x000000071b000000, 0x000000071b200000|  0%| F|  |TAMS 0x000000071b000000, 0x000000071b000000| Untracked 
| 123|0x000000071b200000, 0x000000071b200000, 0x000000071b400000|  0%| F|  |TAMS 0x000000071b200000, 0x000000071b200000| Untracked 
| 124|0x000000071b400000, 0x000000071b400000, 0x000000071b600000|  0%| F|  |TAMS 0x000000071b400000, 0x000000071b400000| Untracked 
| 125|0x000000071b600000, 0x000000071b600000, 0x000000071b800000|  0%| F|  |TAMS 0x000000071b600000, 0x000000071b600000| Untracked 
| 126|0x000000071b800000, 0x000000071b800000, 0x000000071ba00000|  0%| F|  |TAMS 0x000000071b800000, 0x000000071b800000| Untracked 
| 127|0x000000071ba00000, 0x000000071ba00000, 0x000000071bc00000|  0%| F|  |TAMS 0x000000071ba00000, 0x000000071ba00000| Untracked 
| 128|0x000000071bc00000, 0x000000071bc00000, 0x000000071be00000|  0%| F|  |TAMS 0x000000071bc00000, 0x000000071bc00000| Untracked 
| 129|0x000000071be00000, 0x000000071be00000, 0x000000071c000000|  0%| F|  |TAMS 0x000000071be00000, 0x000000071be00000| Untracked 
| 130|0x000000071c000000, 0x000000071c000000, 0x000000071c200000|  0%| F|  |TAMS 0x000000071c000000, 0x000000071c000000| Untracked 
| 131|0x000000071c200000, 0x000000071c200000, 0x000000071c400000|  0%| F|  |TAMS 0x000000071c200000, 0x000000071c200000| Untracked 
| 132|0x000000071c400000, 0x000000071c400000, 0x000000071c600000|  0%| F|  |TAMS 0x000000071c400000, 0x000000071c400000| Untracked 
| 133|0x000000071c600000, 0x000000071c75e828, 0x000000071c800000| 68%| E|  |TAMS 0x000000071c600000, 0x000000071c600000| Complete 
| 134|0x000000071c800000, 0x000000071ca00000, 0x000000071ca00000|100%| E|CS|TAMS 0x000000071c800000, 0x000000071c800000| Complete 
| 135|0x000000071ca00000, 0x000000071cc00000, 0x000000071cc00000|100%| E|CS|TAMS 0x000000071ca00000, 0x000000071ca00000| Complete 
| 136|0x000000071cc00000, 0x000000071ce00000, 0x000000071ce00000|100%| E|CS|TAMS 0x000000071cc00000, 0x000000071cc00000| Complete 
| 137|0x000000071ce00000, 0x000000071d000000, 0x000000071d000000|100%| E|CS|TAMS 0x000000071ce00000, 0x000000071ce00000| Complete 
| 138|0x000000071d000000, 0x000000071d200000, 0x000000071d200000|100%| E|CS|TAMS 0x000000071d000000, 0x000000071d000000| Complete 
| 139|0x000000071d200000, 0x000000071d400000, 0x000000071d400000|100%| E|CS|TAMS 0x000000071d200000, 0x000000071d200000| Complete 
| 140|0x000000071d400000, 0x000000071d600000, 0x000000071d600000|100%| E|CS|TAMS 0x000000071d400000, 0x000000071d400000| Complete 
| 141|0x000000071d600000, 0x000000071d800000, 0x000000071d800000|100%| E|CS|TAMS 0x000000071d600000, 0x000000071d600000| Complete 
| 142|0x000000071d800000, 0x000000071da00000, 0x000000071da00000|100%| E|CS|TAMS 0x000000071d800000, 0x000000071d800000| Complete 
| 143|0x000000071da00000, 0x000000071dc00000, 0x000000071dc00000|100%| E|  |TAMS 0x000000071da00000, 0x000000071da00000| Complete 
| 144|0x000000071dc00000, 0x000000071de00000, 0x000000071de00000|100%| E|CS|TAMS 0x000000071dc00000, 0x000000071dc00000| Complete 
| 145|0x000000071de00000, 0x000000071e000000, 0x000000071e000000|100%| E|CS|TAMS 0x000000071de00000, 0x000000071de00000| Complete 
| 146|0x000000071e000000, 0x000000071e200000, 0x000000071e200000|100%| E|CS|TAMS 0x000000071e000000, 0x000000071e000000| Complete 
| 147|0x000000071e200000, 0x000000071e400000, 0x000000071e400000|100%| E|CS|TAMS 0x000000071e200000, 0x000000071e200000| Complete 
| 148|0x000000071e400000, 0x000000071e600000, 0x000000071e600000|100%| E|CS|TAMS 0x000000071e400000, 0x000000071e400000| Complete 
| 149|0x000000071e600000, 0x000000071e800000, 0x000000071e800000|100%| E|CS|TAMS 0x000000071e600000, 0x000000071e600000| Complete 
| 150|0x000000071e800000, 0x000000071ea00000, 0x000000071ea00000|100%| E|CS|TAMS 0x000000071e800000, 0x000000071e800000| Complete 
| 151|0x000000071ea00000, 0x000000071ec00000, 0x000000071ec00000|100%| E|CS|TAMS 0x000000071ea00000, 0x000000071ea00000| Complete 
| 152|0x000000071ec00000, 0x000000071ee00000, 0x000000071ee00000|100%| E|CS|TAMS 0x000000071ec00000, 0x000000071ec00000| Complete 
| 153|0x000000071ee00000, 0x000000071f000000, 0x000000071f000000|100%| E|CS|TAMS 0x000000071ee00000, 0x000000071ee00000| Complete 
| 154|0x000000071f000000, 0x000000071f200000, 0x000000071f200000|100%| E|CS|TAMS 0x000000071f000000, 0x000000071f000000| Complete 
| 155|0x000000071f200000, 0x000000071f400000, 0x000000071f400000|100%| E|CS|TAMS 0x000000071f200000, 0x000000071f200000| Complete 
| 156|0x000000071f400000, 0x000000071f600000, 0x000000071f600000|100%| E|CS|TAMS 0x000000071f400000, 0x000000071f400000| Complete 
| 157|0x000000071f600000, 0x000000071f800000, 0x000000071f800000|100%| E|CS|TAMS 0x000000071f600000, 0x000000071f600000| Complete 
| 158|0x000000071f800000, 0x000000071fa00000, 0x000000071fa00000|100%| E|CS|TAMS 0x000000071f800000, 0x000000071f800000| Complete 
| 159|0x000000071fa00000, 0x000000071fc00000, 0x000000071fc00000|100%| E|CS|TAMS 0x000000071fa00000, 0x000000071fa00000| Complete 
| 160|0x000000071fc00000, 0x000000071fe00000, 0x000000071fe00000|100%| E|CS|TAMS 0x000000071fc00000, 0x000000071fc00000| Complete 
| 161|0x000000071fe00000, 0x0000000720000000, 0x0000000720000000|100%| E|CS|TAMS 0x000000071fe00000, 0x000000071fe00000| Complete 
| 162|0x0000000720000000, 0x0000000720200000, 0x0000000720200000|100%| E|CS|TAMS 0x0000000720000000, 0x0000000720000000| Complete 
| 163|0x0000000720200000, 0x0000000720400000, 0x0000000720400000|100%| E|CS|TAMS 0x0000000720200000, 0x0000000720200000| Complete 
| 164|0x0000000720400000, 0x0000000720600000, 0x0000000720600000|100%| E|CS|TAMS 0x0000000720400000, 0x0000000720400000| Complete 
| 165|0x0000000720600000, 0x0000000720800000, 0x0000000720800000|100%| E|CS|TAMS 0x0000000720600000, 0x0000000720600000| Complete 
| 166|0x0000000720800000, 0x0000000720a00000, 0x0000000720a00000|100%| E|CS|TAMS 0x0000000720800000, 0x0000000720800000| Complete 
| 167|0x0000000720a00000, 0x0000000720c00000, 0x0000000720c00000|100%| E|CS|TAMS 0x0000000720a00000, 0x0000000720a00000| Complete 
| 168|0x0000000720c00000, 0x0000000720e00000, 0x0000000720e00000|100%| E|CS|TAMS 0x0000000720c00000, 0x0000000720c00000| Complete 
| 169|0x0000000720e00000, 0x0000000721000000, 0x0000000721000000|100%| E|CS|TAMS 0x0000000720e00000, 0x0000000720e00000| Complete 
| 170|0x0000000721000000, 0x0000000721200000, 0x0000000721200000|100%| E|CS|TAMS 0x0000000721000000, 0x0000000721000000| Complete 
| 171|0x0000000721200000, 0x0000000721400000, 0x0000000721400000|100%| E|CS|TAMS 0x0000000721200000, 0x0000000721200000| Complete 
| 172|0x0000000721400000, 0x0000000721600000, 0x0000000721600000|100%| E|CS|TAMS 0x0000000721400000, 0x0000000721400000| Complete 
| 173|0x0000000721600000, 0x0000000721800000, 0x0000000721800000|100%| E|CS|TAMS 0x0000000721600000, 0x0000000721600000| Complete 
| 174|0x0000000721800000, 0x0000000721a00000, 0x0000000721a00000|100%| E|CS|TAMS 0x0000000721800000, 0x0000000721800000| Complete 
| 175|0x0000000721a00000, 0x0000000721c00000, 0x0000000721c00000|100%| E|CS|TAMS 0x0000000721a00000, 0x0000000721a00000| Complete 
| 176|0x0000000721c00000, 0x0000000721e00000, 0x0000000721e00000|100%| E|CS|TAMS 0x0000000721c00000, 0x0000000721c00000| Complete 
| 177|0x0000000721e00000, 0x0000000722000000, 0x0000000722000000|100%| E|CS|TAMS 0x0000000721e00000, 0x0000000721e00000| Complete 
| 178|0x0000000722000000, 0x0000000722200000, 0x0000000722200000|100%| E|CS|TAMS 0x0000000722000000, 0x0000000722000000| Complete 
| 179|0x0000000722200000, 0x0000000722400000, 0x0000000722400000|100%| E|CS|TAMS 0x0000000722200000, 0x0000000722200000| Complete 
| 180|0x0000000722400000, 0x0000000722600000, 0x0000000722600000|100%| E|CS|TAMS 0x0000000722400000, 0x0000000722400000| Complete 
| 181|0x0000000722600000, 0x0000000722800000, 0x0000000722800000|100%| E|CS|TAMS 0x0000000722600000, 0x0000000722600000| Complete 
| 182|0x0000000722800000, 0x0000000722a00000, 0x0000000722a00000|100%| E|CS|TAMS 0x0000000722800000, 0x0000000722800000| Complete 
| 183|0x0000000722a00000, 0x0000000722c00000, 0x0000000722c00000|100%| E|CS|TAMS 0x0000000722a00000, 0x0000000722a00000| Complete 
| 184|0x0000000722c00000, 0x0000000722e00000, 0x0000000722e00000|100%| E|CS|TAMS 0x0000000722c00000, 0x0000000722c00000| Complete 
| 185|0x0000000722e00000, 0x0000000723000000, 0x0000000723000000|100%| E|CS|TAMS 0x0000000722e00000, 0x0000000722e00000| Complete 
| 186|0x0000000723000000, 0x0000000723200000, 0x0000000723200000|100%| E|CS|TAMS 0x0000000723000000, 0x0000000723000000| Complete 
| 187|0x0000000723200000, 0x0000000723400000, 0x0000000723400000|100%| E|CS|TAMS 0x0000000723200000, 0x0000000723200000| Complete 
| 188|0x0000000723400000, 0x0000000723600000, 0x0000000723600000|100%| E|CS|TAMS 0x0000000723400000, 0x0000000723400000| Complete 
| 189|0x0000000723600000, 0x0000000723800000, 0x0000000723800000|100%| E|CS|TAMS 0x0000000723600000, 0x0000000723600000| Complete 
| 190|0x0000000723800000, 0x0000000723a00000, 0x0000000723a00000|100%| E|CS|TAMS 0x0000000723800000, 0x0000000723800000| Complete 
| 191|0x0000000723a00000, 0x0000000723c00000, 0x0000000723c00000|100%| E|CS|TAMS 0x0000000723a00000, 0x0000000723a00000| Complete 
| 192|0x0000000723c00000, 0x0000000723e00000, 0x0000000723e00000|100%| E|CS|TAMS 0x0000000723c00000, 0x0000000723c00000| Complete 
| 193|0x0000000723e00000, 0x0000000724000000, 0x0000000724000000|100%| E|CS|TAMS 0x0000000723e00000, 0x0000000723e00000| Complete 
| 194|0x0000000724000000, 0x0000000724200000, 0x0000000724200000|100%| E|CS|TAMS 0x0000000724000000, 0x0000000724000000| Complete 
| 195|0x0000000724200000, 0x0000000724400000, 0x0000000724400000|100%| E|CS|TAMS 0x0000000724200000, 0x0000000724200000| Complete 
| 196|0x0000000724400000, 0x0000000724600000, 0x0000000724600000|100%| E|CS|TAMS 0x0000000724400000, 0x0000000724400000| Complete 
| 197|0x0000000724600000, 0x0000000724800000, 0x0000000724800000|100%| E|CS|TAMS 0x0000000724600000, 0x0000000724600000| Complete 
| 198|0x0000000724800000, 0x0000000724a00000, 0x0000000724a00000|100%| E|CS|TAMS 0x0000000724800000, 0x0000000724800000| Complete 
| 199|0x0000000724a00000, 0x0000000724c00000, 0x0000000724c00000|100%| E|CS|TAMS 0x0000000724a00000, 0x0000000724a00000| Complete 
| 200|0x0000000724c00000, 0x0000000724e00000, 0x0000000724e00000|100%| E|CS|TAMS 0x0000000724c00000, 0x0000000724c00000| Complete 
| 201|0x0000000724e00000, 0x0000000725000000, 0x0000000725000000|100%| E|CS|TAMS 0x0000000724e00000, 0x0000000724e00000| Complete 
| 202|0x0000000725000000, 0x0000000725200000, 0x0000000725200000|100%| E|CS|TAMS 0x0000000725000000, 0x0000000725000000| Complete 
| 203|0x0000000725200000, 0x0000000725400000, 0x0000000725400000|100%| E|CS|TAMS 0x0000000725200000, 0x0000000725200000| Complete 
| 204|0x0000000725400000, 0x0000000725600000, 0x0000000725600000|100%| E|CS|TAMS 0x0000000725400000, 0x0000000725400000| Complete 
| 205|0x0000000725600000, 0x0000000725800000, 0x0000000725800000|100%| E|CS|TAMS 0x0000000725600000, 0x0000000725600000| Complete 
| 206|0x0000000725800000, 0x0000000725a00000, 0x0000000725a00000|100%| E|CS|TAMS 0x0000000725800000, 0x0000000725800000| Complete 
| 207|0x0000000725a00000, 0x0000000725c00000, 0x0000000725c00000|100%| E|CS|TAMS 0x0000000725a00000, 0x0000000725a00000| Complete 
| 208|0x0000000725c00000, 0x0000000725e00000, 0x0000000725e00000|100%| E|CS|TAMS 0x0000000725c00000, 0x0000000725c00000| Complete 
| 209|0x0000000725e00000, 0x0000000726000000, 0x0000000726000000|100%| E|CS|TAMS 0x0000000725e00000, 0x0000000725e00000| Complete 
| 210|0x0000000726000000, 0x0000000726200000, 0x0000000726200000|100%| E|CS|TAMS 0x0000000726000000, 0x0000000726000000| Complete 
| 211|0x0000000726200000, 0x0000000726400000, 0x0000000726400000|100%| E|CS|TAMS 0x0000000726200000, 0x0000000726200000| Complete 
| 212|0x0000000726400000, 0x0000000726600000, 0x0000000726600000|100%| E|CS|TAMS 0x0000000726400000, 0x0000000726400000| Complete 
| 213|0x0000000726600000, 0x0000000726800000, 0x0000000726800000|100%| E|CS|TAMS 0x0000000726600000, 0x0000000726600000| Complete 
| 214|0x0000000726800000, 0x0000000726a00000, 0x0000000726a00000|100%| E|CS|TAMS 0x0000000726800000, 0x0000000726800000| Complete 
| 215|0x0000000726a00000, 0x0000000726c00000, 0x0000000726c00000|100%| E|CS|TAMS 0x0000000726a00000, 0x0000000726a00000| Complete 
| 216|0x0000000726c00000, 0x0000000726e00000, 0x0000000726e00000|100%| E|CS|TAMS 0x0000000726c00000, 0x0000000726c00000| Complete 

Card table byte_map: [0x000002006bec0000,0x000002006c670000] _byte_map_base: 0x0000020068662000

Marking Bits (Prev, Next): (CMBitMap*) 0x00000200545c3320, (CMBitMap*) 0x00000200545c3360
 Prev Bits: [0x000002006ce20000, 0x0000020070b30000)
 Next Bits: [0x0000020070b30000, 0x0000020074840000)

Polling page: 0x00000200524c0000

Metaspace:

Usage:
  Non-class:     14.52 MB used.
      Class:      1.56 MB used.
       Both:     16.09 MB used.

Virtual space:
  Non-class space:       64.00 MB reserved,      14.69 MB ( 23%) committed,  1 nodes.
      Class space:        1.00 GB reserved,       1.62 MB ( <1%) committed,  1 nodes.
             Both:        1.06 GB reserved,      16.31 MB (  1%) committed. 

Chunk freelists:
   Non-Class:  1.29 MB
       Class:  2.38 MB
        Both:  3.67 MB

MaxMetaspaceSize: unlimited
CompressedClassSpaceSize: 1.00 GB
Initial GC threshold: 21.00 MB
Current GC threshold: 21.00 MB
CDS: on
MetaspaceReclaimPolicy: balanced
 - commit_granule_bytes: 65536.
 - commit_granule_words: 8192.
 - virtual_space_node_default_size: 8388608.
 - enlarge_chunks_in_place: 1.
 - new_chunks_are_fully_committed: 0.
 - uncommit_free_chunks: 1.
 - use_allocation_guard: 0.


Internal statistics:

num_allocs_failed_limit: 0.
num_arena_births: 210.
num_arena_deaths: 0.
num_vsnodes_births: 2.
num_vsnodes_deaths: 0.
num_space_committed: 259.
num_space_uncommitted: 0.
num_chunks_returned_to_freelist: 0.
num_chunks_taken_from_freelist: 444.
num_chunk_merges: 0.
num_chunk_splits: 265.
num_chunks_enlarged: 153.
num_inconsistent_stats: 0.

CodeHeap 'non-profiled nmethods': size=119168Kb used=946Kb max_used=946Kb free=118221Kb
 bounds [0x0000020063a20000, 0x0000020063c90000, 0x000002006ae80000]
CodeHeap 'profiled nmethods': size=119104Kb used=5621Kb max_used=5621Kb free=113482Kb
 bounds [0x000002005c5d0000, 0x000002005cb50000, 0x0000020063a20000]
CodeHeap 'non-nmethods': size=7488Kb used=2471Kb max_used=2511Kb free=5016Kb
 bounds [0x000002005be80000, 0x000002005c100000, 0x000002005c5d0000]
 total_blobs=4231 nmethods=2817 adapters=1325
 compilation: enabled
              stopped_count=0, restarted_count=0
 full_count=0

Compilation events (20 events):
Event: 9.451 Thread 0x000002007bcbd390 2803       3       java.util.Collections$SetFromMap::add (22 bytes)
Event: 9.451 Thread 0x000002007bcbd390 nmethod 2803 0x000002005cb34590 code [0x000002005cb34740, 0x000002005cb34988]
Event: 9.460 Thread 0x00000200777c2c20 nmethod 2802 0x000002005cb34a90 code [0x000002005cb35f80, 0x000002005cb43598]
Event: 9.471 Thread 0x00000200777c2c20 2804   !   3       jdk.internal.loader.URLClassPath$FileLoader::getResource (150 bytes)
Event: 9.471 Thread 0x000002007bcbd390 2805       3       java.io.File::<init> (111 bytes)
Event: 9.472 Thread 0x000002007bcbd390 nmethod 2805 0x000002005cb48390 code [0x000002005cb48640, 0x000002005cb490a8]
Event: 9.472 Thread 0x00000200777c2c20 nmethod 2804 0x000002005cb49490 code [0x000002005cb49780, 0x000002005cb4a7b8]
Event: 9.477 Thread 0x000002007bcbd390 2810       3       com.redteam.engine.core.Window::isKeyPressed (16 bytes)
Event: 9.477 Thread 0x00000200777c2c20 2811       3       org.lwjgl.glfw.GLFW::glfwGetKey (22 bytes)
Event: 9.477 Thread 0x000002007bcbd390 nmethod 2810 0x000002005cb4af10 code [0x000002005cb4b0c0, 0x000002005cb4b268]
Event: 9.477 Thread 0x00000200777c2c20 nmethod 2811 0x000002005cb4b310 code [0x000002005cb4b4c0, 0x000002005cb4b778]
Event: 9.479 Thread 0x00000200777c2c20 2813       3       jdk.internal.math.FDBigInteger::mult (64 bytes)
Event: 9.479 Thread 0x000002007bcbd390 2814       3       jdk.internal.math.FDBigInteger::<init> (30 bytes)
Event: 9.479 Thread 0x00000200777c2c20 nmethod 2813 0x000002005cb4b910 code [0x000002005cb4bac0, 0x000002005cb4bd38]
Event: 9.479 Thread 0x000002007bcbd390 nmethod 2814 0x000002005cb4bf10 code [0x000002005cb4c0c0, 0x000002005cb4c2c8]
Event: 9.479 Thread 0x00000200777c2c20 2815       3       jdk.internal.math.FDBigInteger::trimLeadingZeros (57 bytes)
Event: 9.479 Thread 0x000002007bcbd390 2816       3       jdk.internal.math.FDBigInteger::makeImmutable (6 bytes)
Event: 9.480 Thread 0x000002007bcbd390 nmethod 2816 0x000002005cb4c410 code [0x000002005cb4c5a0, 0x000002005cb4c6b8]
Event: 9.480 Thread 0x000002007bcbd390 2817       3       jdk.internal.math.FDBigInteger::mult (44 bytes)
Event: 9.480 Thread 0x00000200777c2c20 nmethod 2815 0x000002005cb4c790 code [0x000002005cb4c940, 0x000002005cb4cc18]

GC Heap History (18 events):
Event: 7.995 GC heap before
{Heap before GC invocations=0 (full 0):
 garbage-first heap   total 251904K, used 22528K [0x000000070bc00000, 0x0000000800000000)
  region size 2048K, 11 young (22528K), 0 survivors (0K)
 Metaspace       used 14060K, committed 14272K, reserved 1114112K
  class space    used 1501K, committed 1600K, reserved 1048576K
}
Event: 8.001 GC heap after
{Heap after GC invocations=1 (full 0):
 garbage-first heap   total 251904K, used 4096K [0x000000070bc00000, 0x0000000800000000)
  region size 2048K, 2 young (4096K), 2 survivors (4096K)
 Metaspace       used 14060K, committed 14272K, reserved 1114112K
  class space    used 1501K, committed 1600K, reserved 1048576K
}
Event: 8.252 GC heap before
{Heap before GC invocations=1 (full 0):
 garbage-first heap   total 251904K, used 34816K [0x000000070bc00000, 0x0000000800000000)
  region size 2048K, 17 young (34816K), 2 survivors (4096K)
 Metaspace       used 16045K, committed 16256K, reserved 1114112K
  class space    used 1567K, committed 1664K, reserved 1048576K
}
Event: 8.269 GC heap after
{Heap after GC invocations=2 (full 0):
 garbage-first heap   total 251904K, used 29240K [0x000000070bc00000, 0x0000000800000000)
  region size 2048K, 3 young (6144K), 3 survivors (6144K)
 Metaspace       used 16045K, committed 16256K, reserved 1114112K
  class space    used 1567K, committed 1664K, reserved 1048576K
}
Event: 8.397 GC heap before
{Heap before GC invocations=2 (full 0):
 garbage-first heap   total 251904K, used 96824K [0x000000070bc00000, 0x0000000800000000)
  region size 2048K, 32 young (65536K), 3 survivors (6144K)
 Metaspace       used 16085K, committed 16256K, reserved 1114112K
  class space    used 1567K, committed 1664K, reserved 1048576K
}
Event: 8.416 GC heap after
{Heap after GC invocations=3 (full 0):
 garbage-first heap   total 251904K, used 73131K [0x000000070bc00000, 0x0000000800000000)
  region size 2048K, 4 young (8192K), 4 survivors (8192K)
 Metaspace       used 16085K, committed 16256K, reserved 1114112K
  class space    used 1567K, committed 1664K, reserved 1048576K
}
Event: 8.482 GC heap before
{Heap before GC invocations=3 (full 0):
 garbage-first heap   total 251904K, used 112043K [0x000000070bc00000, 0x0000000800000000)
  region size 2048K, 23 young (47104K), 4 survivors (8192K)
 Metaspace       used 16085K, committed 16256K, reserved 1114112K
  class space    used 1567K, committed 1664K, reserved 1048576K
}
Event: 8.486 GC heap after
{Heap after GC invocations=4 (full 0):
 garbage-first heap   total 251904K, used 77555K [0x000000070bc00000, 0x0000000800000000)
  region size 2048K, 1 young (2048K), 1 survivors (2048K)
 Metaspace       used 16085K, committed 16256K, reserved 1114112K
  class space    used 1567K, committed 1664K, reserved 1048576K
}
Event: 8.542 GC heap before
{Heap before GC invocations=4 (full 0):
 garbage-first heap   total 251904K, used 130803K [0x000000070bc00000, 0x0000000800000000)
  region size 2048K, 28 young (57344K), 1 survivors (2048K)
 Metaspace       used 16090K, committed 16256K, reserved 1114112K
  class space    used 1567K, committed 1664K, reserved 1048576K
}
Event: 8.543 GC heap after
{Heap after GC invocations=5 (full 0):
 garbage-first heap   total 251904K, used 78144K [0x000000070bc00000, 0x0000000800000000)
  region size 2048K, 2 young (4096K), 2 survivors (4096K)
 Metaspace       used 16090K, committed 16256K, reserved 1114112K
  class space    used 1567K, committed 1664K, reserved 1048576K
}
Event: 8.619 GC heap before
{Heap before GC invocations=5 (full 0):
 garbage-first heap   total 251904K, used 139584K [0x000000070bc00000, 0x0000000800000000)
  region size 2048K, 33 young (67584K), 2 survivors (4096K)
 Metaspace       used 16094K, committed 16256K, reserved 1114112K
  class space    used 1568K, committed 1664K, reserved 1048576K
}
Event: 8.622 GC heap after
{Heap after GC invocations=6 (full 0):
 garbage-first heap   total 444416K, used 79570K [0x000000070bc00000, 0x0000000800000000)
  region size 2048K, 2 young (4096K), 2 survivors (4096K)
 Metaspace       used 16094K, committed 16256K, reserved 1114112K
  class space    used 1568K, committed 1664K, reserved 1048576K
}
Event: 8.827 GC heap before
{Heap before GC invocations=6 (full 0):
 garbage-first heap   total 444416K, used 327378K [0x000000070bc00000, 0x0000000800000000)
  region size 2048K, 123 young (251904K), 2 survivors (4096K)
 Metaspace       used 16094K, committed 16256K, reserved 1114112K
  class space    used 1568K, committed 1664K, reserved 1048576K
}
Event: 8.831 GC heap after
{Heap after GC invocations=7 (full 0):
 garbage-first heap   total 444416K, used 85564K [0x000000070bc00000, 0x0000000800000000)
  region size 2048K, 5 young (10240K), 5 survivors (10240K)
 Metaspace       used 16094K, committed 16256K, reserved 1114112K
  class space    used 1568K, committed 1664K, reserved 1048576K
}
Event: 8.989 GC heap before
{Heap before GC invocations=7 (full 0):
 garbage-first heap   total 444416K, used 335420K [0x000000070bc00000, 0x0000000800000000)
  region size 2048K, 127 young (260096K), 5 survivors (10240K)
 Metaspace       used 16126K, committed 16384K, reserved 1114112K
  class space    used 1569K, committed 1664K, reserved 1048576K
}
Event: 8.997 GC heap after
{Heap after GC invocations=8 (full 0):
 garbage-first heap   total 444416K, used 94129K [0x000000070bc00000, 0x0000000800000000)
  region size 2048K, 9 young (18432K), 9 survivors (18432K)
 Metaspace       used 16126K, committed 16384K, reserved 1114112K
  class space    used 1569K, committed 1664K, reserved 1048576K
}
Event: 9.177 GC heap before
{Heap before GC invocations=8 (full 0):
 garbage-first heap   total 444416K, used 348081K [0x000000070bc00000, 0x0000000800000000)
  region size 2048K, 130 young (266240K), 9 survivors (18432K)
 Metaspace       used 16130K, committed 16384K, reserved 1114112K
  class space    used 1571K, committed 1664K, reserved 1048576K
}
Event: 9.193 GC heap after
{Heap after GC invocations=9 (full 0):
 garbage-first heap   total 444416K, used 108774K [0x000000070bc00000, 0x0000000800000000)
  region size 2048K, 14 young (28672K), 14 survivors (28672K)
 Metaspace       used 16130K, committed 16384K, reserved 1114112K
  class space    used 1571K, committed 1664K, reserved 1048576K
}

Deoptimization events (20 events):
Event: 8.917 Thread 0x0000020054550d70 Uncommon trap: trap_request=0xffffff45 fr.pc=0x0000020063af1d98 relative=0x0000000000001e58
Event: 8.917 Thread 0x0000020054550d70 Uncommon trap: reason=unstable_if action=reinterpret pc=0x0000020063af1d98 method=java.lang.String.split(Ljava/lang/String;I)[Ljava/lang/String; @ 7 c2
Event: 8.917 Thread 0x0000020054550d70 DEOPT PACKING pc=0x0000020063af1d98 sp=0x0000000101cfede0
Event: 8.917 Thread 0x0000020054550d70 DEOPT UNPACKING pc=0x000002005bed23a3 sp=0x0000000101cfeda8 mode 2
Event: 9.302 Thread 0x0000020054550d70 Uncommon trap: trap_request=0xffffff9d fr.pc=0x0000020063af99d4 relative=0x0000000000001214
Event: 9.302 Thread 0x0000020054550d70 Uncommon trap: reason=unreached action=reinterpret pc=0x0000020063af99d4 method=com.redteam.engine.core.ObjectLoader.loadOBJModel(Ljava/lang/String;)Lcom/redteam/engine/core/entity/Model; @ 434 c2
Event: 9.302 Thread 0x0000020054550d70 DEOPT PACKING pc=0x0000020063af99d4 sp=0x0000000101cfef70
Event: 9.302 Thread 0x0000020054550d70 DEOPT UNPACKING pc=0x000002005bed23a3 sp=0x0000000101cfef50 mode 2
Event: 9.338 Thread 0x0000020054550d70 DEOPT PACKING pc=0x000002005cb2a005 sp=0x0000000101cfee70
Event: 9.338 Thread 0x0000020054550d70 DEOPT UNPACKING pc=0x000002005bed2b43 sp=0x0000000101cfe440 mode 0
Event: 9.362 Thread 0x0000020054550d70 Uncommon trap: trap_request=0xffffffad fr.pc=0x0000020063b06a7c relative=0x000000000000029c
Event: 9.362 Thread 0x0000020054550d70 Uncommon trap: reason=uninitialized action=reinterpret pc=0x0000020063b06a7c method=com.redteam.engine.core.ObjectLoader.loadOBJModel(Ljava/lang/String;)Lcom/redteam/engine/core/entity/Model; @ 530 c2
Event: 9.362 Thread 0x0000020054550d70 DEOPT PACKING pc=0x0000020063b06a7c sp=0x0000000101cfefa0
Event: 9.362 Thread 0x0000020054550d70 DEOPT UNPACKING pc=0x000002005bed23a3 sp=0x0000000101cfef50 mode 2
Event: 9.395 Thread 0x0000020054550d70 Uncommon trap: trap_request=0xffffff45 fr.pc=0x0000020063ac2e0c relative=0x000000000000014c
Event: 9.395 Thread 0x0000020054550d70 Uncommon trap: reason=unstable_if action=reinterpret pc=0x0000020063ac2e0c method=java.nio.charset.CharsetDecoder.decode(Ljava/nio/ByteBuffer;Ljava/nio/CharBuffer;Z)Ljava/nio/charset/CoderResult; @ 15 c2
Event: 9.395 Thread 0x0000020054550d70 DEOPT PACKING pc=0x0000020063ac2e0c sp=0x0000000101cfea70
Event: 9.395 Thread 0x0000020054550d70 DEOPT UNPACKING pc=0x000002005bed23a3 sp=0x0000000101cfea08 mode 2
Event: 9.413 Thread 0x0000020054550d70 DEOPT PACKING pc=0x000002005cb309b8 sp=0x0000000101cfec10
Event: 9.413 Thread 0x0000020054550d70 DEOPT UNPACKING pc=0x000002005bed2b43 sp=0x0000000101cfe0c0 mode 0

Classes loaded (20 events):
Event: 9.364 Loading class java/util/stream/Nodes$EmptyNode$OfLong
Event: 9.364 Loading class java/util/stream/Node$OfLong
Event: 9.364 Loading class java/util/stream/Node$OfLong done
Event: 9.364 Loading class java/util/stream/Nodes$EmptyNode$OfLong done
Event: 9.364 Loading class java/util/stream/Nodes$EmptyNode$OfDouble
Event: 9.364 Loading class java/util/stream/Node$OfDouble
Event: 9.364 Loading class java/util/stream/Node$OfDouble done
Event: 9.364 Loading class java/util/stream/Nodes$EmptyNode$OfDouble done
Event: 9.365 Loading class java/util/stream/Nodes$IntFixedNodeBuilder
Event: 9.365 Loading class java/util/stream/Node$Builder$OfInt
Event: 9.365 Loading class java/util/stream/Node$Builder
Event: 9.365 Loading class java/util/stream/Node$Builder done
Event: 9.365 Loading class java/util/stream/Node$Builder$OfInt done
Event: 9.365 Loading class java/util/stream/Nodes$IntArrayNode
Event: 9.365 Loading class java/util/stream/Nodes$IntArrayNode done
Event: 9.365 Loading class java/util/stream/Nodes$IntFixedNodeBuilder done
Event: 9.366 Loading class java/util/stream/ReferencePipeline$4$1
Event: 9.366 Loading class java/util/stream/ReferencePipeline$4$1 done
Event: 9.479 Loading class jdk/internal/math/FDBigInteger
Event: 9.479 Loading class jdk/internal/math/FDBigInteger done

Classes unloaded (0 events):
No events

Classes redefined (0 events):
No events

Internal exceptions (20 events):
Event: 7.572 Thread 0x0000020054550d70 Exception <a 'java/lang/NoSuchMethodError'{0x0000000719c0bfd8}: 'java.lang.Object java.lang.invoke.Invokers$Holder.linkToTargetMethod(java.lang.Object, long, java.lang.Object)'> (0x0000000719c0bfd8) 
thrown [s\open\src\hotspot\share\interpreter\linkResolver.cpp, line 759]
Event: 7.573 Thread 0x0000020054550d70 Exception <a 'java/lang/NoSuchMethodError'{0x0000000719c13488}: 'int java.lang.invoke.DirectMethodHandle$Holder.invokeStaticInit(java.lang.Object, java.lang.Object, java.lang.Object, long)'> (0x0000000719c13488) 
thrown [s\open\src\hotspot\share\interpreter\linkResolver.cpp, line 759]
Event: 7.596 Thread 0x0000020054550d70 Exception <a 'java/lang/NoSuchMethodError'{0x0000000719c92b10}: 'void java.lang.System.load(java.lang.String, java.lang.Class)'> (0x0000000719c92b10) 
thrown [s\open\src\hotspot\share\interpreter\linkResolver.cpp, line 759]
Event: 7.597 Thread 0x0000020054550d70 Exception <a 'java/lang/NoSuchMethodError'{0x0000000719c959a8}: 'void java.lang.System.loadLibrary(java.lang.String, java.lang.Class)'> (0x0000000719c959a8) 
thrown [s\open\src\hotspot\share\interpreter\linkResolver.cpp, line 759]
Event: 7.606 Thread 0x0000020054550d70 Exception <a 'sun/nio/fs/WindowsException'{0x0000000719ca5aa0}> (0x0000000719ca5aa0) 
thrown [s\open\src\hotspot\share\prims\jni.cpp, line 516]
Event: 7.606 Thread 0x0000020054550d70 Exception <a 'sun/nio/fs/WindowsException'{0x0000000719ca5e30}> (0x0000000719ca5e30) 
thrown [s\open\src\hotspot\share\prims\jni.cpp, line 516]
Event: 7.949 Thread 0x0000020054550d70 Exception <a 'sun/nio/fs/WindowsException'{0x0000000719db7a58}> (0x0000000719db7a58) 
thrown [s\open\src\hotspot\share\prims\jni.cpp, line 516]
Event: 7.949 Thread 0x0000020054550d70 Exception <a 'sun/nio/fs/WindowsException'{0x0000000719db7de8}> (0x0000000719db7de8) 
thrown [s\open\src\hotspot\share\prims\jni.cpp, line 516]
Event: 7.990 Thread 0x0000020054550d70 Exception <a 'java/lang/NoSuchMethodError'{0x0000000719de4378}: 'java.lang.Object java.lang.invoke.DirectMethodHandle$Holder.newInvokeSpecial(java.lang.Object, long)'> (0x0000000719de4378) 
thrown [s\open\src\hotspot\share\interpreter\linkResolver.cpp, line 759]
Event: 8.005 Thread 0x0000020054550d70 Exception <a 'java/lang/NoSuchMethodError'{0x000000071b01b828}: 'void java.lang.System.load(java.lang.String, java.lang.Class)'> (0x000000071b01b828) 
thrown [s\open\src\hotspot\share\interpreter\linkResolver.cpp, line 759]
Event: 8.006 Thread 0x0000020054550d70 Exception <a 'java/lang/NoSuchMethodError'{0x000000071b01e740}: 'void java.lang.System.loadLibrary(java.lang.String, java.lang.Class)'> (0x000000071b01e740) 
thrown [s\open\src\hotspot\share\interpreter\linkResolver.cpp, line 759]
Event: 8.012 Thread 0x0000020054550d70 Exception <a 'sun/nio/fs/WindowsException'{0x000000071b02e8a0}> (0x000000071b02e8a0) 
thrown [s\open\src\hotspot\share\prims\jni.cpp, line 516]
Event: 8.013 Thread 0x0000020054550d70 Exception <a 'sun/nio/fs/WindowsException'{0x000000071b02ec60}> (0x000000071b02ec60) 
thrown [s\open\src\hotspot\share\prims\jni.cpp, line 516]
Event: 8.018 Thread 0x0000020054550d70 Exception <a 'sun/nio/fs/WindowsException'{0x000000071b0344d8}> (0x000000071b0344d8) 
thrown [s\open\src\hotspot\share\prims\jni.cpp, line 516]
Event: 8.018 Thread 0x0000020054550d70 Exception <a 'sun/nio/fs/WindowsException'{0x000000071b0347d0}> (0x000000071b0347d0) 
thrown [s\open\src\hotspot\share\prims\jni.cpp, line 516]
Event: 8.075 Thread 0x0000020054550d70 Exception <a 'sun/nio/fs/WindowsException'{0x000000071aec7820}> (0x000000071aec7820) 
thrown [s\open\src\hotspot\share\prims\jni.cpp, line 516]
Event: 8.190 Thread 0x0000020054550d70 Exception <a 'java/lang/NoSuchMethodError'{0x000000071acfb0d8}: 'void java.lang.invoke.DirectMethodHandle$Holder.invokeStatic(java.lang.Object, long)'> (0x000000071acfb0d8) 
thrown [s\open\src\hotspot\share\interpreter\linkResolver.cpp, line 759]
Event: 9.472 Thread 0x0000020054550d70 Exception <a 'java/lang/NoSuchMethodError'{0x000000071c9e1858}: 'void java.lang.invoke.DirectMethodHandle$Holder.invokeSpecial(java.lang.Object, java.lang.Object, long, double, double)'> (0x000000071c9e1858) 
thrown [s\open\src\hotspot\share\interpreter\linkResolver.cpp, line 759]
Event: 9.474 Thread 0x0000020054550d70 Exception <a 'java/lang/NoSuchMethodError'{0x000000071c9eb350}: 'void java.lang.invoke.DirectMethodHandle$Holder.invokeSpecial(java.lang.Object, java.lang.Object, long, int)'> (0x000000071c9eb350) 
thrown [s\open\src\hotspot\share\interpreter\linkResolver.cpp, line 759]
Event: 9.475 Thread 0x0000020054550d70 Exception <a 'java/lang/NoSuchMethodError'{0x000000071c9f0e98}: 'void java.lang.invoke.DirectMethodHandle$Holder.invokeSpecial(java.lang.Object, java.lang.Object, long, int, int, int)'> (0x000000071c9f0e98) 
thrown [s\open\src\hotspot\share\interpreter\linkResolver.cpp, line 759]

VM Operations (20 events):
Event: 7.535 Executing VM operation: HandshakeAllThreads
Event: 7.535 Executing VM operation: HandshakeAllThreads done
Event: 7.995 Executing VM operation: G1CollectForAllocation
Event: 8.001 Executing VM operation: G1CollectForAllocation done
Event: 8.252 Executing VM operation: G1CollectForAllocation
Event: 8.269 Executing VM operation: G1CollectForAllocation done
Event: 8.397 Executing VM operation: G1CollectForAllocation
Event: 8.417 Executing VM operation: G1CollectForAllocation done
Event: 8.482 Executing VM operation: G1CollectForAllocation
Event: 8.486 Executing VM operation: G1CollectForAllocation done
Event: 8.542 Executing VM operation: G1CollectForAllocation
Event: 8.543 Executing VM operation: G1CollectForAllocation done
Event: 8.619 Executing VM operation: G1CollectForAllocation
Event: 8.622 Executing VM operation: G1CollectForAllocation done
Event: 8.827 Executing VM operation: G1CollectForAllocation
Event: 8.831 Executing VM operation: G1CollectForAllocation done
Event: 8.989 Executing VM operation: G1CollectForAllocation
Event: 8.997 Executing VM operation: G1CollectForAllocation done
Event: 9.176 Executing VM operation: G1CollectForAllocation
Event: 9.193 Executing VM operation: G1CollectForAllocation done

Events (20 events):
Event: 7.608 Loaded shared library C:\Users\Phoenyx\AppData\Local\Temp\lwjglPhoenyx\3.3.1-build-7\lwjgl_stb.dll
Event: 7.859 Thread 0x000002007c328190 Thread exited: 0x000002007c328190
Event: 8.016 Loaded shared library C:\Users\Phoenyx\AppData\Local\Temp\lwjglPhoenyx\3.3.1-build-7\lwjgl_opengl.dll
Event: 8.122 Loaded shared library C:\Users\Phoenyx\AppData\Local\Temp\imgui-java-natives_1667697920507\imgui-java64.dll
Event: 8.200 Thread 0x00000200131db9a0 Thread added: 0x00000200131db9a0
Event: 8.344 Thread 0x00000200131e9fc0 Thread added: 0x00000200131e9fc0
Event: 8.344 Thread 0x0000020013203630 Thread added: 0x0000020013203630
Event: 8.344 Thread 0x00000200131df3f0 Thread added: 0x00000200131df3f0
Event: 8.362 Thread 0x00000200131cc020 Thread added: 0x00000200131cc020
Event: 8.362 Thread 0x00000200131ccd30 Thread added: 0x00000200131ccd30
Event: 8.366 Thread 0x000002001387b510 Thread added: 0x000002001387b510
Event: 8.666 Thread 0x000002001387b510 Thread exited: 0x000002001387b510
Event: 8.919 Thread 0x00000200131ccd30 Thread exited: 0x00000200131ccd30
Event: 8.919 Thread 0x00000200131cc020 Thread exited: 0x00000200131cc020
Event: 8.919 Thread 0x00000200131df3f0 Thread exited: 0x00000200131df3f0
Event: 8.920 Thread 0x0000020013203630 Thread exited: 0x0000020013203630
Event: 8.920 Thread 0x00000200131e9fc0 Thread exited: 0x00000200131e9fc0
Event: 9.039 Thread 0x000002007bf91b50 Thread exited: 0x000002007bf91b50
Event: 9.039 Thread 0x000002007c0f3a90 Thread exited: 0x000002007c0f3a90
Event: 9.302 Thread 0x00000200131db9a0 Thread exited: 0x00000200131db9a0


Dynamic libraries:
0x00007ff6cf600000 - 0x00007ff6cf610000 	C:\Program Files\Java\jdk-18.0.2.1\bin\javaw.exe
0x00007ffa95690000 - 0x00007ffa958a4000 	C:\WINDOWS\SYSTEM32\ntdll.dll
0x00007ffa94820000 - 0x00007ffa948e2000 	C:\WINDOWS\System32\KERNEL32.DLL
0x00007ffa92f10000 - 0x00007ffa932ac000 	C:\WINDOWS\System32\KERNELBASE.dll
0x00007ffa92df0000 - 0x00007ffa92f01000 	C:\WINDOWS\System32\ucrtbase.dll
0x00007ffa68390000 - 0x00007ffa683a8000 	C:\Program Files\Java\jdk-18.0.2.1\bin\jli.dll
0x00007ffa68980000 - 0x00007ffa6899a000 	C:\Program Files\Java\jdk-18.0.2.1\bin\VCRUNTIME140.dll
0x00007ffa94ee0000 - 0x00007ffa94f8e000 	C:\WINDOWS\System32\ADVAPI32.dll
0x00007ffa93740000 - 0x00007ffa937e7000 	C:\WINDOWS\System32\msvcrt.dll
0x00007ffa953f0000 - 0x00007ffa95494000 	C:\WINDOWS\System32\sechost.dll
0x00007ffa945f0000 - 0x00007ffa94705000 	C:\WINDOWS\System32\RPCRT4.dll
0x00007ffa954a0000 - 0x00007ffa9564a000 	C:\WINDOWS\System32\USER32.dll
0x00007ffa8a930000 - 0x00007ffa8abbe000 	C:\WINDOWS\WinSxS\amd64_microsoft.windows.common-controls_6595b64144ccf1df_6.0.22621.608_none_a9444ca7c10bb01d\COMCTL32.dll
0x00007ffa92d40000 - 0x00007ffa92d66000 	C:\WINDOWS\System32\win32u.dll
0x00007ffa948f0000 - 0x00007ffa94919000 	C:\WINDOWS\System32\GDI32.dll
0x00007ffa932b0000 - 0x00007ffa933c2000 	C:\WINDOWS\System32\gdi32full.dll
0x00007ffa8ac10000 - 0x00007ffa8ac1a000 	C:\WINDOWS\SYSTEM32\VERSION.dll
0x00007ffa92c30000 - 0x00007ffa92cca000 	C:\WINDOWS\System32\msvcp_win.dll
0x00007ffa94ea0000 - 0x00007ffa94ed1000 	C:\WINDOWS\System32\IMM32.DLL
0x00007ffa7b880000 - 0x00007ffa7b88c000 	C:\Program Files\Java\jdk-18.0.2.1\bin\vcruntime140_1.dll
0x00007ffa570f0000 - 0x00007ffa5717d000 	C:\Program Files\Java\jdk-18.0.2.1\bin\msvcp140.dll
0x00007ff9c8db0000 - 0x00007ff9c99c1000 	C:\Program Files\Java\jdk-18.0.2.1\bin\server\jvm.dll
0x00007ffa94810000 - 0x00007ffa94818000 	C:\WINDOWS\System32\PSAPI.DLL
0x00007ffa890c0000 - 0x00007ffa890f4000 	C:\WINDOWS\SYSTEM32\WINMM.dll
0x00007ffa76150000 - 0x00007ffa76159000 	C:\WINDOWS\SYSTEM32\WSOCK32.dll
0x00007ffa93a20000 - 0x00007ffa93a91000 	C:\WINDOWS\System32\WS2_32.dll
0x00007ffa91bf0000 - 0x00007ffa91c08000 	C:\WINDOWS\SYSTEM32\kernel.appcore.dll
0x00007ffa8cee0000 - 0x00007ffa8ceea000 	C:\Program Files\Java\jdk-18.0.2.1\bin\jimage.dll
0x00007ffa90010000 - 0x00007ffa9023e000 	C:\WINDOWS\SYSTEM32\DBGHELP.DLL
0x00007ffa94f90000 - 0x00007ffa95319000 	C:\WINDOWS\System32\combase.dll
0x00007ffa93bf0000 - 0x00007ffa93cc7000 	C:\WINDOWS\System32\OLEAUT32.dll
0x00007ffa892c0000 - 0x00007ffa892f2000 	C:\WINDOWS\SYSTEM32\dbgcore.DLL
0x00007ffa92d70000 - 0x00007ffa92deb000 	C:\WINDOWS\System32\bcryptPrimitives.dll
0x00007ffa80b30000 - 0x00007ffa80b55000 	C:\Program Files\Java\jdk-18.0.2.1\bin\java.dll
0x00007ffa67f80000 - 0x00007ffa68056000 	C:\Program Files\Java\jdk-18.0.2.1\bin\jsvml.dll
0x00007ffa93cd0000 - 0x00007ffa944ad000 	C:\WINDOWS\System32\SHELL32.dll
0x00007ffa90ae0000 - 0x00007ffa91397000 	C:\WINDOWS\SYSTEM32\windows.storage.dll
0x00007ffa909a0000 - 0x00007ffa90add000 	C:\WINDOWS\SYSTEM32\wintypes.dll
0x00007ffa94710000 - 0x00007ffa94801000 	C:\WINDOWS\System32\SHCORE.dll
0x00007ffa93520000 - 0x00007ffa9357e000 	C:\WINDOWS\System32\shlwapi.dll
0x00007ffa929f0000 - 0x00007ffa92a11000 	C:\WINDOWS\SYSTEM32\profapi.dll
0x00007ffa80770000 - 0x00007ffa80783000 	C:\Program Files\Java\jdk-18.0.2.1\bin\net.dll
0x00007ffa8cdb0000 - 0x00007ffa8cedf000 	C:\WINDOWS\SYSTEM32\WINHTTP.dll
0x00007ffa92040000 - 0x00007ffa920a9000 	C:\WINDOWS\system32\mswsock.dll
0x00007ffa7bd50000 - 0x00007ffa7bd66000 	C:\Program Files\Java\jdk-18.0.2.1\bin\nio.dll
0x00007ffa7bcb0000 - 0x00007ffa7bcc8000 	C:\Program Files\Java\jdk-18.0.2.1\bin\zip.dll
0x00007ffa866c0000 - 0x00007ffa866d0000 	C:\Program Files\Java\jdk-18.0.2.1\bin\verify.dll
0x00007ffa67d60000 - 0x00007ffa67eef000 	C:\Program Files\Java\jdk-18.0.2.1\bin\awt.dll
0x00007ffa8fbb0000 - 0x00007ffa8fc47000 	C:\WINDOWS\SYSTEM32\apphelp.dll
0x00007ffa8fce0000 - 0x00007ffa8fd8b000 	C:\WINDOWS\system32\uxtheme.dll
0x00007ffa944b0000 - 0x00007ffa945ce000 	C:\WINDOWS\System32\MSCTF.dll
0x00007ffa93870000 - 0x00007ffa93a0c000 	C:\WINDOWS\System32\ole32.dll
0x00007ffa8ff20000 - 0x00007ffa8ff4b000 	C:\WINDOWS\system32\DWMAPI.DLL
0x00007ffa57060000 - 0x00007ffa570e6000 	C:\Program Files\Java\jdk-18.0.2.1\bin\freetype.dll
0x00007ffa4c1c0000 - 0x00007ffa4c268000 	C:\Program Files\Java\jdk-18.0.2.1\bin\fontmanager.dll
0x00007ffa81a80000 - 0x00007ffa81b33000 	C:\WINDOWS\WinSxS\amd64_microsoft.windows.common-controls_6595b64144ccf1df_5.82.22621.608_none_fb280a3c7926c2cc\comctl32.dll
0x00007ffa927b0000 - 0x00007ffa927ff000 	C:\WINDOWS\SYSTEM32\CFGMGR32.dll
0x00007ffa94960000 - 0x00007ffa94a17000 	C:\WINDOWS\System32\clbcatq.dll
0x00007ffa8da80000 - 0x00007ffa8db80000 	C:\WINDOWS\system32\propsys.dll
0x00007ffa5e970000 - 0x00007ffa5e98a000 	C:\WINDOWS\system32\NetworkExplorer.dll
0x00007ffa8e5e0000 - 0x00007ffa8e790000 	C:\WINDOWS\SYSTEM32\WindowsCodecs.dll
0x00007ffa65690000 - 0x00007ffa656fe000 	C:\Windows\System32\thumbcache.dll
0x00007ffa73510000 - 0x00007ffa736ff000 	C:\Windows\System32\urlmon.dll
0x00007ffa79e50000 - 0x00007ffa79e78000 	C:\Windows\System32\srvcli.dll
0x00007ffa78c60000 - 0x00007ffa78f11000 	C:\Windows\System32\iertutil.dll
0x00007ffa91780000 - 0x00007ffa9178c000 	C:\Windows\System32\netutils.dll
0x00007ffa91e40000 - 0x00007ffa91e82000 	C:\Windows\System32\SspiCli.dll
0x00007ff9f49f0000 - 0x00007ff9f4af0000 	C:\WINDOWS\system32\opengl32.dll
0x00007ff9f44d0000 - 0x00007ff9f44fd000 	C:\WINDOWS\SYSTEM32\GLU32.dll
0x00007ffa902f0000 - 0x00007ffa90326000 	C:\WINDOWS\SYSTEM32\dxcore.dll
0x00007ffa7f8f0000 - 0x00007ffa7fa98000 	C:\WINDOWS\system32\d3d9.dll
0x00007ffa89100000 - 0x00007ffa892ba000 	C:\Windows\System32\DriverStore\FileRepository\u0378413.inf_amd64_f433ae918f97b444\B378427\aticfx64.dll
0x00007ffa1c640000 - 0x00007ffa1e311000 	C:\Windows\System32\DriverStore\FileRepository\u0378413.inf_amd64_f433ae918f97b444\B378427\amdxn64.dll
0x00007ffa94a20000 - 0x00007ffa94e94000 	C:\WINDOWS\System32\SETUPAPI.dll
0x00007ffa8fe10000 - 0x00007ffa8ff07000 	C:\WINDOWS\SYSTEM32\dxgi.dll
0x00007ffa86860000 - 0x00007ffa86890000 	C:\WINDOWS\SYSTEM32\amdihk64.dll
0x00007ffa8caf0000 - 0x00007ffa8cb39000 	C:\WINDOWS\SYSTEM32\directxdatabasehelper.dll
0x00007ffa832d0000 - 0x00007ffa8338e000 	C:\WINDOWS\System32\DriverStore\FileRepository\nvami.inf_amd64_57378df08e27c128\nvldumdx.dll
0x00007ffa92760000 - 0x00007ffa92772000 	C:\WINDOWS\SYSTEM32\msasn1.dll
0x00007ffa855f0000 - 0x00007ffa85622000 	C:\WINDOWS\SYSTEM32\cryptnet.dll
0x00007ffa92ac0000 - 0x00007ffa92c26000 	C:\WINDOWS\System32\CRYPT32.dll
0x00007ffa85490000 - 0x00007ffa855e8000 	C:\WINDOWS\SYSTEM32\drvstore.dll
0x00007ffa92780000 - 0x00007ffa927ac000 	C:\WINDOWS\SYSTEM32\devobj.dll
0x00007ffa922b0000 - 0x00007ffa922f8000 	C:\WINDOWS\SYSTEM32\wldp.dll
0x00007ffa92330000 - 0x00007ffa9233c000 	C:\WINDOWS\SYSTEM32\cryptbase.dll
0x00007ffa92cd0000 - 0x00007ffa92d39000 	C:\WINDOWS\System32\WINTRUST.DLL
0x00007ffa94920000 - 0x00007ffa9493f000 	C:\WINDOWS\System32\imagehlp.dll
0x00007ffa92350000 - 0x00007ffa9236b000 	C:\WINDOWS\SYSTEM32\CRYPTSP.dll
0x00007ffa91b60000 - 0x00007ffa91b95000 	C:\WINDOWS\system32\rsaenh.dll
0x00007ffa92470000 - 0x00007ffa92498000 	C:\WINDOWS\SYSTEM32\bcrypt.dll
0x00007ffa19610000 - 0x00007ffa1bc19000 	C:\WINDOWS\System32\DriverStore\FileRepository\nvami.inf_amd64_57378df08e27c128\nvd3dumx.dll
0x00007ffa19340000 - 0x00007ffa1960f000 	C:\WINDOWS\system32\nvspcap64.dll
0x00007ffa91c10000 - 0x00007ffa91c44000 	C:\WINDOWS\SYSTEM32\ntmarta.dll
0x00007ffa920b0000 - 0x00007ffa920d6000 	C:\WINDOWS\SYSTEM32\gpapi.dll
0x00007ffa89360000 - 0x00007ffa89495000 	C:\Windows\System32\Windows.System.Launcher.dll
0x00007ffa8d870000 - 0x00007ffa8d903000 	C:\Windows\System32\msvcp110_win.dll
0x00007ffa89340000 - 0x00007ffa8935a000 	C:\WINDOWS\SYSTEM32\windows.staterepositorycore.dll
0x00007ffa7a150000 - 0x00007ffa7a16e000 	C:\WINDOWS\SYSTEM32\MPR.dll
0x00007ffa85810000 - 0x00007ffa85839000 	C:\WINDOWS\System32\p9np.dll
0x00007ffa8cef0000 - 0x00007ffa8cefc000 	C:\WINDOWS\System32\drprov.dll
0x00007ffa686b0000 - 0x00007ffa686c9000 	C:\WINDOWS\System32\ntlanman.dll
0x00007ffa628d0000 - 0x00007ffa628ef000 	C:\WINDOWS\System32\davclnt.dll
0x00007ffa915e0000 - 0x00007ffa91646000 	C:\WINDOWS\System32\WINSTA.dll
0x00007ffa8ae00000 - 0x00007ffa8ae1a000 	C:\WINDOWS\System32\wkscli.dll
0x00007ffa69610000 - 0x00007ffa69622000 	C:\WINDOWS\SYSTEM32\cscapi.dll
0x00007ffa5beb0000 - 0x00007ffa5bf06000 	C:\Windows\System32\dlnashext.dll
0x00007ffa4bfc0000 - 0x00007ffa4c029000 	C:\Windows\System32\PlayToDevice.dll
0x00007ffa895a0000 - 0x00007ffa895c1000 	C:\Windows\System32\DevDispItemProvider.dll
0x00007ffa83460000 - 0x00007ffa834fd000 	C:\WINDOWS\System32\MMDevApi.dll
0x00007ffa47f80000 - 0x00007ffa48021000 	C:\WINDOWS\system32\wpdshext.dll
0x00007ffa81700000 - 0x00007ffa818b9000 	C:\WINDOWS\WinSxS\amd64_microsoft.windows.gdiplus_6595b64144ccf1df_1.1.22621.674_none_da2b3d691ba1c6c6\gdiplus.dll
0x00007ffa8af10000 - 0x00007ffa8afae000 	C:\Windows\System32\PortableDeviceApi.dll
0x00007ffa5d830000 - 0x00007ffa5d867000 	C:\Windows\System32\EhStorShell.dll
0x00007ffa67c40000 - 0x00007ffa67c64000 	C:\Windows\System32\EhStorAPI.dll
0x00007ffa8fb90000 - 0x00007ffa8fba4000 	C:\Windows\System32\WTSAPI32.dll
0x00007ffa774e0000 - 0x00007ffa774ed000 	C:\WINDOWS\SYSTEM32\LINKINFO.dll
0x00007ffa6a630000 - 0x00007ffa6a63c000 	C:\WINDOWS\SYSTEM32\Secur32.dll
0x00007ffa7ae40000 - 0x00007ffa7ae59000 	C:\WINDOWS\SYSTEM32\samcli.dll
0x00007ffa8d070000 - 0x00007ffa8d097000 	C:\WINDOWS\SYSTEM32\SAMLIB.dll
0x00007ffa6ee70000 - 0x00007ffa6eece000 	C:\WINDOWS\system32\dataexchange.dll
0x00007ffa89e70000 - 0x00007ffa8a0da000 	C:\WINDOWS\system32\twinapi.appcore.dll
0x00007ffa802e0000 - 0x00007ffa8040d000 	C:\WINDOWS\SYSTEM32\textinputframework.dll
0x00007ffa8f8a0000 - 0x00007ffa8f9d3000 	C:\WINDOWS\SYSTEM32\CoreMessaging.dll
0x00007ffa8c350000 - 0x00007ffa8c6bc000 	C:\WINDOWS\SYSTEM32\CoreUIComponents.dll
0x00007ffa76a50000 - 0x00007ffa76b55000 	C:\Windows\System32\MrmCoreR.dll
0x00007ffa89300000 - 0x00007ffa8933d000 	C:\WINDOWS\SYSTEM32\windows.staterepositoryclient.dll
0x00007ffa76810000 - 0x00007ffa76842000 	C:\Windows\System32\bcp47mrm.dll
0x00007ffa7b190000 - 0x00007ffa7b304000 	C:\Windows\System32\Windows.UI.dll

dbghelp: loaded successfully - version: 4.0.5 - missing functions: none
symbol engine: initialized successfully - sym options: 0x614 - pdb path: .;C:\Program Files\Java\jdk-18.0.2.1\bin;C:\WINDOWS\SYSTEM32;C:\WINDOWS\WinSxS\amd64_microsoft.windows.common-controls_6595b64144ccf1df_6.0.22621.608_none_a9444ca7c10bb01d;C:\Program Files\Java\jdk-18.0.2.1\bin\server;C:\WINDOWS\WinSxS\amd64_microsoft.windows.common-controls_6595b64144ccf1df_5.82.22621.608_none_fb280a3c7926c2cc;C:\Windows\System32\DriverStore\FileRepository\u0378413.inf_amd64_f433ae918f97b444\B378427;C:\WINDOWS\System32\DriverStore\FileRepository\nvami.inf_amd64_57378df08e27c128;C:\WINDOWS\WinSxS\amd64_microsoft.windows.gdiplus_6595b64144ccf1df_1.1.22621.674_none_da2b3d691ba1c6c6;C:\Users\Phoenyx\AppData\Local\Temp\lwjglPhoenyx\3.3.1-build-7;C:\Users\Phoenyx\AppData\Local\Temp\imgui-java-natives_1667697920507

VM Arguments:
jvm_args: -Dfile.encoding=UTF-8 -XX:+ShowCodeDetailsInExceptionMessages 
java_command: com.redteam.engine.game.ATRobots
java_class_path (initial): C:\Users\Phoenyx\Phoenyx\ATRobots\bin\main;C:\Users\Phoenyx\.gradle\caches\modules-2\files-2.1\org.lwjgl\lwjgl-glfw\3.3.1\cbac1b8d30cb4795149c1ef540f912671a8616d0\lwjgl-glfw-3.3.1.jar;C:\Users\Phoenyx\.gradle\caches\modules-2\files-2.1\org.lwjgl\lwjgl-nuklear\3.3.1\628ccf80db3d623f1f559978e4246a23b2d1eeb1\lwjgl-nuklear-3.3.1.jar;C:\Users\Phoenyx\.gradle\caches\modules-2\files-2.1\org.lwjgl\lwjgl-openal\3.3.1\2623a6b8ae1dfcd880738656a9f0243d2e6840bd\lwjgl-openal-3.3.1.jar;C:\Users\Phoenyx\.gradle\caches\modules-2\files-2.1\org.lwjgl\lwjgl-opengl\3.3.1\831a5533a21a5f4f81bbc51bb13e9899319b5411\lwjgl-opengl-3.3.1.jar;C:\Users\Phoenyx\.gradle\caches\modules-2\files-2.1\org.lwjgl\lwjgl-stb\3.3.1\b119297cf8ed01f247abe8685857f8e7fcf5980f\lwjgl-stb-3.3.1.jar;C:\Users\Phoenyx\.gradle\caches\modules-2\files-2.1\org.lwjgl\lwjgl\3.3.1\ae58664f88e18a9bb2c77b063833ca7aaec484cb\lwjgl-3.3.1.jar;C:\Users\Phoenyx\.gradle\caches\modules-2\files-2.1\org.joml\joml\1.10.5\22566d58af70ad3d72308bab63b8339906deb649\joml-1.10.5.jar;C:\Users\Phoenyx\.gradle\caches\modules-2\files-2.1\io.github.spair\imgui-java-binding\1.86.4\f97d32963ed5988b19f725d6c7d9946091cc3ba7\imgui-java-binding-1.86.4.jar;C:\Users\Phoenyx\.gradle\caches\modules-2\files-2.1\io.github.spair\imgui-java-lwjgl3\1.86.4\a538b7aa58be1c26e0dfe0b5395aaf58cb24e3dd\imgui-java-lwjgl3-1.86.4.jar;C:\Users\Phoenyx\.gradle\caches\modules-2\files-2.1\io.github.spair\imgui-java-natives-windows\1.86.4\36a4efa5030585dedd9a96aa35a4433371b63df9\imgui-java-natives-windows-1.86.4.jar;C:\Users\Phoenyx\.gradle\caches\modules-2\files-2.1\org.lwjgl\lwjgl-glfw\3.3.1\ed892f945cf7e79c8756796f32d00fa4ceaf573b\lwjgl-glfw-3.3.1-natives-windows.jar;C:\Users\Phoenyx\.gradle\caches\modules-2\files-2.1\org.lwjgl\lwjgl-nuklear\3.3.1\755c93226fa44597741e37c6649e86cefa46b262\lwjgl-nuklear-3.3.1-natives-windows.jar;C:\Users\Phoenyx\.gradle\caches\modules-2\files-2.1\org.lwjgl\lwjgl-openal\3.3.1\30a474d0e57193d7bc128849a3ab66bc9316fdb1\lwjgl-openal-3.3.1-natives-windows.jar;C:\Users\Phoenyx\.gradle\caches\modules-2\files-2.1\org.lwjgl\lwjgl-opengl\3.3.1\c1807e9bd571402787d7e37e3029776ae2513bb8\lwjgl-opengl-3.3.1-natives-windows.jar;C:\Users\Phoenyx\.gradle\caches\modules-2\files-2.1\org.lwjgl\lwjgl-stb\3.3.1\86315914ac119efdb02dc9e8e978ade84f1702af\lwjgl-stb-3.3.1-natives-windows.jar;C:\Users\Phoenyx\.gradle\caches\modules-2\files-2.1\org.lwjgl\lwjgl\3.3.1\36c37f16ab611b3aa11f3bcf80b1d509b4ce6b\lwjgl-3.3.1-natives-windows.jar
Launcher Type: SUN_STANDARD

[Global flags]
     intx CICompilerCount                          = 12                                        {product} {ergonomic}
     uint ConcGCThreads                            = 3                                         {product} {ergonomic}
     uint G1ConcRefinementThreads                  = 13                                        {product} {ergonomic}
   size_t G1HeapRegionSize                         = 2097152                                   {product} {ergonomic}
    uintx GCDrainStackTargetSize                   = 64                                        {product} {ergonomic}
   size_t InitialHeapSize                          = 257949696                                 {product} {ergonomic}
   size_t MarkStackSize                            = 4194304                                   {product} {ergonomic}
   size_t MaxHeapSize                              = 4097835008                                {product} {ergonomic}
   size_t MaxNewSize                               = 2457862144                                {product} {ergonomic}
   size_t MinHeapDeltaBytes                        = 2097152                                   {product} {ergonomic}
   size_t MinHeapSize                              = 8388608                                   {product} {ergonomic}
    uintx NonNMethodCodeHeapSize                   = 7602480                                {pd product} {ergonomic}
    uintx NonProfiledCodeHeapSize                  = 122027880                              {pd product} {ergonomic}
    uintx ProfiledCodeHeapSize                     = 122027880                              {pd product} {ergonomic}
    uintx ReservedCodeCacheSize                    = 251658240                              {pd product} {ergonomic}
     bool SegmentedCodeCache                       = true                                      {product} {ergonomic}
     bool ShowCodeDetailsInExceptionMessages       = true                                   {manageable} {command line}
   size_t SoftMaxHeapSize                          = 4097835008                             {manageable} {ergonomic}
     bool UseCompressedClassPointers               = true                           {product lp64_product} {ergonomic}
     bool UseCompressedOops                        = true                           {product lp64_product} {ergonomic}
     bool UseG1GC                                  = true                                      {product} {ergonomic}
     bool UseLargePagesIndividualAllocation        = false                                  {pd product} {ergonomic}

Logging:
Log output configuration:
 #0: stdout all=warning uptime,level,tags foldmultilines=false
 #1: stderr all=off uptime,level,tags foldmultilines=false

Environment Variables:
PATH=C:/Program Files/Java/jdk-18.0.2.1/bin/server;C:/Program Files/Java/jdk-18.0.2.1/bin;C:\Python310\Scripts\;C:\Python310\;C:\Program Files\Common Files\Oracle\Java\javapath;C:\Program Files (x86)\Common Files\Oracle\Java\javapath;C:\Windows\system32;C:\Windows;C:\Windows\System32\Wbem;C:\Windows\System32\WindowsPowerShell\v1.0\;C:\Windows\System32\OpenSSH\;C:\Program Files (x86)\NVIDIA Corporation\PhysX\Common;C:\Program Files\NVIDIA Corporation\NVIDIA NvDLISR;C:\Program Files\nodejs\;C:\ProgramData\chocolatey\bin;;C:\WINDOWS\system32;C:\WINDOWS;C:\WINDOWS\System32\Wbem;C:\WINDOWS\System32\WindowsPowerShell\v1.0\;C:\WINDOWS\System32\OpenSSH\;C:\Program Files\dotnet\;C:\Users\Phoenyx\AppData\Local\Microsoft\WindowsApps;C:\Users\Phoenyx\AppData\Local\GitHubDesktop\bin;C:\Users\Phoenyx\.dotnet\tools;C:\Users\Phoenyx\AppData\Local\atom\bin;C:\Users\Phoenyx\AppData\Roaming\npm;C:\Users\Phoenyx\AppData\Local\Microsoft\WindowsApps;C:\Users\Phoenyx\.dotnet\tools;C:\Users\Phoenyx\Desktop;
USERNAME=Phoenyx
OS=Windows_NT
PROCESSOR_IDENTIFIER=AMD64 Family 25 Model 68 Stepping 1, AuthenticAMD



---------------  S Y S T E M  ---------------

OS:
 Windows 11 , 64 bit Build 22621 (10.0.22621.608)
OS uptime: 0 days 9:49 hours
Hyper-V role detected

CPU: total 16 (initial active 16) (16 cores per cpu, 2 threads per core) family 25 model 68 stepping 1 microcode 0x0, cx8, cmov, fxsr, ht, mmx, 3dnowpref, sse, sse2, sse3, ssse3, sse4a, sse4.1, sse4.2, popcnt, lzcnt, tsc, tscinvbit, avx, avx2, aes, clmul, bmi1, bmi2, adx, sha, fma, vzeroupper, clflush, clflushopt, hv

Memory: 4k page, system-wide physical 15629M (3296M free)
TotalPageFile size 24845M (AvailPageFile size 4215M)
current process WorkingSet (physical memory assigned to process): 623M, peak: 626M
current process commit charge ("private bytes"): 847M, peak: 851M

vm_info: Java HotSpot(TM) 64-Bit Server VM (18.0.2.1+1-1) for windows-amd64 JRE (18.0.2.1+1-1), built on Aug 16 2022 01:46:33 by "mach5one" with MS VC++ 16.8 / 16.9 (VS2019)

END.
