#
# A fatal error has been detected by the Java Runtime Environment:
#
#  EXCEPTION_ACCESS_VIOLATION (0xc0000005) at pc=0x0000000064a61fed, pid=6264, tid=25396
#
# JRE version: Java(TM) SE Runtime Environment (18.0.2.1+1) (build 18.0.2.1+1-1)
# Java VM: Java HotSpot(TM) 64-Bit Server VM (18.0.2.1+1-1, mixed mode, sharing, tiered, compressed oops, compressed class ptrs, g1 gc, windows-amd64)
# Problematic frame:
# C  0x0000000064a61fed
#
# No core dump will be written. Minidumps are not enabled by default on client versions of Windows
#
# If you would like to submit a bug report, please visit:
#   https://bugreport.java.com/bugreport/crash.jsp
# The crash happened outside the Java Virtual Machine in native code.
# See problematic frame for where to report the bug.
#

---------------  S U M M A R Y ------------

Command Line: -Dfile.encoding=UTF-8 -XX:+ShowCodeDetailsInExceptionMessages com.redteam.engine.game.ATRobots

Host: AMD Ryzen 7 6800H with Radeon Graphics         , 16 cores, 15G,  Windows 11 , 64 bit Build 22621 (10.0.22621.608)
Time: Sat Nov  5 22:19:24 2022 Eastern Daylight Time elapsed time: 15.231004 seconds (0d 0h 0m 15s)

---------------  T H R E A D  ---------------

Current thread (0x000001a7d4cb1f10):  JavaThread "main" [_thread_in_native, id=25396, stack(0x0000003b8c000000,0x0000003b8c100000)]

Stack: [0x0000003b8c000000,0x0000003b8c100000],  sp=0x0000003b8c0ff4e0,  free space=1021k
Native frames: (J=compiled Java code, j=interpreted, Vv=VM code, C=native code)
C  0x0000000064a61fed

Java frames: (J=compiled Java code, j=interpreted, Vv=VM code)
J 3113  imgui.ImGui.end()V (0 bytes) @ 0x000001a7e4289a66 [0x000001a7e4289a20+0x0000000000000046]
j  com.redteam.engine.game.TestGame.update(DLcom/redteam/engine/core/MouseInput;)V+202
j  com.redteam.engine.core.Engine.update(F)V+10
j  com.redteam.engine.core.Engine.run()V+155
j  com.redteam.engine.core.Engine.start()V+13
j  com.redteam.engine.game.ATRobots.main([Ljava/lang/String;)V+28
v  ~StubRoutines::call_stub

siginfo: EXCEPTION_ACCESS_VIOLATION (0xc0000005), reading address 0x0000000000001cf8


Register to memory mapping:

RIP=0x0000000064a61fed points into unknown readable memory: 8b 83 f8
RAX={method} {0x000001a7f9175f28} 'end' '()V' in 'imgui/ImGui'
RBX=0x0 is NULL
RCX=0x000001a7d4cb21a0 points into unknown readable memory: 0x000001a7fc619ba0 | a0 9b 61 fc a7 01 00 00
RDX=0x0000003b8c0ff570 is pointing into the stack for thread: 0x000001a7d4cb1f10
RSP=0x0000003b8c0ff4e0 is pointing into the stack for thread: 0x000001a7d4cb1f10
RBP=0x0000003b8c0ff580 is pointing into the stack for thread: 0x000001a7d4cb1f10
RSI=0x000000071c889dc8 is an oop: [Ljava.util.HashMap$Node; 
{0x000000071c889dc8} - klass: 'java/util/HashMap$Node'[]
 - length: 16
RDI=0x000001a7dc5e94fe is at code_begin+1118 in an Interpreter codelet
return entry points  [0x000001a7dc5e90a0, 0x000001a7dc5e9ba0]  2816 bytes
R8 =0x0000003b8c0ff098 is pointing into the stack for thread: 0x000001a7d4cb1f10
R9 =0x0000000000000001 is an unknown value
R10=0x0000000064a90800 points into unknown readable memory: 0x2e6666fffd17dbe9 | e9 db 17 fd ff 66 66 2e
R11=0x000001a7e4289a40 is at entry_point+32 in (nmethod*)0x000001a7e4289890
Compiled method (n/a)   15287 3113     n 0       imgui.ImGui::end (native)
 total in heap  [0x000001a7e4289890,0x000001a7e4289c40] = 944
 relocation     [0x000001a7e42899e8,0x000001a7e4289a18] = 48
 main code      [0x000001a7e4289a20,0x000001a7e4289c38] = 536
 oops           [0x000001a7e4289c38,0x000001a7e4289c40] = 8
R12=0x0 is NULL
R13=0x0000003b8c0ff5a0 is pointing into the stack for thread: 0x000001a7d4cb1f10
R14=0x0000003b8c0ff570 is pointing into the stack for thread: 0x000001a7d4cb1f10
R15=0x000001a7d4cb1f10 is a thread


Registers:
RAX=0x000001a7f9175f20, RBX=0x0000000000000000, RCX=0x000001a7d4cb21a0, RDX=0x0000003b8c0ff570
RSP=0x0000003b8c0ff4e0, RBP=0x0000003b8c0ff580, RSI=0x000000071c889dc8, RDI=0x000001a7dc5e94fe
R8 =0x0000003b8c0ff098, R9 =0x0000000000000001, R10=0x0000000064a90800, R11=0x000001a7e4289a40
R12=0x0000000000000000, R13=0x0000003b8c0ff5a0, R14=0x0000003b8c0ff570, R15=0x000001a7d4cb1f10
RIP=0x0000000064a61fed, EFLAGS=0x0000000000010202

Top of Stack: (sp=0x0000003b8c0ff4e0)
0x0000003b8c0ff4e0:   000001a7f91a0000 0000000000000000
0x0000003b8c0ff4f0:   000000070fdd1078 000001a7f91740f8
0x0000003b8c0ff500:   0000000000000000 000001a7f9175f20
0x0000003b8c0ff510:   000000071c889dc8 000001a7e4289afe
0x0000003b8c0ff520:   000000070fdd1078 000001a7dc5eaf78
0x0000003b8c0ff530:   000001a7fd107ef0 0000000000000000
0x0000003b8c0ff540:   0000003b8c0ff540 000001a7f9174054
0x0000003b8c0ff550:   0000003b8c0ff598 000001a7f91a0000
0x0000003b8c0ff560:   0000000000000000 000000070fdd1078
0x0000003b8c0ff570:   000000070fdd1078 0000000000000000
0x0000003b8c0ff580:   0000003b8c0ff5e8 000001a7dc5e94fe
0x0000003b8c0ff590:   000001a7dc5e94fe 000001a7dc5e94fe
0x0000003b8c0ff5a0:   0000003b8c0ff5a0 000001a7f880900a
0x0000003b8c0ff5b0:   0000003b8c0ff620 000001a7f8f088e0
0x0000003b8c0ff5c0:   0000000000000000 000000070bc1b048
0x0000003b8c0ff5d0:   000001a7f8809270 0000003b8c0ff5a0 

Instructions: (pc=0x0000000064a61fed)
0x0000000064a61eed:   c0 48 83 c4 28 5b 5e 5f 5d 41 5c 41 5d 41 5e 41
0x0000000064a61efd:   5f c3 90 39 c5 7c e7 e8 b7 6b 13 00 84 c0 74 2b
0x0000000064a61f0d:   4c 8d 05 a6 e5 44 00 ba 06 07 00 00 48 8d 0d b1
0x0000000064a61f1d:   e5 44 00 e8 bb 6a 13 00 48 8b 86 48 1f 00 00 4e
0x0000000064a61f2d:   8b 04 38 eb b9 66 0f 1f 44 00 00 3b ae 40 1f 00
0x0000000064a61f3d:   00 7c 1a 41 b8 06 07 00 00 48 8d 15 6d e5 44 00
0x0000000064a61f4d:   48 8d 0d 7d e5 44 00 ff 15 96 07 d2 00 48 8b 86
0x0000000064a61f5d:   48 1f 00 00 4e 8b 04 38 eb 84 66 0f 1f 84 00 00
0x0000000064a61f6d:   00 00 00 48 8b 05 d1 21 4d 00 48 89 d1 48 8b 90
0x0000000064a61f7d:   58 1f 00 00 48 85 c9 74 3a 44 8b 80 a8 1c 00 00
0x0000000064a61f8d:   44 89 41 60 48 39 d1 74 44 f3 0f 10 41 28 48 89
0x0000000064a61f9d:   88 58 1f 00 00 f3 0f 11 80 50 1f 00 00 48 8b 80
0x0000000064a61fad:   f0 15 00 00 48 85 c0 74 24 48 ff e0 0f 1f 80 00
0x0000000064a61fbd:   00 00 00 48 85 d2 74 15 c7 80 50 1f 00 00 00 00
0x0000000064a61fcd:   80 3f 48 c7 80 58 1f 00 00 00 00 00 00 c3 0f 1f
0x0000000064a61fdd:   44 00 00 56 53 48 83 ec 28 48 8b 1d 5b 21 4d 00
0x0000000064a61fed:   8b 83 f8 1c 00 00 48 8b b3 28 1d 00 00 83 f8 01
0x0000000064a61ffd:   0f 8e 0d 02 00 00 8b 46 0c 25 00 00 00 21 3d 00
0x0000000064a6200d:   00 00 01 0f 84 4a 02 00 00 48 83 be b8 01 00 00
0x0000000064a6201d:   00 74 05 e8 6b 8e 0c 00 8b 46 0c a9 00 00 00 20
0x0000000064a6202d:   0f 84 bd 02 00 00 a9 00 00 00 01 0f 84 a2 02 00
0x0000000064a6203d:   00 48 8b 86 10 04 00 00 48 85 c0 74 49 f6 86 f1
0x0000000064a6204d:   03 00 00 04 74 40 48 8b 80 88 00 00 00 48 85 c0
0x0000000064a6205d:   74 34 f3 0f 10 86 2c 01 00 00 f3 0f 10 8e 28 01
0x0000000064a6206d:   00 00 f3 0f 58 46 7c f3 0f 58 4e 78 f3 0f 5c 40
0x0000000064a6207d:   7c f3 0f 5c 48 78 f3 0f 11 80 2c 01 00 00 f3 0f
0x0000000064a6208d:   11 88 28 01 00 00 48 63 93 f8 1c 00 00 85 d2 0f
0x0000000064a6209d:   8e 5e 02 00 00 48 63 c2 48 8d 0c 80 48 8d 04 48
0x0000000064a620ad:   48 8b 8b 00 1d 00 00 48 8d 04 c1 f3 0f 6f 50 b0
0x0000000064a620bd:   48 83 e8 58 0f 11 93 e8 1d 00 00 f3 0f 6f 58 18
0x0000000064a620cd:   0f 11 9b f8 1d 00 00 f3 0f 6f 60 28 0f 11 a3 08
0x0000000064a620dd:   1e 00 00 48 8b 48 38 48 89 8b 18 1e 00 00 8b 40 


Stack slot to memory mapping:
stack at sp + 0 slots: 0x000001a7f91a0000 is pointing into metadata
stack at sp + 1 slots: 0x0 is NULL
stack at sp + 2 slots: 0x000000070fdd1078 is an oop: java.lang.Class 
{0x000000070fdd1078} - klass: 'java/lang/Class'
 - ---- fields (total size 24 words):
 - private volatile transient 'classRedefinedCount' 'I' @12  0
 - abstract internal 'klass' 'J' @16  34373948384 (d8d3e0 8)
 - abstract internal 'array_klass' 'J' @24  0 (0 0)
 - abstract internal 'oop_size' 'I' @32  24 (18)
 - abstract internal 'static_oop_field_count' 'I' @36  19 (13)
 - private volatile transient 'cachedConstructor' 'Ljava/lang/reflect/Constructor;' @40  NULL (0)
 - private transient 'name' 'Ljava/lang/String;' @44  "imgui.ImGui"{0x000000070fdd1578} (e1fba2af)
 - private transient 'module' 'Ljava/lang/Module;' @48  a 'java/lang/Module'{0x000000070bc98ce8} (e179319d)
 - private final 'classLoader' 'Ljava/lang/ClassLoader;' @52  a 'jdk/internal/loader/ClassLoaders$AppClassLoader'{0x000000070bc1af58} (e17835eb)
 - private transient 'classData' 'Ljava/lang/Object;' @56  NULL (0)
 - private transient 'packageName' 'Ljava/lang/String;' @60  "imgui"{0x000000070bd6bfa8} (e17ad7f5)
 - private final 'componentType' 'Ljava/lang/Class;' @64  NULL (0)
 - private volatile transient 'reflectionData' 'Ljava/lang/ref/SoftReference;' @68  NULL (0)
 - private volatile transient 'genericInfo' 'Lsun/reflect/generics/repository/ClassRepository;' @72  NULL (0)
 - private volatile transient 'enumConstants' '[Ljava/lang/Object;' @76  NULL (0)
 - private volatile transient 'enumConstantDirectory' 'Ljava/util/Map;' @80  NULL (0)
 - private volatile transient 'annotationData' 'Ljava/lang/Class$AnnotationData;' @84  NULL (0)
 - private volatile transient 'annotationType' 'Lsun/reflect/annotation/AnnotationType;' @88  NULL (0)
 - transient 'classValueMap' 'Ljava/lang/ClassValue$ClassValueMap;' @92  NULL (0)
 - abstract internal 'protection_domain' 'Ljava/lang/Object;' @96  a 'java/security/ProtectionDomain'{0x000000070bd6bae8} (e17ad75d)
 - abstract internal 'signers_name' 'Ljava/lang/Object;' @100  NULL (0)
 - abstract internal 'source_file' 'Ljava/lang/Object;' @104  NULL (0)
 - signature: Limgui/ImGui;
 - ---- static fields (19):
 - private static final 'LIB_PATH_PROP' 'Ljava/lang/String;' @112  "imgui.library.path"{0x000000070fdd1538} (e1fba2a7)
 - private static final 'LIB_NAME_PROP' 'Ljava/lang/String;' @116  "imgui.library.name"{0x000000070fdd14f8} (e1fba29f)
 - private static final 'LIB_NAME_DEFAULT' 'Ljava/lang/String;' @120  "imgui-java64"{0x000000070fdd14c0} (e1fba298)
 - private static final 'LIB_TMP_DIR_PREFIX' 'Ljava/lang/String;' @124  "imgui-java-natives_1667701156936"{0x000000070fdd1478} (e1fba28f)
 - private static final 'IMGUI_CONTEXT' 'Limgui/internal/ImGuiContext;' @128  a 'imgui/internal/ImGuiContext'{0x000000070fdd1460} (e1fba28c)
 - private static final 'IMGUI_IO' 'Limgui/ImGuiIO;' @132  a 'imgui/ImGuiIO'{0x000000070fdd1290} (e1fba252)
 - private static final 'WINDOW_DRAW_LIST' 'Limgui/ImDrawList;' @136  a 'imgui/ImDrawList'{0x000000070fdd1278} (e1fba24f)
 - private static final 'BACKGROUND_DRAW_LIST' 'Limgui/ImDrawList;' @140  a 'imgui/ImDrawList'{0x000000070fdd1260} (e1fba24c)
 - private static final 'FOREGROUND_DRAW_LIST' 'Limgui/ImDrawList;' @144  a 'imgui/ImDrawList'{0x000000070fdd1248} (e1fba249)
 - private static final 'IMGUI_STORAGE' 'Limgui/ImGuiStorage;' @148  a 'imgui/ImGuiStorage'{0x000000070fdd1230} (e1fba246)
 - private static final 'WINDOW_VIEWPORT' 'Limgui/ImGuiViewport;' @152  a 'imgui/ImGuiViewport'{0x000000070fdd1218} (e1fba243)
 - private static final 'FIND_VIEWPORT' 'Limgui/ImGuiViewport;' @156  a 'imgui/ImGuiViewport'{0x000000070fdd1200} (e1fba240)
 - private static final 'DRAW_DATA' 'Limgui/ImDrawData;' @160  a 'imgui/ImDrawData'{0x000000070fdd11e8} (e1fba23d)
 - private static final 'FONT' 'Limgui/ImFont;' @164  a 'imgui/ImFont'{0x000000070fdd1198} (e1fba233)
 - private static final 'STYLE' 'Limgui/ImGuiStyle;' @168  a 'imgui/ImGuiStyle'{0x000000070fdd1180} (e1fba230)
 - private static final 'MAIN_VIEWPORT' 'Limgui/ImGuiViewport;' @172  a 'imgui/ImGuiViewport'{0x000000070fdd1168} (e1fba22d)
 - private static final 'PLATFORM_IO' 'Limgui/ImGuiPlatformIO;' @176  a 'imgui/ImGuiPlatformIO'{0x000000070fdd1150} (e1fba22a)
 - private static 'payloadRef' 'Ljava/lang/ref/WeakReference;' @180  NULL (0)
 - private static final 'PAYLOAD_PLACEHOLDER_DATA' '[B' @184  [B{0x000000070fdd1138} (e1fba227)
stack at sp + 3 slots: {method} {0x000001a7f9174100} 'nDestroyContext' '(J)V' in 'imgui/ImGui'
stack at sp + 4 slots: 0x0 is NULL
stack at sp + 5 slots: {method} {0x000001a7f9175f28} 'end' '()V' in 'imgui/ImGui'
stack at sp + 6 slots: 0x000000071c889dc8 is an oop: [Ljava.util.HashMap$Node; 
{0x000000071c889dc8} - klass: 'java/util/HashMap$Node'[]
 - length: 16
stack at sp + 7 slots: 0x000001a7e4289afe is at entry_point+222 in (nmethod*)0x000001a7e4289890
Compiled method (n/a)   15297 3113     n 0       imgui.ImGui::end (native)
 total in heap  [0x000001a7e4289890,0x000001a7e4289c40] = 944
 relocation     [0x000001a7e42899e8,0x000001a7e4289a18] = 48
 main code      [0x000001a7e4289a20,0x000001a7e4289c38] = 536
 oops           [0x000001a7e4289c38,0x000001a7e4289c40] = 8


Compiled method (n/a)   15298 3113     n 0       imgui.ImGui::end (native)
 total in heap  [0x000001a7e4289890,0x000001a7e4289c40] = 944
 relocation     [0x000001a7e42899e8,0x000001a7e4289a18] = 48
 main code      [0x000001a7e4289a20,0x000001a7e4289c38] = 536
 oops           [0x000001a7e4289c38,0x000001a7e4289c40] = 8

[Constant Pool (empty)]

[MachCode]
[Entry Point]
  # {method} {0x000001a7f9175f28} 'end' '()V' in 'imgui/ImGui'
  #           [sp+0x70]  (sp of caller)
  0x000001a7e4289a20: 448b 5208 | 49bb 0000 | 0000 0800 | 0000 4d03 | d349 3bc2 | 0f84 0600 

  0x000001a7e4289a38: ;   {runtime_call ic_miss_stub}
  0x000001a7e4289a38: 0000 e941 | 303a f890 
[Verified Entry Point]
  0x000001a7e4289a40: 8984 2400 | 90ff ff55 | 488b ec48 

  0x000001a7e4289a4c: ;   {oop(a 'java/lang/Class'{0x000000070fdd1078} = 'imgui/ImGui')}
  0x000001a7e4289a4c: 83ec 6049 | be78 10dd | 0f07 0000 | 004c 8974 | 2450 4c8d | 7424 5049 | 8bd6 c5f8 

  0x000001a7e4289a68: ;   {internal_word}
  0x000001a7e4289a68: 7749 ba66 | 9a28 e4a7 | 0100 004d | 8997 7802 | 0000 4989 | a770 0200 

  0x000001a7e4289a80: ;   {external_word}
  0x000001a7e4289a80: 0049 ba8d | 3c62 c3f9 | 7f00 0041 | 803a 000f | 844a 0000 

  0x000001a7e4289a94: ;   {metadata({method} {0x000001a7f9175f28} 'end' '()V' in 'imgui/ImGui')}
  0x000001a7e4289a94: 0052 48ba | 205f 17f9 | a701 0000 | 498b cf48 | 83ec 20f7 | c40f 0000 | 000f 841a | 0000 0048 
  0x000001a7e4289ab4: ;   {runtime_call}
  0x000001a7e4289ab4: 83ec 0849 | ba70 d41e | c3f9 7f00 | 0041 ffd2 | 4883 c408 | e90d 0000 

  0x000001a7e4289acc: ;   {runtime_call}
  0x000001a7e4289acc: 0049 ba70 | d41e c3f9 | 7f00 0041 | ffd2 4883 | c420 5a49 | 8d8f 9002 | 0000 41c7 | 8730 0300 
  0x000001a7e4289aec: 0004 0000 

  0x000001a7e4289af0: ;   {runtime_call}
  0x000001a7e4289af0: 0049 ba00 | 08a9 6400 | 0000 0041 | ffd2 c5f8 | 7741 c787 | 3003 0000 | 0500 0000 | f083 4424 
  0x000001a7e4289b10: c000 493b | af38 0300 | 000f 8711 | 0000 0041 | 81bf 2003 | 0000 0000 | 0000 0f84 | 2400 0000 
  0x000001a7e4289b30: c5f8 7749 | 8bcf 4c8b | e448 83ec | 2048 83e4 

  0x000001a7e4289b40: ;   {runtime_call}
  0x000001a7e4289b40: f049 ba00 | 1629 c3f9 | 7f00 0041 | ffd2 498b | e44d 33e4 | 41c7 8730 | 0300 0008 | 0000 0041 
  0x000001a7e4289b60: 81bf a003 | 0000 0200 | 0000 0f84 | 9b00 0000 

  0x000001a7e4289b70: ;   {external_word}
  0x000001a7e4289b70: 49ba 8d3c | 62c3 f97f | 0000 4180 | 3a00 0f84 | 4800 0000 

  0x000001a7e4289b84: ;   {metadata({method} {0x000001a7f9175f28} 'end' '()V' in 'imgui/ImGui')}
  0x000001a7e4289b84: 48ba 205f | 17f9 a701 | 0000 498b | cf48 83ec | 20f7 c40f | 0000 000f | 841a 0000 | 0048 83ec 
  0x000001a7e4289ba4: ;   {runtime_call}
  0x000001a7e4289ba4: 0849 ba70 | d41e c3f9 | 7f00 0041 | ffd2 4883 | c408 e90d 

  0x000001a7e4289bb8: ;   {runtime_call}
  0x000001a7e4289bb8: 0000 0049 | ba70 d41e | c3f9 7f00 | 0041 ffd2 | 4883 c420 | 49c7 8770 | 0200 0000 | 0000 0049 
  0x000001a7e4289bd8: c787 7802 | 0000 0000 | 0000 c5f8 | 7749 8b8f | 0003 0000 | c781 0001 | 0000 0000 | 0000 c949 
  0x000001a7e4289bf8: 817f 0800 | 0000 000f | 8501 0000 

  0x000001a7e4289c04: ;   {runtime_call StubRoutines (1)}
  0x000001a7e4289c04: 00c3 e9f5 | 7235 f8c5 | f877 4c8b | e448 83ec | 2048 83e4 

  0x000001a7e4289c18: ;   {runtime_call}
  0x000001a7e4289c18: f049 ba30 | 041f c3f9 | 7f00 0041 | ffd2 498b | e44d 33e4 | e93f ffff | fff4 f4f4 | f4f4 f4f4 
[/MachCode]


---------------  P R O C E S S  ---------------

Threads class SMR info:
_java_thread_list=0x000001a794b8b730, length=21, elements={
0x000001a7d4cb1f10, 0x000001a7f7fc3160, 0x000001a7f7fc42a0, 0x000001a7f7fe0570,
0x000001a7f7fe2f20, 0x000001a7f7fe4060, 0x000001a7f7fe86a0, 0x000001a7f7fec2c0,
0x000001a7f7fef060, 0x000001a7f8000cf0, 0x000001a7fc4a1d40, 0x000001a7fc4d70e0,
0x000001a7fc4db650, 0x000001a7fc621940, 0x000001a7fc9867a0, 0x000001a7fc6f1940,
0x000001a78d2d3c10, 0x000001a78d2d45b0, 0x000001a78d2d2400, 0x000001a78d2d58f0,
0x000001a78d2d1f30
}

Java Threads: ( => current thread )
=>0x000001a7d4cb1f10 JavaThread "main" [_thread_in_native, id=25396, stack(0x0000003b8c000000,0x0000003b8c100000)]
  0x000001a7f7fc3160 JavaThread "Reference Handler" daemon [_thread_blocked, id=26140, stack(0x0000003b8c700000,0x0000003b8c800000)]
  0x000001a7f7fc42a0 JavaThread "Finalizer" daemon [_thread_blocked, id=18692, stack(0x0000003b8c800000,0x0000003b8c900000)]
  0x000001a7f7fe0570 JavaThread "Signal Dispatcher" daemon [_thread_blocked, id=23116, stack(0x0000003b8c900000,0x0000003b8ca00000)]
  0x000001a7f7fe2f20 JavaThread "Attach Listener" daemon [_thread_blocked, id=24560, stack(0x0000003b8ca00000,0x0000003b8cb00000)]
  0x000001a7f7fe4060 JavaThread "Service Thread" daemon [_thread_blocked, id=15868, stack(0x0000003b8cb00000,0x0000003b8cc00000)]
  0x000001a7f7fe86a0 JavaThread "Monitor Deflation Thread" daemon [_thread_blocked, id=20252, stack(0x0000003b8cc00000,0x0000003b8cd00000)]
  0x000001a7f7fec2c0 JavaThread "C2 CompilerThread0" daemon [_thread_blocked, id=23640, stack(0x0000003b8cd00000,0x0000003b8ce00000)]
  0x000001a7f7fef060 JavaThread "C1 CompilerThread0" daemon [_thread_blocked, id=6216, stack(0x0000003b8ce00000,0x0000003b8cf00000)]
  0x000001a7f8000cf0 JavaThread "Sweeper thread" daemon [_thread_blocked, id=21336, stack(0x0000003b8cf00000,0x0000003b8d000000)]
  0x000001a7fc4a1d40 JavaThread "C1 CompilerThread1" daemon [_thread_blocked, id=23384, stack(0x0000003b8d000000,0x0000003b8d100000)]
  0x000001a7fc4d70e0 JavaThread "Notification Thread" daemon [_thread_blocked, id=22952, stack(0x0000003b8d100000,0x0000003b8d200000)]
  0x000001a7fc4db650 JavaThread "Common-Cleaner" daemon [_thread_blocked, id=19176, stack(0x0000003b8d300000,0x0000003b8d400000)]
  0x000001a7fc621940 JavaThread "Java2D Disposer" daemon [_thread_blocked, id=4896, stack(0x0000003b8d400000,0x0000003b8d500000)]
  0x000001a7fc9867a0 JavaThread "AWT-Windows" daemon [_thread_in_native, id=9080, stack(0x0000003b8d600000,0x0000003b8d700000)]
  0x000001a7fc6f1940 JavaThread "Swing-Shell" daemon [_thread_blocked, id=25464, stack(0x0000003b8d800000,0x0000003b8d900000)]
  0x000001a78d2d3c10 JavaThread "D3D Screen Updater" daemon [_thread_blocked, id=24856, stack(0x0000003b8f040000,0x0000003b8f140000)]
  0x000001a78d2d45b0 JavaThread "TimerQueue" daemon [_thread_blocked, id=5200, stack(0x0000003b8f140000,0x0000003b8f240000)]
  0x000001a78d2d2400 JavaThread "Image Fetcher 0" daemon [_thread_blocked, id=21652, stack(0x0000003b90740000,0x0000003b90840000)]
  0x000001a78d2d58f0 JavaThread "AWT-Shutdown" [_thread_blocked, id=14364, stack(0x0000003b90840000,0x0000003b90940000)]
  0x000001a78d2d1f30 JavaThread "AWT-EventQueue-0" [_thread_blocked, id=25380, stack(0x0000003b90940000,0x0000003b90a40000)]

Other Threads:
  0x000001a7f7fbcb30 VMThread "VM Thread" [stack: 0x0000003b8c600000,0x0000003b8c700000] [id=8880]
  0x000001a7fc4d8fd0 WatcherThread "VM Periodic Task Thread" [stack: 0x0000003b8d200000,0x0000003b8d300000] [id=14644]
  0x000001a7d4d22950 WorkerThread "GC Thread#0" [stack: 0x0000003b8c100000,0x0000003b8c200000] [id=4808]
  0x000001a7fc496700 WorkerThread "GC Thread#1" [stack: 0x0000003b8f740000,0x0000003b8f840000] [id=3324]
  0x000001a7fc4959e0 WorkerThread "GC Thread#2" [stack: 0x0000003b8f840000,0x0000003b8f940000] [id=17588]
  0x000001a7fc4983e0 WorkerThread "GC Thread#3" [stack: 0x0000003b8f940000,0x0000003b8fa40000] [id=8916]
  0x000001a7fc495740 WorkerThread "GC Thread#4" [stack: 0x0000003b8fa40000,0x0000003b8fb40000] [id=7040]
  0x000001a7fc498920 WorkerThread "GC Thread#5" [stack: 0x0000003b8fb40000,0x0000003b8fc40000] [id=14228]
  0x000001a7fc4969a0 WorkerThread "GC Thread#6" [stack: 0x0000003b8fc40000,0x0000003b8fd40000] [id=18408]
  0x000001a7fc498bc0 WorkerThread "GC Thread#7" [stack: 0x0000003b8fd40000,0x0000003b8fe40000] [id=22328]
  0x000001a7fc494f60 WorkerThread "GC Thread#8" [stack: 0x0000003b8fe40000,0x0000003b8ff40000] [id=2108]
  0x000001a7fc495f20 WorkerThread "GC Thread#9" [stack: 0x0000003b8ff40000,0x0000003b90040000] [id=7236]
  0x000001a79413a700 WorkerThread "GC Thread#10" [stack: 0x0000003b90140000,0x0000003b90240000] [id=15376]
  0x000001a794138cc0 WorkerThread "GC Thread#11" [stack: 0x0000003b90240000,0x0000003b90340000] [id=24076]
  0x000001a7941384e0 WorkerThread "GC Thread#12" [stack: 0x0000003b90340000,0x0000003b90440000] [id=23804]
  0x000001a7d4d334c0 ConcurrentGCThread "G1 Main Marker" [stack: 0x0000003b8c200000,0x0000003b8c300000] [id=9164]
  0x000001a7d4d33db0 WorkerThread "G1 Conc#0" [stack: 0x0000003b8c300000,0x0000003b8c400000] [id=25552]
  0x000001a7f7e77060 ConcurrentGCThread "G1 Refine#0" [stack: 0x0000003b8c400000,0x0000003b8c500000] [id=3652]
  0x000001a78d048330 ConcurrentGCThread "G1 Refine#1" [stack: 0x0000003b90440000,0x0000003b90540000] [id=18524]
  0x000001a794155920 ConcurrentGCThread "G1 Refine#2" [stack: 0x0000003b90540000,0x0000003b90640000] [id=10412]
  0x000001a794153fd0 ConcurrentGCThread "G1 Refine#3" [stack: 0x0000003b90640000,0x0000003b90740000] [id=17416]
  0x000001a794154840 ConcurrentGCThread "G1 Refine#4" [stack: 0x0000003b8d500000,0x0000003b8d600000] [id=21856]
  0x000001a794156460 ConcurrentGCThread "G1 Refine#5" [stack: 0x0000003b8d900000,0x0000003b8da00000] [id=12732]
  0x000001a7941542a0 ConcurrentGCThread "G1 Refine#6" [stack: 0x0000003b90040000,0x0000003b90140000] [id=24636]
  0x000001a7f7e77970 ConcurrentGCThread "G1 Service" [stack: 0x0000003b8c500000,0x0000003b8c600000] [id=23208]

Threads with active compile tasks:

VM state: not at safepoint (normal execution)

VM Mutex/Monitor currently owned by a thread: None

Heap address: 0x000000070bc00000, size: 3908 MB, Compressed Oops mode: Zero based, Oop shift amount: 3

CDS archive(s) mapped at: [0x0000000800000000-0x0000000800ba0000-0x0000000800ba0000), size 12189696, SharedBaseAddress: 0x0000000800000000, ArchiveRelocationMode: 0.
Compressed class space mapped at: 0x0000000800c00000-0x0000000840c00000, reserved size: 1073741824
Narrow klass base: 0x0000000800000000, Narrow klass shift: 0, Narrow klass range: 0x100000000

GC Precious Log:
 CardTable entry size: 512
 Card Set container configuration: InlinePtr #cards 4 size 8 Array Of Cards #cards 16 size 48 Howl #buckets 8 coarsen threshold 3686 Howl Bitmap #cards 512 size 80 coarsen threshold 460 Card regions per heap region 1 cards per card region 4096
 CPUs: 16 total, 16 available
 Memory: 15629M
 Large Page Support: Disabled
 NUMA Support: Disabled
 Compressed Oops: Enabled (Zero based)
 Heap Region Size: 2M
 Heap Min Capacity: 8M
 Heap Initial Capacity: 246M
 Heap Max Capacity: 3908M
 Pre-touch: Disabled
 Parallel Workers: 13
 Concurrent Workers: 3
 Concurrent Refinement Workers: 13
 Periodic GC: Disabled

Heap:
 garbage-first heap   total 450560K, used 313374K [0x000000070bc00000, 0x0000000800000000)
  region size 2048K, 105 young (215040K), 14 survivors (28672K)
 Metaspace       used 18475K, committed 18752K, reserved 1114112K
  class space    used 1664K, committed 1792K, reserved 1048576K

Heap Regions: E=young(eden), S=young(survivor), O=old, HS=humongous(starts), HC=humongous(continues), CS=collection set, F=free, OA=open archive, CA=closed archive, TAMS=top-at-mark-start (previous, next)
|   0|0x000000070bc00000, 0x000000070be00000, 0x000000070be00000|100%| O|  |TAMS 0x000000070bc00000, 0x000000070bc00000| Untracked 
|   1|0x000000070be00000, 0x000000070c000000, 0x000000070c000000|100%|HS|  |TAMS 0x000000070be00000, 0x000000070be00000| Complete 
|   2|0x000000070c000000, 0x000000070c200000, 0x000000070c200000|100%| O|  |TAMS 0x000000070c000000, 0x000000070c000000| Untracked 
|   3|0x000000070c200000, 0x000000070c400000, 0x000000070c400000|100%| O|  |TAMS 0x000000070c200000, 0x000000070c200000| Untracked 
|   4|0x000000070c400000, 0x000000070c600000, 0x000000070c600000|100%| O|  |TAMS 0x000000070c400000, 0x000000070c400000| Untracked 
|   5|0x000000070c600000, 0x000000070c800000, 0x000000070c800000|100%| O|  |TAMS 0x000000070c600000, 0x000000070c600000| Untracked 
|   6|0x000000070c800000, 0x000000070ca00000, 0x000000070ca00000|100%| O|  |TAMS 0x000000070c800000, 0x000000070c800000| Untracked 
|   7|0x000000070ca00000, 0x000000070cc00000, 0x000000070cc00000|100%| O|  |TAMS 0x000000070ca00000, 0x000000070ca00000| Untracked 
|   8|0x000000070cc00000, 0x000000070ce00000, 0x000000070ce00000|100%| O|  |TAMS 0x000000070cc00000, 0x000000070cc00000| Untracked 
|   9|0x000000070ce00000, 0x000000070d000000, 0x000000070d000000|100%| O|  |TAMS 0x000000070ce00000, 0x000000070ce00000| Untracked 
|  10|0x000000070d000000, 0x000000070d200000, 0x000000070d200000|100%| O|  |TAMS 0x000000070d000000, 0x000000070d000000| Untracked 
|  11|0x000000070d200000, 0x000000070d400000, 0x000000070d400000|100%| O|  |TAMS 0x000000070d200000, 0x000000070d200000| Untracked 
|  12|0x000000070d400000, 0x000000070d600000, 0x000000070d600000|100%|HS|  |TAMS 0x000000070d400000, 0x000000070d400000| Complete 
|  13|0x000000070d600000, 0x000000070d800000, 0x000000070d800000|100%|HC|  |TAMS 0x000000070d600000, 0x000000070d600000| Complete 
|  14|0x000000070d800000, 0x000000070da00000, 0x000000070da00000|100%|HS|  |TAMS 0x000000070d800000, 0x000000070d800000| Complete 
|  15|0x000000070da00000, 0x000000070dc00000, 0x000000070dc00000|100%|HC|  |TAMS 0x000000070da00000, 0x000000070da00000| Complete 
|  16|0x000000070dc00000, 0x000000070de00000, 0x000000070de00000|100%| O|  |TAMS 0x000000070dc00000, 0x000000070dc00000| Untracked 
|  17|0x000000070de00000, 0x000000070e000000, 0x000000070e000000|100%| O|  |TAMS 0x000000070de00000, 0x000000070de00000| Untracked 
|  18|0x000000070e000000, 0x000000070e200000, 0x000000070e200000|100%| O|  |TAMS 0x000000070e000000, 0x000000070e000000| Untracked 
|  19|0x000000070e200000, 0x000000070e400000, 0x000000070e400000|100%| O|  |TAMS 0x000000070e200000, 0x000000070e200000| Untracked 
|  20|0x000000070e400000, 0x000000070e600000, 0x000000070e600000|100%| O|  |TAMS 0x000000070e400000, 0x000000070e400000| Untracked 
|  21|0x000000070e600000, 0x000000070e800000, 0x000000070e800000|100%| O|  |TAMS 0x000000070e600000, 0x000000070e600000| Untracked 
|  22|0x000000070e800000, 0x000000070ea00000, 0x000000070ea00000|100%| O|  |TAMS 0x000000070e800000, 0x000000070e800000| Untracked 
|  23|0x000000070ea00000, 0x000000070ec00000, 0x000000070ec00000|100%| O|  |TAMS 0x000000070ea00000, 0x000000070ea00000| Untracked 
|  24|0x000000070ec00000, 0x000000070ee00000, 0x000000070ee00000|100%| O|  |TAMS 0x000000070ec00000, 0x000000070ec00000| Untracked 
|  25|0x000000070ee00000, 0x000000070f000000, 0x000000070f000000|100%| O|  |TAMS 0x000000070ee00000, 0x000000070ee00000| Untracked 
|  26|0x000000070f000000, 0x000000070f200000, 0x000000070f200000|100%| O|  |TAMS 0x000000070f000000, 0x000000070f000000| Untracked 
|  27|0x000000070f200000, 0x000000070f400000, 0x000000070f400000|100%| O|  |TAMS 0x000000070f200000, 0x000000070f200000| Untracked 
|  28|0x000000070f400000, 0x000000070f600000, 0x000000070f600000|100%| O|  |TAMS 0x000000070f400000, 0x000000070f400000| Untracked 
|  29|0x000000070f600000, 0x000000070f800000, 0x000000070f800000|100%| O|  |TAMS 0x000000070f600000, 0x000000070f600000| Untracked 
|  30|0x000000070f800000, 0x000000070fa00000, 0x000000070fa00000|100%| O|  |TAMS 0x000000070f800000, 0x000000070f800000| Untracked 
|  31|0x000000070fa00000, 0x000000070fc00000, 0x000000070fc00000|100%| O|  |TAMS 0x000000070fa00000, 0x000000070fa00000| Untracked 
|  32|0x000000070fc00000, 0x000000070fe00000, 0x000000070fe00000|100%| O|  |TAMS 0x000000070fc00000, 0x000000070fc00000| Untracked 
|  33|0x000000070fe00000, 0x0000000710000000, 0x0000000710000000|100%| O|  |TAMS 0x000000070fe00000, 0x000000070fe00000| Untracked 
|  34|0x0000000710000000, 0x0000000710200000, 0x0000000710200000|100%| O|  |TAMS 0x0000000710000000, 0x0000000710000000| Untracked 
|  35|0x0000000710200000, 0x0000000710400000, 0x0000000710400000|100%| O|  |TAMS 0x0000000710200000, 0x0000000710200000| Untracked 
|  36|0x0000000710400000, 0x00000007105ca600, 0x0000000710600000| 89%| O|  |TAMS 0x0000000710400000, 0x0000000710400000| Untracked 
|  37|0x0000000710600000, 0x0000000710800000, 0x0000000710800000|100%|HS|  |TAMS 0x0000000710600000, 0x0000000710600000| Complete 
|  38|0x0000000710800000, 0x0000000710a00000, 0x0000000710a00000|100%|HS|  |TAMS 0x0000000710800000, 0x0000000710800000| Complete 
|  39|0x0000000710a00000, 0x0000000710c00000, 0x0000000710c00000|100%|HC|  |TAMS 0x0000000710a00000, 0x0000000710a00000| Complete 
|  40|0x0000000710c00000, 0x0000000710e00000, 0x0000000710e00000|100%|HS|  |TAMS 0x0000000710c00000, 0x0000000710c00000| Complete 
|  41|0x0000000710e00000, 0x0000000711000000, 0x0000000711000000|100%|HC|  |TAMS 0x0000000710e00000, 0x0000000710e00000| Complete 
|  42|0x0000000711000000, 0x0000000711200000, 0x0000000711200000|100%|HS|  |TAMS 0x0000000711000000, 0x0000000711000000| Complete 
|  43|0x0000000711200000, 0x0000000711400000, 0x0000000711400000|100%|HS|  |TAMS 0x0000000711200000, 0x0000000711200000| Complete 
|  44|0x0000000711400000, 0x0000000711600000, 0x0000000711600000|100%|HS|  |TAMS 0x0000000711400000, 0x0000000711400000| Complete 
|  45|0x0000000711600000, 0x0000000711800000, 0x0000000711800000|100%|HS|  |TAMS 0x0000000711600000, 0x0000000711600000| Complete 
|  46|0x0000000711800000, 0x0000000711a00000, 0x0000000711a00000|100%|HC|  |TAMS 0x0000000711800000, 0x0000000711800000| Complete 
|  47|0x0000000711a00000, 0x0000000711c00000, 0x0000000711c00000|100%|HS|  |TAMS 0x0000000711a00000, 0x0000000711a00000| Complete 
|  48|0x0000000711c00000, 0x0000000711e00000, 0x0000000711e00000|100%|HC|  |TAMS 0x0000000711c00000, 0x0000000711c00000| Complete 
|  49|0x0000000711e00000, 0x0000000712000000, 0x0000000712000000|100%|HS|  |TAMS 0x0000000711e00000, 0x0000000711e00000| Complete 
|  50|0x0000000712000000, 0x0000000712200000, 0x0000000712200000|100%|HC|  |TAMS 0x0000000712000000, 0x0000000712000000| Complete 
|  51|0x0000000712200000, 0x0000000712200000, 0x0000000712400000|  0%| F|  |TAMS 0x0000000712200000, 0x0000000712200000| Untracked 
|  52|0x0000000712400000, 0x0000000712400000, 0x0000000712600000|  0%| F|  |TAMS 0x0000000712400000, 0x0000000712400000| Untracked 
|  53|0x0000000712600000, 0x0000000712600000, 0x0000000712800000|  0%| F|  |TAMS 0x0000000712600000, 0x0000000712600000| Untracked 
|  54|0x0000000712800000, 0x0000000712800000, 0x0000000712a00000|  0%| F|  |TAMS 0x0000000712800000, 0x0000000712800000| Untracked 
|  55|0x0000000712a00000, 0x0000000712a00000, 0x0000000712c00000|  0%| F|  |TAMS 0x0000000712a00000, 0x0000000712a00000| Untracked 
|  56|0x0000000712c00000, 0x0000000712c00000, 0x0000000712e00000|  0%| F|  |TAMS 0x0000000712c00000, 0x0000000712c00000| Untracked 
|  57|0x0000000712e00000, 0x0000000712e00000, 0x0000000713000000|  0%| F|  |TAMS 0x0000000712e00000, 0x0000000712e00000| Untracked 
|  58|0x0000000713000000, 0x0000000713000000, 0x0000000713200000|  0%| F|  |TAMS 0x0000000713000000, 0x0000000713000000| Untracked 
|  59|0x0000000713200000, 0x0000000713200000, 0x0000000713400000|  0%| F|  |TAMS 0x0000000713200000, 0x0000000713200000| Untracked 
|  60|0x0000000713400000, 0x0000000713400000, 0x0000000713600000|  0%| F|  |TAMS 0x0000000713400000, 0x0000000713400000| Untracked 
|  61|0x0000000713600000, 0x0000000713600000, 0x0000000713800000|  0%| F|  |TAMS 0x0000000713600000, 0x0000000713600000| Untracked 
|  62|0x0000000713800000, 0x0000000713800000, 0x0000000713a00000|  0%| F|  |TAMS 0x0000000713800000, 0x0000000713800000| Untracked 
|  63|0x0000000713a00000, 0x0000000713a00000, 0x0000000713c00000|  0%| F|  |TAMS 0x0000000713a00000, 0x0000000713a00000| Untracked 
|  64|0x0000000713c00000, 0x0000000713c00000, 0x0000000713e00000|  0%| F|  |TAMS 0x0000000713c00000, 0x0000000713c00000| Untracked 
|  65|0x0000000713e00000, 0x0000000713e00000, 0x0000000714000000|  0%| F|  |TAMS 0x0000000713e00000, 0x0000000713e00000| Untracked 
|  66|0x0000000714000000, 0x0000000714000000, 0x0000000714200000|  0%| F|  |TAMS 0x0000000714000000, 0x0000000714000000| Untracked 
|  67|0x0000000714200000, 0x0000000714200000, 0x0000000714400000|  0%| F|  |TAMS 0x0000000714200000, 0x0000000714200000| Untracked 
|  68|0x0000000714400000, 0x0000000714400000, 0x0000000714600000|  0%| F|  |TAMS 0x0000000714400000, 0x0000000714400000| Untracked 
|  69|0x0000000714600000, 0x0000000714600000, 0x0000000714800000|  0%| F|  |TAMS 0x0000000714600000, 0x0000000714600000| Untracked 
|  70|0x0000000714800000, 0x0000000714800000, 0x0000000714a00000|  0%| F|  |TAMS 0x0000000714800000, 0x0000000714800000| Untracked 
|  71|0x0000000714a00000, 0x0000000714a00000, 0x0000000714c00000|  0%| F|  |TAMS 0x0000000714a00000, 0x0000000714a00000| Untracked 
|  72|0x0000000714c00000, 0x0000000714c00000, 0x0000000714e00000|  0%| F|  |TAMS 0x0000000714c00000, 0x0000000714c00000| Untracked 
|  73|0x0000000714e00000, 0x0000000714e00000, 0x0000000715000000|  0%| F|  |TAMS 0x0000000714e00000, 0x0000000714e00000| Untracked 
|  74|0x0000000715000000, 0x000000071503d420, 0x0000000715200000| 11%| S|CS|TAMS 0x0000000715000000, 0x0000000715000000| Complete 
|  75|0x0000000715200000, 0x0000000715400000, 0x0000000715400000|100%| S|CS|TAMS 0x0000000715200000, 0x0000000715200000| Complete 
|  76|0x0000000715400000, 0x0000000715600000, 0x0000000715600000|100%| S|CS|TAMS 0x0000000715400000, 0x0000000715400000| Complete 
|  77|0x0000000715600000, 0x0000000715800000, 0x0000000715800000|100%| S|CS|TAMS 0x0000000715600000, 0x0000000715600000| Complete 
|  78|0x0000000715800000, 0x0000000715a00000, 0x0000000715a00000|100%| S|CS|TAMS 0x0000000715800000, 0x0000000715800000| Complete 
|  79|0x0000000715a00000, 0x0000000715c00000, 0x0000000715c00000|100%| S|CS|TAMS 0x0000000715a00000, 0x0000000715a00000| Complete 
|  80|0x0000000715c00000, 0x0000000715e00000, 0x0000000715e00000|100%| S|CS|TAMS 0x0000000715c00000, 0x0000000715c00000| Complete 
|  81|0x0000000715e00000, 0x0000000716000000, 0x0000000716000000|100%| S|CS|TAMS 0x0000000715e00000, 0x0000000715e00000| Complete 
|  82|0x0000000716000000, 0x0000000716000000, 0x0000000716200000|  0%| F|  |TAMS 0x0000000716000000, 0x0000000716000000| Untracked 
|  83|0x0000000716200000, 0x0000000716200000, 0x0000000716400000|  0%| F|  |TAMS 0x0000000716200000, 0x0000000716200000| Untracked 
|  84|0x0000000716400000, 0x0000000716400000, 0x0000000716600000|  0%| F|  |TAMS 0x0000000716400000, 0x0000000716400000| Untracked 
|  85|0x0000000716600000, 0x0000000716600000, 0x0000000716800000|  0%| F|  |TAMS 0x0000000716600000, 0x0000000716600000| Untracked 
|  86|0x0000000716800000, 0x0000000716800000, 0x0000000716a00000|  0%| F|  |TAMS 0x0000000716800000, 0x0000000716800000| Untracked 
|  87|0x0000000716a00000, 0x0000000716a00000, 0x0000000716c00000|  0%| F|  |TAMS 0x0000000716a00000, 0x0000000716a00000| Untracked 
|  88|0x0000000716c00000, 0x0000000716c00000, 0x0000000716e00000|  0%| F|  |TAMS 0x0000000716c00000, 0x0000000716c00000| Untracked 
|  89|0x0000000716e00000, 0x0000000716e00000, 0x0000000717000000|  0%| F|  |TAMS 0x0000000716e00000, 0x0000000716e00000| Untracked 
|  90|0x0000000717000000, 0x0000000717000000, 0x0000000717200000|  0%| F|  |TAMS 0x0000000717000000, 0x0000000717000000| Untracked 
|  91|0x0000000717200000, 0x0000000717400000, 0x0000000717400000|100%| S|CS|TAMS 0x0000000717200000, 0x0000000717200000| Complete 
|  92|0x0000000717400000, 0x0000000717600000, 0x0000000717600000|100%| S|CS|TAMS 0x0000000717400000, 0x0000000717400000| Complete 
|  93|0x0000000717600000, 0x0000000717800000, 0x0000000717800000|100%| S|CS|TAMS 0x0000000717600000, 0x0000000717600000| Complete 
|  94|0x0000000717800000, 0x0000000717a00000, 0x0000000717a00000|100%| S|CS|TAMS 0x0000000717800000, 0x0000000717800000| Complete 
|  95|0x0000000717a00000, 0x0000000717c00000, 0x0000000717c00000|100%| S|CS|TAMS 0x0000000717a00000, 0x0000000717a00000| Complete 
|  96|0x0000000717c00000, 0x0000000717e00000, 0x0000000717e00000|100%| S|CS|TAMS 0x0000000717c00000, 0x0000000717c00000| Complete 
|  97|0x0000000717e00000, 0x0000000717e00000, 0x0000000718000000|  0%| F|  |TAMS 0x0000000717e00000, 0x0000000717e00000| Untracked 
|  98|0x0000000718000000, 0x0000000718000000, 0x0000000718200000|  0%| F|  |TAMS 0x0000000718000000, 0x0000000718000000| Untracked 
|  99|0x0000000718200000, 0x0000000718200000, 0x0000000718400000|  0%| F|  |TAMS 0x0000000718200000, 0x0000000718200000| Untracked 
| 100|0x0000000718400000, 0x0000000718400000, 0x0000000718600000|  0%| F|  |TAMS 0x0000000718400000, 0x0000000718400000| Untracked 
| 101|0x0000000718600000, 0x0000000718600000, 0x0000000718800000|  0%| F|  |TAMS 0x0000000718600000, 0x0000000718600000| Untracked 
| 102|0x0000000718800000, 0x0000000718800000, 0x0000000718a00000|  0%| F|  |TAMS 0x0000000718800000, 0x0000000718800000| Untracked 
| 103|0x0000000718a00000, 0x0000000718a00000, 0x0000000718c00000|  0%| F|  |TAMS 0x0000000718a00000, 0x0000000718a00000| Untracked 
| 104|0x0000000718c00000, 0x0000000718c00000, 0x0000000718e00000|  0%| F|  |TAMS 0x0000000718c00000, 0x0000000718c00000| Untracked 
| 105|0x0000000718e00000, 0x0000000718e00000, 0x0000000719000000|  0%| F|  |TAMS 0x0000000718e00000, 0x0000000718e00000| Untracked 
| 106|0x0000000719000000, 0x0000000719000000, 0x0000000719200000|  0%| F|  |TAMS 0x0000000719000000, 0x0000000719000000| Untracked 
| 107|0x0000000719200000, 0x0000000719200000, 0x0000000719400000|  0%| F|  |TAMS 0x0000000719200000, 0x0000000719200000| Untracked 
| 108|0x0000000719400000, 0x0000000719400000, 0x0000000719600000|  0%| F|  |TAMS 0x0000000719400000, 0x0000000719400000| Untracked 
| 109|0x0000000719600000, 0x0000000719600000, 0x0000000719800000|  0%| F|  |TAMS 0x0000000719600000, 0x0000000719600000| Untracked 
| 110|0x0000000719800000, 0x0000000719800000, 0x0000000719a00000|  0%| F|  |TAMS 0x0000000719800000, 0x0000000719800000| Untracked 
| 111|0x0000000719a00000, 0x0000000719a00000, 0x0000000719c00000|  0%| F|  |TAMS 0x0000000719a00000, 0x0000000719a00000| Untracked 
| 112|0x0000000719c00000, 0x0000000719c00000, 0x0000000719e00000|  0%| F|  |TAMS 0x0000000719c00000, 0x0000000719c00000| Untracked 
| 113|0x0000000719e00000, 0x0000000719e00000, 0x000000071a000000|  0%| F|  |TAMS 0x0000000719e00000, 0x0000000719e00000| Untracked 
| 114|0x000000071a000000, 0x000000071a000000, 0x000000071a200000|  0%| F|  |TAMS 0x000000071a000000, 0x000000071a000000| Untracked 
| 115|0x000000071a200000, 0x000000071a200000, 0x000000071a400000|  0%| F|  |TAMS 0x000000071a200000, 0x000000071a200000| Untracked 
| 116|0x000000071a400000, 0x000000071a400000, 0x000000071a600000|  0%| F|  |TAMS 0x000000071a400000, 0x000000071a400000| Untracked 
| 117|0x000000071a600000, 0x000000071a600000, 0x000000071a800000|  0%| F|  |TAMS 0x000000071a600000, 0x000000071a600000| Untracked 
| 118|0x000000071a800000, 0x000000071a800000, 0x000000071aa00000|  0%| F|  |TAMS 0x000000071a800000, 0x000000071a800000| Untracked 
| 119|0x000000071aa00000, 0x000000071aa00000, 0x000000071ac00000|  0%| F|  |TAMS 0x000000071aa00000, 0x000000071aa00000| Untracked 
| 120|0x000000071ac00000, 0x000000071ac00000, 0x000000071ae00000|  0%| F|  |TAMS 0x000000071ac00000, 0x000000071ac00000| Untracked 
| 121|0x000000071ae00000, 0x000000071ae00000, 0x000000071b000000|  0%| F|  |TAMS 0x000000071ae00000, 0x000000071ae00000| Untracked 
| 122|0x000000071b000000, 0x000000071b000000, 0x000000071b200000|  0%| F|  |TAMS 0x000000071b000000, 0x000000071b000000| Untracked 
| 123|0x000000071b200000, 0x000000071b200000, 0x000000071b400000|  0%| F|  |TAMS 0x000000071b200000, 0x000000071b200000| Untracked 
| 124|0x000000071b400000, 0x000000071b400000, 0x000000071b600000|  0%| F|  |TAMS 0x000000071b400000, 0x000000071b400000| Untracked 
| 125|0x000000071b600000, 0x000000071b600000, 0x000000071b800000|  0%| F|  |TAMS 0x000000071b600000, 0x000000071b600000| Untracked 
| 126|0x000000071b800000, 0x000000071b800000, 0x000000071ba00000|  0%| F|  |TAMS 0x000000071b800000, 0x000000071b800000| Untracked 
| 127|0x000000071ba00000, 0x000000071ba00000, 0x000000071bc00000|  0%| F|  |TAMS 0x000000071ba00000, 0x000000071ba00000| Untracked 
| 128|0x000000071bc00000, 0x000000071bc00000, 0x000000071be00000|  0%| F|  |TAMS 0x000000071bc00000, 0x000000071bc00000| Untracked 
| 129|0x000000071be00000, 0x000000071bf01910, 0x000000071c000000| 50%| E|  |TAMS 0x000000071be00000, 0x000000071be00000| Complete 
| 130|0x000000071c000000, 0x000000071c200000, 0x000000071c200000|100%| E|CS|TAMS 0x000000071c000000, 0x000000071c000000| Complete 
| 131|0x000000071c200000, 0x000000071c400000, 0x000000071c400000|100%| E|CS|TAMS 0x000000071c200000, 0x000000071c200000| Complete 
| 132|0x000000071c400000, 0x000000071c600000, 0x000000071c600000|100%| E|CS|TAMS 0x000000071c400000, 0x000000071c400000| Complete 
| 133|0x000000071c600000, 0x000000071c800000, 0x000000071c800000|100%| E|CS|TAMS 0x000000071c600000, 0x000000071c600000| Complete 
| 134|0x000000071c800000, 0x000000071ca00000, 0x000000071ca00000|100%| E|CS|TAMS 0x000000071c800000, 0x000000071c800000| Complete 
| 135|0x000000071ca00000, 0x000000071cc00000, 0x000000071cc00000|100%| E|CS|TAMS 0x000000071ca00000, 0x000000071ca00000| Complete 
| 136|0x000000071cc00000, 0x000000071ce00000, 0x000000071ce00000|100%| E|CS|TAMS 0x000000071cc00000, 0x000000071cc00000| Complete 
| 137|0x000000071ce00000, 0x000000071d000000, 0x000000071d000000|100%| E|CS|TAMS 0x000000071ce00000, 0x000000071ce00000| Complete 
| 138|0x000000071d000000, 0x000000071d200000, 0x000000071d200000|100%| E|CS|TAMS 0x000000071d000000, 0x000000071d000000| Complete 
| 139|0x000000071d200000, 0x000000071d400000, 0x000000071d400000|100%| E|CS|TAMS 0x000000071d200000, 0x000000071d200000| Complete 
| 140|0x000000071d400000, 0x000000071d600000, 0x000000071d600000|100%| E|CS|TAMS 0x000000071d400000, 0x000000071d400000| Complete 
| 141|0x000000071d600000, 0x000000071d800000, 0x000000071d800000|100%| E|CS|TAMS 0x000000071d600000, 0x000000071d600000| Complete 
| 142|0x000000071d800000, 0x000000071da00000, 0x000000071da00000|100%| E|CS|TAMS 0x000000071d800000, 0x000000071d800000| Complete 
| 143|0x000000071da00000, 0x000000071dc00000, 0x000000071dc00000|100%| E|CS|TAMS 0x000000071da00000, 0x000000071da00000| Complete 
| 144|0x000000071dc00000, 0x000000071de00000, 0x000000071de00000|100%| E|CS|TAMS 0x000000071dc00000, 0x000000071dc00000| Complete 
| 145|0x000000071de00000, 0x000000071e000000, 0x000000071e000000|100%| E|CS|TAMS 0x000000071de00000, 0x000000071de00000| Complete 
| 146|0x000000071e000000, 0x000000071e200000, 0x000000071e200000|100%| E|CS|TAMS 0x000000071e000000, 0x000000071e000000| Complete 
| 147|0x000000071e200000, 0x000000071e400000, 0x000000071e400000|100%| E|CS|TAMS 0x000000071e200000, 0x000000071e200000| Complete 
| 148|0x000000071e400000, 0x000000071e600000, 0x000000071e600000|100%| E|CS|TAMS 0x000000071e400000, 0x000000071e400000| Complete 
| 149|0x000000071e600000, 0x000000071e800000, 0x000000071e800000|100%| E|  |TAMS 0x000000071e600000, 0x000000071e600000| Complete 
| 150|0x000000071e800000, 0x000000071ea00000, 0x000000071ea00000|100%| E|CS|TAMS 0x000000071e800000, 0x000000071e800000| Complete 
| 151|0x000000071ea00000, 0x000000071ec00000, 0x000000071ec00000|100%| E|CS|TAMS 0x000000071ea00000, 0x000000071ea00000| Complete 
| 152|0x000000071ec00000, 0x000000071ee00000, 0x000000071ee00000|100%| E|CS|TAMS 0x000000071ec00000, 0x000000071ec00000| Complete 
| 153|0x000000071ee00000, 0x000000071f000000, 0x000000071f000000|100%| E|CS|TAMS 0x000000071ee00000, 0x000000071ee00000| Complete 
| 154|0x000000071f000000, 0x000000071f200000, 0x000000071f200000|100%| E|CS|TAMS 0x000000071f000000, 0x000000071f000000| Complete 
| 155|0x000000071f200000, 0x000000071f400000, 0x000000071f400000|100%| E|CS|TAMS 0x000000071f200000, 0x000000071f200000| Complete 
| 156|0x000000071f400000, 0x000000071f600000, 0x000000071f600000|100%| E|CS|TAMS 0x000000071f400000, 0x000000071f400000| Complete 
| 157|0x000000071f600000, 0x000000071f800000, 0x000000071f800000|100%| E|CS|TAMS 0x000000071f600000, 0x000000071f600000| Complete 
| 158|0x000000071f800000, 0x000000071fa00000, 0x000000071fa00000|100%| E|CS|TAMS 0x000000071f800000, 0x000000071f800000| Complete 
| 159|0x000000071fa00000, 0x000000071fc00000, 0x000000071fc00000|100%| E|CS|TAMS 0x000000071fa00000, 0x000000071fa00000| Complete 
| 160|0x000000071fc00000, 0x000000071fe00000, 0x000000071fe00000|100%| E|CS|TAMS 0x000000071fc00000, 0x000000071fc00000| Complete 
| 161|0x000000071fe00000, 0x0000000720000000, 0x0000000720000000|100%| E|CS|TAMS 0x000000071fe00000, 0x000000071fe00000| Complete 
| 162|0x0000000720000000, 0x0000000720200000, 0x0000000720200000|100%| E|CS|TAMS 0x0000000720000000, 0x0000000720000000| Complete 
| 163|0x0000000720200000, 0x0000000720400000, 0x0000000720400000|100%| E|CS|TAMS 0x0000000720200000, 0x0000000720200000| Complete 
| 164|0x0000000720400000, 0x0000000720600000, 0x0000000720600000|100%| E|CS|TAMS 0x0000000720400000, 0x0000000720400000| Complete 
| 165|0x0000000720600000, 0x0000000720800000, 0x0000000720800000|100%| E|CS|TAMS 0x0000000720600000, 0x0000000720600000| Complete 
| 166|0x0000000720800000, 0x0000000720a00000, 0x0000000720a00000|100%| E|CS|TAMS 0x0000000720800000, 0x0000000720800000| Complete 
| 167|0x0000000720a00000, 0x0000000720c00000, 0x0000000720c00000|100%| E|CS|TAMS 0x0000000720a00000, 0x0000000720a00000| Complete 
| 168|0x0000000720c00000, 0x0000000720e00000, 0x0000000720e00000|100%| E|CS|TAMS 0x0000000720c00000, 0x0000000720c00000| Complete 
| 169|0x0000000720e00000, 0x0000000721000000, 0x0000000721000000|100%| E|CS|TAMS 0x0000000720e00000, 0x0000000720e00000| Complete 
| 170|0x0000000721000000, 0x0000000721200000, 0x0000000721200000|100%| E|CS|TAMS 0x0000000721000000, 0x0000000721000000| Complete 
| 171|0x0000000721200000, 0x0000000721400000, 0x0000000721400000|100%| E|CS|TAMS 0x0000000721200000, 0x0000000721200000| Complete 
| 172|0x0000000721400000, 0x0000000721600000, 0x0000000721600000|100%| E|CS|TAMS 0x0000000721400000, 0x0000000721400000| Complete 
| 173|0x0000000721600000, 0x0000000721800000, 0x0000000721800000|100%| E|CS|TAMS 0x0000000721600000, 0x0000000721600000| Complete 
| 174|0x0000000721800000, 0x0000000721a00000, 0x0000000721a00000|100%| E|CS|TAMS 0x0000000721800000, 0x0000000721800000| Complete 
| 175|0x0000000721a00000, 0x0000000721c00000, 0x0000000721c00000|100%| E|CS|TAMS 0x0000000721a00000, 0x0000000721a00000| Complete 
| 176|0x0000000721c00000, 0x0000000721e00000, 0x0000000721e00000|100%| E|CS|TAMS 0x0000000721c00000, 0x0000000721c00000| Complete 
| 177|0x0000000721e00000, 0x0000000722000000, 0x0000000722000000|100%| E|CS|TAMS 0x0000000721e00000, 0x0000000721e00000| Complete 
| 178|0x0000000722000000, 0x0000000722200000, 0x0000000722200000|100%| E|CS|TAMS 0x0000000722000000, 0x0000000722000000| Complete 
| 179|0x0000000722200000, 0x0000000722400000, 0x0000000722400000|100%| E|CS|TAMS 0x0000000722200000, 0x0000000722200000| Complete 
| 180|0x0000000722400000, 0x0000000722600000, 0x0000000722600000|100%| E|CS|TAMS 0x0000000722400000, 0x0000000722400000| Complete 
| 181|0x0000000722600000, 0x0000000722800000, 0x0000000722800000|100%| E|CS|TAMS 0x0000000722600000, 0x0000000722600000| Complete 
| 182|0x0000000722800000, 0x0000000722a00000, 0x0000000722a00000|100%| E|CS|TAMS 0x0000000722800000, 0x0000000722800000| Complete 
| 183|0x0000000722a00000, 0x0000000722c00000, 0x0000000722c00000|100%| E|CS|TAMS 0x0000000722a00000, 0x0000000722a00000| Complete 
| 184|0x0000000722c00000, 0x0000000722e00000, 0x0000000722e00000|100%| E|CS|TAMS 0x0000000722c00000, 0x0000000722c00000| Complete 
| 185|0x0000000722e00000, 0x0000000723000000, 0x0000000723000000|100%| E|CS|TAMS 0x0000000722e00000, 0x0000000722e00000| Complete 
| 186|0x0000000723000000, 0x0000000723200000, 0x0000000723200000|100%| E|CS|TAMS 0x0000000723000000, 0x0000000723000000| Complete 
| 187|0x0000000723200000, 0x0000000723400000, 0x0000000723400000|100%| E|CS|TAMS 0x0000000723200000, 0x0000000723200000| Complete 
| 188|0x0000000723400000, 0x0000000723600000, 0x0000000723600000|100%| E|CS|TAMS 0x0000000723400000, 0x0000000723400000| Complete 
| 189|0x0000000723600000, 0x0000000723800000, 0x0000000723800000|100%| E|CS|TAMS 0x0000000723600000, 0x0000000723600000| Complete 
| 190|0x0000000723800000, 0x0000000723a00000, 0x0000000723a00000|100%| E|CS|TAMS 0x0000000723800000, 0x0000000723800000| Complete 
| 191|0x0000000723a00000, 0x0000000723c00000, 0x0000000723c00000|100%| E|CS|TAMS 0x0000000723a00000, 0x0000000723a00000| Complete 
| 192|0x0000000723c00000, 0x0000000723e00000, 0x0000000723e00000|100%| E|CS|TAMS 0x0000000723c00000, 0x0000000723c00000| Complete 
| 193|0x0000000723e00000, 0x0000000724000000, 0x0000000724000000|100%| E|CS|TAMS 0x0000000723e00000, 0x0000000723e00000| Complete 
| 194|0x0000000724000000, 0x0000000724200000, 0x0000000724200000|100%| E|CS|TAMS 0x0000000724000000, 0x0000000724000000| Complete 
| 195|0x0000000724200000, 0x0000000724400000, 0x0000000724400000|100%| E|CS|TAMS 0x0000000724200000, 0x0000000724200000| Complete 
| 196|0x0000000724400000, 0x0000000724600000, 0x0000000724600000|100%| E|CS|TAMS 0x0000000724400000, 0x0000000724400000| Complete 
| 197|0x0000000724600000, 0x0000000724800000, 0x0000000724800000|100%| E|CS|TAMS 0x0000000724600000, 0x0000000724600000| Complete 
| 198|0x0000000724800000, 0x0000000724a00000, 0x0000000724a00000|100%| E|CS|TAMS 0x0000000724800000, 0x0000000724800000| Complete 
| 199|0x0000000724a00000, 0x0000000724c00000, 0x0000000724c00000|100%| E|CS|TAMS 0x0000000724a00000, 0x0000000724a00000| Complete 
| 200|0x0000000724c00000, 0x0000000724e00000, 0x0000000724e00000|100%| E|CS|TAMS 0x0000000724c00000, 0x0000000724c00000| Complete 
| 201|0x0000000724e00000, 0x0000000725000000, 0x0000000725000000|100%| E|CS|TAMS 0x0000000724e00000, 0x0000000724e00000| Complete 
| 202|0x0000000725000000, 0x0000000725200000, 0x0000000725200000|100%| E|CS|TAMS 0x0000000725000000, 0x0000000725000000| Complete 
| 203|0x0000000725200000, 0x0000000725400000, 0x0000000725400000|100%| E|CS|TAMS 0x0000000725200000, 0x0000000725200000| Complete 
| 204|0x0000000725400000, 0x0000000725600000, 0x0000000725600000|100%| E|CS|TAMS 0x0000000725400000, 0x0000000725400000| Complete 
| 205|0x0000000725600000, 0x0000000725800000, 0x0000000725800000|100%| E|CS|TAMS 0x0000000725600000, 0x0000000725600000| Complete 
| 206|0x0000000725800000, 0x0000000725a00000, 0x0000000725a00000|100%| E|CS|TAMS 0x0000000725800000, 0x0000000725800000| Complete 
| 207|0x0000000725a00000, 0x0000000725c00000, 0x0000000725c00000|100%| E|CS|TAMS 0x0000000725a00000, 0x0000000725a00000| Complete 
| 208|0x0000000725c00000, 0x0000000725e00000, 0x0000000725e00000|100%| E|CS|TAMS 0x0000000725c00000, 0x0000000725c00000| Complete 
| 209|0x0000000725e00000, 0x0000000726000000, 0x0000000726000000|100%| E|CS|TAMS 0x0000000725e00000, 0x0000000725e00000| Complete 
| 210|0x0000000726000000, 0x0000000726200000, 0x0000000726200000|100%| E|CS|TAMS 0x0000000726000000, 0x0000000726000000| Complete 
| 211|0x0000000726200000, 0x0000000726400000, 0x0000000726400000|100%| E|CS|TAMS 0x0000000726200000, 0x0000000726200000| Complete 
| 212|0x0000000726400000, 0x0000000726600000, 0x0000000726600000|100%| E|CS|TAMS 0x0000000726400000, 0x0000000726400000| Complete 
| 213|0x0000000726600000, 0x0000000726800000, 0x0000000726800000|100%| E|CS|TAMS 0x0000000726600000, 0x0000000726600000| Complete 
| 214|0x0000000726800000, 0x0000000726a00000, 0x0000000726a00000|100%| E|CS|TAMS 0x0000000726800000, 0x0000000726800000| Complete 
| 215|0x0000000726a00000, 0x0000000726c00000, 0x0000000726c00000|100%| E|CS|TAMS 0x0000000726a00000, 0x0000000726a00000| Complete 
| 216|0x0000000726c00000, 0x0000000726e00000, 0x0000000726e00000|100%| E|CS|TAMS 0x0000000726c00000, 0x0000000726c00000| Complete 
| 217|0x0000000726e00000, 0x0000000727000000, 0x0000000727000000|100%| E|CS|TAMS 0x0000000726e00000, 0x0000000726e00000| Complete 
| 218|0x0000000727000000, 0x0000000727200000, 0x0000000727200000|100%| E|CS|TAMS 0x0000000727000000, 0x0000000727000000| Complete 
| 219|0x0000000727200000, 0x0000000727400000, 0x0000000727400000|100%| E|CS|TAMS 0x0000000727200000, 0x0000000727200000| Complete 

Card table byte_map: [0x000001a7ec620000,0x000001a7ecdd0000] _byte_map_base: 0x000001a7e8dc2000

Marking Bits (Prev, Next): (CMBitMap*) 0x000001a7d4d22e50, (CMBitMap*) 0x000001a7d4d22e90
 Prev Bits: [0x000001a7ed580000, 0x000001a7f1290000)
 Next Bits: [0x000001a7f1290000, 0x000001a7f4fa0000)

Polling page: 0x000001a7d2cb0000

Metaspace:

Usage:
  Non-class:     16.42 MB used.
      Class:      1.63 MB used.
       Both:     18.04 MB used.

Virtual space:
  Non-class space:       64.00 MB reserved,      16.56 MB ( 26%) committed,  1 nodes.
      Class space:        1.00 GB reserved,       1.75 MB ( <1%) committed,  1 nodes.
             Both:        1.06 GB reserved,      18.31 MB (  2%) committed. 

Chunk freelists:
   Non-Class:  2.92 MB
       Class:  2.08 MB
        Both:  5.00 MB

MaxMetaspaceSize: unlimited
CompressedClassSpaceSize: 1.00 GB
Initial GC threshold: 21.00 MB
Current GC threshold: 21.00 MB
CDS: on
MetaspaceReclaimPolicy: balanced
 - commit_granule_bytes: 65536.
 - commit_granule_words: 8192.
 - virtual_space_node_default_size: 8388608.
 - enlarge_chunks_in_place: 1.
 - new_chunks_are_fully_committed: 0.
 - uncommit_free_chunks: 1.
 - use_allocation_guard: 0.


Internal statistics:

num_allocs_failed_limit: 0.
num_arena_births: 210.
num_arena_deaths: 0.
num_vsnodes_births: 2.
num_vsnodes_deaths: 0.
num_space_committed: 291.
num_space_uncommitted: 0.
num_chunks_returned_to_freelist: 0.
num_chunks_taken_from_freelist: 498.
num_chunk_merges: 0.
num_chunk_splits: 316.
num_chunks_enlarged: 204.
num_inconsistent_stats: 0.

CodeHeap 'non-profiled nmethods': size=119168Kb used=1252Kb max_used=1252Kb free=117915Kb
 bounds [0x000001a7e4180000, 0x000001a7e43f0000, 0x000001a7eb5e0000]
CodeHeap 'profiled nmethods': size=119104Kb used=6893Kb max_used=6893Kb free=112210Kb
 bounds [0x000001a7dcd30000, 0x000001a7dd3f0000, 0x000001a7e4180000]
CodeHeap 'non-nmethods': size=7488Kb used=2503Kb max_used=3091Kb free=4984Kb
 bounds [0x000001a7dc5e0000, 0x000001a7dc8f0000, 0x000001a7dcd30000]
 total_blobs=4952 nmethods=3496 adapters=1367
 compilation: enabled
              stopped_count=0, restarted_count=0
 full_count=0

Compilation events (20 events):
Event: 15.207 Thread 0x000001a7fc4a1d40 nmethod 3488% 0x000001a7dd3e3f10 code [0x000001a7dd3e4100, 0x000001a7dd3e4758]
Event: 15.207 Thread 0x000001a7fc4a1d40 3487       3       java.util.regex.Pattern$Start::match (90 bytes)
Event: 15.207 Thread 0x000001a7fc4a1d40 nmethod 3487 0x000001a7dd3e4990 code [0x000001a7dd3e4b60, 0x000001a7dd3e4f68]
Event: 15.207 Thread 0x000001a7fc4a1d40 3491       3       java.util.regex.Pattern$Branch::study (162 bytes)
Event: 15.207 Thread 0x000001a7f7fec2c0 3492       4       java.util.regex.Pattern$BranchConn::study (5 bytes)
Event: 15.208 Thread 0x000001a7f7fef060 nmethod 3486 0x000001a7dd3e5110 code [0x000001a7dd3e5420, 0x000001a7dd3e6758]
Event: 15.208 Thread 0x000001a7f7fef060 3490       3       java.lang.StringLatin1::indexOfNonWhitespace (49 bytes)
Event: 15.208 Thread 0x000001a7fc4a1d40 nmethod 3491 0x000001a7dd3e7210 code [0x000001a7dd3e7400, 0x000001a7dd3e7af8]
Event: 15.208 Thread 0x000001a7fc4a1d40 3493       3       java.util.regex.Pattern::newSlice (181 bytes)
Event: 15.208 Thread 0x000001a7f7fec2c0 nmethod 3492 0x000001a7e42b8e10 code [0x000001a7e42b8f80, 0x000001a7e42b9018]
Event: 15.208 Thread 0x000001a7f7fef060 nmethod 3490 0x000001a7dd3e7e10 code [0x000001a7dd3e7fe0, 0x000001a7dd3e8438]
Event: 15.208 Thread 0x000001a7f7fef060 3489       3       java.lang.CharacterDataLatin1::isWhitespace (23 bytes)
Event: 15.208 Thread 0x000001a7f7fef060 nmethod 3489 0x000001a7dd3e8610 code [0x000001a7dd3e87c0, 0x000001a7dd3e89d8]
Event: 15.208 Thread 0x000001a7f7fef060 3494       3       java.util.regex.Pattern$Slice::<init> (6 bytes)
Event: 15.208 Thread 0x000001a7f7fef060 nmethod 3494 0x000001a7dd3e8b10 code [0x000001a7dd3e8cc0, 0x000001a7dd3e8fb8]
Event: 15.208 Thread 0x000001a7fc4a1d40 nmethod 3493 0x000001a7dd3e9110 code [0x000001a7dd3e9440, 0x000001a7dd3ea668]
Event: 15.208 Thread 0x000001a7f7fef060 3495       3       java.util.regex.Pattern$SliceNode::<init> (10 bytes)
Event: 15.208 Thread 0x000001a7fc4a1d40 3496       3       java.util.regex.Pattern$SliceNode::study (37 bytes)
Event: 15.209 Thread 0x000001a7f7fef060 nmethod 3495 0x000001a7dd3ead10 code [0x000001a7dd3eaec0, 0x000001a7dd3eb158]
Event: 15.209 Thread 0x000001a7fc4a1d40 nmethod 3496 0x000001a7dd3eb210 code [0x000001a7dd3eb3c0, 0x000001a7dd3eb5c8]

GC Heap History (18 events):
Event: 7.451 GC heap before
{Heap before GC invocations=0 (full 0):
 garbage-first heap   total 251904K, used 22528K [0x000000070bc00000, 0x0000000800000000)
  region size 2048K, 11 young (22528K), 0 survivors (0K)
 Metaspace       used 14255K, committed 14464K, reserved 1114112K
  class space    used 1523K, committed 1600K, reserved 1048576K
}
Event: 7.458 GC heap after
{Heap after GC invocations=1 (full 0):
 garbage-first heap   total 251904K, used 4200K [0x000000070bc00000, 0x0000000800000000)
  region size 2048K, 2 young (4096K), 2 survivors (4096K)
 Metaspace       used 14255K, committed 14464K, reserved 1114112K
  class space    used 1523K, committed 1600K, reserved 1048576K
}
Event: 7.680 GC heap before
{Heap before GC invocations=1 (full 0):
 garbage-first heap   total 251904K, used 32872K [0x000000070bc00000, 0x0000000800000000)
  region size 2048K, 16 young (32768K), 2 survivors (4096K)
 Metaspace       used 16154K, committed 16384K, reserved 1114112K
  class space    used 1580K, committed 1664K, reserved 1048576K
}
Event: 7.694 GC heap after
{Heap after GC invocations=2 (full 0):
 garbage-first heap   total 251904K, used 27288K [0x000000070bc00000, 0x0000000800000000)
  region size 2048K, 2 young (4096K), 2 survivors (4096K)
 Metaspace       used 16154K, committed 16384K, reserved 1114112K
  class space    used 1580K, committed 1664K, reserved 1048576K
}
Event: 7.838 GC heap before
{Heap before GC invocations=2 (full 0):
 garbage-first heap   total 251904K, used 94872K [0x000000070bc00000, 0x0000000800000000)
  region size 2048K, 31 young (63488K), 2 survivors (4096K)
 Metaspace       used 16199K, committed 16448K, reserved 1114112K
  class space    used 1580K, committed 1664K, reserved 1048576K
}
Event: 7.857 GC heap after
{Heap after GC invocations=3 (full 0):
 garbage-first heap   total 251904K, used 73144K [0x000000070bc00000, 0x0000000800000000)
  region size 2048K, 4 young (8192K), 4 survivors (8192K)
 Metaspace       used 16199K, committed 16448K, reserved 1114112K
  class space    used 1580K, committed 1664K, reserved 1048576K
}
Event: 7.925 GC heap before
{Heap before GC invocations=3 (full 0):
 garbage-first heap   total 251904K, used 114104K [0x000000070bc00000, 0x0000000800000000)
  region size 2048K, 24 young (49152K), 4 survivors (8192K)
 Metaspace       used 16199K, committed 16448K, reserved 1114112K
  class space    used 1580K, committed 1664K, reserved 1048576K
}
Event: 7.930 GC heap after
{Heap after GC invocations=4 (full 0):
 garbage-first heap   total 251904K, used 77265K [0x000000070bc00000, 0x0000000800000000)
  region size 2048K, 1 young (2048K), 1 survivors (2048K)
 Metaspace       used 16199K, committed 16448K, reserved 1114112K
  class space    used 1580K, committed 1664K, reserved 1048576K
}
Event: 7.979 GC heap before
{Heap before GC invocations=4 (full 0):
 garbage-first heap   total 251904K, used 130513K [0x000000070bc00000, 0x0000000800000000)
  region size 2048K, 28 young (57344K), 1 survivors (2048K)
 Metaspace       used 16204K, committed 16448K, reserved 1114112K
  class space    used 1580K, committed 1664K, reserved 1048576K
}
Event: 7.981 GC heap after
{Heap after GC invocations=5 (full 0):
 garbage-first heap   total 251904K, used 77920K [0x000000070bc00000, 0x0000000800000000)
  region size 2048K, 2 young (4096K), 2 survivors (4096K)
 Metaspace       used 16204K, committed 16448K, reserved 1114112K
  class space    used 1580K, committed 1664K, reserved 1048576K
}
Event: 8.058 GC heap before
{Heap before GC invocations=5 (full 0):
 garbage-first heap   total 251904K, used 141408K [0x000000070bc00000, 0x0000000800000000)
  region size 2048K, 33 young (67584K), 2 survivors (4096K)
 Metaspace       used 16208K, committed 16448K, reserved 1114112K
  class space    used 1581K, committed 1664K, reserved 1048576K
}
Event: 8.062 GC heap after
{Heap after GC invocations=6 (full 0):
 garbage-first heap   total 450560K, used 79302K [0x000000070bc00000, 0x0000000800000000)
  region size 2048K, 2 young (4096K), 2 survivors (4096K)
 Metaspace       used 16208K, committed 16448K, reserved 1114112K
  class space    used 1581K, committed 1664K, reserved 1048576K
}
Event: 8.487 GC heap before
{Heap before GC invocations=6 (full 0):
 garbage-first heap   total 450560K, used 333254K [0x000000070bc00000, 0x0000000800000000)
  region size 2048K, 126 young (258048K), 2 survivors (4096K)
 Metaspace       used 16211K, committed 16448K, reserved 1114112K
  class space    used 1582K, committed 1664K, reserved 1048576K
}
Event: 8.491 GC heap after
{Heap after GC invocations=7 (full 0):
 garbage-first heap   total 450560K, used 85669K [0x000000070bc00000, 0x0000000800000000)
  region size 2048K, 5 young (10240K), 5 survivors (10240K)
 Metaspace       used 16211K, committed 16448K, reserved 1114112K
  class space    used 1582K, committed 1664K, reserved 1048576K
}
Event: 8.665 GC heap before
{Heap before GC invocations=7 (full 0):
 garbage-first heap   total 450560K, used 339621K [0x000000070bc00000, 0x0000000800000000)
  region size 2048K, 129 young (264192K), 5 survivors (10240K)
 Metaspace       used 16245K, committed 16448K, reserved 1114112K
  class space    used 1584K, committed 1664K, reserved 1048576K
}
Event: 8.675 GC heap after
{Heap after GC invocations=8 (full 0):
 garbage-first heap   total 450560K, used 93356K [0x000000070bc00000, 0x0000000800000000)
  region size 2048K, 9 young (18432K), 9 survivors (18432K)
 Metaspace       used 16245K, committed 16448K, reserved 1114112K
  class space    used 1584K, committed 1664K, reserved 1048576K
}
Event: 8.858 GC heap before
{Heap before GC invocations=8 (full 0):
 garbage-first heap   total 450560K, used 351404K [0x000000070bc00000, 0x0000000800000000)
  region size 2048K, 132 young (270336K), 9 survivors (18432K)
 Metaspace       used 16245K, committed 16448K, reserved 1114112K
  class space    used 1584K, committed 1664K, reserved 1048576K
}
Event: 8.883 GC heap after
{Heap after GC invocations=9 (full 0):
 garbage-first heap   total 450560K, used 108574K [0x000000070bc00000, 0x0000000800000000)
  region size 2048K, 14 young (28672K), 14 survivors (28672K)
 Metaspace       used 16245K, committed 16448K, reserved 1114112K
  class space    used 1584K, committed 1664K, reserved 1048576K
}

Deoptimization events (20 events):
Event: 15.206 Thread 0x000001a7d4cb1f10 Uncommon trap: trap_request=0xffffffde fr.pc=0x000001a7e422e20c relative=0x00000000000005ac
Event: 15.206 Thread 0x000001a7d4cb1f10 Uncommon trap: reason=class_check action=maybe_recompile pc=0x000001a7e422e20c method=java.util.regex.Pattern$Start.match(Ljava/util/regex/Matcher;ILjava/lang/CharSequence;)Z @ 44 c2
Event: 15.206 Thread 0x000001a7d4cb1f10 DEOPT PACKING pc=0x000001a7e422e20c sp=0x0000003b8c0ff350
Event: 15.206 Thread 0x000001a7d4cb1f10 DEOPT UNPACKING pc=0x000001a7dc6323a3 sp=0x0000003b8c0ff228 mode 2
Event: 15.206 Thread 0x000001a7d4cb1f10 Uncommon trap: trap_request=0xffffff45 fr.pc=0x000001a7e422e300 relative=0x00000000000006a0
Event: 15.206 Thread 0x000001a7d4cb1f10 Uncommon trap: reason=unstable_if action=reinterpret pc=0x000001a7e422e300 method=java.util.regex.Pattern$Start.match(Ljava/util/regex/Matcher;ILjava/lang/CharSequence;)Z @ 10 c2
Event: 15.206 Thread 0x000001a7d4cb1f10 DEOPT PACKING pc=0x000001a7e422e300 sp=0x0000003b8c0ff350
Event: 15.206 Thread 0x000001a7d4cb1f10 DEOPT UNPACKING pc=0x000001a7dc6323a3 sp=0x0000003b8c0ff238 mode 2
Event: 15.206 Thread 0x000001a7d4cb1f10 Uncommon trap: trap_request=0xffffffde fr.pc=0x000001a7e422ac70 relative=0x0000000000000590
Event: 15.206 Thread 0x000001a7d4cb1f10 Uncommon trap: reason=class_check action=maybe_recompile pc=0x000001a7e422ac70 method=java.util.regex.Pattern$Start.match(Ljava/util/regex/Matcher;ILjava/lang/CharSequence;)Z @ 44 c2
Event: 15.206 Thread 0x000001a7d4cb1f10 DEOPT PACKING pc=0x000001a7e422ac70 sp=0x0000003b8c0ff2e0
Event: 15.206 Thread 0x000001a7d4cb1f10 DEOPT UNPACKING pc=0x000001a7dc6323a3 sp=0x0000003b8c0ff230 mode 2
Event: 15.206 Thread 0x000001a7d4cb1f10 Uncommon trap: trap_request=0xffffff45 fr.pc=0x000001a7e422ad24 relative=0x0000000000000644
Event: 15.206 Thread 0x000001a7d4cb1f10 Uncommon trap: reason=unstable_if action=reinterpret pc=0x000001a7e422ad24 method=java.util.regex.Pattern$Start.match(Ljava/util/regex/Matcher;ILjava/lang/CharSequence;)Z @ 10 c2
Event: 15.206 Thread 0x000001a7d4cb1f10 DEOPT PACKING pc=0x000001a7e422ad24 sp=0x0000003b8c0ff2e0
Event: 15.206 Thread 0x000001a7d4cb1f10 DEOPT UNPACKING pc=0x000001a7dc6323a3 sp=0x0000003b8c0ff240 mode 2
Event: 15.206 Thread 0x000001a7d4cb1f10 Uncommon trap: trap_request=0xffffffde fr.pc=0x000001a7e4229ff0 relative=0x0000000000000430
Event: 15.206 Thread 0x000001a7d4cb1f10 Uncommon trap: reason=class_check action=maybe_recompile pc=0x000001a7e4229ff0 method=java.util.regex.Pattern$Start.match(Ljava/util/regex/Matcher;ILjava/lang/CharSequence;)Z @ 44 c2
Event: 15.206 Thread 0x000001a7d4cb1f10 DEOPT PACKING pc=0x000001a7e4229ff0 sp=0x0000003b8c0ff260
Event: 15.206 Thread 0x000001a7d4cb1f10 DEOPT UNPACKING pc=0x000001a7dc6323a3 sp=0x0000003b8c0ff230 mode 2

Classes loaded (20 events):
Event: 9.062 Loading class java/util/stream/Node$OfDouble done
Event: 9.062 Loading class java/util/stream/Nodes$EmptyNode$OfDouble done
Event: 9.063 Loading class java/util/stream/Nodes$IntFixedNodeBuilder
Event: 9.063 Loading class java/util/stream/Node$Builder$OfInt
Event: 9.063 Loading class java/util/stream/Node$Builder
Event: 9.063 Loading class java/util/stream/Node$Builder done
Event: 9.063 Loading class java/util/stream/Node$Builder$OfInt done
Event: 9.063 Loading class java/util/stream/Nodes$IntArrayNode
Event: 9.063 Loading class java/util/stream/Nodes$IntArrayNode done
Event: 9.063 Loading class java/util/stream/Nodes$IntFixedNodeBuilder done
Event: 9.066 Loading class java/util/stream/ReferencePipeline$4$1
Event: 9.066 Loading class java/util/stream/ReferencePipeline$4$1 done
Event: 9.184 Loading class jdk/internal/math/FDBigInteger
Event: 9.184 Loading class jdk/internal/math/FDBigInteger done
Event: 9.227 Loading class java/lang/SecurityException
Event: 9.227 Loading class java/lang/SecurityException done
Event: 9.303 Loading class java/lang/NumberFormatException
Event: 9.303 Loading class java/lang/NumberFormatException done
Event: 10.554 Loading class javax/swing/plaf/basic/BasicPopupMenuUI$MouseGrabber$2
Event: 10.554 Loading class javax/swing/plaf/basic/BasicPopupMenuUI$MouseGrabber$2 done

Classes unloaded (0 events):
No events

Classes redefined (0 events):
No events

Internal exceptions (20 events):
Event: 7.032 Thread 0x000001a7d4cb1f10 Exception <a 'java/lang/NoSuchMethodError'{0x0000000719fc6fa8}: 'java.lang.Object java.lang.invoke.Invokers$Holder.linkToTargetMethod(java.lang.Object, long, java.lang.Object)'> (0x0000000719fc6fa8) 
thrown [s\open\src\hotspot\share\interpreter\linkResolver.cpp, line 759]
Event: 7.033 Thread 0x000001a7d4cb1f10 Exception <a 'java/lang/NoSuchMethodError'{0x0000000719fce458}: 'int java.lang.invoke.DirectMethodHandle$Holder.invokeStaticInit(java.lang.Object, java.lang.Object, java.lang.Object, long)'> (0x0000000719fce458) 
thrown [s\open\src\hotspot\share\interpreter\linkResolver.cpp, line 759]
Event: 7.055 Thread 0x000001a7d4cb1f10 Exception <a 'java/lang/NoSuchMethodError'{0x0000000719c4d1d8}: 'void java.lang.System.load(java.lang.String, java.lang.Class)'> (0x0000000719c4d1d8) 
thrown [s\open\src\hotspot\share\interpreter\linkResolver.cpp, line 759]
Event: 7.056 Thread 0x000001a7d4cb1f10 Exception <a 'java/lang/NoSuchMethodError'{0x0000000719c50070}: 'void java.lang.System.loadLibrary(java.lang.String, java.lang.Class)'> (0x0000000719c50070) 
thrown [s\open\src\hotspot\share\interpreter\linkResolver.cpp, line 759]
Event: 7.063 Thread 0x000001a7d4cb1f10 Exception <a 'sun/nio/fs/WindowsException'{0x0000000719c60168}> (0x0000000719c60168) 
thrown [s\open\src\hotspot\share\prims\jni.cpp, line 516]
Event: 7.063 Thread 0x000001a7d4cb1f10 Exception <a 'sun/nio/fs/WindowsException'{0x0000000719c604f8}> (0x0000000719c604f8) 
thrown [s\open\src\hotspot\share\prims\jni.cpp, line 516]
Event: 7.390 Thread 0x000001a7d4cb1f10 Exception <a 'sun/nio/fs/WindowsException'{0x0000000719d730c0}> (0x0000000719d730c0) 
thrown [s\open\src\hotspot\share\prims\jni.cpp, line 516]
Event: 7.390 Thread 0x000001a7d4cb1f10 Exception <a 'sun/nio/fs/WindowsException'{0x0000000719d73450}> (0x0000000719d73450) 
thrown [s\open\src\hotspot\share\prims\jni.cpp, line 516]
Event: 7.432 Thread 0x000001a7d4cb1f10 Exception <a 'java/lang/NoSuchMethodError'{0x0000000719da2a00}: 'java.lang.Object java.lang.invoke.DirectMethodHandle$Holder.newInvokeSpecial(java.lang.Object, long)'> (0x0000000719da2a00) 
thrown [s\open\src\hotspot\share\interpreter\linkResolver.cpp, line 759]
Event: 7.440 Thread 0x000001a7d4cb1f10 Exception <a 'java/lang/NoSuchMethodError'{0x0000000719dda490}: 'void java.lang.System.load(java.lang.String, java.lang.Class)'> (0x0000000719dda490) 
thrown [s\open\src\hotspot\share\interpreter\linkResolver.cpp, line 759]
Event: 7.440 Thread 0x000001a7d4cb1f10 Exception <a 'java/lang/NoSuchMethodError'{0x0000000719ddd328}: 'void java.lang.System.loadLibrary(java.lang.String, java.lang.Class)'> (0x0000000719ddd328) 
thrown [s\open\src\hotspot\share\interpreter\linkResolver.cpp, line 759]
Event: 7.445 Thread 0x000001a7d4cb1f10 Exception <a 'sun/nio/fs/WindowsException'{0x0000000719ded488}> (0x0000000719ded488) 
thrown [s\open\src\hotspot\share\prims\jni.cpp, line 516]
Event: 7.446 Thread 0x000001a7d4cb1f10 Exception <a 'sun/nio/fs/WindowsException'{0x0000000719ded848}> (0x0000000719ded848) 
thrown [s\open\src\hotspot\share\prims\jni.cpp, line 516]
Event: 7.449 Thread 0x000001a7d4cb1f10 Exception <a 'sun/nio/fs/WindowsException'{0x0000000719df30c0}> (0x0000000719df30c0) 
thrown [s\open\src\hotspot\share\prims\jni.cpp, line 516]
Event: 7.449 Thread 0x000001a7d4cb1f10 Exception <a 'sun/nio/fs/WindowsException'{0x0000000719df33b8}> (0x0000000719df33b8) 
thrown [s\open\src\hotspot\share\prims\jni.cpp, line 516]
Event: 7.513 Thread 0x000001a7d4cb1f10 Exception <a 'sun/nio/fs/WindowsException'{0x000000071ae87238}> (0x000000071ae87238) 
thrown [s\open\src\hotspot\share\prims\jni.cpp, line 516]
Event: 7.621 Thread 0x000001a7d4cb1f10 Exception <a 'java/lang/NoSuchMethodError'{0x000000071acd89e0}: 'void java.lang.invoke.DirectMethodHandle$Holder.invokeStatic(java.lang.Object, long)'> (0x000000071acd89e0) 
thrown [s\open\src\hotspot\share\interpreter\linkResolver.cpp, line 759]
Event: 9.178 Thread 0x000001a7d4cb1f10 Exception <a 'java/lang/NoSuchMethodError'{0x000000071d29f760}: 'void java.lang.invoke.DirectMethodHandle$Holder.invokeSpecial(java.lang.Object, java.lang.Object, long, double, double)'> (0x000000071d29f760) 
thrown [s\open\src\hotspot\share\interpreter\linkResolver.cpp, line 759]
Event: 9.180 Thread 0x000001a7d4cb1f10 Exception <a 'java/lang/NoSuchMethodError'{0x000000071d2a9258}: 'void java.lang.invoke.DirectMethodHandle$Holder.invokeSpecial(java.lang.Object, java.lang.Object, long, int)'> (0x000000071d2a9258) 
thrown [s\open\src\hotspot\share\interpreter\linkResolver.cpp, line 759]
Event: 9.180 Thread 0x000001a7d4cb1f10 Exception <a 'java/lang/NoSuchMethodError'{0x000000071d2aeda0}: 'void java.lang.invoke.DirectMethodHandle$Holder.invokeSpecial(java.lang.Object, java.lang.Object, long, int, int, int)'> (0x000000071d2aeda0) 
thrown [s\open\src\hotspot\share\interpreter\linkResolver.cpp, line 759]

VM Operations (20 events):
Event: 8.058 Executing VM operation: G1CollectForAllocation
Event: 8.062 Executing VM operation: G1CollectForAllocation done
Event: 8.487 Executing VM operation: G1CollectForAllocation
Event: 8.491 Executing VM operation: G1CollectForAllocation done
Event: 8.665 Executing VM operation: G1CollectForAllocation
Event: 8.675 Executing VM operation: G1CollectForAllocation done
Event: 8.858 Executing VM operation: G1CollectForAllocation
Event: 8.883 Executing VM operation: G1CollectForAllocation done
Event: 9.897 Executing VM operation: Cleanup
Event: 9.897 Executing VM operation: Cleanup done
Event: 10.908 Executing VM operation: Cleanup
Event: 10.908 Executing VM operation: Cleanup done
Event: 11.912 Executing VM operation: Cleanup
Event: 11.912 Executing VM operation: Cleanup done
Event: 12.915 Executing VM operation: Cleanup
Event: 12.915 Executing VM operation: Cleanup done
Event: 13.926 Executing VM operation: Cleanup
Event: 13.926 Executing VM operation: Cleanup done
Event: 14.932 Executing VM operation: Cleanup
Event: 14.932 Executing VM operation: Cleanup done

Events (20 events):
Event: 8.585 Thread 0x000001a793fc4660 Thread exited: 0x000001a793fc4660
Event: 8.585 Thread 0x000001a793f04810 Thread exited: 0x000001a793f04810
Event: 8.586 Thread 0x000001a793e4ff40 Thread exited: 0x000001a793e4ff40
Event: 8.586 Thread 0x000001a78d1ff620 Thread exited: 0x000001a78d1ff620
Event: 10.557 Thread 0x000001a78d2d2400 Thread added: 0x000001a78d2d2400
Event: 10.565 Thread 0x000001a78d2d58f0 Thread added: 0x000001a78d2d58f0
Event: 10.565 Thread 0x000001a78d2d1f30 Thread added: 0x000001a78d2d1f30
Event: 10.930 Thread 0x000001a78d2d28d0 Thread added: 0x000001a78d2d28d0
Event: 10.931 Thread 0x000001a78d2d2da0 Thread added: 0x000001a78d2d2da0
Event: 10.931 Thread 0x000001a78d2d28d0 Thread exited: 0x000001a78d2d28d0
Event: 10.972 Thread 0x000001a78d2d2da0 Thread exited: 0x000001a78d2d2da0
Event: 10.976 Thread 0x000001a78d2d28d0 Thread added: 0x000001a78d2d28d0
Event: 11.019 Thread 0x000001a794db3b10 Thread added: 0x000001a794db3b10
Event: 11.022 Thread 0x000001a78d2d28d0 Thread exited: 0x000001a78d2d28d0
Event: 11.339 Thread 0x000001a794db3b10 Thread exited: 0x000001a794db3b10
Event: 12.763 Thread 0x000001a78d2d2da0 Thread added: 0x000001a78d2d2da0
Event: 12.765 Thread 0x000001a78d2d2da0 Thread exited: 0x000001a78d2d2da0
Event: 13.803 Thread 0x000001a7fcbb1570 Thread exited: 0x000001a7fcbb1570
Event: 13.964 Thread 0x000001a78d2d2da0 Thread added: 0x000001a78d2d2da0
Event: 13.970 Thread 0x000001a78d2d2da0 Thread exited: 0x000001a78d2d2da0


Dynamic libraries:
0x00007ff6cf600000 - 0x00007ff6cf610000 	C:\Program Files\Java\jdk-18.0.2.1\bin\javaw.exe
0x00007ffa95690000 - 0x00007ffa958a4000 	C:\WINDOWS\SYSTEM32\ntdll.dll
0x00007ffa94820000 - 0x00007ffa948e2000 	C:\WINDOWS\System32\KERNEL32.DLL
0x00007ffa92f10000 - 0x00007ffa932ac000 	C:\WINDOWS\System32\KERNELBASE.dll
0x00007ffa92df0000 - 0x00007ffa92f01000 	C:\WINDOWS\System32\ucrtbase.dll
0x00007ffa67f70000 - 0x00007ffa67f8a000 	C:\Program Files\Java\jdk-18.0.2.1\bin\VCRUNTIME140.dll
0x00007ffa67940000 - 0x00007ffa67958000 	C:\Program Files\Java\jdk-18.0.2.1\bin\jli.dll
0x00007ffa94ee0000 - 0x00007ffa94f8e000 	C:\WINDOWS\System32\ADVAPI32.dll
0x00007ffa93740000 - 0x00007ffa937e7000 	C:\WINDOWS\System32\msvcrt.dll
0x00007ffa953f0000 - 0x00007ffa95494000 	C:\WINDOWS\System32\sechost.dll
0x00007ffa945f0000 - 0x00007ffa94705000 	C:\WINDOWS\System32\RPCRT4.dll
0x00007ffa954a0000 - 0x00007ffa9564a000 	C:\WINDOWS\System32\USER32.dll
0x00007ffa8a930000 - 0x00007ffa8abbe000 	C:\WINDOWS\WinSxS\amd64_microsoft.windows.common-controls_6595b64144ccf1df_6.0.22621.608_none_a9444ca7c10bb01d\COMCTL32.dll
0x00007ffa92d40000 - 0x00007ffa92d66000 	C:\WINDOWS\System32\win32u.dll
0x00007ffa948f0000 - 0x00007ffa94919000 	C:\WINDOWS\System32\GDI32.dll
0x00007ffa932b0000 - 0x00007ffa933c2000 	C:\WINDOWS\System32\gdi32full.dll
0x00007ffa8ac10000 - 0x00007ffa8ac1a000 	C:\WINDOWS\SYSTEM32\VERSION.dll
0x00007ffa92c30000 - 0x00007ffa92cca000 	C:\WINDOWS\System32\msvcp_win.dll
0x00007ffa94ea0000 - 0x00007ffa94ed1000 	C:\WINDOWS\System32\IMM32.DLL
0x00007ffa7bb20000 - 0x00007ffa7bb2c000 	C:\Program Files\Java\jdk-18.0.2.1\bin\vcruntime140_1.dll
0x00007ffa61bf0000 - 0x00007ffa61c7d000 	C:\Program Files\Java\jdk-18.0.2.1\bin\msvcp140.dll
0x00007ff9c2af0000 - 0x00007ff9c3701000 	C:\Program Files\Java\jdk-18.0.2.1\bin\server\jvm.dll
0x00007ffa94810000 - 0x00007ffa94818000 	C:\WINDOWS\System32\PSAPI.DLL
0x00007ffa76150000 - 0x00007ffa76159000 	C:\WINDOWS\SYSTEM32\WSOCK32.dll
0x00007ffa890c0000 - 0x00007ffa890f4000 	C:\WINDOWS\SYSTEM32\WINMM.dll
0x00007ffa93a20000 - 0x00007ffa93a91000 	C:\WINDOWS\System32\WS2_32.dll
0x00007ffa91bf0000 - 0x00007ffa91c08000 	C:\WINDOWS\SYSTEM32\kernel.appcore.dll
0x00007ffa85750000 - 0x00007ffa8575a000 	C:\Program Files\Java\jdk-18.0.2.1\bin\jimage.dll
0x00007ffa90010000 - 0x00007ffa9023e000 	C:\WINDOWS\SYSTEM32\DBGHELP.DLL
0x00007ffa94f90000 - 0x00007ffa95319000 	C:\WINDOWS\System32\combase.dll
0x00007ffa93bf0000 - 0x00007ffa93cc7000 	C:\WINDOWS\System32\OLEAUT32.dll
0x00007ffa892c0000 - 0x00007ffa892f2000 	C:\WINDOWS\SYSTEM32\dbgcore.DLL
0x00007ffa92d70000 - 0x00007ffa92deb000 	C:\WINDOWS\System32\bcryptPrimitives.dll
0x00007ffa7bb70000 - 0x00007ffa7bb95000 	C:\Program Files\Java\jdk-18.0.2.1\bin\java.dll
0x00007ffa67e10000 - 0x00007ffa67ee6000 	C:\Program Files\Java\jdk-18.0.2.1\bin\jsvml.dll
0x00007ffa93cd0000 - 0x00007ffa944ad000 	C:\WINDOWS\System32\SHELL32.dll
0x00007ffa90ae0000 - 0x00007ffa91397000 	C:\WINDOWS\SYSTEM32\windows.storage.dll
0x00007ffa909a0000 - 0x00007ffa90add000 	C:\WINDOWS\SYSTEM32\wintypes.dll
0x00007ffa94710000 - 0x00007ffa94801000 	C:\WINDOWS\System32\SHCORE.dll
0x00007ffa93520000 - 0x00007ffa9357e000 	C:\WINDOWS\System32\shlwapi.dll
0x00007ffa929f0000 - 0x00007ffa92a11000 	C:\WINDOWS\SYSTEM32\profapi.dll
0x00007ffa7bc40000 - 0x00007ffa7bc53000 	C:\Program Files\Java\jdk-18.0.2.1\bin\net.dll
0x00007ffa8cdb0000 - 0x00007ffa8cedf000 	C:\WINDOWS\SYSTEM32\WINHTTP.dll
0x00007ffa92040000 - 0x00007ffa920a9000 	C:\WINDOWS\system32\mswsock.dll
0x00007ffa7bb50000 - 0x00007ffa7bb66000 	C:\Program Files\Java\jdk-18.0.2.1\bin\nio.dll
0x00007ffa7bb30000 - 0x00007ffa7bb48000 	C:\Program Files\Java\jdk-18.0.2.1\bin\zip.dll
0x00007ffa85740000 - 0x00007ffa85750000 	C:\Program Files\Java\jdk-18.0.2.1\bin\verify.dll
0x00007ffa47ea0000 - 0x00007ffa4802f000 	C:\Program Files\Java\jdk-18.0.2.1\bin\awt.dll
0x00007ffa8fbb0000 - 0x00007ffa8fc47000 	C:\WINDOWS\SYSTEM32\apphelp.dll
0x00007ffa8fce0000 - 0x00007ffa8fd8b000 	C:\WINDOWS\system32\uxtheme.dll
0x00007ffa944b0000 - 0x00007ffa945ce000 	C:\WINDOWS\System32\MSCTF.dll
0x00007ffa93870000 - 0x00007ffa93a0c000 	C:\WINDOWS\System32\ole32.dll
0x00007ffa8ff20000 - 0x00007ffa8ff4b000 	C:\WINDOWS\system32\DWMAPI.DLL
0x00007ffa5ca70000 - 0x00007ffa5caf6000 	C:\Program Files\Java\jdk-18.0.2.1\bin\freetype.dll
0x00007ffa47580000 - 0x00007ffa47628000 	C:\Program Files\Java\jdk-18.0.2.1\bin\fontmanager.dll
0x00007ffa81a80000 - 0x00007ffa81b33000 	C:\WINDOWS\WinSxS\amd64_microsoft.windows.common-controls_6595b64144ccf1df_5.82.22621.608_none_fb280a3c7926c2cc\comctl32.dll
0x00007ffa927b0000 - 0x00007ffa927ff000 	C:\WINDOWS\SYSTEM32\CFGMGR32.dll
0x00007ffa94960000 - 0x00007ffa94a17000 	C:\WINDOWS\System32\clbcatq.dll
0x00007ffa8da80000 - 0x00007ffa8db80000 	C:\WINDOWS\system32\propsys.dll
0x00007ffa5e970000 - 0x00007ffa5e98a000 	C:\WINDOWS\system32\NetworkExplorer.dll
0x00007ffa8e5e0000 - 0x00007ffa8e790000 	C:\WINDOWS\SYSTEM32\WindowsCodecs.dll
0x00007ffa65690000 - 0x00007ffa656fe000 	C:\Windows\System32\thumbcache.dll
0x00007ffa73510000 - 0x00007ffa736ff000 	C:\Windows\System32\urlmon.dll
0x00007ffa78c60000 - 0x00007ffa78f11000 	C:\Windows\System32\iertutil.dll
0x00007ffa91780000 - 0x00007ffa9178c000 	C:\Windows\System32\netutils.dll
0x00007ffa79e50000 - 0x00007ffa79e78000 	C:\Windows\System32\srvcli.dll
0x00007ffa91e40000 - 0x00007ffa91e82000 	C:\Windows\System32\SspiCli.dll
0x00007ff9f49f0000 - 0x00007ff9f4af0000 	C:\WINDOWS\system32\opengl32.dll
0x00007ff9f44d0000 - 0x00007ff9f44fd000 	C:\WINDOWS\SYSTEM32\GLU32.dll
0x00007ffa902f0000 - 0x00007ffa90326000 	C:\WINDOWS\SYSTEM32\dxcore.dll
0x00007ffa7f8f0000 - 0x00007ffa7fa98000 	C:\WINDOWS\system32\d3d9.dll
0x00007ffa89100000 - 0x00007ffa892ba000 	C:\Windows\System32\DriverStore\FileRepository\u0378413.inf_amd64_f433ae918f97b444\B378427\aticfx64.dll
0x00007ffa1c640000 - 0x00007ffa1e311000 	C:\Windows\System32\DriverStore\FileRepository\u0378413.inf_amd64_f433ae918f97b444\B378427\amdxn64.dll
0x00007ffa94a20000 - 0x00007ffa94e94000 	C:\WINDOWS\System32\SETUPAPI.dll
0x00007ffa8fe10000 - 0x00007ffa8ff07000 	C:\WINDOWS\SYSTEM32\dxgi.dll
0x00007ffa86860000 - 0x00007ffa86890000 	C:\WINDOWS\SYSTEM32\amdihk64.dll
0x00007ffa8caf0000 - 0x00007ffa8cb39000 	C:\WINDOWS\SYSTEM32\directxdatabasehelper.dll
0x00007ffa832d0000 - 0x00007ffa8338e000 	C:\WINDOWS\System32\DriverStore\FileRepository\nvami.inf_amd64_57378df08e27c128\nvldumdx.dll
0x00007ffa92760000 - 0x00007ffa92772000 	C:\WINDOWS\SYSTEM32\msasn1.dll
0x00007ffa855f0000 - 0x00007ffa85622000 	C:\WINDOWS\SYSTEM32\cryptnet.dll
0x00007ffa92ac0000 - 0x00007ffa92c26000 	C:\WINDOWS\System32\CRYPT32.dll
0x00007ffa85490000 - 0x00007ffa855e8000 	C:\WINDOWS\SYSTEM32\drvstore.dll
0x00007ffa92780000 - 0x00007ffa927ac000 	C:\WINDOWS\SYSTEM32\devobj.dll
0x00007ffa922b0000 - 0x00007ffa922f8000 	C:\WINDOWS\SYSTEM32\wldp.dll
0x00007ffa92330000 - 0x00007ffa9233c000 	C:\WINDOWS\SYSTEM32\cryptbase.dll
0x00007ffa92cd0000 - 0x00007ffa92d39000 	C:\WINDOWS\System32\WINTRUST.DLL
0x00007ffa94920000 - 0x00007ffa9493f000 	C:\WINDOWS\System32\imagehlp.dll
0x00007ffa92350000 - 0x00007ffa9236b000 	C:\WINDOWS\SYSTEM32\CRYPTSP.dll
0x00007ffa91b60000 - 0x00007ffa91b95000 	C:\WINDOWS\system32\rsaenh.dll
0x00007ffa92470000 - 0x00007ffa92498000 	C:\WINDOWS\SYSTEM32\bcrypt.dll
0x00007ffa19610000 - 0x00007ffa1bc19000 	C:\WINDOWS\System32\DriverStore\FileRepository\nvami.inf_amd64_57378df08e27c128\nvd3dumx.dll
0x00007ffa19340000 - 0x00007ffa1960f000 	C:\WINDOWS\system32\nvspcap64.dll
0x00007ffa91c10000 - 0x00007ffa91c44000 	C:\WINDOWS\SYSTEM32\ntmarta.dll
0x00007ffa920b0000 - 0x00007ffa920d6000 	C:\WINDOWS\SYSTEM32\gpapi.dll
0x00007ffa89360000 - 0x00007ffa89495000 	C:\Windows\System32\Windows.System.Launcher.dll
0x00007ffa8d870000 - 0x00007ffa8d903000 	C:\Windows\System32\msvcp110_win.dll
0x00007ffa89340000 - 0x00007ffa8935a000 	C:\WINDOWS\SYSTEM32\windows.staterepositorycore.dll
0x00007ffa7a150000 - 0x00007ffa7a16e000 	C:\WINDOWS\SYSTEM32\MPR.dll
0x00007ffa85810000 - 0x00007ffa85839000 	C:\WINDOWS\System32\p9np.dll
0x00007ffa8cef0000 - 0x00007ffa8cefc000 	C:\WINDOWS\System32\drprov.dll
0x00007ffa686b0000 - 0x00007ffa686c9000 	C:\WINDOWS\System32\ntlanman.dll
0x00007ffa628d0000 - 0x00007ffa628ef000 	C:\WINDOWS\System32\davclnt.dll
0x00007ffa915e0000 - 0x00007ffa91646000 	C:\WINDOWS\System32\WINSTA.dll
0x00007ffa8ae00000 - 0x00007ffa8ae1a000 	C:\WINDOWS\System32\wkscli.dll
0x00007ffa69610000 - 0x00007ffa69622000 	C:\WINDOWS\SYSTEM32\cscapi.dll
0x00007ffa5beb0000 - 0x00007ffa5bf06000 	C:\Windows\System32\dlnashext.dll
0x00007ffa67850000 - 0x00007ffa678b9000 	C:\Windows\System32\PlayToDevice.dll
0x00007ffa895a0000 - 0x00007ffa895c1000 	C:\Windows\System32\DevDispItemProvider.dll
0x00007ffa83460000 - 0x00007ffa834fd000 	C:\WINDOWS\System32\MMDevApi.dll
0x00007ffa472f0000 - 0x00007ffa47391000 	C:\WINDOWS\system32\wpdshext.dll
0x00007ffa81700000 - 0x00007ffa818b9000 	C:\WINDOWS\WinSxS\amd64_microsoft.windows.gdiplus_6595b64144ccf1df_1.1.22621.674_none_da2b3d691ba1c6c6\gdiplus.dll
0x00007ffa8af10000 - 0x00007ffa8afae000 	C:\Windows\System32\PortableDeviceApi.dll
0x00007ffa5d830000 - 0x00007ffa5d867000 	C:\Windows\System32\EhStorShell.dll
0x00007ffa61380000 - 0x00007ffa613a4000 	C:\Windows\System32\EhStorAPI.dll
0x00007ffa8fb90000 - 0x00007ffa8fba4000 	C:\Windows\System32\WTSAPI32.dll
0x00007ffa774e0000 - 0x00007ffa774ed000 	C:\WINDOWS\SYSTEM32\LINKINFO.dll
0x00007ffa6a630000 - 0x00007ffa6a63c000 	C:\WINDOWS\SYSTEM32\Secur32.dll
0x00007ffa7ae40000 - 0x00007ffa7ae59000 	C:\WINDOWS\SYSTEM32\samcli.dll
0x00007ffa8d070000 - 0x00007ffa8d097000 	C:\WINDOWS\SYSTEM32\SAMLIB.dll
0x00007ffa6ee70000 - 0x00007ffa6eece000 	C:\WINDOWS\system32\dataexchange.dll
0x00007ffa89e70000 - 0x00007ffa8a0da000 	C:\WINDOWS\system32\twinapi.appcore.dll
0x00007ffa802e0000 - 0x00007ffa8040d000 	C:\WINDOWS\SYSTEM32\textinputframework.dll
0x00007ffa76a50000 - 0x00007ffa76b55000 	C:\Windows\System32\MrmCoreR.dll
0x00007ffa89300000 - 0x00007ffa8933d000 	C:\WINDOWS\SYSTEM32\windows.staterepositoryclient.dll
0x00007ffa76810000 - 0x00007ffa76842000 	C:\Windows\System32\bcp47mrm.dll
0x00007ffa7b190000 - 0x00007ffa7b304000 	C:\Windows\System32\Windows.UI.dll
0x00007ffa8f8a0000 - 0x00007ffa8f9d3000 	C:\WINDOWS\SYSTEM32\CoreMessaging.dll
0x00007ffa8c350000 - 0x00007ffa8c6bc000 	C:\WINDOWS\SYSTEM32\CoreUIComponents.dll

dbghelp: loaded successfully - version: 4.0.5 - missing functions: none
symbol engine: initialized successfully - sym options: 0x614 - pdb path: .;C:\Program Files\Java\jdk-18.0.2.1\bin;C:\WINDOWS\SYSTEM32;C:\WINDOWS\WinSxS\amd64_microsoft.windows.common-controls_6595b64144ccf1df_6.0.22621.608_none_a9444ca7c10bb01d;C:\Program Files\Java\jdk-18.0.2.1\bin\server;C:\WINDOWS\WinSxS\amd64_microsoft.windows.common-controls_6595b64144ccf1df_5.82.22621.608_none_fb280a3c7926c2cc;C:\Windows\System32\DriverStore\FileRepository\u0378413.inf_amd64_f433ae918f97b444\B378427;C:\WINDOWS\System32\DriverStore\FileRepository\nvami.inf_amd64_57378df08e27c128;C:\WINDOWS\WinSxS\amd64_microsoft.windows.gdiplus_6595b64144ccf1df_1.1.22621.674_none_da2b3d691ba1c6c6;C:\Users\Phoenyx\AppData\Local\Temp\lwjglPhoenyx\3.3.1-build-7;C:\Users\Phoenyx\AppData\Local\Temp\imgui-java-natives_1667701156936

VM Arguments:
jvm_args: -Dfile.encoding=UTF-8 -XX:+ShowCodeDetailsInExceptionMessages 
java_command: com.redteam.engine.game.ATRobots
java_class_path (initial): C:\Users\Phoenyx\Phoenyx\ATRobots\bin\main;C:\Users\Phoenyx\.gradle\caches\modules-2\files-2.1\org.lwjgl\lwjgl-glfw\3.3.1\cbac1b8d30cb4795149c1ef540f912671a8616d0\lwjgl-glfw-3.3.1.jar;C:\Users\Phoenyx\.gradle\caches\modules-2\files-2.1\org.lwjgl\lwjgl-nuklear\3.3.1\628ccf80db3d623f1f559978e4246a23b2d1eeb1\lwjgl-nuklear-3.3.1.jar;C:\Users\Phoenyx\.gradle\caches\modules-2\files-2.1\org.lwjgl\lwjgl-openal\3.3.1\2623a6b8ae1dfcd880738656a9f0243d2e6840bd\lwjgl-openal-3.3.1.jar;C:\Users\Phoenyx\.gradle\caches\modules-2\files-2.1\org.lwjgl\lwjgl-opengl\3.3.1\831a5533a21a5f4f81bbc51bb13e9899319b5411\lwjgl-opengl-3.3.1.jar;C:\Users\Phoenyx\.gradle\caches\modules-2\files-2.1\org.lwjgl\lwjgl-stb\3.3.1\b119297cf8ed01f247abe8685857f8e7fcf5980f\lwjgl-stb-3.3.1.jar;C:\Users\Phoenyx\.gradle\caches\modules-2\files-2.1\org.lwjgl\lwjgl\3.3.1\ae58664f88e18a9bb2c77b063833ca7aaec484cb\lwjgl-3.3.1.jar;C:\Users\Phoenyx\.gradle\caches\modules-2\files-2.1\org.joml\joml\1.10.5\22566d58af70ad3d72308bab63b8339906deb649\joml-1.10.5.jar;C:\Users\Phoenyx\.gradle\caches\modules-2\files-2.1\io.github.spair\imgui-java-binding\1.86.4\f97d32963ed5988b19f725d6c7d9946091cc3ba7\imgui-java-binding-1.86.4.jar;C:\Users\Phoenyx\.gradle\caches\modules-2\files-2.1\io.github.spair\imgui-java-lwjgl3\1.86.4\a538b7aa58be1c26e0dfe0b5395aaf58cb24e3dd\imgui-java-lwjgl3-1.86.4.jar;C:\Users\Phoenyx\.gradle\caches\modules-2\files-2.1\io.github.spair\imgui-java-natives-windows\1.86.4\36a4efa5030585dedd9a96aa35a4433371b63df9\imgui-java-natives-windows-1.86.4.jar;C:\Users\Phoenyx\.gradle\caches\modules-2\files-2.1\org.lwjgl\lwjgl-glfw\3.3.1\ed892f945cf7e79c8756796f32d00fa4ceaf573b\lwjgl-glfw-3.3.1-natives-windows.jar;C:\Users\Phoenyx\.gradle\caches\modules-2\files-2.1\org.lwjgl\lwjgl-nuklear\3.3.1\755c93226fa44597741e37c6649e86cefa46b262\lwjgl-nuklear-3.3.1-natives-windows.jar;C:\Users\Phoenyx\.gradle\caches\modules-2\files-2.1\org.lwjgl\lwjgl-openal\3.3.1\30a474d0e57193d7bc128849a3ab66bc9316fdb1\lwjgl-openal-3.3.1-natives-windows.jar;C:\Users\Phoenyx\.gradle\caches\modules-2\files-2.1\org.lwjgl\lwjgl-opengl\3.3.1\c1807e9bd571402787d7e37e3029776ae2513bb8\lwjgl-opengl-3.3.1-natives-windows.jar;C:\Users\Phoenyx\.gradle\caches\modules-2\files-2.1\org.lwjgl\lwjgl-stb\3.3.1\86315914ac119efdb02dc9e8e978ade84f1702af\lwjgl-stb-3.3.1-natives-windows.jar;C:\Users\Phoenyx\.gradle\caches\modules-2\files-2.1\org.lwjgl\lwjgl\3.3.1\36c37f16ab611b3aa11f3bcf80b1d509b4ce6b\lwjgl-3.3.1-natives-windows.jar
Launcher Type: SUN_STANDARD

[Global flags]
     intx CICompilerCount                          = 12                                        {product} {ergonomic}
     uint ConcGCThreads                            = 3                                         {product} {ergonomic}
     uint G1ConcRefinementThreads                  = 13                                        {product} {ergonomic}
   size_t G1HeapRegionSize                         = 2097152                                   {product} {ergonomic}
    uintx GCDrainStackTargetSize                   = 64                                        {product} {ergonomic}
   size_t InitialHeapSize                          = 257949696                                 {product} {ergonomic}
   size_t MarkStackSize                            = 4194304                                   {product} {ergonomic}
   size_t MaxHeapSize                              = 4097835008                                {product} {ergonomic}
   size_t MaxNewSize                               = 2457862144                                {product} {ergonomic}
   size_t MinHeapDeltaBytes                        = 2097152                                   {product} {ergonomic}
   size_t MinHeapSize                              = 8388608                                   {product} {ergonomic}
    uintx NonNMethodCodeHeapSize                   = 7602480                                {pd product} {ergonomic}
    uintx NonProfiledCodeHeapSize                  = 122027880                              {pd product} {ergonomic}
    uintx ProfiledCodeHeapSize                     = 122027880                              {pd product} {ergonomic}
    uintx ReservedCodeCacheSize                    = 251658240                              {pd product} {ergonomic}
     bool SegmentedCodeCache                       = true                                      {product} {ergonomic}
     bool ShowCodeDetailsInExceptionMessages       = true                                   {manageable} {command line}
   size_t SoftMaxHeapSize                          = 4097835008                             {manageable} {ergonomic}
     bool UseCompressedClassPointers               = true                           {product lp64_product} {ergonomic}
     bool UseCompressedOops                        = true                           {product lp64_product} {ergonomic}
     bool UseG1GC                                  = true                                      {product} {ergonomic}
     bool UseLargePagesIndividualAllocation        = false                                  {pd product} {ergonomic}

Logging:
Log output configuration:
 #0: stdout all=warning uptime,level,tags foldmultilines=false
 #1: stderr all=off uptime,level,tags foldmultilines=false

Environment Variables:
PATH=C:/Program Files/Java/jdk-18.0.2.1/bin/server;C:/Program Files/Java/jdk-18.0.2.1/bin;C:\Python310\Scripts\;C:\Python310\;C:\Program Files\Common Files\Oracle\Java\javapath;C:\Program Files (x86)\Common Files\Oracle\Java\javapath;C:\Windows\system32;C:\Windows;C:\Windows\System32\Wbem;C:\Windows\System32\WindowsPowerShell\v1.0\;C:\Windows\System32\OpenSSH\;C:\Program Files (x86)\NVIDIA Corporation\PhysX\Common;C:\Program Files\NVIDIA Corporation\NVIDIA NvDLISR;C:\Program Files\nodejs\;C:\ProgramData\chocolatey\bin;;C:\WINDOWS\system32;C:\WINDOWS;C:\WINDOWS\System32\Wbem;C:\WINDOWS\System32\WindowsPowerShell\v1.0\;C:\WINDOWS\System32\OpenSSH\;C:\Program Files\dotnet\;C:\Users\Phoenyx\AppData\Local\Microsoft\WindowsApps;C:\Users\Phoenyx\AppData\Local\GitHubDesktop\bin;C:\Users\Phoenyx\.dotnet\tools;C:\Users\Phoenyx\AppData\Local\atom\bin;C:\Users\Phoenyx\AppData\Roaming\npm;C:\Users\Phoenyx\AppData\Local\Microsoft\WindowsApps;C:\Users\Phoenyx\.dotnet\tools;C:\Users\Phoenyx\Desktop;
USERNAME=Phoenyx
OS=Windows_NT
PROCESSOR_IDENTIFIER=AMD64 Family 25 Model 68 Stepping 1, AuthenticAMD



---------------  S Y S T E M  ---------------

OS:
 Windows 11 , 64 bit Build 22621 (10.0.22621.608)
OS uptime: 0 days 10:43 hours
Hyper-V role detected

CPU: total 16 (initial active 16) (16 cores per cpu, 2 threads per core) family 25 model 68 stepping 1 microcode 0x0, cx8, cmov, fxsr, ht, mmx, 3dnowpref, sse, sse2, sse3, ssse3, sse4a, sse4.1, sse4.2, popcnt, lzcnt, tsc, tscinvbit, avx, avx2, aes, clmul, bmi1, bmi2, adx, sha, fma, vzeroupper, clflush, clflushopt, hv

Memory: 4k page, system-wide physical 15629M (2983M free)
TotalPageFile size 24845M (AvailPageFile size 3495M)
current process WorkingSet (physical memory assigned to process): 640M, peak: 641M
current process commit charge ("private bytes"): 865M, peak: 867M

vm_info: Java HotSpot(TM) 64-Bit Server VM (18.0.2.1+1-1) for windows-amd64 JRE (18.0.2.1+1-1), built on Aug 16 2022 01:46:33 by "mach5one" with MS VC++ 16.8 / 16.9 (VS2019)

END.
