#
# A fatal error has been detected by the Java Runtime Environment:
#
#  EXCEPTION_ACCESS_VIOLATION (0xc0000005) at pc=0x0000000064a61fed, pid=4124, tid=10852
#
# JRE version: Java(TM) SE Runtime Environment (18.0.2.1+1) (build 18.0.2.1+1-1)
# Java VM: Java HotSpot(TM) 64-Bit Server VM (18.0.2.1+1-1, mixed mode, sharing, tiered, compressed oops, compressed class ptrs, g1 gc, windows-amd64)
# Problematic frame:
# C  0x0000000064a61fed
#
# No core dump will be written. Minidumps are not enabled by default on client versions of Windows
#
# If you would like to submit a bug report, please visit:
#   https://bugreport.java.com/bugreport/crash.jsp
# The crash happened outside the Java Virtual Machine in native code.
# See problematic frame for where to report the bug.
#

---------------  S U M M A R Y ------------

Command Line: -Dfile.encoding=UTF-8 -XX:+ShowCodeDetailsInExceptionMessages com.redteam.engine.game.ATRobots

Host: AMD Ryzen 7 6800H with Radeon Graphics         , 16 cores, 15G,  Windows 11 , 64 bit Build 22621 (10.0.22621.608)
Time: Sat Nov  5 20:48:12 2022 Eastern Daylight Time elapsed time: 8.660202 seconds (0d 0h 0m 8s)

---------------  T H R E A D  ---------------

Current thread (0x00000206d4a51f60):  JavaThread "main" [_thread_in_native, id=10852, stack(0x000000880b600000,0x000000880b700000)]

Stack: [0x000000880b600000,0x000000880b700000],  sp=0x000000880b6ff1b0,  free space=1020k
Native frames: (J=compiled Java code, j=interpreted, Vv=VM code, C=native code)
C  0x0000000064a61fed

Java frames: (J=compiled Java code, j=interpreted, Vv=VM code)
J 3040  imgui.ImGui.end()V (0 bytes) @ 0x00000206e402ab66 [0x00000206e402ab20+0x0000000000000046]
j  com.redteam.engine.game.MainMenu.showMenu()V+27
j  com.redteam.engine.game.TestGame.update(DLcom/redteam/engine/core/MouseInput;)V+105
j  com.redteam.engine.core.Engine.update(F)V+10
j  com.redteam.engine.core.Engine.run()V+155
j  com.redteam.engine.core.Engine.start()V+13
j  com.redteam.engine.game.ATRobots.main([Ljava/lang/String;)V+28
v  ~StubRoutines::call_stub

siginfo: EXCEPTION_ACCESS_VIOLATION (0xc0000005), reading address 0x0000000000001cf8


Register to memory mapping:

RIP=0x0000000064a61fed points into unknown readable memory: 8b 83 f8
RAX={method} {0x00000206f8cf45e8} 'end' '()V' in 'imgui/ImGui'
RBX=0x0 is NULL
RCX=0x00000206d4a521f0 points into unknown readable memory: 0x00000206fc2652a0 | a0 52 26 fc 06 02 00 00
RDX=0x000000880b6ff240 is pointing into the stack for thread: 0x00000206d4a51f60
RSP=0x000000880b6ff1b0 is pointing into the stack for thread: 0x00000206d4a51f60
RBP=0x000000880b6ff250 is pointing into the stack for thread: 0x00000206d4a51f60
RSI=3828036019 is a compressed pointer to object: [B 
{0x0000000721598d98} - klass: {type array byte}
 - length: 16
RDI=0x00000206dc3894fe is at code_begin+1118 in an Interpreter codelet
return entry points  [0x00000206dc3890a0, 0x00000206dc389ba0]  2816 bytes
R8 =0x000000880b6fede8 is pointing into the stack for thread: 0x00000206d4a51f60
R9 =0x0000000000000001 is an unknown value
R10=0x0000000064a90800 points into unknown readable memory: 0x2e6666fffd17dbe9 | e9 db 17 fd ff 66 66 2e
R11=0x00000206e402ab40 is at entry_point+32 in (nmethod*)0x00000206e402a990
Compiled method (n/a)    8696 3040     n 0       imgui.ImGui::end (native)
 total in heap  [0x00000206e402a990,0x00000206e402ad40] = 944
 relocation     [0x00000206e402aae8,0x00000206e402ab18] = 48
 main code      [0x00000206e402ab20,0x00000206e402ad38] = 536
 oops           [0x00000206e402ad38,0x00000206e402ad40] = 8
R12=0x0 is NULL
R13=0x000000880b6ff268 is pointing into the stack for thread: 0x00000206d4a51f60
R14=0x000000880b6ff240 is pointing into the stack for thread: 0x00000206d4a51f60
R15=0x00000206d4a51f60 is a thread


Registers:
RAX=0x00000206f8cf45e0, RBX=0x0000000000000000, RCX=0x00000206d4a521f0, RDX=0x000000880b6ff240
RSP=0x000000880b6ff1b0, RBP=0x000000880b6ff250, RSI=0x00000000e42b31b3, RDI=0x00000206dc3894fe
R8 =0x000000880b6fede8, R9 =0x0000000000000001, R10=0x0000000064a90800, R11=0x00000206e402ab40
R12=0x0000000000000000, R13=0x000000880b6ff268, R14=0x000000880b6ff240, R15=0x00000206d4a51f60
RIP=0x0000000064a61fed, EFLAGS=0x0000000000010202

Top of Stack: (sp=0x000000880b6ff1b0)
0x000000880b6ff1b0:   00000206f8cf2678 00000000e42b31b3
0x000000880b6ff1c0:   0000000000000001 0000000000000000
0x000000880b6ff1d0:   0000000000000000 00000206f8cf45e0
0x000000880b6ff1e0:   00000000e42b31b3 00000206e402abfe
0x000000880b6ff1f0:   0000000000000000 00000206dc38d2f6
0x000000880b6ff200:   000000880b6ff200 00000206f8cf2678
0x000000880b6ff210:   000000880b6ff260 00000206f8e1c200
0x000000880b6ff220:   0000000000000000 000000070f1cda58
0x000000880b6ff230:   00000206f8cf2678 0000000000000000
0x000000880b6ff240:   000000070f1cda58 000000880b6ff2b0
0x000000880b6ff250:   000000880b6ff2b0 00000206dc3894fe
0x000000880b6ff260:   00000206dc3894fe 000000880b6ff268
0x000000880b6ff270:   00000206f8f16923 000000880b6ff2b8
0x000000880b6ff280:   00000206f8f16998 0000000000000000
0x000000880b6ff290:   00000007219a83f8 00000206f8f16930
0x000000880b6ff2a0:   000000880b6ff268 000000880b6ff2c0 

Instructions: (pc=0x0000000064a61fed)
0x0000000064a61eed:   c0 48 83 c4 28 5b 5e 5f 5d 41 5c 41 5d 41 5e 41
0x0000000064a61efd:   5f c3 90 39 c5 7c e7 e8 b7 6b 13 00 84 c0 74 2b
0x0000000064a61f0d:   4c 8d 05 a6 e5 44 00 ba 06 07 00 00 48 8d 0d b1
0x0000000064a61f1d:   e5 44 00 e8 bb 6a 13 00 48 8b 86 48 1f 00 00 4e
0x0000000064a61f2d:   8b 04 38 eb b9 66 0f 1f 44 00 00 3b ae 40 1f 00
0x0000000064a61f3d:   00 7c 1a 41 b8 06 07 00 00 48 8d 15 6d e5 44 00
0x0000000064a61f4d:   48 8d 0d 7d e5 44 00 ff 15 96 07 d2 00 48 8b 86
0x0000000064a61f5d:   48 1f 00 00 4e 8b 04 38 eb 84 66 0f 1f 84 00 00
0x0000000064a61f6d:   00 00 00 48 8b 05 d1 21 4d 00 48 89 d1 48 8b 90
0x0000000064a61f7d:   58 1f 00 00 48 85 c9 74 3a 44 8b 80 a8 1c 00 00
0x0000000064a61f8d:   44 89 41 60 48 39 d1 74 44 f3 0f 10 41 28 48 89
0x0000000064a61f9d:   88 58 1f 00 00 f3 0f 11 80 50 1f 00 00 48 8b 80
0x0000000064a61fad:   f0 15 00 00 48 85 c0 74 24 48 ff e0 0f 1f 80 00
0x0000000064a61fbd:   00 00 00 48 85 d2 74 15 c7 80 50 1f 00 00 00 00
0x0000000064a61fcd:   80 3f 48 c7 80 58 1f 00 00 00 00 00 00 c3 0f 1f
0x0000000064a61fdd:   44 00 00 56 53 48 83 ec 28 48 8b 1d 5b 21 4d 00
0x0000000064a61fed:   8b 83 f8 1c 00 00 48 8b b3 28 1d 00 00 83 f8 01
0x0000000064a61ffd:   0f 8e 0d 02 00 00 8b 46 0c 25 00 00 00 21 3d 00
0x0000000064a6200d:   00 00 01 0f 84 4a 02 00 00 48 83 be b8 01 00 00
0x0000000064a6201d:   00 74 05 e8 6b 8e 0c 00 8b 46 0c a9 00 00 00 20
0x0000000064a6202d:   0f 84 bd 02 00 00 a9 00 00 00 01 0f 84 a2 02 00
0x0000000064a6203d:   00 48 8b 86 10 04 00 00 48 85 c0 74 49 f6 86 f1
0x0000000064a6204d:   03 00 00 04 74 40 48 8b 80 88 00 00 00 48 85 c0
0x0000000064a6205d:   74 34 f3 0f 10 86 2c 01 00 00 f3 0f 10 8e 28 01
0x0000000064a6206d:   00 00 f3 0f 58 46 7c f3 0f 58 4e 78 f3 0f 5c 40
0x0000000064a6207d:   7c f3 0f 5c 48 78 f3 0f 11 80 2c 01 00 00 f3 0f
0x0000000064a6208d:   11 88 28 01 00 00 48 63 93 f8 1c 00 00 85 d2 0f
0x0000000064a6209d:   8e 5e 02 00 00 48 63 c2 48 8d 0c 80 48 8d 04 48
0x0000000064a620ad:   48 8b 8b 00 1d 00 00 48 8d 04 c1 f3 0f 6f 50 b0
0x0000000064a620bd:   48 83 e8 58 0f 11 93 e8 1d 00 00 f3 0f 6f 58 18
0x0000000064a620cd:   0f 11 9b f8 1d 00 00 f3 0f 6f 60 28 0f 11 a3 08
0x0000000064a620dd:   1e 00 00 48 8b 48 38 48 89 8b 18 1e 00 00 8b 40 


Stack slot to memory mapping:
stack at sp + 0 slots: {method} {0x00000206f8cf2680} 'destroyContext' '()V' in 'imgui/ImGui'
stack at sp + 1 slots: 3828036019 is a compressed pointer to object: [B 
{0x0000000721598d98} - klass: {type array byte}
 - length: 16
stack at sp + 2 slots: 0x0000000000000001 is an unknown value
stack at sp + 3 slots: 0x0 is NULL
stack at sp + 4 slots: 0x0 is NULL
stack at sp + 5 slots: {method} {0x00000206f8cf45e8} 'end' '()V' in 'imgui/ImGui'
stack at sp + 6 slots: 3828036019 is a compressed pointer to object: [B 
{0x0000000721598d98} - klass: {type array byte}
 - length: 16
stack at sp + 7 slots: 0x00000206e402abfe is at entry_point+222 in (nmethod*)0x00000206e402a990
Compiled method (n/a)    8705 3040     n 0       imgui.ImGui::end (native)
 total in heap  [0x00000206e402a990,0x00000206e402ad40] = 944
 relocation     [0x00000206e402aae8,0x00000206e402ab18] = 48
 main code      [0x00000206e402ab20,0x00000206e402ad38] = 536
 oops           [0x00000206e402ad38,0x00000206e402ad40] = 8


Compiled method (n/a)    8706 3040     n 0       imgui.ImGui::end (native)
 total in heap  [0x00000206e402a990,0x00000206e402ad40] = 944
 relocation     [0x00000206e402aae8,0x00000206e402ab18] = 48
 main code      [0x00000206e402ab20,0x00000206e402ad38] = 536
 oops           [0x00000206e402ad38,0x00000206e402ad40] = 8

[Constant Pool (empty)]

[MachCode]
[Entry Point]
  # {method} {0x00000206f8cf45e8} 'end' '()V' in 'imgui/ImGui'
  #           [sp+0x70]  (sp of caller)
  0x00000206e402ab20: 448b 5208 | 49bb 0000 | 0000 0800 | 0000 4d03 | d349 3bc2 | 0f84 0600 

  0x00000206e402ab38: ;   {runtime_call ic_miss_stub}
  0x00000206e402ab38: 0000 e941 | 1f3a f890 
[Verified Entry Point]
  0x00000206e402ab40: 8984 2400 | 90ff ff55 | 488b ec48 

  0x00000206e402ab4c: ;   {oop(a 'java/lang/Class'{0x000000070f1cda58} = 'imgui/ImGui')}
  0x00000206e402ab4c: 83ec 6049 | be58 da1c | 0f07 0000 | 004c 8974 | 2450 4c8d | 7424 5049 | 8bd6 c5f8 

  0x00000206e402ab68: ;   {internal_word}
  0x00000206e402ab68: 7749 ba66 | ab02 e406 | 0200 004d | 8997 7802 | 0000 4989 | a770 0200 

  0x00000206e402ab80: ;   {external_word}
  0x00000206e402ab80: 0049 ba8d | 3c24 e8f9 | 7f00 0041 | 803a 000f | 844a 0000 

  0x00000206e402ab94: ;   {metadata({method} {0x00000206f8cf45e8} 'end' '()V' in 'imgui/ImGui')}
  0x00000206e402ab94: 0052 48ba | e045 cff8 | 0602 0000 | 498b cf48 | 83ec 20f7 | c40f 0000 | 000f 841a | 0000 0048 
  0x00000206e402abb4: ;   {runtime_call}
  0x00000206e402abb4: 83ec 0849 | ba70 d4e0 | e7f9 7f00 | 0041 ffd2 | 4883 c408 | e90d 0000 

  0x00000206e402abcc: ;   {runtime_call}
  0x00000206e402abcc: 0049 ba70 | d4e0 e7f9 | 7f00 0041 | ffd2 4883 | c420 5a49 | 8d8f 9002 | 0000 41c7 | 8730 0300 
  0x00000206e402abec: 0004 0000 

  0x00000206e402abf0: ;   {runtime_call}
  0x00000206e402abf0: 0049 ba00 | 08a9 6400 | 0000 0041 | ffd2 c5f8 | 7741 c787 | 3003 0000 | 0500 0000 | f083 4424 
  0x00000206e402ac10: c000 493b | af38 0300 | 000f 8711 | 0000 0041 | 81bf 2003 | 0000 0000 | 0000 0f84 | 2400 0000 
  0x00000206e402ac30: c5f8 7749 | 8bcf 4c8b | e448 83ec | 2048 83e4 

  0x00000206e402ac40: ;   {runtime_call}
  0x00000206e402ac40: f049 ba00 | 16eb e7f9 | 7f00 0041 | ffd2 498b | e44d 33e4 | 41c7 8730 | 0300 0008 | 0000 0041 
  0x00000206e402ac60: 81bf a003 | 0000 0200 | 0000 0f84 | 9b00 0000 

  0x00000206e402ac70: ;   {external_word}
  0x00000206e402ac70: 49ba 8d3c | 24e8 f97f | 0000 4180 | 3a00 0f84 | 4800 0000 

  0x00000206e402ac84: ;   {metadata({method} {0x00000206f8cf45e8} 'end' '()V' in 'imgui/ImGui')}
  0x00000206e402ac84: 48ba e045 | cff8 0602 | 0000 498b | cf48 83ec | 20f7 c40f | 0000 000f | 841a 0000 | 0048 83ec 
  0x00000206e402aca4: ;   {runtime_call}
  0x00000206e402aca4: 0849 ba70 | d4e0 e7f9 | 7f00 0041 | ffd2 4883 | c408 e90d 

  0x00000206e402acb8: ;   {runtime_call}
  0x00000206e402acb8: 0000 0049 | ba70 d4e0 | e7f9 7f00 | 0041 ffd2 | 4883 c420 | 49c7 8770 | 0200 0000 | 0000 0049 
  0x00000206e402acd8: c787 7802 | 0000 0000 | 0000 c5f8 | 7749 8b8f | 0003 0000 | c781 0001 | 0000 0000 | 0000 c949 
  0x00000206e402acf8: 817f 0800 | 0000 000f | 8501 0000 

  0x00000206e402ad04: ;   {runtime_call StubRoutines (1)}
  0x00000206e402ad04: 00c3 e9f5 | 6135 f8c5 | f877 4c8b | e448 83ec | 2048 83e4 

  0x00000206e402ad18: ;   {runtime_call}
  0x00000206e402ad18: f049 ba30 | 04e1 e7f9 | 7f00 0041 | ffd2 498b | e44d 33e4 | e93f ffff | fff4 f4f4 | f4f4 f4f4 
[/MachCode]


---------------  P R O C E S S  ---------------

Threads class SMR info:
_java_thread_list=0x0000020686d95fa0, length=20, elements={
0x00000206d4a51f60, 0x00000206f7193cf0, 0x00000206f7194690, 0x00000206f71b2180,
0x00000206f71b2b20, 0x00000206f71b38d0, 0x00000206f71b4270, 0x00000206f71c2c80,
0x00000206f71c7270, 0x00000206f71d2b70, 0x00000206f71c3ac0, 0x00000206fc143630,
0x00000206fc147b60, 0x00000206fc209570, 0x00000206fc363020, 0x00000206fc4c3e40,
0x00000206f71c5e30, 0x00000206f71c6850, 0x0000020686b89fe0, 0x0000020686b89b10
}

Java Threads: ( => current thread )
=>0x00000206d4a51f60 JavaThread "main" [_thread_in_native, id=10852, stack(0x000000880b600000,0x000000880b700000)]
  0x00000206f7193cf0 JavaThread "Reference Handler" daemon [_thread_blocked, id=25928, stack(0x000000880bd00000,0x000000880be00000)]
  0x00000206f7194690 JavaThread "Finalizer" daemon [_thread_blocked, id=20236, stack(0x000000880be00000,0x000000880bf00000)]
  0x00000206f71b2180 JavaThread "Signal Dispatcher" daemon [_thread_blocked, id=7692, stack(0x000000880bf00000,0x000000880c000000)]
  0x00000206f71b2b20 JavaThread "Attach Listener" daemon [_thread_blocked, id=23052, stack(0x000000880c000000,0x000000880c100000)]
  0x00000206f71b38d0 JavaThread "Service Thread" daemon [_thread_blocked, id=25984, stack(0x000000880c100000,0x000000880c200000)]
  0x00000206f71b4270 JavaThread "Monitor Deflation Thread" daemon [_thread_blocked, id=26136, stack(0x000000880c200000,0x000000880c300000)]
  0x00000206f71c2c80 JavaThread "C2 CompilerThread0" daemon [_thread_blocked, id=24996, stack(0x000000880c300000,0x000000880c400000)]
  0x00000206f71c7270 JavaThread "C1 CompilerThread0" daemon [_thread_blocked, id=7000, stack(0x000000880c400000,0x000000880c500000)]
  0x00000206f71d2b70 JavaThread "Sweeper thread" daemon [_thread_blocked, id=24232, stack(0x000000880c500000,0x000000880c600000)]
  0x00000206f71c3ac0 JavaThread "C1 CompilerThread1" daemon [_thread_blocked, id=8812, stack(0x000000880c600000,0x000000880c700000)]
  0x00000206fc143630 JavaThread "Notification Thread" daemon [_thread_blocked, id=19544, stack(0x000000880c700000,0x000000880c800000)]
  0x00000206fc147b60 JavaThread "Common-Cleaner" daemon [_thread_blocked, id=26532, stack(0x000000880c900000,0x000000880ca00000)]
  0x00000206fc209570 JavaThread "Java2D Disposer" daemon [_thread_blocked, id=2056, stack(0x000000880ca00000,0x000000880cb00000)]
  0x00000206fc363020 JavaThread "AWT-Windows" daemon [_thread_in_native, id=8160, stack(0x000000880cc00000,0x000000880cd00000)]
  0x00000206fc4c3e40 JavaThread "Swing-Shell" daemon [_thread_blocked, id=8708, stack(0x000000880ce00000,0x000000880cf00000)]
  0x00000206f71c5e30 JavaThread "C1 CompilerThread2" daemon [_thread_blocked, id=20368, stack(0x000000880e540000,0x000000880e640000)]
  0x00000206f71c6850 JavaThread "C1 CompilerThread3" daemon [_thread_blocked, id=24832, stack(0x000000880e640000,0x000000880e740000)]
  0x0000020686b89fe0 JavaThread "D3D Screen Updater" daemon [_thread_blocked, id=25952, stack(0x000000880e740000,0x000000880e840000)]
  0x0000020686b89b10 JavaThread "TimerQueue" daemon [_thread_blocked, id=3148, stack(0x000000880e840000,0x000000880e940000)]

Other Threads:
  0x00000206f7190480 VMThread "VM Thread" [stack: 0x000000880bc00000,0x000000880bd00000] [id=22252]
  0x00000206fc147740 WatcherThread "VM Periodic Task Thread" [stack: 0x000000880c800000,0x000000880c900000] [id=8936]
  0x00000206d4ac2840 WorkerThread "GC Thread#0" [stack: 0x000000880b700000,0x000000880b800000] [id=18692]
  0x00000206871cb6e0 WorkerThread "GC Thread#1" [stack: 0x000000880ea40000,0x000000880eb40000] [id=20300]
  0x00000206871ca720 WorkerThread "GC Thread#2" [stack: 0x000000880eb40000,0x000000880ec40000] [id=4944]
  0x00000206871cac60 WorkerThread "GC Thread#3" [stack: 0x000000880ec40000,0x000000880ed40000] [id=26164]
  0x00000206871ca1e0 WorkerThread "GC Thread#4" [stack: 0x000000880ed40000,0x000000880ee40000] [id=26156]
  0x00000206871cb1a0 WorkerThread "GC Thread#5" [stack: 0x000000880ee40000,0x000000880ef40000] [id=3220]
  0x00000206871c9a00 WorkerThread "GC Thread#6" [stack: 0x000000880ef40000,0x000000880f040000] [id=12008]
  0x00000206871ca480 WorkerThread "GC Thread#7" [stack: 0x000000880f040000,0x000000880f140000] [id=25816]
  0x00000206871caf00 WorkerThread "GC Thread#8" [stack: 0x000000880f140000,0x000000880f240000] [id=14776]
  0x000002069591bb70 WorkerThread "GC Thread#9" [stack: 0x000000880f740000,0x000000880f840000] [id=5640]
  0x000002069591a910 WorkerThread "GC Thread#10" [stack: 0x000000880f840000,0x000000880f940000] [id=10068]
  0x000002069591a130 WorkerThread "GC Thread#11" [stack: 0x000000880f940000,0x000000880fa40000] [id=21212]
  0x000002069591d5b0 WorkerThread "GC Thread#12" [stack: 0x000000880fa40000,0x000000880fb40000] [id=22024]
  0x00000206d4ad33b0 ConcurrentGCThread "G1 Main Marker" [stack: 0x000000880b800000,0x000000880b900000] [id=14216]
  0x00000206d4ad3ca0 WorkerThread "G1 Conc#0" [stack: 0x000000880b900000,0x000000880ba00000] [id=17176]
  0x00000206d4b03d70 ConcurrentGCThread "G1 Refine#0" [stack: 0x000000880ba00000,0x000000880bb00000] [id=11700]
  0x0000020686b38ad0 ConcurrentGCThread "G1 Refine#1" [stack: 0x000000880fb40000,0x000000880fc40000] [id=20660]
  0x0000020695996b90 ConcurrentGCThread "G1 Refine#2" [stack: 0x000000880fc40000,0x000000880fd40000] [id=25736]
  0x0000020695998d50 ConcurrentGCThread "G1 Refine#3" [stack: 0x000000880fd40000,0x000000880fe40000] [id=14672]
  0x00000206959992f0 ConcurrentGCThread "G1 Refine#4" [stack: 0x000000880cb00000,0x000000880cc00000] [id=7564]
  0x0000020686ef1770 ConcurrentGCThread "G1 Refine#5" [stack: 0x000000880cf00000,0x000000880d000000] [id=18452]
  0x000002068efa0280 ConcurrentGCThread "G1 Refine#6" [stack: 0x000000880f640000,0x000000880f740000] [id=26492]
  0x00000206d4b05530 ConcurrentGCThread "G1 Service" [stack: 0x000000880bb00000,0x000000880bc00000] [id=23836]

Threads with active compile tasks:

VM state: not at safepoint (normal execution)

VM Mutex/Monitor currently owned by a thread: None

Heap address: 0x000000070bc00000, size: 3908 MB, Compressed Oops mode: Zero based, Oop shift amount: 3

CDS archive(s) mapped at: [0x0000000800000000-0x0000000800ba0000-0x0000000800ba0000), size 12189696, SharedBaseAddress: 0x0000000800000000, ArchiveRelocationMode: 0.
Compressed class space mapped at: 0x0000000800c00000-0x0000000840c00000, reserved size: 1073741824
Narrow klass base: 0x0000000800000000, Narrow klass shift: 0, Narrow klass range: 0x100000000

GC Precious Log:
 CardTable entry size: 512
 Card Set container configuration: InlinePtr #cards 4 size 8 Array Of Cards #cards 16 size 48 Howl #buckets 8 coarsen threshold 3686 Howl Bitmap #cards 512 size 80 coarsen threshold 460 Card regions per heap region 1 cards per card region 4096
 CPUs: 16 total, 16 available
 Memory: 15629M
 Large Page Support: Disabled
 NUMA Support: Disabled
 Compressed Oops: Enabled (Zero based)
 Heap Region Size: 2M
 Heap Min Capacity: 8M
 Heap Initial Capacity: 246M
 Heap Max Capacity: 3908M
 Pre-touch: Disabled
 Parallel Workers: 13
 Concurrent Workers: 3
 Concurrent Refinement Workers: 13
 Periodic GC: Disabled

Heap:
 garbage-first heap   total 413696K, used 192485K [0x000000070bc00000, 0x0000000800000000)
  region size 2048K, 42 young (86016K), 12 survivors (24576K)
 Metaspace       used 18074K, committed 18240K, reserved 1114112K
  class space    used 1649K, committed 1728K, reserved 1048576K

Heap Regions: E=young(eden), S=young(survivor), O=old, HS=humongous(starts), HC=humongous(continues), CS=collection set, F=free, OA=open archive, CA=closed archive, TAMS=top-at-mark-start (previous, next)
|   0|0x000000070bc00000, 0x000000070be00000, 0x000000070be00000|100%|HS|  |TAMS 0x000000070bc00000, 0x000000070bc00000| Complete 
|   1|0x000000070be00000, 0x000000070c000000, 0x000000070c000000|100%| O|  |TAMS 0x000000070be00000, 0x000000070be00000| Untracked 
|   2|0x000000070c000000, 0x000000070c200000, 0x000000070c200000|100%| O|  |TAMS 0x000000070c000000, 0x000000070c000000| Untracked 
|   3|0x000000070c200000, 0x000000070c400000, 0x000000070c400000|100%| O|  |TAMS 0x000000070c200000, 0x000000070c200000| Untracked 
|   4|0x000000070c400000, 0x000000070c600000, 0x000000070c600000|100%| O|  |TAMS 0x000000070c400000, 0x000000070c400000| Untracked 
|   5|0x000000070c600000, 0x000000070c800000, 0x000000070c800000|100%| O|  |TAMS 0x000000070c600000, 0x000000070c600000| Untracked 
|   6|0x000000070c800000, 0x000000070ca00000, 0x000000070ca00000|100%| O|  |TAMS 0x000000070c800000, 0x000000070c800000| Untracked 
|   7|0x000000070ca00000, 0x000000070cc00000, 0x000000070cc00000|100%| O|  |TAMS 0x000000070ca00000, 0x000000070ca00000| Untracked 
|   8|0x000000070cc00000, 0x000000070ce00000, 0x000000070ce00000|100%| O|  |TAMS 0x000000070cc00000, 0x000000070cc00000| Untracked 
|   9|0x000000070ce00000, 0x000000070d000000, 0x000000070d000000|100%| O|  |TAMS 0x000000070ce00000, 0x000000070ce00000| Untracked 
|  10|0x000000070d000000, 0x000000070d200000, 0x000000070d200000|100%| O|  |TAMS 0x000000070d000000, 0x000000070d000000| Untracked 
|  11|0x000000070d200000, 0x000000070d400000, 0x000000070d400000|100%|HS|  |TAMS 0x000000070d200000, 0x000000070d200000| Complete 
|  12|0x000000070d400000, 0x000000070d600000, 0x000000070d600000|100%|HC|  |TAMS 0x000000070d400000, 0x000000070d400000| Complete 
|  13|0x000000070d600000, 0x000000070d800000, 0x000000070d800000|100%|HS|  |TAMS 0x000000070d600000, 0x000000070d600000| Complete 
|  14|0x000000070d800000, 0x000000070da00000, 0x000000070da00000|100%|HC|  |TAMS 0x000000070d800000, 0x000000070d800000| Complete 
|  15|0x000000070da00000, 0x000000070dc00000, 0x000000070dc00000|100%| O|  |TAMS 0x000000070da00000, 0x000000070da00000| Untracked 
|  16|0x000000070dc00000, 0x000000070de00000, 0x000000070de00000|100%| O|  |TAMS 0x000000070dc00000, 0x000000070dc00000| Untracked 
|  17|0x000000070de00000, 0x000000070e000000, 0x000000070e000000|100%| O|  |TAMS 0x000000070de00000, 0x000000070de00000| Untracked 
|  18|0x000000070e000000, 0x000000070e200000, 0x000000070e200000|100%| O|  |TAMS 0x000000070e000000, 0x000000070e000000| Untracked 
|  19|0x000000070e200000, 0x000000070e400000, 0x000000070e400000|100%| O|  |TAMS 0x000000070e200000, 0x000000070e200000| Untracked 
|  20|0x000000070e400000, 0x000000070e600000, 0x000000070e600000|100%| O|  |TAMS 0x000000070e400000, 0x000000070e400000| Untracked 
|  21|0x000000070e600000, 0x000000070e800000, 0x000000070e800000|100%| O|  |TAMS 0x000000070e600000, 0x000000070e600000| Untracked 
|  22|0x000000070e800000, 0x000000070ea00000, 0x000000070ea00000|100%| O|  |TAMS 0x000000070e800000, 0x000000070e800000| Untracked 
|  23|0x000000070ea00000, 0x000000070ec00000, 0x000000070ec00000|100%| O|  |TAMS 0x000000070ea00000, 0x000000070ea00000| Untracked 
|  24|0x000000070ec00000, 0x000000070ee00000, 0x000000070ee00000|100%| O|  |TAMS 0x000000070ec00000, 0x000000070ec00000| Untracked 
|  25|0x000000070ee00000, 0x000000070f000000, 0x000000070f000000|100%| O|  |TAMS 0x000000070ee00000, 0x000000070ee00000| Untracked 
|  26|0x000000070f000000, 0x000000070f200000, 0x000000070f200000|100%| O|  |TAMS 0x000000070f000000, 0x000000070f000000| Untracked 
|  27|0x000000070f200000, 0x000000070f400000, 0x000000070f400000|100%| O|  |TAMS 0x000000070f200000, 0x000000070f200000| Untracked 
|  28|0x000000070f400000, 0x000000070f600000, 0x000000070f600000|100%| O|  |TAMS 0x000000070f400000, 0x000000070f400000| Untracked 
|  29|0x000000070f600000, 0x000000070f800000, 0x000000070f800000|100%| O|  |TAMS 0x000000070f600000, 0x000000070f600000| Untracked 
|  30|0x000000070f800000, 0x000000070fa00000, 0x000000070fa00000|100%| O|  |TAMS 0x000000070f800000, 0x000000070f800000| Untracked 
|  31|0x000000070fa00000, 0x000000070fc00000, 0x000000070fc00000|100%| O|  |TAMS 0x000000070fa00000, 0x000000070fa00000| Untracked 
|  32|0x000000070fc00000, 0x000000070fe00000, 0x000000070fe00000|100%| O|  |TAMS 0x000000070fc00000, 0x000000070fc00000| Untracked 
|  33|0x000000070fe00000, 0x0000000710000000, 0x0000000710000000|100%| O|  |TAMS 0x000000070fe00000, 0x000000070fe00000| Untracked 
|  34|0x0000000710000000, 0x0000000710200000, 0x0000000710200000|100%| O|  |TAMS 0x0000000710000000, 0x0000000710000000| Untracked 
|  35|0x0000000710200000, 0x0000000710400000, 0x0000000710400000|100%| O|  |TAMS 0x0000000710200000, 0x0000000710200000| Untracked 
|  36|0x0000000710400000, 0x0000000710600000, 0x0000000710600000|100%| O|  |TAMS 0x0000000710400000, 0x0000000710400000| Untracked 
|  37|0x0000000710600000, 0x0000000710800000, 0x0000000710800000|100%|HS|  |TAMS 0x0000000710600000, 0x0000000710600000| Complete 
|  38|0x0000000710800000, 0x0000000710a00000, 0x0000000710a00000|100%|HS|  |TAMS 0x0000000710800000, 0x0000000710800000| Complete 
|  39|0x0000000710a00000, 0x0000000710c00000, 0x0000000710c00000|100%|HC|  |TAMS 0x0000000710a00000, 0x0000000710a00000| Complete 
|  40|0x0000000710c00000, 0x0000000710e00000, 0x0000000710e00000|100%|HS|  |TAMS 0x0000000710c00000, 0x0000000710c00000| Complete 
|  41|0x0000000710e00000, 0x0000000711000000, 0x0000000711000000|100%|HC|  |TAMS 0x0000000710e00000, 0x0000000710e00000| Complete 
|  42|0x0000000711000000, 0x0000000711200000, 0x0000000711200000|100%| O|  |TAMS 0x0000000711000000, 0x0000000711000000| Untracked 
|  43|0x0000000711200000, 0x0000000711400000, 0x0000000711400000|100%| O|  |TAMS 0x0000000711200000, 0x0000000711200000| Untracked 
|  44|0x0000000711400000, 0x00000007114fb800, 0x0000000711600000| 49%| O|  |TAMS 0x0000000711400000, 0x0000000711400000| Untracked 
|  45|0x0000000711600000, 0x0000000711800000, 0x0000000711800000|100%|HS|  |TAMS 0x0000000711600000, 0x0000000711600000| Complete 
|  46|0x0000000711800000, 0x0000000711a00000, 0x0000000711a00000|100%|HS|  |TAMS 0x0000000711800000, 0x0000000711800000| Complete 
|  47|0x0000000711a00000, 0x0000000711c00000, 0x0000000711c00000|100%|HS|  |TAMS 0x0000000711a00000, 0x0000000711a00000| Complete 
|  48|0x0000000711c00000, 0x0000000711e00000, 0x0000000711e00000|100%|HS|  |TAMS 0x0000000711c00000, 0x0000000711c00000| Complete 
|  49|0x0000000711e00000, 0x0000000712000000, 0x0000000712000000|100%|HC|  |TAMS 0x0000000711e00000, 0x0000000711e00000| Complete 
|  50|0x0000000712000000, 0x0000000712200000, 0x0000000712200000|100%|HS|  |TAMS 0x0000000712000000, 0x0000000712000000| Complete 
|  51|0x0000000712200000, 0x0000000712400000, 0x0000000712400000|100%|HC|  |TAMS 0x0000000712200000, 0x0000000712200000| Complete 
|  52|0x0000000712400000, 0x0000000712600000, 0x0000000712600000|100%|HS|  |TAMS 0x0000000712400000, 0x0000000712400000| Complete 
|  53|0x0000000712600000, 0x0000000712800000, 0x0000000712800000|100%|HC|  |TAMS 0x0000000712600000, 0x0000000712600000| Complete 
|  54|0x0000000712800000, 0x0000000712800000, 0x0000000712a00000|  0%| F|  |TAMS 0x0000000712800000, 0x0000000712800000| Untracked 
|  55|0x0000000712a00000, 0x0000000712a00000, 0x0000000712c00000|  0%| F|  |TAMS 0x0000000712a00000, 0x0000000712a00000| Untracked 
|  56|0x0000000712c00000, 0x0000000712c00000, 0x0000000712e00000|  0%| F|  |TAMS 0x0000000712c00000, 0x0000000712c00000| Untracked 
|  57|0x0000000712e00000, 0x0000000712e00000, 0x0000000713000000|  0%| F|  |TAMS 0x0000000712e00000, 0x0000000712e00000| Untracked 
|  58|0x0000000713000000, 0x0000000713000000, 0x0000000713200000|  0%| F|  |TAMS 0x0000000713000000, 0x0000000713000000| Untracked 
|  59|0x0000000713200000, 0x0000000713200000, 0x0000000713400000|  0%| F|  |TAMS 0x0000000713200000, 0x0000000713200000| Untracked 
|  60|0x0000000713400000, 0x0000000713400000, 0x0000000713600000|  0%| F|  |TAMS 0x0000000713400000, 0x0000000713400000| Untracked 
|  61|0x0000000713600000, 0x0000000713600000, 0x0000000713800000|  0%| F|  |TAMS 0x0000000713600000, 0x0000000713600000| Untracked 
|  62|0x0000000713800000, 0x0000000713800000, 0x0000000713a00000|  0%| F|  |TAMS 0x0000000713800000, 0x0000000713800000| Untracked 
|  63|0x0000000713a00000, 0x0000000713a00000, 0x0000000713c00000|  0%| F|  |TAMS 0x0000000713a00000, 0x0000000713a00000| Untracked 
|  64|0x0000000713c00000, 0x0000000713c00000, 0x0000000713e00000|  0%| F|  |TAMS 0x0000000713c00000, 0x0000000713c00000| Untracked 
|  65|0x0000000713e00000, 0x0000000713e00000, 0x0000000714000000|  0%| F|  |TAMS 0x0000000713e00000, 0x0000000713e00000| Untracked 
|  66|0x0000000714000000, 0x0000000714000000, 0x0000000714200000|  0%| F|  |TAMS 0x0000000714000000, 0x0000000714000000| Untracked 
|  67|0x0000000714200000, 0x0000000714200000, 0x0000000714400000|  0%| F|  |TAMS 0x0000000714200000, 0x0000000714200000| Untracked 
|  68|0x0000000714400000, 0x0000000714400000, 0x0000000714600000|  0%| F|  |TAMS 0x0000000714400000, 0x0000000714400000| Untracked 
|  69|0x0000000714600000, 0x0000000714600000, 0x0000000714800000|  0%| F|  |TAMS 0x0000000714600000, 0x0000000714600000| Untracked 
|  70|0x0000000714800000, 0x0000000714800000, 0x0000000714a00000|  0%| F|  |TAMS 0x0000000714800000, 0x0000000714800000| Untracked 
|  71|0x0000000714a00000, 0x0000000714a00000, 0x0000000714c00000|  0%| F|  |TAMS 0x0000000714a00000, 0x0000000714a00000| Untracked 
|  72|0x0000000714c00000, 0x0000000714c00000, 0x0000000714e00000|  0%| F|  |TAMS 0x0000000714c00000, 0x0000000714c00000| Untracked 
|  73|0x0000000714e00000, 0x0000000714e00000, 0x0000000715000000|  0%| F|  |TAMS 0x0000000714e00000, 0x0000000714e00000| Untracked 
|  74|0x0000000715000000, 0x00000007150fdda0, 0x0000000715200000| 49%| S|CS|TAMS 0x0000000715000000, 0x0000000715000000| Complete 
|  75|0x0000000715200000, 0x0000000715400000, 0x0000000715400000|100%| S|CS|TAMS 0x0000000715200000, 0x0000000715200000| Complete 
|  76|0x0000000715400000, 0x0000000715400000, 0x0000000715600000|  0%| F|  |TAMS 0x0000000715400000, 0x0000000715400000| Untracked 
|  77|0x0000000715600000, 0x0000000715600000, 0x0000000715800000|  0%| F|  |TAMS 0x0000000715600000, 0x0000000715600000| Untracked 
|  78|0x0000000715800000, 0x0000000715800000, 0x0000000715a00000|  0%| F|  |TAMS 0x0000000715800000, 0x0000000715800000| Untracked 
|  79|0x0000000715a00000, 0x0000000715a00000, 0x0000000715c00000|  0%| F|  |TAMS 0x0000000715a00000, 0x0000000715a00000| Untracked 
|  80|0x0000000715c00000, 0x0000000715c00000, 0x0000000715e00000|  0%| F|  |TAMS 0x0000000715c00000, 0x0000000715c00000| Untracked 
|  81|0x0000000715e00000, 0x0000000715e00000, 0x0000000716000000|  0%| F|  |TAMS 0x0000000715e00000, 0x0000000715e00000| Untracked 
|  82|0x0000000716000000, 0x0000000716000000, 0x0000000716200000|  0%| F|  |TAMS 0x0000000716000000, 0x0000000716000000| Untracked 
|  83|0x0000000716200000, 0x0000000716200000, 0x0000000716400000|  0%| F|  |TAMS 0x0000000716200000, 0x0000000716200000| Untracked 
|  84|0x0000000716400000, 0x0000000716400000, 0x0000000716600000|  0%| F|  |TAMS 0x0000000716400000, 0x0000000716400000| Untracked 
|  85|0x0000000716600000, 0x0000000716600000, 0x0000000716800000|  0%| F|  |TAMS 0x0000000716600000, 0x0000000716600000| Untracked 
|  86|0x0000000716800000, 0x0000000716800000, 0x0000000716a00000|  0%| F|  |TAMS 0x0000000716800000, 0x0000000716800000| Untracked 
|  87|0x0000000716a00000, 0x0000000716c00000, 0x0000000716c00000|100%| S|CS|TAMS 0x0000000716a00000, 0x0000000716a00000| Complete 
|  88|0x0000000716c00000, 0x0000000716e00000, 0x0000000716e00000|100%| S|CS|TAMS 0x0000000716c00000, 0x0000000716c00000| Complete 
|  89|0x0000000716e00000, 0x0000000717000000, 0x0000000717000000|100%| S|CS|TAMS 0x0000000716e00000, 0x0000000716e00000| Complete 
|  90|0x0000000717000000, 0x0000000717200000, 0x0000000717200000|100%| S|CS|TAMS 0x0000000717000000, 0x0000000717000000| Complete 
|  91|0x0000000717200000, 0x0000000717400000, 0x0000000717400000|100%| S|CS|TAMS 0x0000000717200000, 0x0000000717200000| Complete 
|  92|0x0000000717400000, 0x0000000717600000, 0x0000000717600000|100%| S|CS|TAMS 0x0000000717400000, 0x0000000717400000| Complete 
|  93|0x0000000717600000, 0x0000000717800000, 0x0000000717800000|100%| S|CS|TAMS 0x0000000717600000, 0x0000000717600000| Complete 
|  94|0x0000000717800000, 0x0000000717a00000, 0x0000000717a00000|100%| S|CS|TAMS 0x0000000717800000, 0x0000000717800000| Complete 
|  95|0x0000000717a00000, 0x0000000717c00000, 0x0000000717c00000|100%| S|CS|TAMS 0x0000000717a00000, 0x0000000717a00000| Complete 
|  96|0x0000000717c00000, 0x0000000717e00000, 0x0000000717e00000|100%| S|CS|TAMS 0x0000000717c00000, 0x0000000717c00000| Complete 
|  97|0x0000000717e00000, 0x0000000717e00000, 0x0000000718000000|  0%| F|  |TAMS 0x0000000717e00000, 0x0000000717e00000| Untracked 
|  98|0x0000000718000000, 0x0000000718000000, 0x0000000718200000|  0%| F|  |TAMS 0x0000000718000000, 0x0000000718000000| Untracked 
|  99|0x0000000718200000, 0x0000000718200000, 0x0000000718400000|  0%| F|  |TAMS 0x0000000718200000, 0x0000000718200000| Untracked 
| 100|0x0000000718400000, 0x0000000718400000, 0x0000000718600000|  0%| F|  |TAMS 0x0000000718400000, 0x0000000718400000| Untracked 
| 101|0x0000000718600000, 0x0000000718600000, 0x0000000718800000|  0%| F|  |TAMS 0x0000000718600000, 0x0000000718600000| Untracked 
| 102|0x0000000718800000, 0x0000000718800000, 0x0000000718a00000|  0%| F|  |TAMS 0x0000000718800000, 0x0000000718800000| Untracked 
| 103|0x0000000718a00000, 0x0000000718a00000, 0x0000000718c00000|  0%| F|  |TAMS 0x0000000718a00000, 0x0000000718a00000| Untracked 
| 104|0x0000000718c00000, 0x0000000718c00000, 0x0000000718e00000|  0%| F|  |TAMS 0x0000000718c00000, 0x0000000718c00000| Untracked 
| 105|0x0000000718e00000, 0x0000000718e00000, 0x0000000719000000|  0%| F|  |TAMS 0x0000000718e00000, 0x0000000718e00000| Untracked 
| 106|0x0000000719000000, 0x0000000719000000, 0x0000000719200000|  0%| F|  |TAMS 0x0000000719000000, 0x0000000719000000| Untracked 
| 107|0x0000000719200000, 0x0000000719200000, 0x0000000719400000|  0%| F|  |TAMS 0x0000000719200000, 0x0000000719200000| Untracked 
| 108|0x0000000719400000, 0x0000000719400000, 0x0000000719600000|  0%| F|  |TAMS 0x0000000719400000, 0x0000000719400000| Untracked 
| 109|0x0000000719600000, 0x0000000719600000, 0x0000000719800000|  0%| F|  |TAMS 0x0000000719600000, 0x0000000719600000| Untracked 
| 110|0x0000000719800000, 0x0000000719800000, 0x0000000719a00000|  0%| F|  |TAMS 0x0000000719800000, 0x0000000719800000| Untracked 
| 111|0x0000000719a00000, 0x0000000719a00000, 0x0000000719c00000|  0%| F|  |TAMS 0x0000000719a00000, 0x0000000719a00000| Untracked 
| 112|0x0000000719c00000, 0x0000000719c00000, 0x0000000719e00000|  0%| F|  |TAMS 0x0000000719c00000, 0x0000000719c00000| Untracked 
| 113|0x0000000719e00000, 0x0000000719e00000, 0x000000071a000000|  0%| F|  |TAMS 0x0000000719e00000, 0x0000000719e00000| Untracked 
| 114|0x000000071a000000, 0x000000071a000000, 0x000000071a200000|  0%| F|  |TAMS 0x000000071a000000, 0x000000071a000000| Untracked 
| 115|0x000000071a200000, 0x000000071a200000, 0x000000071a400000|  0%| F|  |TAMS 0x000000071a200000, 0x000000071a200000| Untracked 
| 116|0x000000071a400000, 0x000000071a400000, 0x000000071a600000|  0%| F|  |TAMS 0x000000071a400000, 0x000000071a400000| Untracked 
| 117|0x000000071a600000, 0x000000071a600000, 0x000000071a800000|  0%| F|  |TAMS 0x000000071a600000, 0x000000071a600000| Untracked 
| 118|0x000000071a800000, 0x000000071a800000, 0x000000071aa00000|  0%| F|  |TAMS 0x000000071a800000, 0x000000071a800000| Untracked 
| 119|0x000000071aa00000, 0x000000071aa00000, 0x000000071ac00000|  0%| F|  |TAMS 0x000000071aa00000, 0x000000071aa00000| Untracked 
| 120|0x000000071ac00000, 0x000000071ac00000, 0x000000071ae00000|  0%| F|  |TAMS 0x000000071ac00000, 0x000000071ac00000| Untracked 
| 121|0x000000071ae00000, 0x000000071ae00000, 0x000000071b000000|  0%| F|  |TAMS 0x000000071ae00000, 0x000000071ae00000| Untracked 
| 122|0x000000071b000000, 0x000000071b000000, 0x000000071b200000|  0%| F|  |TAMS 0x000000071b000000, 0x000000071b000000| Untracked 
| 123|0x000000071b200000, 0x000000071b200000, 0x000000071b400000|  0%| F|  |TAMS 0x000000071b200000, 0x000000071b200000| Untracked 
| 124|0x000000071b400000, 0x000000071b400000, 0x000000071b600000|  0%| F|  |TAMS 0x000000071b400000, 0x000000071b400000| Untracked 
| 125|0x000000071b600000, 0x000000071b600000, 0x000000071b800000|  0%| F|  |TAMS 0x000000071b600000, 0x000000071b600000| Untracked 
| 126|0x000000071b800000, 0x000000071b800000, 0x000000071ba00000|  0%| F|  |TAMS 0x000000071b800000, 0x000000071b800000| Untracked 
| 127|0x000000071ba00000, 0x000000071ba00000, 0x000000071bc00000|  0%| F|  |TAMS 0x000000071ba00000, 0x000000071ba00000| Untracked 
| 128|0x000000071bc00000, 0x000000071bc00000, 0x000000071be00000|  0%| F|  |TAMS 0x000000071bc00000, 0x000000071bc00000| Untracked 
| 129|0x000000071be00000, 0x000000071be00000, 0x000000071c000000|  0%| F|  |TAMS 0x000000071be00000, 0x000000071be00000| Untracked 
| 130|0x000000071c000000, 0x000000071c000000, 0x000000071c200000|  0%| F|  |TAMS 0x000000071c000000, 0x000000071c000000| Untracked 
| 131|0x000000071c200000, 0x000000071c200000, 0x000000071c400000|  0%| F|  |TAMS 0x000000071c200000, 0x000000071c200000| Untracked 
| 132|0x000000071c400000, 0x000000071c400000, 0x000000071c600000|  0%| F|  |TAMS 0x000000071c400000, 0x000000071c400000| Untracked 
| 133|0x000000071c600000, 0x000000071c600000, 0x000000071c800000|  0%| F|  |TAMS 0x000000071c600000, 0x000000071c600000| Untracked 
| 134|0x000000071c800000, 0x000000071c800000, 0x000000071ca00000|  0%| F|  |TAMS 0x000000071c800000, 0x000000071c800000| Untracked 
| 135|0x000000071ca00000, 0x000000071ca00000, 0x000000071cc00000|  0%| F|  |TAMS 0x000000071ca00000, 0x000000071ca00000| Untracked 
| 136|0x000000071cc00000, 0x000000071cc00000, 0x000000071ce00000|  0%| F|  |TAMS 0x000000071cc00000, 0x000000071cc00000| Untracked 
| 137|0x000000071ce00000, 0x000000071ce00000, 0x000000071d000000|  0%| F|  |TAMS 0x000000071ce00000, 0x000000071ce00000| Untracked 
| 138|0x000000071d000000, 0x000000071d000000, 0x000000071d200000|  0%| F|  |TAMS 0x000000071d000000, 0x000000071d000000| Untracked 
| 139|0x000000071d200000, 0x000000071d200000, 0x000000071d400000|  0%| F|  |TAMS 0x000000071d200000, 0x000000071d200000| Untracked 
| 140|0x000000071d400000, 0x000000071d400000, 0x000000071d600000|  0%| F|  |TAMS 0x000000071d400000, 0x000000071d400000| Untracked 
| 141|0x000000071d600000, 0x000000071d600000, 0x000000071d800000|  0%| F|  |TAMS 0x000000071d600000, 0x000000071d600000| Untracked 
| 142|0x000000071d800000, 0x000000071d800000, 0x000000071da00000|  0%| F|  |TAMS 0x000000071d800000, 0x000000071d800000| Untracked 
| 143|0x000000071da00000, 0x000000071da00000, 0x000000071dc00000|  0%| F|  |TAMS 0x000000071da00000, 0x000000071da00000| Untracked 
| 144|0x000000071dc00000, 0x000000071dc00000, 0x000000071de00000|  0%| F|  |TAMS 0x000000071dc00000, 0x000000071dc00000| Untracked 
| 145|0x000000071de00000, 0x000000071de00000, 0x000000071e000000|  0%| F|  |TAMS 0x000000071de00000, 0x000000071de00000| Untracked 
| 146|0x000000071e000000, 0x000000071e000000, 0x000000071e200000|  0%| F|  |TAMS 0x000000071e000000, 0x000000071e000000| Untracked 
| 147|0x000000071e200000, 0x000000071e200000, 0x000000071e400000|  0%| F|  |TAMS 0x000000071e200000, 0x000000071e200000| Untracked 
| 148|0x000000071e400000, 0x000000071e400000, 0x000000071e600000|  0%| F|  |TAMS 0x000000071e400000, 0x000000071e400000| Untracked 
| 149|0x000000071e600000, 0x000000071e600000, 0x000000071e800000|  0%| F|  |TAMS 0x000000071e600000, 0x000000071e600000| Untracked 
| 150|0x000000071e800000, 0x000000071e800000, 0x000000071ea00000|  0%| F|  |TAMS 0x000000071e800000, 0x000000071e800000| Untracked 
| 151|0x000000071ea00000, 0x000000071ea00000, 0x000000071ec00000|  0%| F|  |TAMS 0x000000071ea00000, 0x000000071ea00000| Untracked 
| 152|0x000000071ec00000, 0x000000071ec00000, 0x000000071ee00000|  0%| F|  |TAMS 0x000000071ec00000, 0x000000071ec00000| Untracked 
| 153|0x000000071ee00000, 0x000000071ee00000, 0x000000071f000000|  0%| F|  |TAMS 0x000000071ee00000, 0x000000071ee00000| Untracked 
| 154|0x000000071f000000, 0x000000071f000000, 0x000000071f200000|  0%| F|  |TAMS 0x000000071f000000, 0x000000071f000000| Untracked 
| 155|0x000000071f200000, 0x000000071f200000, 0x000000071f400000|  0%| F|  |TAMS 0x000000071f200000, 0x000000071f200000| Untracked 
| 156|0x000000071f400000, 0x000000071f400000, 0x000000071f600000|  0%| F|  |TAMS 0x000000071f400000, 0x000000071f400000| Untracked 
| 157|0x000000071f600000, 0x000000071f600000, 0x000000071f800000|  0%| F|  |TAMS 0x000000071f600000, 0x000000071f600000| Untracked 
| 158|0x000000071f800000, 0x000000071f800000, 0x000000071fa00000|  0%| F|  |TAMS 0x000000071f800000, 0x000000071f800000| Untracked 
| 159|0x000000071fa00000, 0x000000071fa00000, 0x000000071fc00000|  0%| F|  |TAMS 0x000000071fa00000, 0x000000071fa00000| Untracked 
| 160|0x000000071fc00000, 0x000000071fc00000, 0x000000071fe00000|  0%| F|  |TAMS 0x000000071fc00000, 0x000000071fc00000| Untracked 
| 161|0x000000071fe00000, 0x000000071fe00000, 0x0000000720000000|  0%| F|  |TAMS 0x000000071fe00000, 0x000000071fe00000| Untracked 
| 162|0x0000000720000000, 0x0000000720000000, 0x0000000720200000|  0%| F|  |TAMS 0x0000000720000000, 0x0000000720000000| Untracked 
| 163|0x0000000720200000, 0x0000000720200000, 0x0000000720400000|  0%| F|  |TAMS 0x0000000720200000, 0x0000000720200000| Untracked 
| 164|0x0000000720400000, 0x0000000720400000, 0x0000000720600000|  0%| F|  |TAMS 0x0000000720400000, 0x0000000720400000| Untracked 
| 165|0x0000000720600000, 0x0000000720600000, 0x0000000720800000|  0%| F|  |TAMS 0x0000000720600000, 0x0000000720600000| Untracked 
| 166|0x0000000720800000, 0x0000000720800000, 0x0000000720a00000|  0%| F|  |TAMS 0x0000000720800000, 0x0000000720800000| Untracked 
| 167|0x0000000720a00000, 0x0000000720a00000, 0x0000000720c00000|  0%| F|  |TAMS 0x0000000720a00000, 0x0000000720a00000| Untracked 
| 168|0x0000000720c00000, 0x0000000720c00000, 0x0000000720e00000|  0%| F|  |TAMS 0x0000000720c00000, 0x0000000720c00000| Untracked 
| 169|0x0000000720e00000, 0x0000000720e00000, 0x0000000721000000|  0%| F|  |TAMS 0x0000000720e00000, 0x0000000720e00000| Untracked 
| 170|0x0000000721000000, 0x0000000721000000, 0x0000000721200000|  0%| F|  |TAMS 0x0000000721000000, 0x0000000721000000| Untracked 
| 171|0x0000000721200000, 0x0000000721200000, 0x0000000721400000|  0%| F|  |TAMS 0x0000000721200000, 0x0000000721200000| Untracked 
| 172|0x0000000721400000, 0x0000000721600000, 0x0000000721600000|100%| E|  |TAMS 0x0000000721400000, 0x0000000721400000| Complete 
| 173|0x0000000721600000, 0x0000000721800000, 0x0000000721800000|100%| E|CS|TAMS 0x0000000721600000, 0x0000000721600000| Complete 
| 174|0x0000000721800000, 0x0000000721a00000, 0x0000000721a00000|100%| E|CS|TAMS 0x0000000721800000, 0x0000000721800000| Complete 
| 175|0x0000000721a00000, 0x0000000721c00000, 0x0000000721c00000|100%| E|CS|TAMS 0x0000000721a00000, 0x0000000721a00000| Complete 
| 176|0x0000000721c00000, 0x0000000721e00000, 0x0000000721e00000|100%| E|CS|TAMS 0x0000000721c00000, 0x0000000721c00000| Complete 
| 177|0x0000000721e00000, 0x0000000722000000, 0x0000000722000000|100%| E|CS|TAMS 0x0000000721e00000, 0x0000000721e00000| Complete 
| 178|0x0000000722000000, 0x0000000722200000, 0x0000000722200000|100%| E|CS|TAMS 0x0000000722000000, 0x0000000722000000| Complete 
| 179|0x0000000722200000, 0x0000000722400000, 0x0000000722400000|100%| E|CS|TAMS 0x0000000722200000, 0x0000000722200000| Complete 
| 180|0x0000000722400000, 0x0000000722600000, 0x0000000722600000|100%| E|CS|TAMS 0x0000000722400000, 0x0000000722400000| Complete 
| 181|0x0000000722600000, 0x0000000722800000, 0x0000000722800000|100%| E|CS|TAMS 0x0000000722600000, 0x0000000722600000| Complete 
| 182|0x0000000722800000, 0x0000000722a00000, 0x0000000722a00000|100%| E|CS|TAMS 0x0000000722800000, 0x0000000722800000| Complete 
| 183|0x0000000722a00000, 0x0000000722c00000, 0x0000000722c00000|100%| E|CS|TAMS 0x0000000722a00000, 0x0000000722a00000| Complete 
| 184|0x0000000722c00000, 0x0000000722e00000, 0x0000000722e00000|100%| E|CS|TAMS 0x0000000722c00000, 0x0000000722c00000| Complete 
| 185|0x0000000722e00000, 0x0000000723000000, 0x0000000723000000|100%| E|CS|TAMS 0x0000000722e00000, 0x0000000722e00000| Complete 
| 186|0x0000000723000000, 0x0000000723200000, 0x0000000723200000|100%| E|CS|TAMS 0x0000000723000000, 0x0000000723000000| Complete 
| 187|0x0000000723200000, 0x0000000723400000, 0x0000000723400000|100%| E|CS|TAMS 0x0000000723200000, 0x0000000723200000| Complete 
| 188|0x0000000723400000, 0x0000000723600000, 0x0000000723600000|100%| E|CS|TAMS 0x0000000723400000, 0x0000000723400000| Complete 
| 189|0x0000000723600000, 0x0000000723800000, 0x0000000723800000|100%| E|CS|TAMS 0x0000000723600000, 0x0000000723600000| Complete 
| 190|0x0000000723800000, 0x0000000723a00000, 0x0000000723a00000|100%| E|CS|TAMS 0x0000000723800000, 0x0000000723800000| Complete 
| 191|0x0000000723a00000, 0x0000000723c00000, 0x0000000723c00000|100%| E|CS|TAMS 0x0000000723a00000, 0x0000000723a00000| Complete 
| 192|0x0000000723c00000, 0x0000000723e00000, 0x0000000723e00000|100%| E|CS|TAMS 0x0000000723c00000, 0x0000000723c00000| Complete 
| 193|0x0000000723e00000, 0x0000000724000000, 0x0000000724000000|100%| E|CS|TAMS 0x0000000723e00000, 0x0000000723e00000| Complete 
| 194|0x0000000724000000, 0x0000000724200000, 0x0000000724200000|100%| E|CS|TAMS 0x0000000724000000, 0x0000000724000000| Complete 
| 195|0x0000000724200000, 0x0000000724400000, 0x0000000724400000|100%| E|CS|TAMS 0x0000000724200000, 0x0000000724200000| Complete 
| 196|0x0000000724400000, 0x0000000724600000, 0x0000000724600000|100%| E|CS|TAMS 0x0000000724400000, 0x0000000724400000| Complete 
| 197|0x0000000724600000, 0x0000000724800000, 0x0000000724800000|100%| E|CS|TAMS 0x0000000724600000, 0x0000000724600000| Complete 
| 198|0x0000000724800000, 0x0000000724a00000, 0x0000000724a00000|100%| E|CS|TAMS 0x0000000724800000, 0x0000000724800000| Complete 
| 199|0x0000000724a00000, 0x0000000724c00000, 0x0000000724c00000|100%| E|CS|TAMS 0x0000000724a00000, 0x0000000724a00000| Complete 
| 200|0x0000000724c00000, 0x0000000724e00000, 0x0000000724e00000|100%| E|CS|TAMS 0x0000000724c00000, 0x0000000724c00000| Complete 
| 201|0x0000000724e00000, 0x0000000725000000, 0x0000000725000000|100%| E|CS|TAMS 0x0000000724e00000, 0x0000000724e00000| Complete 

Card table byte_map: [0x00000206ec3b0000,0x00000206ecb60000] _byte_map_base: 0x00000206e8b52000

Marking Bits (Prev, Next): (CMBitMap*) 0x00000206d4ac2d40, (CMBitMap*) 0x00000206d4ac2d80
 Prev Bits: [0x00000206ed310000, 0x00000206f1020000)
 Next Bits: [0x00000206f1020000, 0x00000206f4d30000)

Polling page: 0x00000206d4210000

Metaspace:

Usage:
  Non-class:     16.04 MB used.
      Class:      1.61 MB used.
       Both:     17.65 MB used.

Virtual space:
  Non-class space:       64.00 MB reserved,      16.12 MB ( 25%) committed,  1 nodes.
      Class space:        1.00 GB reserved,       1.69 MB ( <1%) committed,  1 nodes.
             Both:        1.06 GB reserved,      17.81 MB (  2%) committed. 

Chunk freelists:
   Non-Class:  3.44 MB
       Class:  2.33 MB
        Both:  5.77 MB

MaxMetaspaceSize: unlimited
CompressedClassSpaceSize: 1.00 GB
Initial GC threshold: 21.00 MB
Current GC threshold: 21.00 MB
CDS: on
MetaspaceReclaimPolicy: balanced
 - commit_granule_bytes: 65536.
 - commit_granule_words: 8192.
 - virtual_space_node_default_size: 8388608.
 - enlarge_chunks_in_place: 1.
 - new_chunks_are_fully_committed: 0.
 - uncommit_free_chunks: 1.
 - use_allocation_guard: 0.


Internal statistics:

num_allocs_failed_limit: 0.
num_arena_births: 210.
num_arena_deaths: 0.
num_vsnodes_births: 2.
num_vsnodes_deaths: 0.
num_space_committed: 283.
num_space_uncommitted: 0.
num_chunks_returned_to_freelist: 0.
num_chunks_taken_from_freelist: 493.
num_chunk_merges: 0.
num_chunk_splits: 311.
num_chunks_enlarged: 203.
num_inconsistent_stats: 0.

CodeHeap 'non-profiled nmethods': size=119168Kb used=1090Kb max_used=1090Kb free=118077Kb
 bounds [0x00000206e3f20000, 0x00000206e4190000, 0x00000206eb380000]
CodeHeap 'profiled nmethods': size=119104Kb used=5998Kb max_used=5998Kb free=113105Kb
 bounds [0x00000206dcad0000, 0x00000206dd0b0000, 0x00000206e3f20000]
CodeHeap 'non-nmethods': size=7488Kb used=3629Kb max_used=3644Kb free=3859Kb
 bounds [0x00000206dc380000, 0x00000206dc720000, 0x00000206dcad0000]
 total_blobs=4564 nmethods=3106 adapters=1367
 compilation: enabled
              stopped_count=0, restarted_count=0
 full_count=0

Compilation events (20 events):
Event: 8.582 Thread 0x00000206f71c3ac0 nmethod 3097 0x00000206dd0a4710 code [0x00000206dd0a48a0, 0x00000206dd0a49b8]
Event: 8.582 Thread 0x00000206f71c6850 nmethod 3096 0x00000206dd0a4a90 code [0x00000206dd0a4c40, 0x00000206dd0a4e58]
Event: 8.600 Thread 0x00000206f71c6850 3098       3       org.lwjgl.system.MemoryUtil::memAddressSafe (15 bytes)
Event: 8.600 Thread 0x00000206f71c6850 nmethod 3098 0x00000206dd0a4f90 code [0x00000206dd0a5140, 0x00000206dd0a5348]
Event: 8.606 Thread 0x00000206f71c6850 3099       3       org.lwjgl.system.CustomBuffer::remaining (10 bytes)
Event: 8.606 Thread 0x00000206f71c6850 nmethod 3099 0x00000206dd0a5410 code [0x00000206dd0a55a0, 0x00000206dd0a56b8]
Event: 8.612 Thread 0x00000206f71c6850 3100       3       org.joml.MemUtil$MemUtilNIO::zero (67 bytes)
Event: 8.612 Thread 0x00000206f71c5e30 3101       3       com.redteam.engine.core.rendering.RenderManager::renderLights (105 bytes)
Event: 8.612 Thread 0x00000206f71c7270 3102       3       com.redteam.engine.core.Shader::setUniform (82 bytes)
Event: 8.612 Thread 0x00000206f71c3ac0 3103       3       com.redteam.engine.core.Shader::unbind (5 bytes)
Event: 8.612 Thread 0x00000206f71c3ac0 nmethod 3103 0x00000206dd0a5790 code [0x00000206dd0a5940, 0x00000206dd0a5ac8]
Event: 8.612 Thread 0x00000206f71c3ac0 3104       3       org.lwjgl.system.MemoryStack::mallocPointer (23 bytes)
Event: 8.612 Thread 0x00000206f71c6850 nmethod 3100 0x00000206dd0a5b90 code [0x00000206dd0a5da0, 0x00000206dd0a6518]
Event: 8.613 Thread 0x00000206f71c3ac0 nmethod 3104 0x00000206dd0a6810 code [0x00000206dd0a69c0, 0x00000206dd0a6cd8]
Event: 8.613 Thread 0x00000206f71c5e30 nmethod 3101 0x00000206dd0a6e10 code [0x00000206dd0a71c0, 0x00000206dd0a85c8]
Event: 8.613 Thread 0x00000206f71c7270 nmethod 3102 0x00000206dd0a8f10 code [0x00000206dd0a9300, 0x00000206dd0aac38]
Event: 8.618 Thread 0x00000206f71c2c80 3105       4       org.joml.MemUtil$MemUtilUnsafe::put (43 bytes)
Event: 8.619 Thread 0x00000206f71c2c80 nmethod 3105 0x00000206e4030890 code [0x00000206e4030a00, 0x00000206e4030ab8]
Event: 8.643 Thread 0x00000206f71c7270 3106       3       org.lwjgl.system.MemoryUtil::memAddress (5 bytes)
Event: 8.643 Thread 0x00000206f71c7270 nmethod 3106 0x00000206dd0ab510 code [0x00000206dd0ab6a0, 0x00000206dd0ab848]

GC Heap History (18 events):
Event: 5.956 GC heap before
{Heap before GC invocations=0 (full 0):
 garbage-first heap   total 251904K, used 22528K [0x000000070bc00000, 0x0000000800000000)
  region size 2048K, 11 young (22528K), 0 survivors (0K)
 Metaspace       used 13811K, committed 14016K, reserved 1114112K
  class space    used 1483K, committed 1600K, reserved 1048576K
}
Event: 5.959 GC heap after
{Heap after GC invocations=1 (full 0):
 garbage-first heap   total 251904K, used 4096K [0x000000070bc00000, 0x0000000800000000)
  region size 2048K, 2 young (4096K), 2 survivors (4096K)
 Metaspace       used 13811K, committed 14016K, reserved 1114112K
  class space    used 1483K, committed 1600K, reserved 1048576K
}
Event: 6.410 GC heap before
{Heap before GC invocations=1 (full 0):
 garbage-first heap   total 251904K, used 34816K [0x000000070bc00000, 0x0000000800000000)
  region size 2048K, 17 young (34816K), 2 survivors (4096K)
 Metaspace       used 16017K, committed 16256K, reserved 1114112K
  class space    used 1566K, committed 1664K, reserved 1048576K
}
Event: 6.419 GC heap after
{Heap after GC invocations=2 (full 0):
 garbage-first heap   total 251904K, used 28178K [0x000000070bc00000, 0x0000000800000000)
  region size 2048K, 3 young (6144K), 3 survivors (6144K)
 Metaspace       used 16017K, committed 16256K, reserved 1114112K
  class space    used 1566K, committed 1664K, reserved 1048576K
}
Event: 6.607 GC heap before
{Heap before GC invocations=2 (full 0):
 garbage-first heap   total 251904K, used 179730K [0x000000070bc00000, 0x0000000800000000)
  region size 2048K, 73 young (149504K), 3 survivors (6144K)
 Metaspace       used 16067K, committed 16256K, reserved 1114112K
  class space    used 1566K, committed 1664K, reserved 1048576K
}
Event: 6.618 GC heap after
{Heap after GC invocations=3 (full 0):
 garbage-first heap   total 251904K, used 74187K [0x000000070bc00000, 0x0000000800000000)
  region size 2048K, 10 young (20480K), 10 survivors (20480K)
 Metaspace       used 16067K, committed 16256K, reserved 1114112K
  class space    used 1566K, committed 1664K, reserved 1048576K
}
Event: 6.690 GC heap before
{Heap before GC invocations=3 (full 0):
 garbage-first heap   total 251904K, used 182731K [0x000000070bc00000, 0x0000000800000000)
  region size 2048K, 63 young (129024K), 10 survivors (20480K)
 Metaspace       used 16070K, committed 16256K, reserved 1114112K
  class space    used 1567K, committed 1664K, reserved 1048576K
}
Event: 6.699 GC heap after
{Heap after GC invocations=4 (full 0):
 garbage-first heap   total 251904K, used 79714K [0x000000070bc00000, 0x0000000800000000)
  region size 2048K, 3 young (6144K), 3 survivors (6144K)
 Metaspace       used 16070K, committed 16256K, reserved 1114112K
  class space    used 1567K, committed 1664K, reserved 1048576K
}
Event: 6.746 GC heap before
{Heap before GC invocations=4 (full 0):
 garbage-first heap   total 251904K, used 188258K [0x000000070bc00000, 0x0000000800000000)
  region size 2048K, 56 young (114688K), 3 survivors (6144K)
 Metaspace       used 16070K, committed 16256K, reserved 1114112K
  class space    used 1567K, committed 1664K, reserved 1048576K
}
Event: 6.748 GC heap after
{Heap after GC invocations=5 (full 0):
 garbage-first heap   total 251904K, used 81603K [0x000000070bc00000, 0x0000000800000000)
  region size 2048K, 4 young (8192K), 4 survivors (8192K)
 Metaspace       used 16070K, committed 16256K, reserved 1114112K
  class space    used 1567K, committed 1664K, reserved 1048576K
}
Event: 6.793 GC heap before
{Heap before GC invocations=5 (full 0):
 garbage-first heap   total 251904K, used 192195K [0x000000070bc00000, 0x0000000800000000)
  region size 2048K, 58 young (118784K), 4 survivors (8192K)
 Metaspace       used 16070K, committed 16256K, reserved 1114112K
  class space    used 1567K, committed 1664K, reserved 1048576K
}
Event: 6.796 GC heap after
{Heap after GC invocations=6 (full 0):
 garbage-first heap   total 413696K, used 83713K [0x000000070bc00000, 0x0000000800000000)
  region size 2048K, 5 young (10240K), 5 survivors (10240K)
 Metaspace       used 16070K, committed 16256K, reserved 1114112K
  class space    used 1567K, committed 1664K, reserved 1048576K
}
Event: 6.969 GC heap before
{Heap before GC invocations=6 (full 0):
 garbage-first heap   total 413696K, used 259841K [0x000000070bc00000, 0x0000000800000000)
  region size 2048K, 91 young (186368K), 5 survivors (10240K)
 Metaspace       used 16103K, committed 16320K, reserved 1114112K
  class space    used 1568K, committed 1664K, reserved 1048576K
}
Event: 6.972 GC heap after
{Heap after GC invocations=7 (full 0):
 garbage-first heap   total 413696K, used 88280K [0x000000070bc00000, 0x0000000800000000)
  region size 2048K, 7 young (14336K), 7 survivors (14336K)
 Metaspace       used 16103K, committed 16320K, reserved 1114112K
  class space    used 1568K, committed 1664K, reserved 1048576K
}
Event: 7.088 GC heap before
{Heap before GC invocations=7 (full 0):
 garbage-first heap   total 413696K, used 311512K [0x000000070bc00000, 0x0000000800000000)
  region size 2048K, 115 young (235520K), 7 survivors (14336K)
 Metaspace       used 16103K, committed 16320K, reserved 1114112K
  class space    used 1568K, committed 1664K, reserved 1048576K
}
Event: 7.096 GC heap after
{Heap after GC invocations=8 (full 0):
 garbage-first heap   total 413696K, used 98789K [0x000000070bc00000, 0x0000000800000000)
  region size 2048K, 11 young (22528K), 11 survivors (22528K)
 Metaspace       used 16103K, committed 16320K, reserved 1114112K
  class space    used 1568K, committed 1664K, reserved 1048576K
}
Event: 7.215 GC heap before
{Heap before GC invocations=8 (full 0):
 garbage-first heap   total 413696K, used 322021K [0x000000070bc00000, 0x0000000800000000)
  region size 2048K, 116 young (237568K), 11 survivors (22528K)
 Metaspace       used 16107K, committed 16320K, reserved 1114112K
  class space    used 1569K, committed 1664K, reserved 1048576K
}
Event: 7.227 GC heap after
{Heap after GC invocations=9 (full 0):
 garbage-first heap   total 413696K, used 114661K [0x000000070bc00000, 0x0000000800000000)
  region size 2048K, 12 young (24576K), 12 survivors (24576K)
 Metaspace       used 16107K, committed 16320K, reserved 1114112K
  class space    used 1569K, committed 1664K, reserved 1048576K
}

Deoptimization events (20 events):
Event: 7.244 Thread 0x00000206d4a51f60 Uncommon trap: trap_request=0xffffff9d fr.pc=0x00000206e40022b4 relative=0x00000000000011f4
Event: 7.244 Thread 0x00000206d4a51f60 Uncommon trap: reason=unreached action=reinterpret pc=0x00000206e40022b4 method=com.redteam.engine.core.ObjectLoader.loadOBJModel(Ljava/lang/String;)Lcom/redteam/engine/core/entity/Model; @ 434 c2
Event: 7.244 Thread 0x00000206d4a51f60 DEOPT PACKING pc=0x00000206e40022b4 sp=0x000000880b6ff220
Event: 7.244 Thread 0x00000206d4a51f60 DEOPT UNPACKING pc=0x00000206dc3d23a3 sp=0x000000880b6ff200 mode 2
Event: 7.267 Thread 0x00000206d4a51f60 DEOPT PACKING pc=0x00000206dd01fa85 sp=0x000000880b6ff120
Event: 7.267 Thread 0x00000206d4a51f60 DEOPT UNPACKING pc=0x00000206dc3d2b43 sp=0x000000880b6fe6f0 mode 0
Event: 7.273 Thread 0x00000206d4a51f60 Uncommon trap: trap_request=0xffffffad fr.pc=0x00000206e400f07c relative=0x000000000000029c
Event: 7.273 Thread 0x00000206d4a51f60 Uncommon trap: reason=uninitialized action=reinterpret pc=0x00000206e400f07c method=com.redteam.engine.core.ObjectLoader.loadOBJModel(Ljava/lang/String;)Lcom/redteam/engine/core/entity/Model; @ 530 c2
Event: 7.273 Thread 0x00000206d4a51f60 DEOPT PACKING pc=0x00000206e400f07c sp=0x000000880b6ff250
Event: 7.273 Thread 0x00000206d4a51f60 DEOPT UNPACKING pc=0x00000206dc3d23a3 sp=0x000000880b6ff200 mode 2
Event: 7.299 Thread 0x00000206d4a51f60 Uncommon trap: trap_request=0xffffff45 fr.pc=0x00000206e3fc5f8c relative=0x000000000000014c
Event: 7.299 Thread 0x00000206d4a51f60 Uncommon trap: reason=unstable_if action=reinterpret pc=0x00000206e3fc5f8c method=java.nio.charset.CharsetDecoder.decode(Ljava/nio/ByteBuffer;Ljava/nio/CharBuffer;Z)Ljava/nio/charset/CoderResult; @ 15 c2
Event: 7.299 Thread 0x00000206d4a51f60 DEOPT PACKING pc=0x00000206e3fc5f8c sp=0x000000880b6fed20
Event: 7.299 Thread 0x00000206d4a51f60 DEOPT UNPACKING pc=0x00000206dc3d23a3 sp=0x000000880b6fecb8 mode 2
Event: 7.314 Thread 0x00000206d4a51f60 DEOPT PACKING pc=0x00000206dd025b38 sp=0x000000880b6feec0
Event: 7.314 Thread 0x00000206d4a51f60 DEOPT UNPACKING pc=0x00000206dc3d2b43 sp=0x000000880b6fe370 mode 0
Event: 7.448 Thread 0x00000206d4a51f60 Uncommon trap: trap_request=0xffffff54 fr.pc=0x00000206e3fb63dc relative=0x000000000000005c
Event: 7.448 Thread 0x00000206d4a51f60 Uncommon trap: reason=speculate_null_assert action=make_not_entrant pc=0x00000206e3fb63dc method=sun.misc.Unsafe.getLong(Ljava/lang/Object;J)J @ 5 c2
Event: 7.448 Thread 0x00000206d4a51f60 DEOPT PACKING pc=0x00000206e3fb63dc sp=0x000000880b6feff0
Event: 7.448 Thread 0x00000206d4a51f60 DEOPT UNPACKING pc=0x00000206dc3d23a3 sp=0x000000880b6fef78 mode 2

Classes loaded (20 events):
Event: 7.274 Loading class java/util/stream/Nodes$EmptyNode$OfDouble
Event: 7.274 Loading class java/util/stream/Node$OfDouble
Event: 7.274 Loading class java/util/stream/Node$OfDouble done
Event: 7.274 Loading class java/util/stream/Nodes$EmptyNode$OfDouble done
Event: 7.274 Loading class java/util/stream/Nodes$IntFixedNodeBuilder
Event: 7.274 Loading class java/util/stream/Node$Builder$OfInt
Event: 7.274 Loading class java/util/stream/Node$Builder
Event: 7.275 Loading class java/util/stream/Node$Builder done
Event: 7.275 Loading class java/util/stream/Node$Builder$OfInt done
Event: 7.275 Loading class java/util/stream/Nodes$IntArrayNode
Event: 7.275 Loading class java/util/stream/Nodes$IntArrayNode done
Event: 7.275 Loading class java/util/stream/Nodes$IntFixedNodeBuilder done
Event: 7.275 Loading class java/util/stream/ReferencePipeline$4$1
Event: 7.275 Loading class java/util/stream/ReferencePipeline$4$1 done
Event: 7.363 Loading class jdk/internal/math/FDBigInteger
Event: 7.363 Loading class jdk/internal/math/FDBigInteger done
Event: 7.404 Loading class java/lang/SecurityException
Event: 7.404 Loading class java/lang/SecurityException done
Event: 7.449 Loading class java/lang/NumberFormatException
Event: 7.449 Loading class java/lang/NumberFormatException done

Classes unloaded (0 events):
No events

Classes redefined (0 events):
No events

Internal exceptions (20 events):
Event: 5.920 Thread 0x00000206d4a51f60 Exception <a 'java/lang/NoSuchMethodError'{0x0000000719cacb90}: 'java.lang.Object java.lang.invoke.Invokers$Holder.linkToTargetMethod(java.lang.Object, long, java.lang.Object)'> (0x0000000719cacb90) 
thrown [s\open\src\hotspot\share\interpreter\linkResolver.cpp, line 759]
Event: 5.920 Thread 0x00000206d4a51f60 Exception <a 'java/lang/NoSuchMethodError'{0x0000000719cb4040}: 'int java.lang.invoke.DirectMethodHandle$Holder.invokeStaticInit(java.lang.Object, java.lang.Object, java.lang.Object, long)'> (0x0000000719cb4040) 
thrown [s\open\src\hotspot\share\interpreter\linkResolver.cpp, line 759]
Event: 5.934 Thread 0x00000206d4a51f60 Exception <a 'java/lang/NoSuchMethodError'{0x0000000719d32510}: 'void java.lang.System.load(java.lang.String, java.lang.Class)'> (0x0000000719d32510) 
thrown [s\open\src\hotspot\share\interpreter\linkResolver.cpp, line 759]
Event: 5.934 Thread 0x00000206d4a51f60 Exception <a 'java/lang/NoSuchMethodError'{0x0000000719d353a8}: 'void java.lang.System.loadLibrary(java.lang.String, java.lang.Class)'> (0x0000000719d353a8) 
thrown [s\open\src\hotspot\share\interpreter\linkResolver.cpp, line 759]
Event: 5.939 Thread 0x00000206d4a51f60 Exception <a 'sun/nio/fs/WindowsException'{0x0000000719d454a0}> (0x0000000719d454a0) 
thrown [s\open\src\hotspot\share\prims\jni.cpp, line 516]
Event: 5.939 Thread 0x00000206d4a51f60 Exception <a 'sun/nio/fs/WindowsException'{0x0000000719d45830}> (0x0000000719d45830) 
thrown [s\open\src\hotspot\share\prims\jni.cpp, line 516]
Event: 6.148 Thread 0x00000206d4a51f60 Exception <a 'sun/nio/fs/WindowsException'{0x000000071b1cbda8}> (0x000000071b1cbda8) 
thrown [s\open\src\hotspot\share\prims\jni.cpp, line 516]
Event: 6.148 Thread 0x00000206d4a51f60 Exception <a 'sun/nio/fs/WindowsException'{0x000000071b1cc138}> (0x000000071b1cc138) 
thrown [s\open\src\hotspot\share\prims\jni.cpp, line 516]
Event: 6.248 Thread 0x00000206d4a51f60 Exception <a 'java/lang/NoSuchMethodError'{0x000000071b1f8488}: 'java.lang.Object java.lang.invoke.DirectMethodHandle$Holder.newInvokeSpecial(java.lang.Object, long)'> (0x000000071b1f8488) 
thrown [s\open\src\hotspot\share\interpreter\linkResolver.cpp, line 759]
Event: 6.252 Thread 0x00000206d4a51f60 Exception <a 'java/lang/NoSuchMethodError'{0x000000071ae2f780}: 'void java.lang.System.load(java.lang.String, java.lang.Class)'> (0x000000071ae2f780) 
thrown [s\open\src\hotspot\share\interpreter\linkResolver.cpp, line 759]
Event: 6.253 Thread 0x00000206d4a51f60 Exception <a 'java/lang/NoSuchMethodError'{0x000000071ae32698}: 'void java.lang.System.loadLibrary(java.lang.String, java.lang.Class)'> (0x000000071ae32698) 
thrown [s\open\src\hotspot\share\interpreter\linkResolver.cpp, line 759]
Event: 6.256 Thread 0x00000206d4a51f60 Exception <a 'sun/nio/fs/WindowsException'{0x000000071ae42a40}> (0x000000071ae42a40) 
thrown [s\open\src\hotspot\share\prims\jni.cpp, line 516]
Event: 6.256 Thread 0x00000206d4a51f60 Exception <a 'sun/nio/fs/WindowsException'{0x000000071ae42e00}> (0x000000071ae42e00) 
thrown [s\open\src\hotspot\share\prims\jni.cpp, line 516]
Event: 6.259 Thread 0x00000206d4a51f60 Exception <a 'sun/nio/fs/WindowsException'{0x000000071ae48678}> (0x000000071ae48678) 
thrown [s\open\src\hotspot\share\prims\jni.cpp, line 516]
Event: 6.259 Thread 0x00000206d4a51f60 Exception <a 'sun/nio/fs/WindowsException'{0x000000071ae48970}> (0x000000071ae48970) 
thrown [s\open\src\hotspot\share\prims\jni.cpp, line 516]
Event: 6.293 Thread 0x00000206d4a51f60 Exception <a 'sun/nio/fs/WindowsException'{0x000000071afc2728}> (0x000000071afc2728) 
thrown [s\open\src\hotspot\share\prims\jni.cpp, line 516]
Event: 6.368 Thread 0x00000206d4a51f60 Exception <a 'java/lang/NoSuchMethodError'{0x000000071adf6950}: 'void java.lang.invoke.DirectMethodHandle$Holder.invokeStatic(java.lang.Object, long)'> (0x000000071adf6950) 
thrown [s\open\src\hotspot\share\interpreter\linkResolver.cpp, line 759]
Event: 7.358 Thread 0x00000206d4a51f60 Exception <a 'java/lang/NoSuchMethodError'{0x000000072196ac58}: 'void java.lang.invoke.DirectMethodHandle$Holder.invokeSpecial(java.lang.Object, java.lang.Object, long, double, double)'> (0x000000072196ac58) 
thrown [s\open\src\hotspot\share\interpreter\linkResolver.cpp, line 759]
Event: 7.359 Thread 0x00000206d4a51f60 Exception <a 'java/lang/NoSuchMethodError'{0x0000000721974750}: 'void java.lang.invoke.DirectMethodHandle$Holder.invokeSpecial(java.lang.Object, java.lang.Object, long, int)'> (0x0000000721974750) 
thrown [s\open\src\hotspot\share\interpreter\linkResolver.cpp, line 759]
Event: 7.360 Thread 0x00000206d4a51f60 Exception <a 'java/lang/NoSuchMethodError'{0x000000072197a298}: 'void java.lang.invoke.DirectMethodHandle$Holder.invokeSpecial(java.lang.Object, java.lang.Object, long, int, int, int)'> (0x000000072197a298) 
thrown [s\open\src\hotspot\share\interpreter\linkResolver.cpp, line 759]

VM Operations (20 events):
Event: 5.956 Executing VM operation: G1CollectForAllocation
Event: 5.959 Executing VM operation: G1CollectForAllocation done
Event: 6.410 Executing VM operation: G1CollectForAllocation
Event: 6.419 Executing VM operation: G1CollectForAllocation done
Event: 6.607 Executing VM operation: G1CollectForAllocation
Event: 6.619 Executing VM operation: G1CollectForAllocation done
Event: 6.690 Executing VM operation: G1CollectForAllocation
Event: 6.699 Executing VM operation: G1CollectForAllocation done
Event: 6.745 Executing VM operation: G1CollectForAllocation
Event: 6.748 Executing VM operation: G1CollectForAllocation done
Event: 6.793 Executing VM operation: G1CollectForAllocation
Event: 6.796 Executing VM operation: G1CollectForAllocation done
Event: 6.969 Executing VM operation: G1CollectForAllocation
Event: 6.972 Executing VM operation: G1CollectForAllocation done
Event: 7.088 Executing VM operation: G1CollectForAllocation
Event: 7.096 Executing VM operation: G1CollectForAllocation done
Event: 7.215 Executing VM operation: G1CollectForAllocation
Event: 7.227 Executing VM operation: G1CollectForAllocation done
Event: 8.230 Executing VM operation: Cleanup
Event: 8.230 Executing VM operation: Cleanup done

Events (20 events):
Event: 5.907 Loaded shared library C:\Users\Phoenyx\AppData\Local\Temp\lwjglPhoenyx\3.3.1-build-7\lwjgl.dll
Event: 5.940 Loaded shared library C:\Users\Phoenyx\AppData\Local\Temp\lwjglPhoenyx\3.3.1-build-7\lwjgl_stb.dll
Event: 6.258 Loaded shared library C:\Users\Phoenyx\AppData\Local\Temp\lwjglPhoenyx\3.3.1-build-7\lwjgl_opengl.dll
Event: 6.324 Loaded shared library C:\Users\Phoenyx\AppData\Local\Temp\imgui-java-natives_1667695689809\imgui-java64.dll
Event: 6.366 Thread 0x00000206f71c3fd0 Thread added: 0x00000206f71c3fd0
Event: 6.468 Thread 0x00000206f71c5920 Thread added: 0x00000206f71c5920
Event: 6.478 Thread 0x00000206f71c49f0 Thread added: 0x00000206f71c49f0
Event: 6.479 Thread 0x00000206f71c44e0 Thread added: 0x00000206f71c44e0
Event: 6.482 Thread 0x00000206f71c4f00 Thread added: 0x00000206f71c4f00
Event: 6.482 Thread 0x0000020695e3e880 Thread added: 0x0000020695e3e880
Event: 6.482 Thread 0x0000020695e3f7b0 Thread added: 0x0000020695e3f7b0
Event: 6.648 Thread 0x0000020695e3f7b0 Thread exited: 0x0000020695e3f7b0
Event: 6.953 Thread 0x0000020695e3e880 Thread exited: 0x0000020695e3e880
Event: 6.953 Thread 0x00000206f71c44e0 Thread exited: 0x00000206f71c44e0
Event: 6.953 Thread 0x00000206f71c49f0 Thread exited: 0x00000206f71c49f0
Event: 6.953 Thread 0x00000206f71c4f00 Thread exited: 0x00000206f71c4f00
Event: 6.953 Thread 0x00000206f71c3fd0 Thread exited: 0x00000206f71c3fd0
Event: 6.953 Thread 0x00000206f71c5920 Thread exited: 0x00000206f71c5920
Event: 7.160 Thread 0x00000206fc1e36a0 Thread exited: 0x00000206fc1e36a0
Event: 7.160 Thread 0x00000206fc4dd830 Thread exited: 0x00000206fc4dd830


Dynamic libraries:
0x00007ff7ef430000 - 0x00007ff7ef440000 	C:\Program Files\Java\jdk-18.0.2.1\bin\javaw.exe
0x00007ffa95690000 - 0x00007ffa958a4000 	C:\WINDOWS\SYSTEM32\ntdll.dll
0x00007ffa94820000 - 0x00007ffa948e2000 	C:\WINDOWS\System32\KERNEL32.DLL
0x00007ffa92f10000 - 0x00007ffa932ac000 	C:\WINDOWS\System32\KERNELBASE.dll
0x00007ffa92df0000 - 0x00007ffa92f01000 	C:\WINDOWS\System32\ucrtbase.dll
0x00007ffa7be40000 - 0x00007ffa7be58000 	C:\Program Files\Java\jdk-18.0.2.1\bin\jli.dll
0x00007ffa7be20000 - 0x00007ffa7be3a000 	C:\Program Files\Java\jdk-18.0.2.1\bin\VCRUNTIME140.dll
0x00007ffa94ee0000 - 0x00007ffa94f8e000 	C:\WINDOWS\System32\ADVAPI32.dll
0x00007ffa93740000 - 0x00007ffa937e7000 	C:\WINDOWS\System32\msvcrt.dll
0x00007ffa953f0000 - 0x00007ffa95494000 	C:\WINDOWS\System32\sechost.dll
0x00007ffa945f0000 - 0x00007ffa94705000 	C:\WINDOWS\System32\RPCRT4.dll
0x00007ffa954a0000 - 0x00007ffa9564a000 	C:\WINDOWS\System32\USER32.dll
0x00007ffa8a930000 - 0x00007ffa8abbe000 	C:\WINDOWS\WinSxS\amd64_microsoft.windows.common-controls_6595b64144ccf1df_6.0.22621.608_none_a9444ca7c10bb01d\COMCTL32.dll
0x00007ffa92d40000 - 0x00007ffa92d66000 	C:\WINDOWS\System32\win32u.dll
0x00007ffa948f0000 - 0x00007ffa94919000 	C:\WINDOWS\System32\GDI32.dll
0x00007ffa932b0000 - 0x00007ffa933c2000 	C:\WINDOWS\System32\gdi32full.dll
0x00007ffa92c30000 - 0x00007ffa92cca000 	C:\WINDOWS\System32\msvcp_win.dll
0x00007ffa8ac10000 - 0x00007ffa8ac1a000 	C:\WINDOWS\SYSTEM32\VERSION.dll
0x00007ffa94ea0000 - 0x00007ffa94ed1000 	C:\WINDOWS\System32\IMM32.DLL
0x00007ffa8d0a0000 - 0x00007ffa8d0ac000 	C:\Program Files\Java\jdk-18.0.2.1\bin\vcruntime140_1.dll
0x00007ffa7bcc0000 - 0x00007ffa7bd4d000 	C:\Program Files\Java\jdk-18.0.2.1\bin\msvcp140.dll
0x00007ff9e7710000 - 0x00007ff9e8321000 	C:\Program Files\Java\jdk-18.0.2.1\bin\server\jvm.dll
0x00007ffa94810000 - 0x00007ffa94818000 	C:\WINDOWS\System32\PSAPI.DLL
0x00007ffa76150000 - 0x00007ffa76159000 	C:\WINDOWS\SYSTEM32\WSOCK32.dll
0x00007ffa890c0000 - 0x00007ffa890f4000 	C:\WINDOWS\SYSTEM32\WINMM.dll
0x00007ffa93a20000 - 0x00007ffa93a91000 	C:\WINDOWS\System32\WS2_32.dll
0x00007ffa91bf0000 - 0x00007ffa91c08000 	C:\WINDOWS\SYSTEM32\kernel.appcore.dll
0x00007ffa8de60000 - 0x00007ffa8de6a000 	C:\Program Files\Java\jdk-18.0.2.1\bin\jimage.dll
0x00007ffa90010000 - 0x00007ffa9023e000 	C:\WINDOWS\SYSTEM32\DBGHELP.DLL
0x00007ffa94f90000 - 0x00007ffa95319000 	C:\WINDOWS\System32\combase.dll
0x00007ffa93bf0000 - 0x00007ffa93cc7000 	C:\WINDOWS\System32\OLEAUT32.dll
0x00007ffa892c0000 - 0x00007ffa892f2000 	C:\WINDOWS\SYSTEM32\dbgcore.DLL
0x00007ffa92d70000 - 0x00007ffa92deb000 	C:\WINDOWS\System32\bcryptPrimitives.dll
0x00007ffa7bb20000 - 0x00007ffa7bb45000 	C:\Program Files\Java\jdk-18.0.2.1\bin\java.dll
0x00007ffa7b310000 - 0x00007ffa7b3e6000 	C:\Program Files\Java\jdk-18.0.2.1\bin\jsvml.dll
0x00007ffa93cd0000 - 0x00007ffa944ad000 	C:\WINDOWS\System32\SHELL32.dll
0x00007ffa90ae0000 - 0x00007ffa91397000 	C:\WINDOWS\SYSTEM32\windows.storage.dll
0x00007ffa909a0000 - 0x00007ffa90add000 	C:\WINDOWS\SYSTEM32\wintypes.dll
0x00007ffa94710000 - 0x00007ffa94801000 	C:\WINDOWS\System32\SHCORE.dll
0x00007ffa93520000 - 0x00007ffa9357e000 	C:\WINDOWS\System32\shlwapi.dll
0x00007ffa929f0000 - 0x00007ffa92a11000 	C:\WINDOWS\SYSTEM32\profapi.dll
0x00007ffa85ab0000 - 0x00007ffa85ac3000 	C:\Program Files\Java\jdk-18.0.2.1\bin\net.dll
0x00007ffa8cdb0000 - 0x00007ffa8cedf000 	C:\WINDOWS\SYSTEM32\WINHTTP.dll
0x00007ffa92040000 - 0x00007ffa920a9000 	C:\WINDOWS\system32\mswsock.dll
0x00007ffa857b0000 - 0x00007ffa857c6000 	C:\Program Files\Java\jdk-18.0.2.1\bin\nio.dll
0x00007ffa80770000 - 0x00007ffa80788000 	C:\Program Files\Java\jdk-18.0.2.1\bin\zip.dll
0x00007ffa8cee0000 - 0x00007ffa8cef0000 	C:\Program Files\Java\jdk-18.0.2.1\bin\verify.dll
0x00007ffa67c30000 - 0x00007ffa67dbf000 	C:\Program Files\Java\jdk-18.0.2.1\bin\awt.dll
0x00007ffa8fbb0000 - 0x00007ffa8fc47000 	C:\WINDOWS\SYSTEM32\apphelp.dll
0x00007ffa8fce0000 - 0x00007ffa8fd8b000 	C:\WINDOWS\system32\uxtheme.dll
0x00007ffa944b0000 - 0x00007ffa945ce000 	C:\WINDOWS\System32\MSCTF.dll
0x00007ffa93870000 - 0x00007ffa93a0c000 	C:\WINDOWS\System32\ole32.dll
0x00007ffa8ff20000 - 0x00007ffa8ff4b000 	C:\WINDOWS\system32\DWMAPI.DLL
0x00007ffa7bb50000 - 0x00007ffa7bbd6000 	C:\Program Files\Java\jdk-18.0.2.1\bin\freetype.dll
0x00007ffa7b9c0000 - 0x00007ffa7ba68000 	C:\Program Files\Java\jdk-18.0.2.1\bin\fontmanager.dll
0x00007ffa81a80000 - 0x00007ffa81b33000 	C:\WINDOWS\WinSxS\amd64_microsoft.windows.common-controls_6595b64144ccf1df_5.82.22621.608_none_fb280a3c7926c2cc\comctl32.dll
0x00007ffa927b0000 - 0x00007ffa927ff000 	C:\WINDOWS\SYSTEM32\CFGMGR32.dll
0x00007ffa94960000 - 0x00007ffa94a17000 	C:\WINDOWS\System32\clbcatq.dll
0x00007ffa8da80000 - 0x00007ffa8db80000 	C:\WINDOWS\system32\propsys.dll
0x00007ffa5e970000 - 0x00007ffa5e98a000 	C:\WINDOWS\system32\NetworkExplorer.dll
0x00007ffa8e5e0000 - 0x00007ffa8e790000 	C:\WINDOWS\SYSTEM32\WindowsCodecs.dll
0x00007ffa65690000 - 0x00007ffa656fe000 	C:\Windows\System32\thumbcache.dll
0x00007ffa73510000 - 0x00007ffa736ff000 	C:\Windows\System32\urlmon.dll
0x00007ffa79e50000 - 0x00007ffa79e78000 	C:\Windows\System32\srvcli.dll
0x00007ffa91780000 - 0x00007ffa9178c000 	C:\Windows\System32\netutils.dll
0x00007ffa78c60000 - 0x00007ffa78f11000 	C:\Windows\System32\iertutil.dll
0x00007ffa91e40000 - 0x00007ffa91e82000 	C:\Windows\System32\SspiCli.dll
0x00007ff9f49f0000 - 0x00007ff9f4af0000 	C:\WINDOWS\system32\opengl32.dll
0x00007ff9f44d0000 - 0x00007ff9f44fd000 	C:\WINDOWS\SYSTEM32\GLU32.dll
0x00007ffa902f0000 - 0x00007ffa90326000 	C:\WINDOWS\SYSTEM32\dxcore.dll
0x00007ffa7f8f0000 - 0x00007ffa7fa98000 	C:\WINDOWS\system32\d3d9.dll
0x00007ffa89100000 - 0x00007ffa892ba000 	C:\Windows\System32\DriverStore\FileRepository\u0378413.inf_amd64_f433ae918f97b444\B378427\aticfx64.dll
0x00007ffa1c640000 - 0x00007ffa1e311000 	C:\Windows\System32\DriverStore\FileRepository\u0378413.inf_amd64_f433ae918f97b444\B378427\amdxn64.dll
0x00007ffa94a20000 - 0x00007ffa94e94000 	C:\WINDOWS\System32\SETUPAPI.dll
0x00007ffa8fe10000 - 0x00007ffa8ff07000 	C:\WINDOWS\SYSTEM32\dxgi.dll
0x00007ffa86860000 - 0x00007ffa86890000 	C:\WINDOWS\SYSTEM32\amdihk64.dll
0x00007ffa8caf0000 - 0x00007ffa8cb39000 	C:\WINDOWS\SYSTEM32\directxdatabasehelper.dll
0x00007ffa832d0000 - 0x00007ffa8338e000 	C:\WINDOWS\System32\DriverStore\FileRepository\nvami.inf_amd64_57378df08e27c128\nvldumdx.dll
0x00007ffa92760000 - 0x00007ffa92772000 	C:\WINDOWS\SYSTEM32\msasn1.dll
0x00007ffa855f0000 - 0x00007ffa85622000 	C:\WINDOWS\SYSTEM32\cryptnet.dll
0x00007ffa92ac0000 - 0x00007ffa92c26000 	C:\WINDOWS\System32\CRYPT32.dll
0x00007ffa85490000 - 0x00007ffa855e8000 	C:\WINDOWS\SYSTEM32\drvstore.dll
0x00007ffa92780000 - 0x00007ffa927ac000 	C:\WINDOWS\SYSTEM32\devobj.dll
0x00007ffa922b0000 - 0x00007ffa922f8000 	C:\WINDOWS\SYSTEM32\wldp.dll
0x00007ffa92330000 - 0x00007ffa9233c000 	C:\WINDOWS\SYSTEM32\cryptbase.dll
0x00007ffa92cd0000 - 0x00007ffa92d39000 	C:\WINDOWS\System32\WINTRUST.DLL
0x00007ffa94920000 - 0x00007ffa9493f000 	C:\WINDOWS\System32\imagehlp.dll
0x00007ffa92350000 - 0x00007ffa9236b000 	C:\WINDOWS\SYSTEM32\CRYPTSP.dll
0x00007ffa91b60000 - 0x00007ffa91b95000 	C:\WINDOWS\system32\rsaenh.dll
0x00007ffa92470000 - 0x00007ffa92498000 	C:\WINDOWS\SYSTEM32\bcrypt.dll
0x00007ffa19610000 - 0x00007ffa1bc19000 	C:\WINDOWS\System32\DriverStore\FileRepository\nvami.inf_amd64_57378df08e27c128\nvd3dumx.dll
0x00007ffa19340000 - 0x00007ffa1960f000 	C:\WINDOWS\system32\nvspcap64.dll
0x00007ffa91c10000 - 0x00007ffa91c44000 	C:\WINDOWS\SYSTEM32\ntmarta.dll
0x00007ffa920b0000 - 0x00007ffa920d6000 	C:\WINDOWS\SYSTEM32\gpapi.dll
0x00007ffa89360000 - 0x00007ffa89495000 	C:\Windows\System32\Windows.System.Launcher.dll
0x00007ffa8d870000 - 0x00007ffa8d903000 	C:\Windows\System32\msvcp110_win.dll
0x00007ffa89340000 - 0x00007ffa8935a000 	C:\WINDOWS\SYSTEM32\windows.staterepositorycore.dll
0x00007ffa7a150000 - 0x00007ffa7a16e000 	C:\WINDOWS\SYSTEM32\MPR.dll
0x00007ffa85810000 - 0x00007ffa85839000 	C:\WINDOWS\System32\p9np.dll
0x00007ffa8cef0000 - 0x00007ffa8cefc000 	C:\WINDOWS\System32\drprov.dll
0x00007ffa686b0000 - 0x00007ffa686c9000 	C:\WINDOWS\System32\ntlanman.dll
0x00007ffa628d0000 - 0x00007ffa628ef000 	C:\WINDOWS\System32\davclnt.dll
0x00007ffa915e0000 - 0x00007ffa91646000 	C:\WINDOWS\System32\WINSTA.dll
0x00007ffa8ae00000 - 0x00007ffa8ae1a000 	C:\WINDOWS\System32\wkscli.dll
0x00007ffa69610000 - 0x00007ffa69622000 	C:\WINDOWS\SYSTEM32\cscapi.dll
0x00007ffa5beb0000 - 0x00007ffa5bf06000 	C:\Windows\System32\dlnashext.dll
0x00007ffa7baa0000 - 0x00007ffa7bb09000 	C:\Windows\System32\PlayToDevice.dll
0x00007ffa895a0000 - 0x00007ffa895c1000 	C:\Windows\System32\DevDispItemProvider.dll
0x00007ffa83460000 - 0x00007ffa834fd000 	C:\WINDOWS\System32\MMDevApi.dll
0x00007ffa798b0000 - 0x00007ffa79951000 	C:\WINDOWS\system32\wpdshext.dll
0x00007ffa81700000 - 0x00007ffa818b9000 	C:\WINDOWS\WinSxS\amd64_microsoft.windows.gdiplus_6595b64144ccf1df_1.1.22621.674_none_da2b3d691ba1c6c6\gdiplus.dll
0x00007ffa8af10000 - 0x00007ffa8afae000 	C:\Windows\System32\PortableDeviceApi.dll
0x00007ffa5d830000 - 0x00007ffa5d867000 	C:\Windows\System32\EhStorShell.dll
0x00007ffa7b990000 - 0x00007ffa7b9b4000 	C:\Windows\System32\EhStorAPI.dll
0x00007ffa8fb90000 - 0x00007ffa8fba4000 	C:\Windows\System32\WTSAPI32.dll
0x00007ffa774e0000 - 0x00007ffa774ed000 	C:\WINDOWS\SYSTEM32\LINKINFO.dll
0x00007ffa6a630000 - 0x00007ffa6a63c000 	C:\WINDOWS\SYSTEM32\Secur32.dll
0x00007ffa7ae40000 - 0x00007ffa7ae59000 	C:\WINDOWS\SYSTEM32\samcli.dll
0x00007ffa8d070000 - 0x00007ffa8d097000 	C:\WINDOWS\SYSTEM32\SAMLIB.dll
0x00007ffa6ee70000 - 0x00007ffa6eece000 	C:\WINDOWS\system32\dataexchange.dll
0x00007ffa89e70000 - 0x00007ffa8a0da000 	C:\WINDOWS\system32\twinapi.appcore.dll
0x00007ffa802e0000 - 0x00007ffa8040d000 	C:\WINDOWS\SYSTEM32\textinputframework.dll
0x00007ffa8f8a0000 - 0x00007ffa8f9d3000 	C:\WINDOWS\SYSTEM32\CoreMessaging.dll
0x00007ffa8c350000 - 0x00007ffa8c6bc000 	C:\WINDOWS\SYSTEM32\CoreUIComponents.dll
0x00007ffa76a50000 - 0x00007ffa76b55000 	C:\Windows\System32\MrmCoreR.dll
0x00007ffa89300000 - 0x00007ffa8933d000 	C:\WINDOWS\SYSTEM32\windows.staterepositoryclient.dll
0x00007ffa76810000 - 0x00007ffa76842000 	C:\Windows\System32\bcp47mrm.dll
0x00007ffa7b190000 - 0x00007ffa7b304000 	C:\Windows\System32\Windows.UI.dll

dbghelp: loaded successfully - version: 4.0.5 - missing functions: none
symbol engine: initialized successfully - sym options: 0x614 - pdb path: .;C:\Program Files\Java\jdk-18.0.2.1\bin;C:\WINDOWS\SYSTEM32;C:\WINDOWS\WinSxS\amd64_microsoft.windows.common-controls_6595b64144ccf1df_6.0.22621.608_none_a9444ca7c10bb01d;C:\Program Files\Java\jdk-18.0.2.1\bin\server;C:\WINDOWS\WinSxS\amd64_microsoft.windows.common-controls_6595b64144ccf1df_5.82.22621.608_none_fb280a3c7926c2cc;C:\Windows\System32\DriverStore\FileRepository\u0378413.inf_amd64_f433ae918f97b444\B378427;C:\WINDOWS\System32\DriverStore\FileRepository\nvami.inf_amd64_57378df08e27c128;C:\WINDOWS\WinSxS\amd64_microsoft.windows.gdiplus_6595b64144ccf1df_1.1.22621.674_none_da2b3d691ba1c6c6;C:\Users\Phoenyx\AppData\Local\Temp\lwjglPhoenyx\3.3.1-build-7;C:\Users\Phoenyx\AppData\Local\Temp\imgui-java-natives_1667695689809

VM Arguments:
jvm_args: -Dfile.encoding=UTF-8 -XX:+ShowCodeDetailsInExceptionMessages 
java_command: com.redteam.engine.game.ATRobots
java_class_path (initial): C:\Users\Phoenyx\Phoenyx\ATRobots\bin\main;C:\Users\Phoenyx\.gradle\caches\modules-2\files-2.1\org.lwjgl\lwjgl-glfw\3.3.1\cbac1b8d30cb4795149c1ef540f912671a8616d0\lwjgl-glfw-3.3.1.jar;C:\Users\Phoenyx\.gradle\caches\modules-2\files-2.1\org.lwjgl\lwjgl-nuklear\3.3.1\628ccf80db3d623f1f559978e4246a23b2d1eeb1\lwjgl-nuklear-3.3.1.jar;C:\Users\Phoenyx\.gradle\caches\modules-2\files-2.1\org.lwjgl\lwjgl-openal\3.3.1\2623a6b8ae1dfcd880738656a9f0243d2e6840bd\lwjgl-openal-3.3.1.jar;C:\Users\Phoenyx\.gradle\caches\modules-2\files-2.1\org.lwjgl\lwjgl-opengl\3.3.1\831a5533a21a5f4f81bbc51bb13e9899319b5411\lwjgl-opengl-3.3.1.jar;C:\Users\Phoenyx\.gradle\caches\modules-2\files-2.1\org.lwjgl\lwjgl-stb\3.3.1\b119297cf8ed01f247abe8685857f8e7fcf5980f\lwjgl-stb-3.3.1.jar;C:\Users\Phoenyx\.gradle\caches\modules-2\files-2.1\org.lwjgl\lwjgl\3.3.1\ae58664f88e18a9bb2c77b063833ca7aaec484cb\lwjgl-3.3.1.jar;C:\Users\Phoenyx\.gradle\caches\modules-2\files-2.1\org.joml\joml\1.10.5\22566d58af70ad3d72308bab63b8339906deb649\joml-1.10.5.jar;C:\Users\Phoenyx\.gradle\caches\modules-2\files-2.1\io.github.spair\imgui-java-binding\1.86.4\f97d32963ed5988b19f725d6c7d9946091cc3ba7\imgui-java-binding-1.86.4.jar;C:\Users\Phoenyx\.gradle\caches\modules-2\files-2.1\io.github.spair\imgui-java-lwjgl3\1.86.4\a538b7aa58be1c26e0dfe0b5395aaf58cb24e3dd\imgui-java-lwjgl3-1.86.4.jar;C:\Users\Phoenyx\.gradle\caches\modules-2\files-2.1\io.github.spair\imgui-java-natives-windows\1.86.4\36a4efa5030585dedd9a96aa35a4433371b63df9\imgui-java-natives-windows-1.86.4.jar;C:\Users\Phoenyx\.gradle\caches\modules-2\files-2.1\org.lwjgl\lwjgl-glfw\3.3.1\ed892f945cf7e79c8756796f32d00fa4ceaf573b\lwjgl-glfw-3.3.1-natives-windows.jar;C:\Users\Phoenyx\.gradle\caches\modules-2\files-2.1\org.lwjgl\lwjgl-nuklear\3.3.1\755c93226fa44597741e37c6649e86cefa46b262\lwjgl-nuklear-3.3.1-natives-windows.jar;C:\Users\Phoenyx\.gradle\caches\modules-2\files-2.1\org.lwjgl\lwjgl-openal\3.3.1\30a474d0e57193d7bc128849a3ab66bc9316fdb1\lwjgl-openal-3.3.1-natives-windows.jar;C:\Users\Phoenyx\.gradle\caches\modules-2\files-2.1\org.lwjgl\lwjgl-opengl\3.3.1\c1807e9bd571402787d7e37e3029776ae2513bb8\lwjgl-opengl-3.3.1-natives-windows.jar;C:\Users\Phoenyx\.gradle\caches\modules-2\files-2.1\org.lwjgl\lwjgl-stb\3.3.1\86315914ac119efdb02dc9e8e978ade84f1702af\lwjgl-stb-3.3.1-natives-windows.jar;C:\Users\Phoenyx\.gradle\caches\modules-2\files-2.1\org.lwjgl\lwjgl\3.3.1\36c37f16ab611b3aa11f3bcf80b1d509b4ce6b\lwjgl-3.3.1-natives-windows.jar
Launcher Type: SUN_STANDARD

[Global flags]
     intx CICompilerCount                          = 12                                        {product} {ergonomic}
     uint ConcGCThreads                            = 3                                         {product} {ergonomic}
     uint G1ConcRefinementThreads                  = 13                                        {product} {ergonomic}
   size_t G1HeapRegionSize                         = 2097152                                   {product} {ergonomic}
    uintx GCDrainStackTargetSize                   = 64                                        {product} {ergonomic}
   size_t InitialHeapSize                          = 257949696                                 {product} {ergonomic}
   size_t MarkStackSize                            = 4194304                                   {product} {ergonomic}
   size_t MaxHeapSize                              = 4097835008                                {product} {ergonomic}
   size_t MaxNewSize                               = 2457862144                                {product} {ergonomic}
   size_t MinHeapDeltaBytes                        = 2097152                                   {product} {ergonomic}
   size_t MinHeapSize                              = 8388608                                   {product} {ergonomic}
    uintx NonNMethodCodeHeapSize                   = 7602480                                {pd product} {ergonomic}
    uintx NonProfiledCodeHeapSize                  = 122027880                              {pd product} {ergonomic}
    uintx ProfiledCodeHeapSize                     = 122027880                              {pd product} {ergonomic}
    uintx ReservedCodeCacheSize                    = 251658240                              {pd product} {ergonomic}
     bool SegmentedCodeCache                       = true                                      {product} {ergonomic}
     bool ShowCodeDetailsInExceptionMessages       = true                                   {manageable} {command line}
   size_t SoftMaxHeapSize                          = 4097835008                             {manageable} {ergonomic}
     bool UseCompressedClassPointers               = true                           {product lp64_product} {ergonomic}
     bool UseCompressedOops                        = true                           {product lp64_product} {ergonomic}
     bool UseG1GC                                  = true                                      {product} {ergonomic}
     bool UseLargePagesIndividualAllocation        = false                                  {pd product} {ergonomic}

Logging:
Log output configuration:
 #0: stdout all=warning uptime,level,tags foldmultilines=false
 #1: stderr all=off uptime,level,tags foldmultilines=false

Environment Variables:
PATH=C:/Program Files/Java/jdk-18.0.2.1/bin/server;C:/Program Files/Java/jdk-18.0.2.1/bin;C:\Python310\Scripts\;C:\Python310\;C:\Program Files\Common Files\Oracle\Java\javapath;C:\Program Files (x86)\Common Files\Oracle\Java\javapath;C:\Windows\system32;C:\Windows;C:\Windows\System32\Wbem;C:\Windows\System32\WindowsPowerShell\v1.0\;C:\Windows\System32\OpenSSH\;C:\Program Files (x86)\NVIDIA Corporation\PhysX\Common;C:\Program Files\NVIDIA Corporation\NVIDIA NvDLISR;C:\Program Files\nodejs\;C:\ProgramData\chocolatey\bin;;C:\WINDOWS\system32;C:\WINDOWS;C:\WINDOWS\System32\Wbem;C:\WINDOWS\System32\WindowsPowerShell\v1.0\;C:\WINDOWS\System32\OpenSSH\;C:\Program Files\dotnet\;C:\Users\Phoenyx\AppData\Local\Microsoft\WindowsApps;C:\Users\Phoenyx\AppData\Local\GitHubDesktop\bin;C:\Users\Phoenyx\.dotnet\tools;C:\Users\Phoenyx\AppData\Local\atom\bin;C:\Users\Phoenyx\AppData\Roaming\npm;C:\Users\Phoenyx\AppData\Local\Microsoft\WindowsApps;C:\Users\Phoenyx\.dotnet\tools;C:\Users\Phoenyx\Desktop;
USERNAME=Phoenyx
OS=Windows_NT
PROCESSOR_IDENTIFIER=AMD64 Family 25 Model 68 Stepping 1, AuthenticAMD



---------------  S Y S T E M  ---------------

OS:
 Windows 11 , 64 bit Build 22621 (10.0.22621.608)
OS uptime: 0 days 9:12 hours
Hyper-V role detected

CPU: total 16 (initial active 16) (16 cores per cpu, 2 threads per core) family 25 model 68 stepping 1 microcode 0x0, cx8, cmov, fxsr, ht, mmx, 3dnowpref, sse, sse2, sse3, ssse3, sse4a, sse4.1, sse4.2, popcnt, lzcnt, tsc, tscinvbit, avx, avx2, aes, clmul, bmi1, bmi2, adx, sha, fma, vzeroupper, clflush, clflushopt, hv

Memory: 4k page, system-wide physical 15629M (6084M free)
TotalPageFile size 24845M (AvailPageFile size 8707M)
current process WorkingSet (physical memory assigned to process): 632M, peak: 634M
current process commit charge ("private bytes"): 829M, peak: 829M

vm_info: Java HotSpot(TM) 64-Bit Server VM (18.0.2.1+1-1) for windows-amd64 JRE (18.0.2.1+1-1), built on Aug 16 2022 01:46:33 by "mach5one" with MS VC++ 16.8 / 16.9 (VS2019)

END.
