#
# A fatal error has been detected by the Java Runtime Environment:
#
#  EXCEPTION_ACCESS_VIOLATION (0xc0000005) at pc=0x0000000064a7760a, pid=19804, tid=17008
#
# JRE version: Java(TM) SE Runtime Environment (18.0.2.1+1) (build 18.0.2.1+1-1)
# Java VM: Java HotSpot(TM) 64-Bit Server VM (18.0.2.1+1-1, mixed mode, sharing, tiered, compressed oops, compressed class ptrs, g1 gc, windows-amd64)
# Problematic frame:
# C  0x0000000064a7760a
#
# No core dump will be written. Minidumps are not enabled by default on client versions of Windows
#
# If you would like to submit a bug report, please visit:
#   https://bugreport.java.com/bugreport/crash.jsp
# The crash happened outside the Java Virtual Machine in native code.
# See problematic frame for where to report the bug.
#

---------------  S U M M A R Y ------------

Command Line: -Dfile.encoding=UTF-8 -XX:+ShowCodeDetailsInExceptionMessages com.redteam.engine.game.ATRobots

Host: AMD Ryzen 7 6800H with Radeon Graphics         , 16 cores, 15G,  Windows 11 , 64 bit Build 22621 (10.0.22621.608)
Time: Sat Nov  5 20:47:42 2022 Eastern Daylight Time elapsed time: 11.944222 seconds (0d 0h 0m 11s)

---------------  T H R E A D  ---------------

Current thread (0x000002220eb21f60):  JavaThread "main" [_thread_in_native, id=17008, stack(0x000000264de00000,0x000000264df00000)]

Stack: [0x000000264de00000,0x000000264df00000],  sp=0x000000264deff280,  free space=1020k
Native frames: (J=compiled Java code, j=interpreted, Vv=VM code, C=native code)
C  0x0000000064a7760a

Java frames: (J=compiled Java code, j=interpreted, Vv=VM code)
j  imgui.ImGui.render()V+0
j  com.redteam.engine.game.TestGame.update(DLcom/redteam/engine/core/MouseInput;)V+108
j  com.redteam.engine.core.Engine.update(F)V+10
j  com.redteam.engine.core.Engine.run()V+155
j  com.redteam.engine.core.Engine.start()V+13
j  com.redteam.engine.game.ATRobots.main([Ljava/lang/String;)V+28
v  ~StubRoutines::call_stub

siginfo: EXCEPTION_ACCESS_VIOLATION (0xc0000005), reading address 0x0000000000000000


Register to memory mapping:

RIP=0x0000000064a7760a points into unknown readable memory: 80 3f 00 0f 84 5d
RAX=0x0000000064a903b0 points into unknown readable memory: 0x2e6666fffe722be9 | e9 2b 72 fe ff 66 66 2e
RBX={method} {0x0000022232d72e28} 'render' '()V' in 'imgui/ImGui'
RCX=0x000002220eb221f0 points into unknown readable memory: 0x00000222379576f0 | f0 76 95 37 22 02 00 00
RDX=0x000000264deff410 is pointing into the stack for thread: 0x000002220eb21f60
RSP=0x000000264deff280 is pointing into the stack for thread: 0x000002220eb21f60
RBP=0x000000264deff400 is pointing into the stack for thread: 0x000002220eb21f60
RSI=3822011977 is a compressed pointer to object: [B 
{0x000000071e7a3248} - klass: {type array byte}
 - length: 16
RDI=0x0 is NULL
R8 =0x0000000000000002 is an unknown value
R9 =0x0000000000000002 is an unknown value
R10=0x000002221645d5f2 is at code_begin+946 in an Interpreter codelet
method entry point (kind = native)  [0x000002221645d240, 0x000002221645dbc0]  2432 bytes
R11=0x000000070f5774f0 is an oop: java.lang.Class 
{0x000000070f5774f0} - klass: 'java/lang/Class'
 - ---- fields (total size 24 words):
 - private volatile transient 'classRedefinedCount' 'I' @12  0
 - abstract internal 'klass' 'J' @16  34373947392 (d8d000 8)
 - abstract internal 'array_klass' 'J' @24  0 (0 0)
 - abstract internal 'oop_size' 'I' @32  24 (18)
 - abstract internal 'static_oop_field_count' 'I' @36  19 (13)
 - private volatile transient 'cachedConstructor' 'Ljava/lang/reflect/Constructor;' @40  NULL (0)
 - private transient 'name' 'Ljava/lang/String;' @44  "imgui.ImGui"{0x000000070f577858} (e1eaef0b)
 - private transient 'module' 'Ljava/lang/Module;' @48  a 'java/lang/Module'{0x000000070bc56008} (e178ac01)
 - private final 'classLoader' 'Ljava/lang/ClassLoader;' @52  a 'jdk/internal/loader/ClassLoaders$AppClassLoader'{0x000000070bc07348} (e1780e69)
 - private transient 'classData' 'Ljava/lang/Object;' @56  NULL (0)
 - private transient 'packageName' 'Ljava/lang/String;' @60  "imgui"{0x000000070bd59d90} (e17ab3b2)
 - private final 'componentType' 'Ljava/lang/Class;' @64  NULL (0)
 - private volatile transient 'reflectionData' 'Ljava/lang/ref/SoftReference;' @68  NULL (0)
 - private volatile transient 'genericInfo' 'Lsun/reflect/generics/repository/ClassRepository;' @72  NULL (0)
 - private volatile transient 'enumConstants' '[Ljava/lang/Object;' @76  NULL (0)
 - private volatile transient 'enumConstantDirectory' 'Ljava/util/Map;' @80  NULL (0)
 - private volatile transient 'annotationData' 'Ljava/lang/Class$AnnotationData;' @84  NULL (0)
 - private volatile transient 'annotationType' 'Lsun/reflect/annotation/AnnotationType;' @88  NULL (0)
 - transient 'classValueMap' 'Ljava/lang/ClassValue$ClassValueMap;' @92  NULL (0)
 - abstract internal 'protection_domain' 'Ljava/lang/Object;' @96  a 'java/security/ProtectionDomain'{0x000000070bd57838} (e17aaf07)
 - abstract internal 'signers_name' 'Ljava/lang/Object;' @100  NULL (0)
 - abstract internal 'source_file' 'Ljava/lang/Object;' @104  NULL (0)
 - signature: Limgui/ImGui;
 - ---- static fields (19):
 - private static final 'LIB_PATH_PROP' 'Ljava/lang/String;' @112  "imgui.library.path"{0x000000070f577818} (e1eaef03)
 - private static final 'LIB_NAME_PROP' 'Ljava/lang/String;' @116  "imgui.library.name"{0x000000070f5777d8} (e1eaeefb)
 - private static final 'LIB_NAME_DEFAULT' 'Ljava/lang/String;' @120  "imgui-java64"{0x000000070f5777a0} (e1eaeef4)
 - private static final 'LIB_TMP_DIR_PREFIX' 'Ljava/lang/String;' @124  "imgui-java-natives_1667695660925"{0x000000070f577758} (e1eaeeeb)
 - private static final 'IMGUI_CONTEXT' 'Limgui/internal/ImGuiContext;' @128  a 'imgui/internal/ImGuiContext'{0x000000070f577740} (e1eaeee8)
 - private static final 'IMGUI_IO' 'Limgui/ImGuiIO;' @132  a 'imgui/ImGuiIO'{0x000000070f577708} (e1eaeee1)
 - private static final 'WINDOW_DRAW_LIST' 'Limgui/ImDrawList;' @136  a 'imgui/ImDrawList'{0x000000070f5776f0} (e1eaeede)
 - private static final 'BACKGROUND_DRAW_LIST' 'Limgui/ImDrawList;' @140  a 'imgui/ImDrawList'{0x000000070f5776d8} (e1eaeedb)
 - private static final 'FOREGROUND_DRAW_LIST' 'Limgui/ImDrawList;' @144  a 'imgui/ImDrawList'{0x000000070f5776c0} (e1eaeed8)
 - private static final 'IMGUI_STORAGE' 'Limgui/ImGuiStorage;' @148  a 'imgui/ImGuiStorage'{0x000000070f5776a8} (e1eaeed5)
 - private static final 'WINDOW_VIEWPORT' 'Limgui/ImGuiViewport;' @152  a 'imgui/ImGuiViewport'{0x000000070f577690} (e1eaeed2)
 - private static final 'FIND_VIEWPORT' 'Limgui/ImGuiViewport;' @156  a 'imgui/ImGuiViewport'{0x000000070f577678} (e1eaeecf)
 - private static final 'DRAW_DATA' 'Limgui/ImDrawData;' @160  a 'imgui/ImDrawData'{0x000000070f577660} (e1eaeecc)
 - private static final 'FONT' 'Limgui/ImFont;' @164  a 'imgui/ImFont'{0x000000070f577610} (e1eaeec2)
 - private static final 'STYLE' 'Limgui/ImGuiStyle;' @168  a 'imgui/ImGuiStyle'{0x000000070f5775f8} (e1eaeebf)
 - private static final 'MAIN_VIEWPORT' 'Limgui/ImGuiViewport;' @172  a 'imgui/ImGuiViewport'{0x000000070f5775e0} (e1eaeebc)
 - private static final 'PLATFORM_IO' 'Limgui/ImGuiPlatformIO;' @176  a 'imgui/ImGuiPlatformIO'{0x000000070f5775c8} (e1eaeeb9)
 - private static 'payloadRef' 'Ljava/lang/ref/WeakReference;' @180  NULL (0)
 - private static final 'PAYLOAD_PLACEHOLDER_DATA' '[B' @184  [B{0x000000070f5775b0} (e1eaeeb6)
R12=0x0 is NULL
R13={method} {0x0000022232d72e28} 'render' '()V' in 'imgui/ImGui'
R14=0x000000264deff418 is pointing into the stack for thread: 0x000002220eb21f60
R15=0x000002220eb21f60 is a thread


Registers:
RAX=0x0000000064a903b0, RBX=0x0000022232d72e20, RCX=0x000002220eb221f0, RDX=0x000000264deff410
RSP=0x000000264deff280, RBP=0x000000264deff400, RSI=0x00000000e3cf4649, RDI=0x0000000000000000
R8 =0x0000000000000002, R9 =0x0000000000000002, R10=0x000002221645d5f2, R11=0x000000070f5774f0
R12=0x0000000000000000, R13=0x0000022232d72e20, R14=0x000000264deff418, R15=0x000002220eb21f60
RIP=0x0000000064a7760a, EFLAGS=0x0000000000010202

Top of Stack: (sp=0x000000264deff280)
0x000000264deff280:   000002223606e7f0 000000000000000d
0x000000264deff290:   0000000000000007 0000000064bb8d94
0x000000264deff2a0:   000002220eb21f60 000000264deff3c0
0x000000264deff2b0:   000002220eb21f60 00000222164594fe
0x000000264deff2c0:   00000000e3cf4649 00007ff9e7d613f9
0x000000264deff2d0:   0000567e00dbc469 00007ff9e7d61347
0x000000264deff2e0:   000002220eb21f60 000000264deff418
0x000000264deff2f0:   0000000000000000 00000222164594fe
0x000000264deff300:   00000222164594fe 0000022232d72e20
0x000000264deff310:   000000264deff400 00007ff9e7ab40e5
0x000000264deff320:   0000000000001866 0000000000000000
0x000000264deff330:   0000000000000000 0000000000000000
0x000000264deff340:   0000022232d72e20 0000022232d72e20
0x000000264deff350:   00000000e3cf4649 00000222164594fe
0x000000264deff360:   000000264deff400 0000000000000000
0x000000264deff370:   0000022232d72e20 000000264deff418 

Instructions: (pc=0x0000000064a7760a)
0x0000000064a7750a:   78 0f 57 0d 7e 07 44 00 41 f6 c0 04 74 55 0f 10
0x0000000064a7751a:   da ba 03 00 00 00 f3 0f 5c d8 f3 0f 58 c3 f3 0f
0x0000000064a7752a:   58 d3 0f 10 d9 e9 51 fd ff ff 41 83 fa 02 75 4d
0x0000000064a7753a:   41 f6 c0 0a 0f 84 bc f4 ff ff f3 41 0f 10 41 64
0x0000000064a7754a:   f3 41 0f 58 41 7c 41 f6 c0 08 74 24 0f 10 d3 f3
0x0000000064a7755a:   0f 5c d1 f3 0f 5c ca f3 0f 5c da 0f 10 d0 e9 18
0x0000000064a7756a:   fd ff ff ba 01 00 00 00 0f 10 d9 e9 0b fd ff ff
0x0000000064a7757a:   ba 02 00 00 00 0f 10 d0 e9 fe fc ff ff 41 83 fa
0x0000000064a7758a:   03 0f 85 6f f4 ff ff 41 f6 c0 0a 0f 84 65 f4 ff
0x0000000064a7759a:   ff f3 41 0f 10 41 7c 0f 57 05 e8 06 44 00 41 f6
0x0000000064a775aa:   c0 08 74 1c 0f 10 d3 ba 01 00 00 00 f3 0f 5c d1
0x0000000064a775ba:   f3 0f 58 ca f3 0f 58 da 0f 10 d0 e9 bb fc ff ff
0x0000000064a775ca:   ba 03 00 00 00 0f 10 d0 e9 ae fc ff ff 66 0f 1f
0x0000000064a775da:   84 00 00 00 00 00 41 57 41 56 41 55 41 54 55 57
0x0000000064a775ea:   56 53 48 81 ec c8 00 00 00 0f 11 b4 24 a0 00 00
0x0000000064a775fa:   00 0f 11 bc 24 b0 00 00 00 48 8b 3d 3e cb 4b 00
0x0000000064a7760a:   80 3f 00 0f 84 5d 0a 00 00 8b 9f a8 1c 00 00 39
0x0000000064a7761a:   9f ac 1c 00 00 74 0b e8 aa ed ff ff 8b 9f a8 1c
0x0000000064a7762a:   00 00 8b 87 b4 1c 00 00 ba 04 00 00 00 48 89 f9
0x0000000064a7763a:   31 f6 89 9f b4 1c 00 00 c7 87 a4 03 00 00 00 00
0x0000000064a7764a:   00 00 89 44 24 4c e8 db 76 fd ff 8b 87 40 1f 00
0x0000000064a7765a:   00 85 c0 0f 85 04 01 00 00 e9 48 01 00 00 0f 1f
0x0000000064a7766a:   84 00 00 00 00 00 4c 8d 05 43 8e 43 00 ba 06 07
0x0000000064a7767a:   00 00 48 8d 0d 4e 8e 43 00 e8 58 13 12 00 48 8b
0x0000000064a7768a:   87 48 1f 00 00 4c 8b 2c f0 4d 8d a5 d8 00 00 00
0x0000000064a7769a:   49 8d ad f8 00 00 00 4d 89 e7 45 8b 4f 04 45 85
0x0000000064a776aa:   c9 79 72 48 8b 05 94 ca 4b 00 48 85 c0 74 07 83
0x0000000064a776ba:   80 ac 03 00 00 01 48 8b 15 99 cb 4b 00 31 c9 ff
0x0000000064a776ca:   15 a1 49 42 00 49 8b 57 08 49 89 c6 48 85 d2 74
0x0000000064a776da:   38 4d 63 07 48 89 c1 49 c1 e0 03 e8 b6 a0 13 00
0x0000000064a776ea:   49 8b 4f 08 48 85 c9 74 13 48 8b 05 4e ca 4b 00
0x0000000064a776fa:   48 85 c0 74 07 83 a8 ac 03 00 00 01 48 8b 15 53 


Stack slot to memory mapping:
stack at sp + 0 slots: 0x000002223606e7f0 points into unknown readable memory: 0x0000022236055888 | 88 58 05 36 22 02 00 00
stack at sp + 1 slots: 0x000000000000000d is an unknown value
stack at sp + 2 slots: 0x0000000000000007 is an unknown value
stack at sp + 3 slots: 0x0000000064bb8d94 points into unknown readable memory: 48 8b 8b 68
stack at sp + 4 slots: 0x000002220eb21f60 is a thread
stack at sp + 5 slots: 0x000000264deff3c0 is pointing into the stack for thread: 0x000002220eb21f60
stack at sp + 6 slots: 0x000002220eb21f60 is a thread
stack at sp + 7 slots: 0x00000222164594fe is at code_begin+1118 in an Interpreter codelet
return entry points  [0x00000222164590a0, 0x0000022216459ba0]  2816 bytes


---------------  P R O C E S S  ---------------

Threads class SMR info:
_java_thread_list=0x000002224b8dae20, length=20, elements={
0x000002220eb21f60, 0x00000222312c79a0, 0x00000222312c8340, 0x00000222312e5ea0,
0x00000222312e6840, 0x00000222312e71e0, 0x00000222312e7b80, 0x00000222312f6380,
0x00000222312f6d60, 0x000002223130aa40, 0x00000222360ba390, 0x00000222360ecd60,
0x00000222360f08c0, 0x0000022236368920, 0x00000222363698c0, 0x0000022236509e90,
0x00000222379a6920, 0x00000222379a6df0, 0x0000022237759c60, 0x000002223775a170
}

Java Threads: ( => current thread )
=>0x000002220eb21f60 JavaThread "main" [_thread_in_native, id=17008, stack(0x000000264de00000,0x000000264df00000)]
  0x00000222312c79a0 JavaThread "Reference Handler" daemon [_thread_blocked, id=14228, stack(0x000000264e500000,0x000000264e600000)]
  0x00000222312c8340 JavaThread "Finalizer" daemon [_thread_blocked, id=21860, stack(0x000000264e600000,0x000000264e700000)]
  0x00000222312e5ea0 JavaThread "Signal Dispatcher" daemon [_thread_blocked, id=22484, stack(0x000000264e700000,0x000000264e800000)]
  0x00000222312e6840 JavaThread "Attach Listener" daemon [_thread_blocked, id=2412, stack(0x000000264e800000,0x000000264e900000)]
  0x00000222312e71e0 JavaThread "Service Thread" daemon [_thread_blocked, id=23304, stack(0x000000264e900000,0x000000264ea00000)]
  0x00000222312e7b80 JavaThread "Monitor Deflation Thread" daemon [_thread_blocked, id=17448, stack(0x000000264ea00000,0x000000264eb00000)]
  0x00000222312f6380 JavaThread "C2 CompilerThread0" daemon [_thread_blocked, id=24388, stack(0x000000264eb00000,0x000000264ec00000)]
  0x00000222312f6d60 JavaThread "C1 CompilerThread0" daemon [_thread_blocked, id=24172, stack(0x000000264ec00000,0x000000264ed00000)]
  0x000002223130aa40 JavaThread "Sweeper thread" daemon [_thread_blocked, id=4692, stack(0x000000264ed00000,0x000000264ee00000)]
  0x00000222360ba390 JavaThread "C1 CompilerThread1" daemon [_thread_blocked, id=16392, stack(0x000000264ee00000,0x000000264ef00000)]
  0x00000222360ecd60 JavaThread "Notification Thread" daemon [_thread_blocked, id=2160, stack(0x000000264ef00000,0x000000264f000000)]
  0x00000222360f08c0 JavaThread "Common-Cleaner" daemon [_thread_blocked, id=7544, stack(0x000000264f100000,0x000000264f200000)]
  0x0000022236368920 JavaThread "Java2D Disposer" daemon [_thread_blocked, id=9084, stack(0x000000264f200000,0x000000264f300000)]
  0x00000222363698c0 JavaThread "AWT-Windows" daemon [_thread_in_native, id=24804, stack(0x000000264f400000,0x000000264f500000)]
  0x0000022236509e90 JavaThread "Swing-Shell" daemon [_thread_blocked, id=23368, stack(0x000000264f600000,0x000000264f700000)]
  0x00000222379a6920 JavaThread "D3D Screen Updater" daemon [_thread_blocked, id=11712, stack(0x0000002651000000,0x0000002651100000)]
  0x00000222379a6df0 JavaThread "TimerQueue" daemon [_thread_blocked, id=18948, stack(0x0000002651100000,0x0000002651200000)]
  0x0000022237759c60 JavaThread "C1 CompilerThread2" daemon [_thread_blocked, id=22020, stack(0x0000002651900000,0x0000002651a00000)]
  0x000002223775a170 JavaThread "C1 CompilerThread3" daemon [_thread_blocked, id=12124, stack(0x0000002651a00000,0x0000002651b00000)]

Other Threads:
  0x000002220ebae6b0 VMThread "VM Thread" [stack: 0x000000264e400000,0x000000264e500000] [id=26592]
  0x00000222360f0650 WatcherThread "VM Periodic Task Thread" [stack: 0x000000264f000000,0x000000264f100000] [id=4808]
  0x000002220eb929a0 WorkerThread "GC Thread#0" [stack: 0x000000264df00000,0x000000264e000000] [id=24348]
  0x0000022237daa1d0 WorkerThread "GC Thread#1" [stack: 0x0000002650e00000,0x0000002650f00000] [id=23392]
  0x0000022237daa9b0 WorkerThread "GC Thread#2" [stack: 0x0000002650f00000,0x0000002651000000] [id=24300]
  0x0000022237da9210 WorkerThread "GC Thread#3" [stack: 0x0000002651300000,0x0000002651400000] [id=11500]
  0x0000022237da8f70 WorkerThread "GC Thread#4" [stack: 0x0000002651400000,0x0000002651500000] [id=11412]
  0x0000022237daa710 WorkerThread "GC Thread#5" [stack: 0x0000002651500000,0x0000002651600000] [id=17236]
  0x0000022237daac50 WorkerThread "GC Thread#6" [stack: 0x0000002651600000,0x0000002651700000] [id=5024]
  0x0000022237daa470 WorkerThread "GC Thread#7" [stack: 0x0000002651700000,0x0000002651800000] [id=6116]
  0x0000022237da9c90 WorkerThread "GC Thread#8" [stack: 0x0000002651800000,0x0000002651900000] [id=2300]
  0x000002224b8f9cc0 WorkerThread "GC Thread#9" [stack: 0x0000002652000000,0x0000002652100000] [id=5416]
  0x000002224b8f6ae0 WorkerThread "GC Thread#10" [stack: 0x0000002652100000,0x0000002652200000] [id=26472]
  0x000002224b8f6d80 WorkerThread "GC Thread#11" [stack: 0x0000002652200000,0x0000002652300000] [id=26380]
  0x000002224b8f6060 WorkerThread "GC Thread#12" [stack: 0x0000002652300000,0x0000002652400000] [id=23832]
  0x000002220eba3510 ConcurrentGCThread "G1 Main Marker" [stack: 0x000000264e000000,0x000000264e100000] [id=16512]
  0x000002220eba3e00 WorkerThread "G1 Conc#0" [stack: 0x000000264e100000,0x000000264e200000] [id=23412]
  0x000002220ebd8220 ConcurrentGCThread "G1 Refine#0" [stack: 0x000000264e200000,0x000000264e300000] [id=2892]
  0x0000022237792380 ConcurrentGCThread "G1 Refine#1" [stack: 0x0000002652400000,0x0000002652500000] [id=23708]
  0x0000022237793a00 ConcurrentGCThread "G1 Refine#2" [stack: 0x0000002652500000,0x0000002652600000] [id=19168]
  0x0000022237794810 ConcurrentGCThread "G1 Refine#3" [stack: 0x0000002652600000,0x0000002652700000] [id=3252]
  0x0000022246104300 ConcurrentGCThread "G1 Refine#4" [stack: 0x0000002652700000,0x0000002652800000] [id=25948]
  0x000002224be81ac0 ConcurrentGCThread "G1 Refine#5" [stack: 0x0000002652800000,0x0000002652900000] [id=10216]
  0x00000222469b52b0 ConcurrentGCThread "G1 Refine#6" [stack: 0x0000002652900000,0x0000002652a00000] [id=4592]
  0x000002220ebd99e0 ConcurrentGCThread "G1 Service" [stack: 0x000000264e300000,0x000000264e400000] [id=3588]

Threads with active compile tasks:

VM state: not at safepoint (normal execution)

VM Mutex/Monitor currently owned by a thread: None

Heap address: 0x000000070bc00000, size: 3908 MB, Compressed Oops mode: Zero based, Oop shift amount: 3

CDS archive(s) mapped at: [0x0000000800000000-0x0000000800ba0000-0x0000000800ba0000), size 12189696, SharedBaseAddress: 0x0000000800000000, ArchiveRelocationMode: 0.
Compressed class space mapped at: 0x0000000800c00000-0x0000000840c00000, reserved size: 1073741824
Narrow klass base: 0x0000000800000000, Narrow klass shift: 0, Narrow klass range: 0x100000000

GC Precious Log:
 CardTable entry size: 512
 Card Set container configuration: InlinePtr #cards 4 size 8 Array Of Cards #cards 16 size 48 Howl #buckets 8 coarsen threshold 3686 Howl Bitmap #cards 512 size 80 coarsen threshold 460 Card regions per heap region 1 cards per card region 4096
 CPUs: 16 total, 16 available
 Memory: 15629M
 Large Page Support: Disabled
 NUMA Support: Disabled
 Compressed Oops: Enabled (Zero based)
 Heap Region Size: 2M
 Heap Min Capacity: 8M
 Heap Initial Capacity: 246M
 Heap Max Capacity: 3908M
 Pre-touch: Disabled
 Parallel Workers: 13
 Concurrent Workers: 3
 Concurrent Refinement Workers: 13
 Periodic GC: Disabled

Heap:
 garbage-first heap   total 401408K, used 228572K [0x000000070bc00000, 0x0000000800000000)
  region size 2048K, 59 young (120832K), 12 survivors (24576K)
 Metaspace       used 16761K, committed 17088K, reserved 1114112K
  class space    used 1615K, committed 1792K, reserved 1048576K

Heap Regions: E=young(eden), S=young(survivor), O=old, HS=humongous(starts), HC=humongous(continues), CS=collection set, F=free, OA=open archive, CA=closed archive, TAMS=top-at-mark-start (previous, next)
|   0|0x000000070bc00000, 0x000000070be00000, 0x000000070be00000|100%| O|  |TAMS 0x000000070bc00000, 0x000000070bc00000| Untracked 
|   1|0x000000070be00000, 0x000000070c000000, 0x000000070c000000|100%|HS|  |TAMS 0x000000070be00000, 0x000000070be00000| Complete 
|   2|0x000000070c000000, 0x000000070c200000, 0x000000070c200000|100%| O|  |TAMS 0x000000070c000000, 0x000000070c000000| Untracked 
|   3|0x000000070c200000, 0x000000070c400000, 0x000000070c400000|100%| O|  |TAMS 0x000000070c200000, 0x000000070c200000| Untracked 
|   4|0x000000070c400000, 0x000000070c600000, 0x000000070c600000|100%| O|  |TAMS 0x000000070c400000, 0x000000070c400000| Untracked 
|   5|0x000000070c600000, 0x000000070c800000, 0x000000070c800000|100%| O|  |TAMS 0x000000070c600000, 0x000000070c600000| Untracked 
|   6|0x000000070c800000, 0x000000070ca00000, 0x000000070ca00000|100%| O|  |TAMS 0x000000070c800000, 0x000000070c800000| Untracked 
|   7|0x000000070ca00000, 0x000000070cc00000, 0x000000070cc00000|100%| O|  |TAMS 0x000000070ca00000, 0x000000070ca00000| Untracked 
|   8|0x000000070cc00000, 0x000000070ce00000, 0x000000070ce00000|100%| O|  |TAMS 0x000000070cc00000, 0x000000070cc00000| Untracked 
|   9|0x000000070ce00000, 0x000000070d000000, 0x000000070d000000|100%| O|  |TAMS 0x000000070ce00000, 0x000000070ce00000| Untracked 
|  10|0x000000070d000000, 0x000000070d200000, 0x000000070d200000|100%| O|  |TAMS 0x000000070d000000, 0x000000070d000000| Untracked 
|  11|0x000000070d200000, 0x000000070d400000, 0x000000070d400000|100%|HS|  |TAMS 0x000000070d200000, 0x000000070d200000| Complete 
|  12|0x000000070d400000, 0x000000070d600000, 0x000000070d600000|100%|HC|  |TAMS 0x000000070d400000, 0x000000070d400000| Complete 
|  13|0x000000070d600000, 0x000000070d800000, 0x000000070d800000|100%|HS|  |TAMS 0x000000070d600000, 0x000000070d600000| Complete 
|  14|0x000000070d800000, 0x000000070da00000, 0x000000070da00000|100%|HC|  |TAMS 0x000000070d800000, 0x000000070d800000| Complete 
|  15|0x000000070da00000, 0x000000070dc00000, 0x000000070dc00000|100%| O|  |TAMS 0x000000070da00000, 0x000000070da00000| Untracked 
|  16|0x000000070dc00000, 0x000000070de00000, 0x000000070de00000|100%| O|  |TAMS 0x000000070dc00000, 0x000000070dc00000| Untracked 
|  17|0x000000070de00000, 0x000000070e000000, 0x000000070e000000|100%| O|  |TAMS 0x000000070de00000, 0x000000070de00000| Untracked 
|  18|0x000000070e000000, 0x000000070e200000, 0x000000070e200000|100%| O|  |TAMS 0x000000070e000000, 0x000000070e000000| Untracked 
|  19|0x000000070e200000, 0x000000070e400000, 0x000000070e400000|100%| O|  |TAMS 0x000000070e200000, 0x000000070e200000| Untracked 
|  20|0x000000070e400000, 0x000000070e600000, 0x000000070e600000|100%| O|  |TAMS 0x000000070e400000, 0x000000070e400000| Untracked 
|  21|0x000000070e600000, 0x000000070e800000, 0x000000070e800000|100%| O|  |TAMS 0x000000070e600000, 0x000000070e600000| Untracked 
|  22|0x000000070e800000, 0x000000070ea00000, 0x000000070ea00000|100%| O|  |TAMS 0x000000070e800000, 0x000000070e800000| Untracked 
|  23|0x000000070ea00000, 0x000000070ec00000, 0x000000070ec00000|100%| O|  |TAMS 0x000000070ea00000, 0x000000070ea00000| Untracked 
|  24|0x000000070ec00000, 0x000000070ee00000, 0x000000070ee00000|100%| O|  |TAMS 0x000000070ec00000, 0x000000070ec00000| Untracked 
|  25|0x000000070ee00000, 0x000000070f000000, 0x000000070f000000|100%| O|  |TAMS 0x000000070ee00000, 0x000000070ee00000| Untracked 
|  26|0x000000070f000000, 0x000000070f200000, 0x000000070f200000|100%| O|  |TAMS 0x000000070f000000, 0x000000070f000000| Untracked 
|  27|0x000000070f200000, 0x000000070f400000, 0x000000070f400000|100%| O|  |TAMS 0x000000070f200000, 0x000000070f200000| Untracked 
|  28|0x000000070f400000, 0x000000070f600000, 0x000000070f600000|100%| O|  |TAMS 0x000000070f400000, 0x000000070f400000| Untracked 
|  29|0x000000070f600000, 0x000000070f800000, 0x000000070f800000|100%| O|  |TAMS 0x000000070f600000, 0x000000070f600000| Untracked 
|  30|0x000000070f800000, 0x000000070fa00000, 0x000000070fa00000|100%| O|  |TAMS 0x000000070f800000, 0x000000070f800000| Untracked 
|  31|0x000000070fa00000, 0x000000070fc00000, 0x000000070fc00000|100%| O|  |TAMS 0x000000070fa00000, 0x000000070fa00000| Untracked 
|  32|0x000000070fc00000, 0x000000070fe00000, 0x000000070fe00000|100%| O|  |TAMS 0x000000070fc00000, 0x000000070fc00000| Untracked 
|  33|0x000000070fe00000, 0x0000000710000000, 0x0000000710000000|100%| O|  |TAMS 0x000000070fe00000, 0x000000070fe00000| Untracked 
|  34|0x0000000710000000, 0x0000000710200000, 0x0000000710200000|100%| O|  |TAMS 0x0000000710000000, 0x0000000710000000| Untracked 
|  35|0x0000000710200000, 0x0000000710400000, 0x0000000710400000|100%| O|  |TAMS 0x0000000710200000, 0x0000000710200000| Untracked 
|  36|0x0000000710400000, 0x0000000710600000, 0x0000000710600000|100%| O|  |TAMS 0x0000000710400000, 0x0000000710400000| Untracked 
|  37|0x0000000710600000, 0x0000000710800000, 0x0000000710800000|100%| O|  |TAMS 0x0000000710600000, 0x0000000710600000| Untracked 
|  38|0x0000000710800000, 0x0000000710a00000, 0x0000000710a00000|100%|HS|  |TAMS 0x0000000710800000, 0x0000000710800000| Complete 
|  39|0x0000000710a00000, 0x0000000710c00000, 0x0000000710c00000|100%|HS|  |TAMS 0x0000000710a00000, 0x0000000710a00000| Complete 
|  40|0x0000000710c00000, 0x0000000710e00000, 0x0000000710e00000|100%|HC|  |TAMS 0x0000000710c00000, 0x0000000710c00000| Complete 
|  41|0x0000000710e00000, 0x0000000711000000, 0x0000000711000000|100%|HS|  |TAMS 0x0000000710e00000, 0x0000000710e00000| Complete 
|  42|0x0000000711000000, 0x0000000711200000, 0x0000000711200000|100%|HC|  |TAMS 0x0000000711000000, 0x0000000711000000| Complete 
|  43|0x0000000711200000, 0x0000000711400000, 0x0000000711400000|100%| O|  |TAMS 0x0000000711200000, 0x0000000711200000| Untracked 
|  44|0x0000000711400000, 0x0000000711600000, 0x0000000711600000|100%| O|  |TAMS 0x0000000711400000, 0x0000000711400000| Untracked 
|  45|0x0000000711600000, 0x00000007116e8600, 0x0000000711800000| 45%| O|  |TAMS 0x0000000711600000, 0x0000000711600000| Untracked 
|  46|0x0000000711800000, 0x0000000711a00000, 0x0000000711a00000|100%|HS|  |TAMS 0x0000000711800000, 0x0000000711800000| Complete 
|  47|0x0000000711a00000, 0x0000000711c00000, 0x0000000711c00000|100%|HS|  |TAMS 0x0000000711a00000, 0x0000000711a00000| Complete 
|  48|0x0000000711c00000, 0x0000000711e00000, 0x0000000711e00000|100%|HS|  |TAMS 0x0000000711c00000, 0x0000000711c00000| Complete 
|  49|0x0000000711e00000, 0x0000000712000000, 0x0000000712000000|100%|HS|  |TAMS 0x0000000711e00000, 0x0000000711e00000| Complete 
|  50|0x0000000712000000, 0x0000000712200000, 0x0000000712200000|100%|HC|  |TAMS 0x0000000712000000, 0x0000000712000000| Complete 
|  51|0x0000000712200000, 0x0000000712400000, 0x0000000712400000|100%|HS|  |TAMS 0x0000000712200000, 0x0000000712200000| Complete 
|  52|0x0000000712400000, 0x0000000712600000, 0x0000000712600000|100%|HC|  |TAMS 0x0000000712400000, 0x0000000712400000| Complete 
|  53|0x0000000712600000, 0x0000000712800000, 0x0000000712800000|100%|HS|  |TAMS 0x0000000712600000, 0x0000000712600000| Complete 
|  54|0x0000000712800000, 0x0000000712a00000, 0x0000000712a00000|100%|HC|  |TAMS 0x0000000712800000, 0x0000000712800000| Complete 
|  55|0x0000000712a00000, 0x0000000712a00000, 0x0000000712c00000|  0%| F|  |TAMS 0x0000000712a00000, 0x0000000712a00000| Untracked 
|  56|0x0000000712c00000, 0x0000000712c00000, 0x0000000712e00000|  0%| F|  |TAMS 0x0000000712c00000, 0x0000000712c00000| Untracked 
|  57|0x0000000712e00000, 0x0000000712e00000, 0x0000000713000000|  0%| F|  |TAMS 0x0000000712e00000, 0x0000000712e00000| Untracked 
|  58|0x0000000713000000, 0x0000000713000000, 0x0000000713200000|  0%| F|  |TAMS 0x0000000713000000, 0x0000000713000000| Untracked 
|  59|0x0000000713200000, 0x0000000713200000, 0x0000000713400000|  0%| F|  |TAMS 0x0000000713200000, 0x0000000713200000| Untracked 
|  60|0x0000000713400000, 0x0000000713400000, 0x0000000713600000|  0%| F|  |TAMS 0x0000000713400000, 0x0000000713400000| Untracked 
|  61|0x0000000713600000, 0x0000000713600000, 0x0000000713800000|  0%| F|  |TAMS 0x0000000713600000, 0x0000000713600000| Untracked 
|  62|0x0000000713800000, 0x0000000713800000, 0x0000000713a00000|  0%| F|  |TAMS 0x0000000713800000, 0x0000000713800000| Untracked 
|  63|0x0000000713a00000, 0x0000000713a00000, 0x0000000713c00000|  0%| F|  |TAMS 0x0000000713a00000, 0x0000000713a00000| Untracked 
|  64|0x0000000713c00000, 0x0000000713c00000, 0x0000000713e00000|  0%| F|  |TAMS 0x0000000713c00000, 0x0000000713c00000| Untracked 
|  65|0x0000000713e00000, 0x0000000713e00000, 0x0000000714000000|  0%| F|  |TAMS 0x0000000713e00000, 0x0000000713e00000| Untracked 
|  66|0x0000000714000000, 0x0000000714000000, 0x0000000714200000|  0%| F|  |TAMS 0x0000000714000000, 0x0000000714000000| Untracked 
|  67|0x0000000714200000, 0x0000000714200000, 0x0000000714400000|  0%| F|  |TAMS 0x0000000714200000, 0x0000000714200000| Untracked 
|  68|0x0000000714400000, 0x0000000714400000, 0x0000000714600000|  0%| F|  |TAMS 0x0000000714400000, 0x0000000714400000| Untracked 
|  69|0x0000000714600000, 0x0000000714600000, 0x0000000714800000|  0%| F|  |TAMS 0x0000000714600000, 0x0000000714600000| Untracked 
|  70|0x0000000714800000, 0x0000000714800000, 0x0000000714a00000|  0%| F|  |TAMS 0x0000000714800000, 0x0000000714800000| Untracked 
|  71|0x0000000714a00000, 0x0000000714a00000, 0x0000000714c00000|  0%| F|  |TAMS 0x0000000714a00000, 0x0000000714a00000| Untracked 
|  72|0x0000000714c00000, 0x0000000714c00000, 0x0000000714e00000|  0%| F|  |TAMS 0x0000000714c00000, 0x0000000714c00000| Untracked 
|  73|0x0000000714e00000, 0x0000000714e4eda0, 0x0000000715000000| 15%| S|CS|TAMS 0x0000000714e00000, 0x0000000714e00000| Complete 
|  74|0x0000000715000000, 0x0000000715200000, 0x0000000715200000|100%| S|CS|TAMS 0x0000000715000000, 0x0000000715000000| Complete 
|  75|0x0000000715200000, 0x0000000715400000, 0x0000000715400000|100%| S|CS|TAMS 0x0000000715200000, 0x0000000715200000| Complete 
|  76|0x0000000715400000, 0x0000000715600000, 0x0000000715600000|100%| S|CS|TAMS 0x0000000715400000, 0x0000000715400000| Complete 
|  77|0x0000000715600000, 0x0000000715600000, 0x0000000715800000|  0%| F|  |TAMS 0x0000000715600000, 0x0000000715600000| Untracked 
|  78|0x0000000715800000, 0x0000000715800000, 0x0000000715a00000|  0%| F|  |TAMS 0x0000000715800000, 0x0000000715800000| Untracked 
|  79|0x0000000715a00000, 0x0000000715a00000, 0x0000000715c00000|  0%| F|  |TAMS 0x0000000715a00000, 0x0000000715a00000| Untracked 
|  80|0x0000000715c00000, 0x0000000715c00000, 0x0000000715e00000|  0%| F|  |TAMS 0x0000000715c00000, 0x0000000715c00000| Untracked 
|  81|0x0000000715e00000, 0x0000000715e00000, 0x0000000716000000|  0%| F|  |TAMS 0x0000000715e00000, 0x0000000715e00000| Untracked 
|  82|0x0000000716000000, 0x0000000716000000, 0x0000000716200000|  0%| F|  |TAMS 0x0000000716000000, 0x0000000716000000| Untracked 
|  83|0x0000000716200000, 0x0000000716200000, 0x0000000716400000|  0%| F|  |TAMS 0x0000000716200000, 0x0000000716200000| Untracked 
|  84|0x0000000716400000, 0x0000000716400000, 0x0000000716600000|  0%| F|  |TAMS 0x0000000716400000, 0x0000000716400000| Untracked 
|  85|0x0000000716600000, 0x0000000716600000, 0x0000000716800000|  0%| F|  |TAMS 0x0000000716600000, 0x0000000716600000| Untracked 
|  86|0x0000000716800000, 0x0000000716800000, 0x0000000716a00000|  0%| F|  |TAMS 0x0000000716800000, 0x0000000716800000| Untracked 
|  87|0x0000000716a00000, 0x0000000716c00000, 0x0000000716c00000|100%| S|CS|TAMS 0x0000000716a00000, 0x0000000716a00000| Complete 
|  88|0x0000000716c00000, 0x0000000716e00000, 0x0000000716e00000|100%| S|CS|TAMS 0x0000000716c00000, 0x0000000716c00000| Complete 
|  89|0x0000000716e00000, 0x0000000717000000, 0x0000000717000000|100%| S|CS|TAMS 0x0000000716e00000, 0x0000000716e00000| Complete 
|  90|0x0000000717000000, 0x0000000717200000, 0x0000000717200000|100%| S|CS|TAMS 0x0000000717000000, 0x0000000717000000| Complete 
|  91|0x0000000717200000, 0x0000000717400000, 0x0000000717400000|100%| S|CS|TAMS 0x0000000717200000, 0x0000000717200000| Complete 
|  92|0x0000000717400000, 0x0000000717600000, 0x0000000717600000|100%| S|CS|TAMS 0x0000000717400000, 0x0000000717400000| Complete 
|  93|0x0000000717600000, 0x0000000717800000, 0x0000000717800000|100%| S|CS|TAMS 0x0000000717600000, 0x0000000717600000| Complete 
|  94|0x0000000717800000, 0x0000000717a00000, 0x0000000717a00000|100%| S|CS|TAMS 0x0000000717800000, 0x0000000717800000| Complete 
|  95|0x0000000717a00000, 0x0000000717a00000, 0x0000000717c00000|  0%| F|  |TAMS 0x0000000717a00000, 0x0000000717a00000| Untracked 
|  96|0x0000000717c00000, 0x0000000717c00000, 0x0000000717e00000|  0%| F|  |TAMS 0x0000000717c00000, 0x0000000717c00000| Untracked 
|  97|0x0000000717e00000, 0x0000000717e00000, 0x0000000718000000|  0%| F|  |TAMS 0x0000000717e00000, 0x0000000717e00000| Untracked 
|  98|0x0000000718000000, 0x0000000718000000, 0x0000000718200000|  0%| F|  |TAMS 0x0000000718000000, 0x0000000718000000| Untracked 
|  99|0x0000000718200000, 0x0000000718200000, 0x0000000718400000|  0%| F|  |TAMS 0x0000000718200000, 0x0000000718200000| Untracked 
| 100|0x0000000718400000, 0x0000000718400000, 0x0000000718600000|  0%| F|  |TAMS 0x0000000718400000, 0x0000000718400000| Untracked 
| 101|0x0000000718600000, 0x0000000718600000, 0x0000000718800000|  0%| F|  |TAMS 0x0000000718600000, 0x0000000718600000| Untracked 
| 102|0x0000000718800000, 0x0000000718800000, 0x0000000718a00000|  0%| F|  |TAMS 0x0000000718800000, 0x0000000718800000| Untracked 
| 103|0x0000000718a00000, 0x0000000718a00000, 0x0000000718c00000|  0%| F|  |TAMS 0x0000000718a00000, 0x0000000718a00000| Untracked 
| 104|0x0000000718c00000, 0x0000000718c00000, 0x0000000718e00000|  0%| F|  |TAMS 0x0000000718c00000, 0x0000000718c00000| Untracked 
| 105|0x0000000718e00000, 0x0000000718e00000, 0x0000000719000000|  0%| F|  |TAMS 0x0000000718e00000, 0x0000000718e00000| Untracked 
| 106|0x0000000719000000, 0x0000000719000000, 0x0000000719200000|  0%| F|  |TAMS 0x0000000719000000, 0x0000000719000000| Untracked 
| 107|0x0000000719200000, 0x0000000719200000, 0x0000000719400000|  0%| F|  |TAMS 0x0000000719200000, 0x0000000719200000| Untracked 
| 108|0x0000000719400000, 0x0000000719400000, 0x0000000719600000|  0%| F|  |TAMS 0x0000000719400000, 0x0000000719400000| Untracked 
| 109|0x0000000719600000, 0x0000000719600000, 0x0000000719800000|  0%| F|  |TAMS 0x0000000719600000, 0x0000000719600000| Untracked 
| 110|0x0000000719800000, 0x0000000719800000, 0x0000000719a00000|  0%| F|  |TAMS 0x0000000719800000, 0x0000000719800000| Untracked 
| 111|0x0000000719a00000, 0x0000000719a00000, 0x0000000719c00000|  0%| F|  |TAMS 0x0000000719a00000, 0x0000000719a00000| Untracked 
| 112|0x0000000719c00000, 0x0000000719c00000, 0x0000000719e00000|  0%| F|  |TAMS 0x0000000719c00000, 0x0000000719c00000| Untracked 
| 113|0x0000000719e00000, 0x0000000719e00000, 0x000000071a000000|  0%| F|  |TAMS 0x0000000719e00000, 0x0000000719e00000| Untracked 
| 114|0x000000071a000000, 0x000000071a000000, 0x000000071a200000|  0%| F|  |TAMS 0x000000071a000000, 0x000000071a000000| Untracked 
| 115|0x000000071a200000, 0x000000071a200000, 0x000000071a400000|  0%| F|  |TAMS 0x000000071a200000, 0x000000071a200000| Untracked 
| 116|0x000000071a400000, 0x000000071a400000, 0x000000071a600000|  0%| F|  |TAMS 0x000000071a400000, 0x000000071a400000| Untracked 
| 117|0x000000071a600000, 0x000000071a600000, 0x000000071a800000|  0%| F|  |TAMS 0x000000071a600000, 0x000000071a600000| Untracked 
| 118|0x000000071a800000, 0x000000071a800000, 0x000000071aa00000|  0%| F|  |TAMS 0x000000071a800000, 0x000000071a800000| Untracked 
| 119|0x000000071aa00000, 0x000000071aa00000, 0x000000071ac00000|  0%| F|  |TAMS 0x000000071aa00000, 0x000000071aa00000| Untracked 
| 120|0x000000071ac00000, 0x000000071ac00000, 0x000000071ae00000|  0%| F|  |TAMS 0x000000071ac00000, 0x000000071ac00000| Untracked 
| 121|0x000000071ae00000, 0x000000071ae00000, 0x000000071b000000|  0%| F|  |TAMS 0x000000071ae00000, 0x000000071ae00000| Untracked 
| 122|0x000000071b000000, 0x000000071b000000, 0x000000071b200000|  0%| F|  |TAMS 0x000000071b000000, 0x000000071b000000| Untracked 
| 123|0x000000071b200000, 0x000000071b200000, 0x000000071b400000|  0%| F|  |TAMS 0x000000071b200000, 0x000000071b200000| Untracked 
| 124|0x000000071b400000, 0x000000071b400000, 0x000000071b600000|  0%| F|  |TAMS 0x000000071b400000, 0x000000071b400000| Untracked 
| 125|0x000000071b600000, 0x000000071b600000, 0x000000071b800000|  0%| F|  |TAMS 0x000000071b600000, 0x000000071b600000| Untracked 
| 126|0x000000071b800000, 0x000000071b800000, 0x000000071ba00000|  0%| F|  |TAMS 0x000000071b800000, 0x000000071b800000| Untracked 
| 127|0x000000071ba00000, 0x000000071ba00000, 0x000000071bc00000|  0%| F|  |TAMS 0x000000071ba00000, 0x000000071ba00000| Untracked 
| 128|0x000000071bc00000, 0x000000071bc00000, 0x000000071be00000|  0%| F|  |TAMS 0x000000071bc00000, 0x000000071bc00000| Untracked 
| 129|0x000000071be00000, 0x000000071be00000, 0x000000071c000000|  0%| F|  |TAMS 0x000000071be00000, 0x000000071be00000| Untracked 
| 130|0x000000071c000000, 0x000000071c000000, 0x000000071c200000|  0%| F|  |TAMS 0x000000071c000000, 0x000000071c000000| Untracked 
| 131|0x000000071c200000, 0x000000071c200000, 0x000000071c400000|  0%| F|  |TAMS 0x000000071c200000, 0x000000071c200000| Untracked 
| 132|0x000000071c400000, 0x000000071c400000, 0x000000071c600000|  0%| F|  |TAMS 0x000000071c400000, 0x000000071c400000| Untracked 
| 133|0x000000071c600000, 0x000000071c600000, 0x000000071c800000|  0%| F|  |TAMS 0x000000071c600000, 0x000000071c600000| Untracked 
| 134|0x000000071c800000, 0x000000071c800000, 0x000000071ca00000|  0%| F|  |TAMS 0x000000071c800000, 0x000000071c800000| Untracked 
| 135|0x000000071ca00000, 0x000000071ca00000, 0x000000071cc00000|  0%| F|  |TAMS 0x000000071ca00000, 0x000000071ca00000| Untracked 
| 136|0x000000071cc00000, 0x000000071cc00000, 0x000000071ce00000|  0%| F|  |TAMS 0x000000071cc00000, 0x000000071cc00000| Untracked 
| 137|0x000000071ce00000, 0x000000071ce00000, 0x000000071d000000|  0%| F|  |TAMS 0x000000071ce00000, 0x000000071ce00000| Untracked 
| 138|0x000000071d000000, 0x000000071d000000, 0x000000071d200000|  0%| F|  |TAMS 0x000000071d000000, 0x000000071d000000| Untracked 
| 139|0x000000071d200000, 0x000000071d200000, 0x000000071d400000|  0%| F|  |TAMS 0x000000071d200000, 0x000000071d200000| Untracked 
| 140|0x000000071d400000, 0x000000071d400000, 0x000000071d600000|  0%| F|  |TAMS 0x000000071d400000, 0x000000071d400000| Untracked 
| 141|0x000000071d600000, 0x000000071d600000, 0x000000071d800000|  0%| F|  |TAMS 0x000000071d600000, 0x000000071d600000| Untracked 
| 142|0x000000071d800000, 0x000000071d800000, 0x000000071da00000|  0%| F|  |TAMS 0x000000071d800000, 0x000000071d800000| Untracked 
| 143|0x000000071da00000, 0x000000071da00000, 0x000000071dc00000|  0%| F|  |TAMS 0x000000071da00000, 0x000000071da00000| Untracked 
| 144|0x000000071dc00000, 0x000000071dc00000, 0x000000071de00000|  0%| F|  |TAMS 0x000000071dc00000, 0x000000071dc00000| Untracked 
| 145|0x000000071de00000, 0x000000071de00000, 0x000000071e000000|  0%| F|  |TAMS 0x000000071de00000, 0x000000071de00000| Untracked 
| 146|0x000000071e000000, 0x000000071e000000, 0x000000071e200000|  0%| F|  |TAMS 0x000000071e000000, 0x000000071e000000| Untracked 
| 147|0x000000071e200000, 0x000000071e200000, 0x000000071e400000|  0%| F|  |TAMS 0x000000071e200000, 0x000000071e200000| Untracked 
| 148|0x000000071e400000, 0x000000071e400000, 0x000000071e600000|  0%| F|  |TAMS 0x000000071e400000, 0x000000071e400000| Untracked 
| 149|0x000000071e600000, 0x000000071e800000, 0x000000071e800000|100%| E|  |TAMS 0x000000071e600000, 0x000000071e600000| Complete 
| 150|0x000000071e800000, 0x000000071ea00000, 0x000000071ea00000|100%| E|CS|TAMS 0x000000071e800000, 0x000000071e800000| Complete 
| 151|0x000000071ea00000, 0x000000071ec00000, 0x000000071ec00000|100%| E|CS|TAMS 0x000000071ea00000, 0x000000071ea00000| Complete 
| 152|0x000000071ec00000, 0x000000071ee00000, 0x000000071ee00000|100%| E|CS|TAMS 0x000000071ec00000, 0x000000071ec00000| Complete 
| 153|0x000000071ee00000, 0x000000071f000000, 0x000000071f000000|100%| E|CS|TAMS 0x000000071ee00000, 0x000000071ee00000| Complete 
| 154|0x000000071f000000, 0x000000071f200000, 0x000000071f200000|100%| E|CS|TAMS 0x000000071f000000, 0x000000071f000000| Complete 
| 155|0x000000071f200000, 0x000000071f400000, 0x000000071f400000|100%| E|CS|TAMS 0x000000071f200000, 0x000000071f200000| Complete 
| 156|0x000000071f400000, 0x000000071f600000, 0x000000071f600000|100%| E|CS|TAMS 0x000000071f400000, 0x000000071f400000| Complete 
| 157|0x000000071f600000, 0x000000071f800000, 0x000000071f800000|100%| E|CS|TAMS 0x000000071f600000, 0x000000071f600000| Complete 
| 158|0x000000071f800000, 0x000000071fa00000, 0x000000071fa00000|100%| E|CS|TAMS 0x000000071f800000, 0x000000071f800000| Complete 
| 159|0x000000071fa00000, 0x000000071fc00000, 0x000000071fc00000|100%| E|CS|TAMS 0x000000071fa00000, 0x000000071fa00000| Complete 
| 160|0x000000071fc00000, 0x000000071fe00000, 0x000000071fe00000|100%| E|CS|TAMS 0x000000071fc00000, 0x000000071fc00000| Complete 
| 161|0x000000071fe00000, 0x0000000720000000, 0x0000000720000000|100%| E|CS|TAMS 0x000000071fe00000, 0x000000071fe00000| Complete 
| 162|0x0000000720000000, 0x0000000720200000, 0x0000000720200000|100%| E|CS|TAMS 0x0000000720000000, 0x0000000720000000| Complete 
| 163|0x0000000720200000, 0x0000000720400000, 0x0000000720400000|100%| E|CS|TAMS 0x0000000720200000, 0x0000000720200000| Complete 
| 164|0x0000000720400000, 0x0000000720600000, 0x0000000720600000|100%| E|CS|TAMS 0x0000000720400000, 0x0000000720400000| Complete 
| 165|0x0000000720600000, 0x0000000720800000, 0x0000000720800000|100%| E|CS|TAMS 0x0000000720600000, 0x0000000720600000| Complete 
| 166|0x0000000720800000, 0x0000000720a00000, 0x0000000720a00000|100%| E|CS|TAMS 0x0000000720800000, 0x0000000720800000| Complete 
| 167|0x0000000720a00000, 0x0000000720c00000, 0x0000000720c00000|100%| E|CS|TAMS 0x0000000720a00000, 0x0000000720a00000| Complete 
| 168|0x0000000720c00000, 0x0000000720e00000, 0x0000000720e00000|100%| E|CS|TAMS 0x0000000720c00000, 0x0000000720c00000| Complete 
| 169|0x0000000720e00000, 0x0000000721000000, 0x0000000721000000|100%| E|CS|TAMS 0x0000000720e00000, 0x0000000720e00000| Complete 
| 170|0x0000000721000000, 0x0000000721200000, 0x0000000721200000|100%| E|CS|TAMS 0x0000000721000000, 0x0000000721000000| Complete 
| 171|0x0000000721200000, 0x0000000721400000, 0x0000000721400000|100%| E|CS|TAMS 0x0000000721200000, 0x0000000721200000| Complete 
| 172|0x0000000721400000, 0x0000000721600000, 0x0000000721600000|100%| E|CS|TAMS 0x0000000721400000, 0x0000000721400000| Complete 
| 173|0x0000000721600000, 0x0000000721800000, 0x0000000721800000|100%| E|CS|TAMS 0x0000000721600000, 0x0000000721600000| Complete 
| 174|0x0000000721800000, 0x0000000721a00000, 0x0000000721a00000|100%| E|CS|TAMS 0x0000000721800000, 0x0000000721800000| Complete 
| 175|0x0000000721a00000, 0x0000000721c00000, 0x0000000721c00000|100%| E|CS|TAMS 0x0000000721a00000, 0x0000000721a00000| Complete 
| 176|0x0000000721c00000, 0x0000000721e00000, 0x0000000721e00000|100%| E|CS|TAMS 0x0000000721c00000, 0x0000000721c00000| Complete 
| 177|0x0000000721e00000, 0x0000000722000000, 0x0000000722000000|100%| E|CS|TAMS 0x0000000721e00000, 0x0000000721e00000| Complete 
| 178|0x0000000722000000, 0x0000000722200000, 0x0000000722200000|100%| E|CS|TAMS 0x0000000722000000, 0x0000000722000000| Complete 
| 179|0x0000000722200000, 0x0000000722400000, 0x0000000722400000|100%| E|CS|TAMS 0x0000000722200000, 0x0000000722200000| Complete 
| 180|0x0000000722400000, 0x0000000722600000, 0x0000000722600000|100%| E|CS|TAMS 0x0000000722400000, 0x0000000722400000| Complete 
| 181|0x0000000722600000, 0x0000000722800000, 0x0000000722800000|100%| E|CS|TAMS 0x0000000722600000, 0x0000000722600000| Complete 
| 182|0x0000000722800000, 0x0000000722a00000, 0x0000000722a00000|100%| E|CS|TAMS 0x0000000722800000, 0x0000000722800000| Complete 
| 183|0x0000000722a00000, 0x0000000722c00000, 0x0000000722c00000|100%| E|CS|TAMS 0x0000000722a00000, 0x0000000722a00000| Complete 
| 184|0x0000000722c00000, 0x0000000722e00000, 0x0000000722e00000|100%| E|CS|TAMS 0x0000000722c00000, 0x0000000722c00000| Complete 
| 185|0x0000000722e00000, 0x0000000723000000, 0x0000000723000000|100%| E|CS|TAMS 0x0000000722e00000, 0x0000000722e00000| Complete 
| 186|0x0000000723000000, 0x0000000723200000, 0x0000000723200000|100%| E|CS|TAMS 0x0000000723000000, 0x0000000723000000| Complete 
| 187|0x0000000723200000, 0x0000000723400000, 0x0000000723400000|100%| E|CS|TAMS 0x0000000723200000, 0x0000000723200000| Complete 
| 188|0x0000000723400000, 0x0000000723600000, 0x0000000723600000|100%| E|CS|TAMS 0x0000000723400000, 0x0000000723400000| Complete 
| 189|0x0000000723600000, 0x0000000723800000, 0x0000000723800000|100%| E|CS|TAMS 0x0000000723600000, 0x0000000723600000| Complete 
| 190|0x0000000723800000, 0x0000000723a00000, 0x0000000723a00000|100%| E|CS|TAMS 0x0000000723800000, 0x0000000723800000| Complete 
| 191|0x0000000723a00000, 0x0000000723c00000, 0x0000000723c00000|100%| E|CS|TAMS 0x0000000723a00000, 0x0000000723a00000| Complete 
| 192|0x0000000723c00000, 0x0000000723e00000, 0x0000000723e00000|100%| E|CS|TAMS 0x0000000723c00000, 0x0000000723c00000| Complete 
| 193|0x0000000723e00000, 0x0000000724000000, 0x0000000724000000|100%| E|CS|TAMS 0x0000000723e00000, 0x0000000723e00000| Complete 
| 194|0x0000000724000000, 0x0000000724200000, 0x0000000724200000|100%| E|CS|TAMS 0x0000000724000000, 0x0000000724000000| Complete 
| 195|0x0000000724200000, 0x0000000724400000, 0x0000000724400000|100%| E|CS|TAMS 0x0000000724200000, 0x0000000724200000| Complete 

Card table byte_map: [0x0000022226490000,0x0000022226c40000] _byte_map_base: 0x0000022222c32000

Marking Bits (Prev, Next): (CMBitMap*) 0x000002220eb92ea0, (CMBitMap*) 0x000002220eb92ee0
 Prev Bits: [0x00000222273f0000, 0x000002222b100000)
 Next Bits: [0x000002222b100000, 0x000002222ee10000)

Polling page: 0x000002220ca80000

Metaspace:

Usage:
  Non-class:     14.79 MB used.
      Class:      1.58 MB used.
       Both:     16.37 MB used.

Virtual space:
  Non-class space:       64.00 MB reserved,      14.94 MB ( 23%) committed,  1 nodes.
      Class space:        1.00 GB reserved,       1.75 MB ( <1%) committed,  1 nodes.
             Both:        1.06 GB reserved,      16.69 MB (  2%) committed. 

Chunk freelists:
   Non-Class:  424.00 KB
       Class:  2.12 MB
        Both:  2.54 MB

MaxMetaspaceSize: unlimited
CompressedClassSpaceSize: 1.00 GB
Initial GC threshold: 21.00 MB
Current GC threshold: 21.00 MB
CDS: on
MetaspaceReclaimPolicy: balanced
 - commit_granule_bytes: 65536.
 - commit_granule_words: 8192.
 - virtual_space_node_default_size: 8388608.
 - enlarge_chunks_in_place: 1.
 - new_chunks_are_fully_committed: 0.
 - uncommit_free_chunks: 1.
 - use_allocation_guard: 0.


Internal statistics:

num_allocs_failed_limit: 0.
num_arena_births: 210.
num_arena_deaths: 0.
num_vsnodes_births: 2.
num_vsnodes_deaths: 0.
num_space_committed: 265.
num_space_uncommitted: 0.
num_chunks_returned_to_freelist: 0.
num_chunks_taken_from_freelist: 452.
num_chunk_merges: 0.
num_chunk_splits: 264.
num_chunks_enlarged: 147.
num_inconsistent_stats: 0.

CodeHeap 'non-profiled nmethods': size=119168Kb used=1072Kb max_used=1072Kb free=118095Kb
 bounds [0x000002221dff0000, 0x000002221e260000, 0x0000022225450000]
CodeHeap 'profiled nmethods': size=119104Kb used=6121Kb max_used=6121Kb free=112983Kb
 bounds [0x0000022216ba0000, 0x00000222171a0000, 0x000002221dff0000]
CodeHeap 'non-nmethods': size=7488Kb used=3599Kb max_used=3630Kb free=3888Kb
 bounds [0x0000022216450000, 0x00000222167f0000, 0x0000022216ba0000]
 total_blobs=4446 nmethods=3030 adapters=1325
 compilation: enabled
              stopped_count=0, restarted_count=0
 full_count=0

Compilation events (20 events):
Event: 11.916 Thread 0x0000022237759c60 nmethod 3020 0x0000022217190490 code [0x0000022217190640, 0x00000222171907e8]
Event: 11.916 Thread 0x0000022237759c60 3023       3       org.lwjgl.system.MemoryStack::setPointer (17 bytes)
Event: 11.916 Thread 0x00000222360ba390 nmethod 3019 0x0000022217190890 code [0x0000022217190a80, 0x0000022217190d88]
Event: 11.916 Thread 0x00000222360ba390 3024       3       org.lwjgl.system.MemoryStack::checkPointer (23 bytes)
Event: 11.916 Thread 0x00000222312f6380 3025       4       java.lang.AbstractStringBuilder::newCapacity (59 bytes)
Event: 11.916 Thread 0x000002223775a170 nmethod 3021 0x0000022217190f90 code [0x0000022217191140, 0x00000222171913f8]
Event: 11.917 Thread 0x00000222360ba390 nmethod 3024 0x0000022217191590 code [0x0000022217191740, 0x00000222171919a8]
Event: 11.917 Thread 0x0000022237759c60 nmethod 3023 0x0000022217191a90 code [0x0000022217191c40, 0x0000022217191f28]
Event: 11.917 Thread 0x00000222312f6380 nmethod 3025 0x000002221e0fbd90 code [0x000002221e0fbf00, 0x000002221e0fbff8]
Event: 11.919 Thread 0x00000222312f6d60 nmethod 3014 0x0000022217192090 code [0x00000222171929c0, 0x00000222171968d8]
Event: 11.929 Thread 0x00000222312f6d60 3026       3       jdk.internal.math.FDBigInteger::mult (64 bytes)
Event: 11.929 Thread 0x00000222360ba390 3027       3       jdk.internal.math.FDBigInteger::<init> (30 bytes)
Event: 11.929 Thread 0x000002223775a170 3028       3       jdk.internal.math.FDBigInteger::trimLeadingZeros (57 bytes)
Event: 11.929 Thread 0x0000022237759c60 3029       3       jdk.internal.math.FDBigInteger::makeImmutable (6 bytes)
Event: 11.929 Thread 0x0000022237759c60 nmethod 3029 0x0000022217198890 code [0x0000022217198a20, 0x0000022217198b38]
Event: 11.929 Thread 0x00000222360ba390 nmethod 3027 0x0000022217198c10 code [0x0000022217198dc0, 0x0000022217198fc8]
Event: 11.929 Thread 0x0000022237759c60 3030       3       jdk.internal.math.FDBigInteger::mult (44 bytes)
Event: 11.929 Thread 0x00000222312f6d60 nmethod 3026 0x0000022217199110 code [0x00000222171992c0, 0x0000022217199538]
Event: 11.929 Thread 0x000002223775a170 nmethod 3028 0x0000022217199710 code [0x00000222171998c0, 0x0000022217199b98]
Event: 11.929 Thread 0x0000022237759c60 nmethod 3030 0x0000022217199c90 code [0x0000022217199e60, 0x000002221719a298]

GC Heap History (18 events):
Event: 10.507 GC heap before
{Heap before GC invocations=0 (full 0):
 garbage-first heap   total 251904K, used 22528K [0x000000070bc00000, 0x0000000800000000)
  region size 2048K, 11 young (22528K), 0 survivors (0K)
 Metaspace       used 13132K, committed 13312K, reserved 1114112K
  class space    used 1451K, committed 1536K, reserved 1048576K
}
Event: 10.510 GC heap after
{Heap after GC invocations=1 (full 0):
 garbage-first heap   total 251904K, used 4113K [0x000000070bc00000, 0x0000000800000000)
  region size 2048K, 2 young (4096K), 2 survivors (4096K)
 Metaspace       used 13132K, committed 13312K, reserved 1114112K
  class space    used 1451K, committed 1536K, reserved 1048576K
}
Event: 10.978 GC heap before
{Heap before GC invocations=1 (full 0):
 garbage-first heap   total 251904K, used 36881K [0x000000070bc00000, 0x0000000800000000)
  region size 2048K, 17 young (34816K), 2 survivors (4096K)
 Metaspace       used 16307K, committed 16512K, reserved 1114112K
  class space    used 1580K, committed 1664K, reserved 1048576K
}
Event: 10.987 GC heap after
{Heap after GC invocations=2 (full 0):
 garbage-first heap   total 251904K, used 26672K [0x000000070bc00000, 0x0000000800000000)
  region size 2048K, 3 young (6144K), 3 survivors (6144K)
 Metaspace       used 16307K, committed 16512K, reserved 1114112K
  class space    used 1580K, committed 1664K, reserved 1048576K
}
Event: 11.173 GC heap before
{Heap before GC invocations=2 (full 0):
 garbage-first heap   total 251904K, used 176176K [0x000000070bc00000, 0x0000000800000000)
  region size 2048K, 72 young (147456K), 3 survivors (6144K)
 Metaspace       used 16358K, committed 16576K, reserved 1114112K
  class space    used 1580K, committed 1664K, reserved 1048576K
}
Event: 11.186 GC heap after
{Heap after GC invocations=3 (full 0):
 garbage-first heap   total 251904K, used 74568K [0x000000070bc00000, 0x0000000800000000)
  region size 2048K, 9 young (18432K), 9 survivors (18432K)
 Metaspace       used 16358K, committed 16576K, reserved 1114112K
  class space    used 1580K, committed 1664K, reserved 1048576K
}
Event: 11.263 GC heap before
{Heap before GC invocations=3 (full 0):
 garbage-first heap   total 251904K, used 181064K [0x000000070bc00000, 0x0000000800000000)
  region size 2048K, 61 young (124928K), 9 survivors (18432K)
 Metaspace       used 16362K, committed 16576K, reserved 1114112K
  class space    used 1581K, committed 1664K, reserved 1048576K
}
Event: 11.270 GC heap after
{Heap after GC invocations=4 (full 0):
 garbage-first heap   total 251904K, used 81871K [0x000000070bc00000, 0x0000000800000000)
  region size 2048K, 3 young (6144K), 3 survivors (6144K)
 Metaspace       used 16362K, committed 16576K, reserved 1114112K
  class space    used 1581K, committed 1664K, reserved 1048576K
}
Event: 11.315 GC heap before
{Heap before GC invocations=4 (full 0):
 garbage-first heap   total 251904K, used 188367K [0x000000070bc00000, 0x0000000800000000)
  region size 2048K, 55 young (112640K), 3 survivors (6144K)
 Metaspace       used 16362K, committed 16576K, reserved 1114112K
  class space    used 1581K, committed 1664K, reserved 1048576K
}
Event: 11.318 GC heap after
{Heap after GC invocations=5 (full 0):
 garbage-first heap   total 251904K, used 83183K [0x000000070bc00000, 0x0000000800000000)
  region size 2048K, 3 young (6144K), 3 survivors (6144K)
 Metaspace       used 16362K, committed 16576K, reserved 1114112K
  class space    used 1581K, committed 1664K, reserved 1048576K
}
Event: 11.363 GC heap before
{Heap before GC invocations=5 (full 0):
 garbage-first heap   total 251904K, used 191727K [0x000000070bc00000, 0x0000000800000000)
  region size 2048K, 56 young (114688K), 3 survivors (6144K)
 Metaspace       used 16362K, committed 16576K, reserved 1114112K
  class space    used 1581K, committed 1664K, reserved 1048576K
}
Event: 11.366 GC heap after
{Heap after GC invocations=6 (full 0):
 garbage-first heap   total 401408K, used 85765K [0x000000070bc00000, 0x0000000800000000)
  region size 2048K, 5 young (10240K), 5 survivors (10240K)
 Metaspace       used 16362K, committed 16576K, reserved 1114112K
  class space    used 1581K, committed 1664K, reserved 1048576K
}
Event: 11.527 GC heap before
{Heap before GC invocations=6 (full 0):
 garbage-first heap   total 401408K, used 253701K [0x000000070bc00000, 0x0000000800000000)
  region size 2048K, 87 young (178176K), 5 survivors (10240K)
 Metaspace       used 16362K, committed 16576K, reserved 1114112K
  class space    used 1581K, committed 1664K, reserved 1048576K
}
Event: 11.530 GC heap after
{Heap after GC invocations=7 (full 0):
 garbage-first heap   total 401408K, used 90080K [0x000000070bc00000, 0x0000000800000000)
  region size 2048K, 7 young (14336K), 7 survivors (14336K)
 Metaspace       used 16362K, committed 16576K, reserved 1114112K
  class space    used 1581K, committed 1664K, reserved 1048576K
}
Event: 11.640 GC heap before
{Heap before GC invocations=7 (full 0):
 garbage-first heap   total 401408K, used 301024K [0x000000070bc00000, 0x0000000800000000)
  region size 2048K, 109 young (223232K), 7 survivors (14336K)
 Metaspace       used 16395K, committed 16640K, reserved 1114112K
  class space    used 1582K, committed 1664K, reserved 1048576K
}
Event: 11.647 GC heap after
{Heap after GC invocations=8 (full 0):
 garbage-first heap   total 401408K, used 99797K [0x000000070bc00000, 0x0000000800000000)
  region size 2048K, 10 young (20480K), 10 survivors (20480K)
 Metaspace       used 16395K, committed 16640K, reserved 1114112K
  class space    used 1582K, committed 1664K, reserved 1048576K
}
Event: 11.750 GC heap before
{Heap before GC invocations=8 (full 0):
 garbage-first heap   total 401408K, used 314837K [0x000000070bc00000, 0x0000000800000000)
  region size 2048K, 111 young (227328K), 10 survivors (20480K)
 Metaspace       used 16395K, committed 16640K, reserved 1114112K
  class space    used 1582K, committed 1664K, reserved 1048576K
}
Event: 11.761 GC heap after
{Heap after GC invocations=9 (full 0):
 garbage-first heap   total 401408K, used 115932K [0x000000070bc00000, 0x0000000800000000)
  region size 2048K, 12 young (24576K), 12 survivors (24576K)
 Metaspace       used 16395K, committed 16640K, reserved 1114112K
  class space    used 1582K, committed 1664K, reserved 1048576K
}

Deoptimization events (20 events):
Event: 11.531 Thread 0x000002220eb21f60 Uncommon trap: trap_request=0xffffff45 fr.pc=0x000002221e0e5304 relative=0x0000000000002cc4
Event: 11.531 Thread 0x000002220eb21f60 Uncommon trap: reason=unstable_if action=reinterpret pc=0x000002221e0e5304 method=java.lang.String.split(Ljava/lang/String;I)[Ljava/lang/String; @ 7 c2
Event: 11.531 Thread 0x000002220eb21f60 DEOPT PACKING pc=0x000002221e0e5304 sp=0x000000264deff190
Event: 11.531 Thread 0x000002220eb21f60 DEOPT UNPACKING pc=0x00000222164a23a3 sp=0x000000264deff1b8 mode 2
Event: 11.797 Thread 0x000002220eb21f60 Uncommon trap: trap_request=0xffffff9d fr.pc=0x000002221e0e8fd4 relative=0x0000000000001214
Event: 11.798 Thread 0x000002220eb21f60 Uncommon trap: reason=unreached action=reinterpret pc=0x000002221e0e8fd4 method=com.redteam.engine.core.ObjectLoader.loadOBJModel(Ljava/lang/String;)Lcom/redteam/engine/core/entity/Model; @ 434 c2
Event: 11.798 Thread 0x000002220eb21f60 DEOPT PACKING pc=0x000002221e0e8fd4 sp=0x000000264deff380
Event: 11.798 Thread 0x000002220eb21f60 DEOPT UNPACKING pc=0x00000222164a23a3 sp=0x000000264deff360 mode 2
Event: 11.820 Thread 0x000002220eb21f60 DEOPT PACKING pc=0x000002221716aa85 sp=0x000000264deff280
Event: 11.820 Thread 0x000002220eb21f60 DEOPT UNPACKING pc=0x00000222164a2b43 sp=0x000000264defe850 mode 0
Event: 11.831 Thread 0x000002220eb21f60 Uncommon trap: trap_request=0xffffffad fr.pc=0x000002221e0f61fc relative=0x000000000000029c
Event: 11.832 Thread 0x000002220eb21f60 Uncommon trap: reason=uninitialized action=reinterpret pc=0x000002221e0f61fc method=com.redteam.engine.core.ObjectLoader.loadOBJModel(Ljava/lang/String;)Lcom/redteam/engine/core/entity/Model; @ 530 c2
Event: 11.832 Thread 0x000002220eb21f60 DEOPT PACKING pc=0x000002221e0f61fc sp=0x000000264deff3b0
Event: 11.832 Thread 0x000002220eb21f60 DEOPT UNPACKING pc=0x00000222164a23a3 sp=0x000000264deff360 mode 2
Event: 11.854 Thread 0x000002220eb21f60 Uncommon trap: trap_request=0xffffff45 fr.pc=0x000002221e0acb8c relative=0x000000000000014c
Event: 11.854 Thread 0x000002220eb21f60 Uncommon trap: reason=unstable_if action=reinterpret pc=0x000002221e0acb8c method=java.nio.charset.CharsetDecoder.decode(Ljava/nio/ByteBuffer;Ljava/nio/CharBuffer;Z)Ljava/nio/charset/CoderResult; @ 15 c2
Event: 11.854 Thread 0x000002220eb21f60 DEOPT PACKING pc=0x000002221e0acb8c sp=0x000000264defee80
Event: 11.854 Thread 0x000002220eb21f60 DEOPT UNPACKING pc=0x00000222164a23a3 sp=0x000000264defee18 mode 2
Event: 11.867 Thread 0x000002220eb21f60 DEOPT PACKING pc=0x0000022217170b38 sp=0x000000264deff020
Event: 11.867 Thread 0x000002220eb21f60 DEOPT UNPACKING pc=0x00000222164a2b43 sp=0x000000264defe4d0 mode 0

Classes loaded (20 events):
Event: 11.833 Loading class java/util/stream/Nodes$EmptyNode$OfLong
Event: 11.833 Loading class java/util/stream/Node$OfLong
Event: 11.833 Loading class java/util/stream/Node$OfLong done
Event: 11.833 Loading class java/util/stream/Nodes$EmptyNode$OfLong done
Event: 11.833 Loading class java/util/stream/Nodes$EmptyNode$OfDouble
Event: 11.833 Loading class java/util/stream/Node$OfDouble
Event: 11.833 Loading class java/util/stream/Node$OfDouble done
Event: 11.833 Loading class java/util/stream/Nodes$EmptyNode$OfDouble done
Event: 11.833 Loading class java/util/stream/Nodes$IntFixedNodeBuilder
Event: 11.833 Loading class java/util/stream/Node$Builder$OfInt
Event: 11.833 Loading class java/util/stream/Node$Builder
Event: 11.833 Loading class java/util/stream/Node$Builder done
Event: 11.833 Loading class java/util/stream/Node$Builder$OfInt done
Event: 11.833 Loading class java/util/stream/Nodes$IntArrayNode
Event: 11.833 Loading class java/util/stream/Nodes$IntArrayNode done
Event: 11.833 Loading class java/util/stream/Nodes$IntFixedNodeBuilder done
Event: 11.833 Loading class java/util/stream/ReferencePipeline$4$1
Event: 11.833 Loading class java/util/stream/ReferencePipeline$4$1 done
Event: 11.928 Loading class jdk/internal/math/FDBigInteger
Event: 11.929 Loading class jdk/internal/math/FDBigInteger done

Classes unloaded (0 events):
No events

Classes redefined (0 events):
No events

Internal exceptions (20 events):
Event: 10.517 Thread 0x000002220eb21f60 Exception <a 'java/lang/NoSuchMethodError'{0x000000071b09b4c8}: 'java.lang.Object java.lang.invoke.Invokers$Holder.linkToTargetMethod(java.lang.Object, long, java.lang.Object)'> (0x000000071b09b4c8) 
thrown [s\open\src\hotspot\share\interpreter\linkResolver.cpp, line 759]
Event: 10.518 Thread 0x000002220eb21f60 Exception <a 'java/lang/NoSuchMethodError'{0x000000071b0a2a70}: 'int java.lang.invoke.DirectMethodHandle$Holder.invokeStaticInit(java.lang.Object, java.lang.Object, java.lang.Object, long)'> (0x000000071b0a2a70) 
thrown [s\open\src\hotspot\share\interpreter\linkResolver.cpp, line 759]
Event: 10.530 Thread 0x000002220eb21f60 Exception <a 'java/lang/NoSuchMethodError'{0x000000071ae0d998}: 'void java.lang.System.load(java.lang.String, java.lang.Class)'> (0x000000071ae0d998) 
thrown [s\open\src\hotspot\share\interpreter\linkResolver.cpp, line 759]
Event: 10.531 Thread 0x000002220eb21f60 Exception <a 'java/lang/NoSuchMethodError'{0x000000071ae108b0}: 'void java.lang.System.loadLibrary(java.lang.String, java.lang.Class)'> (0x000000071ae108b0) 
thrown [s\open\src\hotspot\share\interpreter\linkResolver.cpp, line 759]
Event: 10.535 Thread 0x000002220eb21f60 Exception <a 'sun/nio/fs/WindowsException'{0x000000071ae209a8}> (0x000000071ae209a8) 
thrown [s\open\src\hotspot\share\prims\jni.cpp, line 516]
Event: 10.535 Thread 0x000002220eb21f60 Exception <a 'sun/nio/fs/WindowsException'{0x000000071ae20d38}> (0x000000071ae20d38) 
thrown [s\open\src\hotspot\share\prims\jni.cpp, line 516]
Event: 10.726 Thread 0x000002220eb21f60 Exception <a 'sun/nio/fs/WindowsException'{0x000000071af4fc50}> (0x000000071af4fc50) 
thrown [s\open\src\hotspot\share\prims\jni.cpp, line 516]
Event: 10.726 Thread 0x000002220eb21f60 Exception <a 'sun/nio/fs/WindowsException'{0x000000071af4ffe0}> (0x000000071af4ffe0) 
thrown [s\open\src\hotspot\share\prims\jni.cpp, line 516]
Event: 10.821 Thread 0x000002220eb21f60 Exception <a 'java/lang/NoSuchMethodError'{0x000000071af9b0e8}: 'java.lang.Object java.lang.invoke.DirectMethodHandle$Holder.newInvokeSpecial(java.lang.Object, long)'> (0x000000071af9b0e8) 
thrown [s\open\src\hotspot\share\interpreter\linkResolver.cpp, line 759]
Event: 10.825 Thread 0x000002220eb21f60 Exception <a 'java/lang/NoSuchMethodError'{0x000000071afd1ea0}: 'void java.lang.System.load(java.lang.String, java.lang.Class)'> (0x000000071afd1ea0) 
thrown [s\open\src\hotspot\share\interpreter\linkResolver.cpp, line 759]
Event: 10.825 Thread 0x000002220eb21f60 Exception <a 'java/lang/NoSuchMethodError'{0x000000071afd4d38}: 'void java.lang.System.loadLibrary(java.lang.String, java.lang.Class)'> (0x000000071afd4d38) 
thrown [s\open\src\hotspot\share\interpreter\linkResolver.cpp, line 759]
Event: 10.828 Thread 0x000002220eb21f60 Exception <a 'sun/nio/fs/WindowsException'{0x000000071afe4e98}> (0x000000071afe4e98) 
thrown [s\open\src\hotspot\share\prims\jni.cpp, line 516]
Event: 10.828 Thread 0x000002220eb21f60 Exception <a 'sun/nio/fs/WindowsException'{0x000000071afe5258}> (0x000000071afe5258) 
thrown [s\open\src\hotspot\share\prims\jni.cpp, line 516]
Event: 10.830 Thread 0x000002220eb21f60 Exception <a 'sun/nio/fs/WindowsException'{0x000000071afeaba0}> (0x000000071afeaba0) 
thrown [s\open\src\hotspot\share\prims\jni.cpp, line 516]
Event: 10.830 Thread 0x000002220eb21f60 Exception <a 'sun/nio/fs/WindowsException'{0x000000071afeae98}> (0x000000071afeae98) 
thrown [s\open\src\hotspot\share\prims\jni.cpp, line 516]
Event: 10.866 Thread 0x000002220eb21f60 Exception <a 'sun/nio/fs/WindowsException'{0x000000071ad657e0}> (0x000000071ad657e0) 
thrown [s\open\src\hotspot\share\prims\jni.cpp, line 516]
Event: 10.941 Thread 0x000002220eb21f60 Exception <a 'java/lang/NoSuchMethodError'{0x000000071ab87b58}: 'void java.lang.invoke.DirectMethodHandle$Holder.invokeStatic(java.lang.Object, long)'> (0x000000071ab87b58) 
thrown [s\open\src\hotspot\share\interpreter\linkResolver.cpp, line 759]
Event: 11.913 Thread 0x000002220eb21f60 Exception <a 'java/lang/NoSuchMethodError'{0x000000071e772e50}: 'void java.lang.invoke.DirectMethodHandle$Holder.invokeSpecial(java.lang.Object, java.lang.Object, long, double, double)'> (0x000000071e772e50) 
thrown [s\open\src\hotspot\share\interpreter\linkResolver.cpp, line 759]
Event: 11.915 Thread 0x000002220eb21f60 Exception <a 'java/lang/NoSuchMethodError'{0x000000071e77c948}: 'void java.lang.invoke.DirectMethodHandle$Holder.invokeSpecial(java.lang.Object, java.lang.Object, long, int)'> (0x000000071e77c948) 
thrown [s\open\src\hotspot\share\interpreter\linkResolver.cpp, line 759]
Event: 11.915 Thread 0x000002220eb21f60 Exception <a 'java/lang/NoSuchMethodError'{0x000000071e782490}: 'void java.lang.invoke.DirectMethodHandle$Holder.invokeSpecial(java.lang.Object, java.lang.Object, long, int, int, int)'> (0x000000071e782490) 
thrown [s\open\src\hotspot\share\interpreter\linkResolver.cpp, line 759]

VM Operations (20 events):
Event: 10.495 Executing VM operation: HandshakeAllThreads
Event: 10.495 Executing VM operation: HandshakeAllThreads done
Event: 10.507 Executing VM operation: G1CollectForAllocation
Event: 10.510 Executing VM operation: G1CollectForAllocation done
Event: 10.977 Executing VM operation: G1CollectForAllocation
Event: 10.987 Executing VM operation: G1CollectForAllocation done
Event: 11.173 Executing VM operation: G1CollectForAllocation
Event: 11.187 Executing VM operation: G1CollectForAllocation done
Event: 11.263 Executing VM operation: G1CollectForAllocation
Event: 11.270 Executing VM operation: G1CollectForAllocation done
Event: 11.315 Executing VM operation: G1CollectForAllocation
Event: 11.318 Executing VM operation: G1CollectForAllocation done
Event: 11.363 Executing VM operation: G1CollectForAllocation
Event: 11.366 Executing VM operation: G1CollectForAllocation done
Event: 11.527 Executing VM operation: G1CollectForAllocation
Event: 11.530 Executing VM operation: G1CollectForAllocation done
Event: 11.639 Executing VM operation: G1CollectForAllocation
Event: 11.647 Executing VM operation: G1CollectForAllocation done
Event: 11.750 Executing VM operation: G1CollectForAllocation
Event: 11.761 Executing VM operation: G1CollectForAllocation done

Events (20 events):
Event: 10.550 Thread 0x0000022237759c60 Thread added: 0x0000022237759c60
Event: 10.550 Thread 0x000002223775a170 Thread added: 0x000002223775a170
Event: 10.829 Loaded shared library C:\Users\Phoenyx\AppData\Local\Temp\lwjglPhoenyx\3.3.1-build-7\lwjgl_opengl.dll
Event: 10.832 Thread 0x0000022237758d30 Thread added: 0x0000022237758d30
Event: 10.898 Loaded shared library C:\Users\Phoenyx\AppData\Local\Temp\imgui-java-natives_1667695660925\imgui-java64.dll
Event: 11.039 Thread 0x00000222377569c0 Thread added: 0x00000222377569c0
Event: 11.049 Thread 0x0000022237759750 Thread added: 0x0000022237759750
Event: 11.050 Thread 0x00000222377578f0 Thread added: 0x00000222377578f0
Event: 11.053 Thread 0x0000022237758820 Thread added: 0x0000022237758820
Event: 11.053 Thread 0x0000022237757e00 Thread added: 0x0000022237757e00
Event: 11.054 Thread 0x000002224bf71750 Thread added: 0x000002224bf71750
Event: 11.278 Thread 0x000002224bf71750 Thread exited: 0x000002224bf71750
Event: 11.532 Thread 0x0000022237757e00 Thread exited: 0x0000022237757e00
Event: 11.533 Thread 0x0000022237758820 Thread exited: 0x0000022237758820
Event: 11.533 Thread 0x00000222377578f0 Thread exited: 0x00000222377578f0
Event: 11.533 Thread 0x0000022237759750 Thread exited: 0x0000022237759750
Event: 11.533 Thread 0x00000222377569c0 Thread exited: 0x00000222377569c0
Event: 11.762 Thread 0x00000222363691f0 Thread exited: 0x00000222363691f0
Event: 11.763 Thread 0x0000022236522830 Thread exited: 0x0000022236522830
Event: 11.798 Thread 0x0000022237758d30 Thread exited: 0x0000022237758d30


Dynamic libraries:
0x00007ff7ef430000 - 0x00007ff7ef440000 	C:\Program Files\Java\jdk-18.0.2.1\bin\javaw.exe
0x00007ffa95690000 - 0x00007ffa958a4000 	C:\WINDOWS\SYSTEM32\ntdll.dll
0x00007ffa94820000 - 0x00007ffa948e2000 	C:\WINDOWS\System32\KERNEL32.DLL
0x00007ffa92f10000 - 0x00007ffa932ac000 	C:\WINDOWS\System32\KERNELBASE.dll
0x00007ffa92df0000 - 0x00007ffa92f01000 	C:\WINDOWS\System32\ucrtbase.dll
0x00007ffa7be20000 - 0x00007ffa7be38000 	C:\Program Files\Java\jdk-18.0.2.1\bin\jli.dll
0x00007ffa7be40000 - 0x00007ffa7be5a000 	C:\Program Files\Java\jdk-18.0.2.1\bin\VCRUNTIME140.dll
0x00007ffa94ee0000 - 0x00007ffa94f8e000 	C:\WINDOWS\System32\ADVAPI32.dll
0x00007ffa93740000 - 0x00007ffa937e7000 	C:\WINDOWS\System32\msvcrt.dll
0x00007ffa953f0000 - 0x00007ffa95494000 	C:\WINDOWS\System32\sechost.dll
0x00007ffa945f0000 - 0x00007ffa94705000 	C:\WINDOWS\System32\RPCRT4.dll
0x00007ffa954a0000 - 0x00007ffa9564a000 	C:\WINDOWS\System32\USER32.dll
0x00007ffa8a930000 - 0x00007ffa8abbe000 	C:\WINDOWS\WinSxS\amd64_microsoft.windows.common-controls_6595b64144ccf1df_6.0.22621.608_none_a9444ca7c10bb01d\COMCTL32.dll
0x00007ffa92d40000 - 0x00007ffa92d66000 	C:\WINDOWS\System32\win32u.dll
0x00007ffa948f0000 - 0x00007ffa94919000 	C:\WINDOWS\System32\GDI32.dll
0x00007ffa932b0000 - 0x00007ffa933c2000 	C:\WINDOWS\System32\gdi32full.dll
0x00007ffa92c30000 - 0x00007ffa92cca000 	C:\WINDOWS\System32\msvcp_win.dll
0x00007ffa8ac10000 - 0x00007ffa8ac1a000 	C:\WINDOWS\SYSTEM32\VERSION.dll
0x00007ffa94ea0000 - 0x00007ffa94ed1000 	C:\WINDOWS\System32\IMM32.DLL
0x00007ffa8d0a0000 - 0x00007ffa8d0ac000 	C:\Program Files\Java\jdk-18.0.2.1\bin\vcruntime140_1.dll
0x00007ffa7bcc0000 - 0x00007ffa7bd4d000 	C:\Program Files\Java\jdk-18.0.2.1\bin\msvcp140.dll
0x00007ff9e7710000 - 0x00007ff9e8321000 	C:\Program Files\Java\jdk-18.0.2.1\bin\server\jvm.dll
0x00007ffa94810000 - 0x00007ffa94818000 	C:\WINDOWS\System32\PSAPI.DLL
0x00007ffa890c0000 - 0x00007ffa890f4000 	C:\WINDOWS\SYSTEM32\WINMM.dll
0x00007ffa76150000 - 0x00007ffa76159000 	C:\WINDOWS\SYSTEM32\WSOCK32.dll
0x00007ffa93a20000 - 0x00007ffa93a91000 	C:\WINDOWS\System32\WS2_32.dll
0x00007ffa91bf0000 - 0x00007ffa91c08000 	C:\WINDOWS\SYSTEM32\kernel.appcore.dll
0x00007ffa8de60000 - 0x00007ffa8de6a000 	C:\Program Files\Java\jdk-18.0.2.1\bin\jimage.dll
0x00007ffa90010000 - 0x00007ffa9023e000 	C:\WINDOWS\SYSTEM32\DBGHELP.DLL
0x00007ffa94f90000 - 0x00007ffa95319000 	C:\WINDOWS\System32\combase.dll
0x00007ffa93bf0000 - 0x00007ffa93cc7000 	C:\WINDOWS\System32\OLEAUT32.dll
0x00007ffa892c0000 - 0x00007ffa892f2000 	C:\WINDOWS\SYSTEM32\dbgcore.DLL
0x00007ffa92d70000 - 0x00007ffa92deb000 	C:\WINDOWS\System32\bcryptPrimitives.dll
0x00007ffa7bb20000 - 0x00007ffa7bb45000 	C:\Program Files\Java\jdk-18.0.2.1\bin\java.dll
0x00007ffa7b310000 - 0x00007ffa7b3e6000 	C:\Program Files\Java\jdk-18.0.2.1\bin\jsvml.dll
0x00007ffa93cd0000 - 0x00007ffa944ad000 	C:\WINDOWS\System32\SHELL32.dll
0x00007ffa90ae0000 - 0x00007ffa91397000 	C:\WINDOWS\SYSTEM32\windows.storage.dll
0x00007ffa909a0000 - 0x00007ffa90add000 	C:\WINDOWS\SYSTEM32\wintypes.dll
0x00007ffa94710000 - 0x00007ffa94801000 	C:\WINDOWS\System32\SHCORE.dll
0x00007ffa93520000 - 0x00007ffa9357e000 	C:\WINDOWS\System32\shlwapi.dll
0x00007ffa929f0000 - 0x00007ffa92a11000 	C:\WINDOWS\SYSTEM32\profapi.dll
0x00007ffa85ab0000 - 0x00007ffa85ac3000 	C:\Program Files\Java\jdk-18.0.2.1\bin\net.dll
0x00007ffa8cdb0000 - 0x00007ffa8cedf000 	C:\WINDOWS\SYSTEM32\WINHTTP.dll
0x00007ffa92040000 - 0x00007ffa920a9000 	C:\WINDOWS\system32\mswsock.dll
0x00007ffa857b0000 - 0x00007ffa857c6000 	C:\Program Files\Java\jdk-18.0.2.1\bin\nio.dll
0x00007ffa80770000 - 0x00007ffa80788000 	C:\Program Files\Java\jdk-18.0.2.1\bin\zip.dll
0x00007ffa8cee0000 - 0x00007ffa8cef0000 	C:\Program Files\Java\jdk-18.0.2.1\bin\verify.dll
0x00007ffa67c30000 - 0x00007ffa67dbf000 	C:\Program Files\Java\jdk-18.0.2.1\bin\awt.dll
0x00007ffa8fbb0000 - 0x00007ffa8fc47000 	C:\WINDOWS\SYSTEM32\apphelp.dll
0x00007ffa8fce0000 - 0x00007ffa8fd8b000 	C:\WINDOWS\system32\uxtheme.dll
0x00007ffa944b0000 - 0x00007ffa945ce000 	C:\WINDOWS\System32\MSCTF.dll
0x00007ffa93870000 - 0x00007ffa93a0c000 	C:\WINDOWS\System32\ole32.dll
0x00007ffa8ff20000 - 0x00007ffa8ff4b000 	C:\WINDOWS\system32\DWMAPI.DLL
0x00007ffa7bb50000 - 0x00007ffa7bbd6000 	C:\Program Files\Java\jdk-18.0.2.1\bin\freetype.dll
0x00007ffa7b9c0000 - 0x00007ffa7ba68000 	C:\Program Files\Java\jdk-18.0.2.1\bin\fontmanager.dll
0x00007ffa81a80000 - 0x00007ffa81b33000 	C:\WINDOWS\WinSxS\amd64_microsoft.windows.common-controls_6595b64144ccf1df_5.82.22621.608_none_fb280a3c7926c2cc\comctl32.dll
0x00007ffa927b0000 - 0x00007ffa927ff000 	C:\WINDOWS\SYSTEM32\CFGMGR32.dll
0x00007ffa94960000 - 0x00007ffa94a17000 	C:\WINDOWS\System32\clbcatq.dll
0x00007ffa8da80000 - 0x00007ffa8db80000 	C:\WINDOWS\system32\propsys.dll
0x00007ffa5e970000 - 0x00007ffa5e98a000 	C:\WINDOWS\system32\NetworkExplorer.dll
0x00007ffa8e5e0000 - 0x00007ffa8e790000 	C:\WINDOWS\SYSTEM32\WindowsCodecs.dll
0x00007ffa65690000 - 0x00007ffa656fe000 	C:\Windows\System32\thumbcache.dll
0x00007ffa73510000 - 0x00007ffa736ff000 	C:\Windows\System32\urlmon.dll
0x00007ffa78c60000 - 0x00007ffa78f11000 	C:\Windows\System32\iertutil.dll
0x00007ffa91780000 - 0x00007ffa9178c000 	C:\Windows\System32\netutils.dll
0x00007ffa79e50000 - 0x00007ffa79e78000 	C:\Windows\System32\srvcli.dll
0x00007ffa91e40000 - 0x00007ffa91e82000 	C:\Windows\System32\SspiCli.dll
0x00007ff9f49f0000 - 0x00007ff9f4af0000 	C:\WINDOWS\system32\opengl32.dll
0x00007ff9f44d0000 - 0x00007ff9f44fd000 	C:\WINDOWS\SYSTEM32\GLU32.dll
0x00007ffa902f0000 - 0x00007ffa90326000 	C:\WINDOWS\SYSTEM32\dxcore.dll
0x00007ffa7f8f0000 - 0x00007ffa7fa98000 	C:\WINDOWS\system32\d3d9.dll
0x00007ffa89100000 - 0x00007ffa892ba000 	C:\Windows\System32\DriverStore\FileRepository\u0378413.inf_amd64_f433ae918f97b444\B378427\aticfx64.dll
0x00007ffa1c640000 - 0x00007ffa1e311000 	C:\Windows\System32\DriverStore\FileRepository\u0378413.inf_amd64_f433ae918f97b444\B378427\amdxn64.dll
0x00007ffa94a20000 - 0x00007ffa94e94000 	C:\WINDOWS\System32\SETUPAPI.dll
0x00007ffa8fe10000 - 0x00007ffa8ff07000 	C:\WINDOWS\SYSTEM32\dxgi.dll
0x00007ffa86860000 - 0x00007ffa86890000 	C:\WINDOWS\SYSTEM32\amdihk64.dll
0x00007ffa8caf0000 - 0x00007ffa8cb39000 	C:\WINDOWS\SYSTEM32\directxdatabasehelper.dll
0x00007ffa832d0000 - 0x00007ffa8338e000 	C:\WINDOWS\System32\DriverStore\FileRepository\nvami.inf_amd64_57378df08e27c128\nvldumdx.dll
0x00007ffa92760000 - 0x00007ffa92772000 	C:\WINDOWS\SYSTEM32\msasn1.dll
0x00007ffa855f0000 - 0x00007ffa85622000 	C:\WINDOWS\SYSTEM32\cryptnet.dll
0x00007ffa92ac0000 - 0x00007ffa92c26000 	C:\WINDOWS\System32\CRYPT32.dll
0x00007ffa85490000 - 0x00007ffa855e8000 	C:\WINDOWS\SYSTEM32\drvstore.dll
0x00007ffa92780000 - 0x00007ffa927ac000 	C:\WINDOWS\SYSTEM32\devobj.dll
0x00007ffa922b0000 - 0x00007ffa922f8000 	C:\WINDOWS\SYSTEM32\wldp.dll
0x00007ffa92330000 - 0x00007ffa9233c000 	C:\WINDOWS\SYSTEM32\cryptbase.dll
0x00007ffa92cd0000 - 0x00007ffa92d39000 	C:\WINDOWS\System32\WINTRUST.DLL
0x00007ffa94920000 - 0x00007ffa9493f000 	C:\WINDOWS\System32\imagehlp.dll
0x00007ffa92350000 - 0x00007ffa9236b000 	C:\WINDOWS\SYSTEM32\CRYPTSP.dll
0x00007ffa91b60000 - 0x00007ffa91b95000 	C:\WINDOWS\system32\rsaenh.dll
0x00007ffa92470000 - 0x00007ffa92498000 	C:\WINDOWS\SYSTEM32\bcrypt.dll
0x00007ffa19610000 - 0x00007ffa1bc19000 	C:\WINDOWS\System32\DriverStore\FileRepository\nvami.inf_amd64_57378df08e27c128\nvd3dumx.dll
0x00007ffa19340000 - 0x00007ffa1960f000 	C:\WINDOWS\system32\nvspcap64.dll
0x00007ffa91c10000 - 0x00007ffa91c44000 	C:\WINDOWS\SYSTEM32\ntmarta.dll
0x00007ffa920b0000 - 0x00007ffa920d6000 	C:\WINDOWS\SYSTEM32\gpapi.dll
0x00007ffa89360000 - 0x00007ffa89495000 	C:\Windows\System32\Windows.System.Launcher.dll
0x00007ffa8d870000 - 0x00007ffa8d903000 	C:\Windows\System32\msvcp110_win.dll
0x00007ffa89340000 - 0x00007ffa8935a000 	C:\WINDOWS\SYSTEM32\windows.staterepositorycore.dll
0x00007ffa7a150000 - 0x00007ffa7a16e000 	C:\WINDOWS\SYSTEM32\MPR.dll
0x00007ffa85810000 - 0x00007ffa85839000 	C:\WINDOWS\System32\p9np.dll
0x00007ffa8cef0000 - 0x00007ffa8cefc000 	C:\WINDOWS\System32\drprov.dll
0x00007ffa686b0000 - 0x00007ffa686c9000 	C:\WINDOWS\System32\ntlanman.dll
0x00007ffa628d0000 - 0x00007ffa628ef000 	C:\WINDOWS\System32\davclnt.dll
0x00007ffa915e0000 - 0x00007ffa91646000 	C:\WINDOWS\System32\WINSTA.dll
0x00007ffa8ae00000 - 0x00007ffa8ae1a000 	C:\WINDOWS\System32\wkscli.dll
0x00007ffa69610000 - 0x00007ffa69622000 	C:\WINDOWS\SYSTEM32\cscapi.dll
0x00007ffa5beb0000 - 0x00007ffa5bf06000 	C:\Windows\System32\dlnashext.dll
0x00007ffa7baa0000 - 0x00007ffa7bb09000 	C:\Windows\System32\PlayToDevice.dll
0x00007ffa895a0000 - 0x00007ffa895c1000 	C:\Windows\System32\DevDispItemProvider.dll
0x00007ffa83460000 - 0x00007ffa834fd000 	C:\WINDOWS\System32\MMDevApi.dll
0x00007ffa798b0000 - 0x00007ffa79951000 	C:\WINDOWS\system32\wpdshext.dll
0x00007ffa81700000 - 0x00007ffa818b9000 	C:\WINDOWS\WinSxS\amd64_microsoft.windows.gdiplus_6595b64144ccf1df_1.1.22621.674_none_da2b3d691ba1c6c6\gdiplus.dll
0x00007ffa8af10000 - 0x00007ffa8afae000 	C:\Windows\System32\PortableDeviceApi.dll
0x00007ffa5d830000 - 0x00007ffa5d867000 	C:\Windows\System32\EhStorShell.dll
0x00007ffa7b990000 - 0x00007ffa7b9b4000 	C:\Windows\System32\EhStorAPI.dll
0x00007ffa8fb90000 - 0x00007ffa8fba4000 	C:\Windows\System32\WTSAPI32.dll
0x00007ffa774e0000 - 0x00007ffa774ed000 	C:\WINDOWS\SYSTEM32\LINKINFO.dll
0x00007ffa6a630000 - 0x00007ffa6a63c000 	C:\WINDOWS\SYSTEM32\Secur32.dll
0x00007ffa7ae40000 - 0x00007ffa7ae59000 	C:\WINDOWS\SYSTEM32\samcli.dll
0x00007ffa8d070000 - 0x00007ffa8d097000 	C:\WINDOWS\SYSTEM32\SAMLIB.dll
0x00007ffa6ee70000 - 0x00007ffa6eece000 	C:\WINDOWS\system32\dataexchange.dll
0x00007ffa89e70000 - 0x00007ffa8a0da000 	C:\WINDOWS\system32\twinapi.appcore.dll
0x00007ffa802e0000 - 0x00007ffa8040d000 	C:\WINDOWS\SYSTEM32\textinputframework.dll
0x00007ffa76a50000 - 0x00007ffa76b55000 	C:\Windows\System32\MrmCoreR.dll
0x00007ffa89300000 - 0x00007ffa8933d000 	C:\WINDOWS\SYSTEM32\windows.staterepositoryclient.dll
0x00007ffa76810000 - 0x00007ffa76842000 	C:\Windows\System32\bcp47mrm.dll
0x00007ffa7b190000 - 0x00007ffa7b304000 	C:\Windows\System32\Windows.UI.dll
0x00007ffa8f8a0000 - 0x00007ffa8f9d3000 	C:\WINDOWS\SYSTEM32\CoreMessaging.dll
0x00007ffa8c350000 - 0x00007ffa8c6bc000 	C:\WINDOWS\SYSTEM32\CoreUIComponents.dll

dbghelp: loaded successfully - version: 4.0.5 - missing functions: none
symbol engine: initialized successfully - sym options: 0x614 - pdb path: .;C:\Program Files\Java\jdk-18.0.2.1\bin;C:\WINDOWS\SYSTEM32;C:\WINDOWS\WinSxS\amd64_microsoft.windows.common-controls_6595b64144ccf1df_6.0.22621.608_none_a9444ca7c10bb01d;C:\Program Files\Java\jdk-18.0.2.1\bin\server;C:\WINDOWS\WinSxS\amd64_microsoft.windows.common-controls_6595b64144ccf1df_5.82.22621.608_none_fb280a3c7926c2cc;C:\Windows\System32\DriverStore\FileRepository\u0378413.inf_amd64_f433ae918f97b444\B378427;C:\WINDOWS\System32\DriverStore\FileRepository\nvami.inf_amd64_57378df08e27c128;C:\WINDOWS\WinSxS\amd64_microsoft.windows.gdiplus_6595b64144ccf1df_1.1.22621.674_none_da2b3d691ba1c6c6;C:\Users\Phoenyx\AppData\Local\Temp\lwjglPhoenyx\3.3.1-build-7;C:\Users\Phoenyx\AppData\Local\Temp\imgui-java-natives_1667695660925

VM Arguments:
jvm_args: -Dfile.encoding=UTF-8 -XX:+ShowCodeDetailsInExceptionMessages 
java_command: com.redteam.engine.game.ATRobots
java_class_path (initial): C:\Users\Phoenyx\Phoenyx\ATRobots\bin\main;C:\Users\Phoenyx\.gradle\caches\modules-2\files-2.1\org.lwjgl\lwjgl-glfw\3.3.1\cbac1b8d30cb4795149c1ef540f912671a8616d0\lwjgl-glfw-3.3.1.jar;C:\Users\Phoenyx\.gradle\caches\modules-2\files-2.1\org.lwjgl\lwjgl-nuklear\3.3.1\628ccf80db3d623f1f559978e4246a23b2d1eeb1\lwjgl-nuklear-3.3.1.jar;C:\Users\Phoenyx\.gradle\caches\modules-2\files-2.1\org.lwjgl\lwjgl-openal\3.3.1\2623a6b8ae1dfcd880738656a9f0243d2e6840bd\lwjgl-openal-3.3.1.jar;C:\Users\Phoenyx\.gradle\caches\modules-2\files-2.1\org.lwjgl\lwjgl-opengl\3.3.1\831a5533a21a5f4f81bbc51bb13e9899319b5411\lwjgl-opengl-3.3.1.jar;C:\Users\Phoenyx\.gradle\caches\modules-2\files-2.1\org.lwjgl\lwjgl-stb\3.3.1\b119297cf8ed01f247abe8685857f8e7fcf5980f\lwjgl-stb-3.3.1.jar;C:\Users\Phoenyx\.gradle\caches\modules-2\files-2.1\org.lwjgl\lwjgl\3.3.1\ae58664f88e18a9bb2c77b063833ca7aaec484cb\lwjgl-3.3.1.jar;C:\Users\Phoenyx\.gradle\caches\modules-2\files-2.1\org.joml\joml\1.10.5\22566d58af70ad3d72308bab63b8339906deb649\joml-1.10.5.jar;C:\Users\Phoenyx\.gradle\caches\modules-2\files-2.1\io.github.spair\imgui-java-binding\1.86.4\f97d32963ed5988b19f725d6c7d9946091cc3ba7\imgui-java-binding-1.86.4.jar;C:\Users\Phoenyx\.gradle\caches\modules-2\files-2.1\io.github.spair\imgui-java-lwjgl3\1.86.4\a538b7aa58be1c26e0dfe0b5395aaf58cb24e3dd\imgui-java-lwjgl3-1.86.4.jar;C:\Users\Phoenyx\.gradle\caches\modules-2\files-2.1\io.github.spair\imgui-java-natives-windows\1.86.4\36a4efa5030585dedd9a96aa35a4433371b63df9\imgui-java-natives-windows-1.86.4.jar;C:\Users\Phoenyx\.gradle\caches\modules-2\files-2.1\org.lwjgl\lwjgl-glfw\3.3.1\ed892f945cf7e79c8756796f32d00fa4ceaf573b\lwjgl-glfw-3.3.1-natives-windows.jar;C:\Users\Phoenyx\.gradle\caches\modules-2\files-2.1\org.lwjgl\lwjgl-nuklear\3.3.1\755c93226fa44597741e37c6649e86cefa46b262\lwjgl-nuklear-3.3.1-natives-windows.jar;C:\Users\Phoenyx\.gradle\caches\modules-2\files-2.1\org.lwjgl\lwjgl-openal\3.3.1\30a474d0e57193d7bc128849a3ab66bc9316fdb1\lwjgl-openal-3.3.1-natives-windows.jar;C:\Users\Phoenyx\.gradle\caches\modules-2\files-2.1\org.lwjgl\lwjgl-opengl\3.3.1\c1807e9bd571402787d7e37e3029776ae2513bb8\lwjgl-opengl-3.3.1-natives-windows.jar;C:\Users\Phoenyx\.gradle\caches\modules-2\files-2.1\org.lwjgl\lwjgl-stb\3.3.1\86315914ac119efdb02dc9e8e978ade84f1702af\lwjgl-stb-3.3.1-natives-windows.jar;C:\Users\Phoenyx\.gradle\caches\modules-2\files-2.1\org.lwjgl\lwjgl\3.3.1\36c37f16ab611b3aa11f3bcf80b1d509b4ce6b\lwjgl-3.3.1-natives-windows.jar
Launcher Type: SUN_STANDARD

[Global flags]
     intx CICompilerCount                          = 12                                        {product} {ergonomic}
     uint ConcGCThreads                            = 3                                         {product} {ergonomic}
     uint G1ConcRefinementThreads                  = 13                                        {product} {ergonomic}
   size_t G1HeapRegionSize                         = 2097152                                   {product} {ergonomic}
    uintx GCDrainStackTargetSize                   = 64                                        {product} {ergonomic}
   size_t InitialHeapSize                          = 257949696                                 {product} {ergonomic}
   size_t MarkStackSize                            = 4194304                                   {product} {ergonomic}
   size_t MaxHeapSize                              = 4097835008                                {product} {ergonomic}
   size_t MaxNewSize                               = 2457862144                                {product} {ergonomic}
   size_t MinHeapDeltaBytes                        = 2097152                                   {product} {ergonomic}
   size_t MinHeapSize                              = 8388608                                   {product} {ergonomic}
    uintx NonNMethodCodeHeapSize                   = 7602480                                {pd product} {ergonomic}
    uintx NonProfiledCodeHeapSize                  = 122027880                              {pd product} {ergonomic}
    uintx ProfiledCodeHeapSize                     = 122027880                              {pd product} {ergonomic}
    uintx ReservedCodeCacheSize                    = 251658240                              {pd product} {ergonomic}
     bool SegmentedCodeCache                       = true                                      {product} {ergonomic}
     bool ShowCodeDetailsInExceptionMessages       = true                                   {manageable} {command line}
   size_t SoftMaxHeapSize                          = 4097835008                             {manageable} {ergonomic}
     bool UseCompressedClassPointers               = true                           {product lp64_product} {ergonomic}
     bool UseCompressedOops                        = true                           {product lp64_product} {ergonomic}
     bool UseG1GC                                  = true                                      {product} {ergonomic}
     bool UseLargePagesIndividualAllocation        = false                                  {pd product} {ergonomic}

Logging:
Log output configuration:
 #0: stdout all=warning uptime,level,tags foldmultilines=false
 #1: stderr all=off uptime,level,tags foldmultilines=false

Environment Variables:
PATH=C:/Program Files/Java/jdk-18.0.2.1/bin/server;C:/Program Files/Java/jdk-18.0.2.1/bin;C:\Python310\Scripts\;C:\Python310\;C:\Program Files\Common Files\Oracle\Java\javapath;C:\Program Files (x86)\Common Files\Oracle\Java\javapath;C:\Windows\system32;C:\Windows;C:\Windows\System32\Wbem;C:\Windows\System32\WindowsPowerShell\v1.0\;C:\Windows\System32\OpenSSH\;C:\Program Files (x86)\NVIDIA Corporation\PhysX\Common;C:\Program Files\NVIDIA Corporation\NVIDIA NvDLISR;C:\Program Files\nodejs\;C:\ProgramData\chocolatey\bin;;C:\WINDOWS\system32;C:\WINDOWS;C:\WINDOWS\System32\Wbem;C:\WINDOWS\System32\WindowsPowerShell\v1.0\;C:\WINDOWS\System32\OpenSSH\;C:\Program Files\dotnet\;C:\Users\Phoenyx\AppData\Local\Microsoft\WindowsApps;C:\Users\Phoenyx\AppData\Local\GitHubDesktop\bin;C:\Users\Phoenyx\.dotnet\tools;C:\Users\Phoenyx\AppData\Local\atom\bin;C:\Users\Phoenyx\AppData\Roaming\npm;C:\Users\Phoenyx\AppData\Local\Microsoft\WindowsApps;C:\Users\Phoenyx\.dotnet\tools;C:\Users\Phoenyx\Desktop;
USERNAME=Phoenyx
OS=Windows_NT
PROCESSOR_IDENTIFIER=AMD64 Family 25 Model 68 Stepping 1, AuthenticAMD



---------------  S Y S T E M  ---------------

OS:
 Windows 11 , 64 bit Build 22621 (10.0.22621.608)
OS uptime: 0 days 9:12 hours
Hyper-V role detected

CPU: total 16 (initial active 16) (16 cores per cpu, 2 threads per core) family 25 model 68 stepping 1 microcode 0x0, cx8, cmov, fxsr, ht, mmx, 3dnowpref, sse, sse2, sse3, ssse3, sse4a, sse4.1, sse4.2, popcnt, lzcnt, tsc, tscinvbit, avx, avx2, aes, clmul, bmi1, bmi2, adx, sha, fma, vzeroupper, clflush, clflushopt, hv

Memory: 4k page, system-wide physical 15629M (6082M free)
TotalPageFile size 24845M (AvailPageFile size 8702M)
current process WorkingSet (physical memory assigned to process): 637M, peak: 642M
current process commit charge ("private bytes"): 815M, peak: 819M

vm_info: Java HotSpot(TM) 64-Bit Server VM (18.0.2.1+1-1) for windows-amd64 JRE (18.0.2.1+1-1), built on Aug 16 2022 01:46:33 by "mach5one" with MS VC++ 16.8 / 16.9 (VS2019)

END.
